<?xml version="1.0" encoding="UTF-8"?>
<testsuite xmlns:xsi="http://www.w3.org/2001/XMLSchema-instance" xsi:noNamespaceSchemaLocation="https://maven.apache.org/surefire/maven-surefire-plugin/xsd/surefire-test-report-3.0.xsd" version="3.0" name="DockerChromeTest" time="2.015" tests="1" errors="1" skipped="0" failures="0">
  <properties>
    <property name="java.specification.version" value="17"/>
    <property name="sun.jnu.encoding" value="UTF-8"/>
    <property name="java.class.path" value="/home/saraalmeida/UA/ano3/sem2/TQS_108796/lab4/lab4_4/target/test-classes:/home/saraalmeida/UA/ano3/sem2/TQS_108796/lab4/lab4_4/target/classes:/home/saraalmeida/.m2/repository/org/junit/jupiter/junit-jupiter/5.10.2/junit-jupiter-5.10.2.jar:/home/saraalmeida/.m2/repository/org/junit/jupiter/junit-jupiter-api/5.10.2/junit-jupiter-api-5.10.2.jar:/home/saraalmeida/.m2/repository/org/opentest4j/opentest4j/1.3.0/opentest4j-1.3.0.jar:/home/saraalmeida/.m2/repository/org/junit/platform/junit-platform-commons/1.10.2/junit-platform-commons-1.10.2.jar:/home/saraalmeida/.m2/repository/org/apiguardian/apiguardian-api/1.1.2/apiguardian-api-1.1.2.jar:/home/saraalmeida/.m2/repository/org/junit/jupiter/junit-jupiter-params/5.10.2/junit-jupiter-params-5.10.2.jar:/home/saraalmeida/.m2/repository/org/junit/jupiter/junit-jupiter-engine/5.10.2/junit-jupiter-engine-5.10.2.jar:/home/saraalmeida/.m2/repository/org/junit/platform/junit-platform-engine/1.10.2/junit-platform-engine-1.10.2.jar:/home/saraalmeida/.m2/repository/org/seleniumhq/selenium/selenium-java/4.18.1/selenium-java-4.18.1.jar:/home/saraalmeida/.m2/repository/org/seleniumhq/selenium/selenium-api/4.18.1/selenium-api-4.18.1.jar:/home/saraalmeida/.m2/repository/org/seleniumhq/selenium/selenium-chrome-driver/4.18.1/selenium-chrome-driver-4.18.1.jar:/home/saraalmeida/.m2/repository/com/google/auto/service/auto-service-annotations/1.1.1/auto-service-annotations-1.1.1.jar:/home/saraalmeida/.m2/repository/org/seleniumhq/selenium/selenium-chromium-driver/4.18.1/selenium-chromium-driver-4.18.1.jar:/home/saraalmeida/.m2/repository/org/seleniumhq/selenium/selenium-json/4.18.1/selenium-json-4.18.1.jar:/home/saraalmeida/.m2/repository/org/seleniumhq/selenium/selenium-manager/4.18.1/selenium-manager-4.18.1.jar:/home/saraalmeida/.m2/repository/org/seleniumhq/selenium/selenium-devtools-v120/4.18.1/selenium-devtools-v120-4.18.1.jar:/home/saraalmeida/.m2/repository/org/seleniumhq/selenium/selenium-devtools-v121/4.18.1/selenium-devtools-v121-4.18.1.jar:/home/saraalmeida/.m2/repository/org/seleniumhq/selenium/selenium-devtools-v122/4.18.1/selenium-devtools-v122-4.18.1.jar:/home/saraalmeida/.m2/repository/org/seleniumhq/selenium/selenium-devtools-v85/4.18.1/selenium-devtools-v85-4.18.1.jar:/home/saraalmeida/.m2/repository/org/seleniumhq/selenium/selenium-edge-driver/4.18.1/selenium-edge-driver-4.18.1.jar:/home/saraalmeida/.m2/repository/org/seleniumhq/selenium/selenium-firefox-driver/4.18.1/selenium-firefox-driver-4.18.1.jar:/home/saraalmeida/.m2/repository/org/seleniumhq/selenium/selenium-http/4.18.1/selenium-http-4.18.1.jar:/home/saraalmeida/.m2/repository/dev/failsafe/failsafe/3.3.2/failsafe-3.3.2.jar:/home/saraalmeida/.m2/repository/org/seleniumhq/selenium/selenium-ie-driver/4.18.1/selenium-ie-driver-4.18.1.jar:/home/saraalmeida/.m2/repository/org/seleniumhq/selenium/selenium-remote-driver/4.18.1/selenium-remote-driver-4.18.1.jar:/home/saraalmeida/.m2/repository/com/google/guava/guava/33.0.0-jre/guava-33.0.0-jre.jar:/home/saraalmeida/.m2/repository/com/google/guava/failureaccess/1.0.2/failureaccess-1.0.2.jar:/home/saraalmeida/.m2/repository/com/google/guava/listenablefuture/9999.0-empty-to-avoid-conflict-with-guava/listenablefuture-9999.0-empty-to-avoid-conflict-with-guava.jar:/home/saraalmeida/.m2/repository/com/google/code/findbugs/jsr305/3.0.2/jsr305-3.0.2.jar:/home/saraalmeida/.m2/repository/org/checkerframework/checker-qual/3.41.0/checker-qual-3.41.0.jar:/home/saraalmeida/.m2/repository/com/google/errorprone/error_prone_annotations/2.23.0/error_prone_annotations-2.23.0.jar:/home/saraalmeida/.m2/repository/com/google/j2objc/j2objc-annotations/2.8/j2objc-annotations-2.8.jar:/home/saraalmeida/.m2/repository/io/opentelemetry/semconv/opentelemetry-semconv/1.23.1-alpha/opentelemetry-semconv-1.23.1-alpha.jar:/home/saraalmeida/.m2/repository/io/opentelemetry/opentelemetry-api/1.35.0/opentelemetry-api-1.35.0.jar:/home/saraalmeida/.m2/repository/io/opentelemetry/opentelemetry-context/1.35.0/opentelemetry-context-1.35.0.jar:/home/saraalmeida/.m2/repository/io/opentelemetry/opentelemetry-exporter-logging/1.35.0/opentelemetry-exporter-logging-1.35.0.jar:/home/saraalmeida/.m2/repository/io/opentelemetry/opentelemetry-sdk-common/1.35.0/opentelemetry-sdk-common-1.35.0.jar:/home/saraalmeida/.m2/repository/io/opentelemetry/opentelemetry-sdk-extension-autoconfigure-spi/1.35.0/opentelemetry-sdk-extension-autoconfigure-spi-1.35.0.jar:/home/saraalmeida/.m2/repository/io/opentelemetry/opentelemetry-sdk-extension-autoconfigure/1.35.0/opentelemetry-sdk-extension-autoconfigure-1.35.0.jar:/home/saraalmeida/.m2/repository/io/opentelemetry/opentelemetry-api-events/1.35.0-alpha/opentelemetry-api-events-1.35.0-alpha.jar:/home/saraalmeida/.m2/repository/io/opentelemetry/opentelemetry-sdk-trace/1.35.0/opentelemetry-sdk-trace-1.35.0.jar:/home/saraalmeida/.m2/repository/io/opentelemetry/opentelemetry-extension-incubator/1.35.0-alpha/opentelemetry-extension-incubator-1.35.0-alpha.jar:/home/saraalmeida/.m2/repository/io/opentelemetry/opentelemetry-sdk/1.35.0/opentelemetry-sdk-1.35.0.jar:/home/saraalmeida/.m2/repository/io/opentelemetry/opentelemetry-sdk-metrics/1.35.0/opentelemetry-sdk-metrics-1.35.0.jar:/home/saraalmeida/.m2/repository/io/opentelemetry/opentelemetry-sdk-logs/1.35.0/opentelemetry-sdk-logs-1.35.0.jar:/home/saraalmeida/.m2/repository/org/seleniumhq/selenium/selenium-os/4.18.1/selenium-os-4.18.1.jar:/home/saraalmeida/.m2/repository/org/apache/commons/commons-exec/1.3/commons-exec-1.3.jar:/home/saraalmeida/.m2/repository/org/seleniumhq/selenium/selenium-safari-driver/4.18.1/selenium-safari-driver-4.18.1.jar:/home/saraalmeida/.m2/repository/org/seleniumhq/selenium/selenium-support/4.18.1/selenium-support-4.18.1.jar:/home/saraalmeida/.m2/repository/io/github/bonigarcia/selenium-jupiter/5.1.0/selenium-jupiter-5.1.0.jar:/home/saraalmeida/.m2/repository/org/slf4j/slf4j-api/2.0.12/slf4j-api-2.0.12.jar:/home/saraalmeida/.m2/repository/io/github/bonigarcia/webdrivermanager/5.7.0/webdrivermanager-5.7.0.jar:/home/saraalmeida/.m2/repository/com/google/code/gson/gson/2.10.1/gson-2.10.1.jar:/home/saraalmeida/.m2/repository/com/github/docker-java/docker-java/3.3.5/docker-java-3.3.5.jar:/home/saraalmeida/.m2/repository/com/github/docker-java/docker-java-core/3.3.5/docker-java-core-3.3.5.jar:/home/saraalmeida/.m2/repository/com/github/docker-java/docker-java-api/3.3.5/docker-java-api-3.3.5.jar:/home/saraalmeida/.m2/repository/com/fasterxml/jackson/core/jackson-annotations/2.10.3/jackson-annotations-2.10.3.jar:/home/saraalmeida/.m2/repository/com/fasterxml/jackson/core/jackson-databind/2.10.3/jackson-databind-2.10.3.jar:/home/saraalmeida/.m2/repository/com/fasterxml/jackson/core/jackson-core/2.10.3/jackson-core-2.10.3.jar:/home/saraalmeida/.m2/repository/org/bouncycastle/bcpkix-jdk18on/1.76/bcpkix-jdk18on-1.76.jar:/home/saraalmeida/.m2/repository/org/bouncycastle/bcprov-jdk18on/1.76/bcprov-jdk18on-1.76.jar:/home/saraalmeida/.m2/repository/org/bouncycastle/bcutil-jdk18on/1.76/bcutil-jdk18on-1.76.jar:/home/saraalmeida/.m2/repository/org/slf4j/jcl-over-slf4j/1.7.30/jcl-over-slf4j-1.7.30.jar:/home/saraalmeida/.m2/repository/com/github/docker-java/docker-java-transport-httpclient5/3.3.5/docker-java-transport-httpclient5-3.3.5.jar:/home/saraalmeida/.m2/repository/com/github/docker-java/docker-java-transport/3.3.5/docker-java-transport-3.3.5.jar:/home/saraalmeida/.m2/repository/net/java/dev/jna/jna/5.13.0/jna-5.13.0.jar:/home/saraalmeida/.m2/repository/org/brotli/dec/0.1.2/dec-0.1.2.jar:/home/saraalmeida/.m2/repository/org/apache/commons/commons-lang3/3.14.0/commons-lang3-3.14.0.jar:/home/saraalmeida/.m2/repository/org/apache/commons/commons-compress/1.26.0/commons-compress-1.26.0.jar:/home/saraalmeida/.m2/repository/commons-io/commons-io/2.15.1/commons-io-2.15.1.jar:/home/saraalmeida/.m2/repository/org/apache/httpcomponents/client5/httpclient5/5.2.1/httpclient5-5.2.1.jar:/home/saraalmeida/.m2/repository/org/apache/httpcomponents/core5/httpcore5/5.2/httpcore5-5.2.jar:/home/saraalmeida/.m2/repository/org/apache/httpcomponents/core5/httpcore5-h2/5.2/httpcore5-h2-5.2.jar:/home/saraalmeida/.m2/repository/org/assertj/assertj-core/3.25.3/assertj-core-3.25.3.jar:/home/saraalmeida/.m2/repository/net/bytebuddy/byte-buddy/1.14.11/byte-buddy-1.14.11.jar:/home/saraalmeida/.m2/repository/ch/qos/logback/logback-classic/1.5.3/logback-classic-1.5.3.jar:/home/saraalmeida/.m2/repository/ch/qos/logback/logback-core/1.5.3/logback-core-1.5.3.jar:"/>
    <property name="java.vm.vendor" value="Private Build"/>
    <property name="sun.arch.data.model" value="64"/>
    <property name="java.vendor.url" value="Unknown"/>
    <property name="user.timezone" value="Europe/Lisbon"/>
    <property name="os.name" value="Linux"/>
    <property name="java.vm.specification.version" value="17"/>
    <property name="sun.java.launcher" value="SUN_STANDARD"/>
    <property name="user.country" value="US"/>
    <property name="sun.boot.library.path" value="/usr/lib/jvm/java-17-openjdk-amd64/lib"/>
    <property name="sun.java.command" value="/home/saraalmeida/UA/ano3/sem2/TQS_108796/lab4/lab4_4/target/surefire/surefirebooter-20240313161908021_3.jar /home/saraalmeida/UA/ano3/sem2/TQS_108796/lab4/lab4_4/target/surefire 2024-03-13T16-19-07_916-jvmRun1 surefire-20240313161908021_1tmp surefire_0-20240313161908021_2tmp"/>
    <property name="jdk.debug" value="release"/>
    <property name="surefire.test.class.path" value="/home/saraalmeida/UA/ano3/sem2/TQS_108796/lab4/lab4_4/target/test-classes:/home/saraalmeida/UA/ano3/sem2/TQS_108796/lab4/lab4_4/target/classes:/home/saraalmeida/.m2/repository/org/junit/jupiter/junit-jupiter/5.10.2/junit-jupiter-5.10.2.jar:/home/saraalmeida/.m2/repository/org/junit/jupiter/junit-jupiter-api/5.10.2/junit-jupiter-api-5.10.2.jar:/home/saraalmeida/.m2/repository/org/opentest4j/opentest4j/1.3.0/opentest4j-1.3.0.jar:/home/saraalmeida/.m2/repository/org/junit/platform/junit-platform-commons/1.10.2/junit-platform-commons-1.10.2.jar:/home/saraalmeida/.m2/repository/org/apiguardian/apiguardian-api/1.1.2/apiguardian-api-1.1.2.jar:/home/saraalmeida/.m2/repository/org/junit/jupiter/junit-jupiter-params/5.10.2/junit-jupiter-params-5.10.2.jar:/home/saraalmeida/.m2/repository/org/junit/jupiter/junit-jupiter-engine/5.10.2/junit-jupiter-engine-5.10.2.jar:/home/saraalmeida/.m2/repository/org/junit/platform/junit-platform-engine/1.10.2/junit-platform-engine-1.10.2.jar:/home/saraalmeida/.m2/repository/org/seleniumhq/selenium/selenium-java/4.18.1/selenium-java-4.18.1.jar:/home/saraalmeida/.m2/repository/org/seleniumhq/selenium/selenium-api/4.18.1/selenium-api-4.18.1.jar:/home/saraalmeida/.m2/repository/org/seleniumhq/selenium/selenium-chrome-driver/4.18.1/selenium-chrome-driver-4.18.1.jar:/home/saraalmeida/.m2/repository/com/google/auto/service/auto-service-annotations/1.1.1/auto-service-annotations-1.1.1.jar:/home/saraalmeida/.m2/repository/org/seleniumhq/selenium/selenium-chromium-driver/4.18.1/selenium-chromium-driver-4.18.1.jar:/home/saraalmeida/.m2/repository/org/seleniumhq/selenium/selenium-json/4.18.1/selenium-json-4.18.1.jar:/home/saraalmeida/.m2/repository/org/seleniumhq/selenium/selenium-manager/4.18.1/selenium-manager-4.18.1.jar:/home/saraalmeida/.m2/repository/org/seleniumhq/selenium/selenium-devtools-v120/4.18.1/selenium-devtools-v120-4.18.1.jar:/home/saraalmeida/.m2/repository/org/seleniumhq/selenium/selenium-devtools-v121/4.18.1/selenium-devtools-v121-4.18.1.jar:/home/saraalmeida/.m2/repository/org/seleniumhq/selenium/selenium-devtools-v122/4.18.1/selenium-devtools-v122-4.18.1.jar:/home/saraalmeida/.m2/repository/org/seleniumhq/selenium/selenium-devtools-v85/4.18.1/selenium-devtools-v85-4.18.1.jar:/home/saraalmeida/.m2/repository/org/seleniumhq/selenium/selenium-edge-driver/4.18.1/selenium-edge-driver-4.18.1.jar:/home/saraalmeida/.m2/repository/org/seleniumhq/selenium/selenium-firefox-driver/4.18.1/selenium-firefox-driver-4.18.1.jar:/home/saraalmeida/.m2/repository/org/seleniumhq/selenium/selenium-http/4.18.1/selenium-http-4.18.1.jar:/home/saraalmeida/.m2/repository/dev/failsafe/failsafe/3.3.2/failsafe-3.3.2.jar:/home/saraalmeida/.m2/repository/org/seleniumhq/selenium/selenium-ie-driver/4.18.1/selenium-ie-driver-4.18.1.jar:/home/saraalmeida/.m2/repository/org/seleniumhq/selenium/selenium-remote-driver/4.18.1/selenium-remote-driver-4.18.1.jar:/home/saraalmeida/.m2/repository/com/google/guava/guava/33.0.0-jre/guava-33.0.0-jre.jar:/home/saraalmeida/.m2/repository/com/google/guava/failureaccess/1.0.2/failureaccess-1.0.2.jar:/home/saraalmeida/.m2/repository/com/google/guava/listenablefuture/9999.0-empty-to-avoid-conflict-with-guava/listenablefuture-9999.0-empty-to-avoid-conflict-with-guava.jar:/home/saraalmeida/.m2/repository/com/google/code/findbugs/jsr305/3.0.2/jsr305-3.0.2.jar:/home/saraalmeida/.m2/repository/org/checkerframework/checker-qual/3.41.0/checker-qual-3.41.0.jar:/home/saraalmeida/.m2/repository/com/google/errorprone/error_prone_annotations/2.23.0/error_prone_annotations-2.23.0.jar:/home/saraalmeida/.m2/repository/com/google/j2objc/j2objc-annotations/2.8/j2objc-annotations-2.8.jar:/home/saraalmeida/.m2/repository/io/opentelemetry/semconv/opentelemetry-semconv/1.23.1-alpha/opentelemetry-semconv-1.23.1-alpha.jar:/home/saraalmeida/.m2/repository/io/opentelemetry/opentelemetry-api/1.35.0/opentelemetry-api-1.35.0.jar:/home/saraalmeida/.m2/repository/io/opentelemetry/opentelemetry-context/1.35.0/opentelemetry-context-1.35.0.jar:/home/saraalmeida/.m2/repository/io/opentelemetry/opentelemetry-exporter-logging/1.35.0/opentelemetry-exporter-logging-1.35.0.jar:/home/saraalmeida/.m2/repository/io/opentelemetry/opentelemetry-sdk-common/1.35.0/opentelemetry-sdk-common-1.35.0.jar:/home/saraalmeida/.m2/repository/io/opentelemetry/opentelemetry-sdk-extension-autoconfigure-spi/1.35.0/opentelemetry-sdk-extension-autoconfigure-spi-1.35.0.jar:/home/saraalmeida/.m2/repository/io/opentelemetry/opentelemetry-sdk-extension-autoconfigure/1.35.0/opentelemetry-sdk-extension-autoconfigure-1.35.0.jar:/home/saraalmeida/.m2/repository/io/opentelemetry/opentelemetry-api-events/1.35.0-alpha/opentelemetry-api-events-1.35.0-alpha.jar:/home/saraalmeida/.m2/repository/io/opentelemetry/opentelemetry-sdk-trace/1.35.0/opentelemetry-sdk-trace-1.35.0.jar:/home/saraalmeida/.m2/repository/io/opentelemetry/opentelemetry-extension-incubator/1.35.0-alpha/opentelemetry-extension-incubator-1.35.0-alpha.jar:/home/saraalmeida/.m2/repository/io/opentelemetry/opentelemetry-sdk/1.35.0/opentelemetry-sdk-1.35.0.jar:/home/saraalmeida/.m2/repository/io/opentelemetry/opentelemetry-sdk-metrics/1.35.0/opentelemetry-sdk-metrics-1.35.0.jar:/home/saraalmeida/.m2/repository/io/opentelemetry/opentelemetry-sdk-logs/1.35.0/opentelemetry-sdk-logs-1.35.0.jar:/home/saraalmeida/.m2/repository/org/seleniumhq/selenium/selenium-os/4.18.1/selenium-os-4.18.1.jar:/home/saraalmeida/.m2/repository/org/apache/commons/commons-exec/1.3/commons-exec-1.3.jar:/home/saraalmeida/.m2/repository/org/seleniumhq/selenium/selenium-safari-driver/4.18.1/selenium-safari-driver-4.18.1.jar:/home/saraalmeida/.m2/repository/org/seleniumhq/selenium/selenium-support/4.18.1/selenium-support-4.18.1.jar:/home/saraalmeida/.m2/repository/io/github/bonigarcia/selenium-jupiter/5.1.0/selenium-jupiter-5.1.0.jar:/home/saraalmeida/.m2/repository/org/slf4j/slf4j-api/2.0.12/slf4j-api-2.0.12.jar:/home/saraalmeida/.m2/repository/io/github/bonigarcia/webdrivermanager/5.7.0/webdrivermanager-5.7.0.jar:/home/saraalmeida/.m2/repository/com/google/code/gson/gson/2.10.1/gson-2.10.1.jar:/home/saraalmeida/.m2/repository/com/github/docker-java/docker-java/3.3.5/docker-java-3.3.5.jar:/home/saraalmeida/.m2/repository/com/github/docker-java/docker-java-core/3.3.5/docker-java-core-3.3.5.jar:/home/saraalmeida/.m2/repository/com/github/docker-java/docker-java-api/3.3.5/docker-java-api-3.3.5.jar:/home/saraalmeida/.m2/repository/com/fasterxml/jackson/core/jackson-annotations/2.10.3/jackson-annotations-2.10.3.jar:/home/saraalmeida/.m2/repository/com/fasterxml/jackson/core/jackson-databind/2.10.3/jackson-databind-2.10.3.jar:/home/saraalmeida/.m2/repository/com/fasterxml/jackson/core/jackson-core/2.10.3/jackson-core-2.10.3.jar:/home/saraalmeida/.m2/repository/org/bouncycastle/bcpkix-jdk18on/1.76/bcpkix-jdk18on-1.76.jar:/home/saraalmeida/.m2/repository/org/bouncycastle/bcprov-jdk18on/1.76/bcprov-jdk18on-1.76.jar:/home/saraalmeida/.m2/repository/org/bouncycastle/bcutil-jdk18on/1.76/bcutil-jdk18on-1.76.jar:/home/saraalmeida/.m2/repository/org/slf4j/jcl-over-slf4j/1.7.30/jcl-over-slf4j-1.7.30.jar:/home/saraalmeida/.m2/repository/com/github/docker-java/docker-java-transport-httpclient5/3.3.5/docker-java-transport-httpclient5-3.3.5.jar:/home/saraalmeida/.m2/repository/com/github/docker-java/docker-java-transport/3.3.5/docker-java-transport-3.3.5.jar:/home/saraalmeida/.m2/repository/net/java/dev/jna/jna/5.13.0/jna-5.13.0.jar:/home/saraalmeida/.m2/repository/org/brotli/dec/0.1.2/dec-0.1.2.jar:/home/saraalmeida/.m2/repository/org/apache/commons/commons-lang3/3.14.0/commons-lang3-3.14.0.jar:/home/saraalmeida/.m2/repository/org/apache/commons/commons-compress/1.26.0/commons-compress-1.26.0.jar:/home/saraalmeida/.m2/repository/commons-io/commons-io/2.15.1/commons-io-2.15.1.jar:/home/saraalmeida/.m2/repository/org/apache/httpcomponents/client5/httpclient5/5.2.1/httpclient5-5.2.1.jar:/home/saraalmeida/.m2/repository/org/apache/httpcomponents/core5/httpcore5/5.2/httpcore5-5.2.jar:/home/saraalmeida/.m2/repository/org/apache/httpcomponents/core5/httpcore5-h2/5.2/httpcore5-h2-5.2.jar:/home/saraalmeida/.m2/repository/org/assertj/assertj-core/3.25.3/assertj-core-3.25.3.jar:/home/saraalmeida/.m2/repository/net/bytebuddy/byte-buddy/1.14.11/byte-buddy-1.14.11.jar:/home/saraalmeida/.m2/repository/ch/qos/logback/logback-classic/1.5.3/logback-classic-1.5.3.jar:/home/saraalmeida/.m2/repository/ch/qos/logback/logback-core/1.5.3/logback-core-1.5.3.jar:"/>
    <property name="sun.cpu.endian" value="little"/>
    <property name="user.home" value="/home/saraalmeida"/>
    <property name="user.language" value="en"/>
    <property name="java.specification.vendor" value="Oracle Corporation"/>
    <property name="java.version.date" value="2023-08-24"/>
    <property name="java.home" value="/usr/lib/jvm/java-17-openjdk-amd64"/>
    <property name="file.separator" value="/"/>
    <property name="basedir" value="/home/saraalmeida/UA/ano3/sem2/TQS_108796/lab4/lab4_4"/>
    <property name="java.vm.compressedOopsMode" value="Zero based"/>
    <property name="line.separator" value="&#10;"/>
    <property name="java.specification.name" value="Java Platform API Specification"/>
    <property name="java.vm.specification.vendor" value="Oracle Corporation"/>
    <property name="surefire.real.class.path" value="/home/saraalmeida/UA/ano3/sem2/TQS_108796/lab4/lab4_4/target/surefire/surefirebooter-20240313161908021_3.jar"/>
    <property name="sun.management.compiler" value="HotSpot 64-Bit Tiered Compilers"/>
    <property name="java.runtime.version" value="17.0.8.1+1-Ubuntu-0ubuntu122.04"/>
    <property name="user.name" value="saraalmeida"/>
    <property name="path.separator" value=":"/>
    <property name="os.version" value="6.4.6-76060406-generic"/>
    <property name="java.runtime.name" value="OpenJDK Runtime Environment"/>
    <property name="file.encoding" value="UTF-8"/>
    <property name="jnidispatch.path" value="/home/saraalmeida/.cache/JNA/temp/jna1210349929789542340.tmp"/>
    <property name="java.vm.name" value="OpenJDK 64-Bit Server VM"/>
    <property name="jna.platform.library.path" value="/usr/lib/x86_64-linux-gnu:/lib/x86_64-linux-gnu:/usr/lib64:/lib64:/usr/lib:/lib:/lib/i386-linux-gnu:/usr/lib/x86_64-linux-gnu/pipewire-0.3/jack:/usr/lib/x86_64-linux-gnu/libfakeroot"/>
    <property name="localRepository" value="/home/saraalmeida/.m2/repository"/>
    <property name="jna.loaded" value="true"/>
    <property name="java.vendor.url.bug" value="Unknown"/>
    <property name="java.io.tmpdir" value="/tmp"/>
    <property name="java.version" value="17.0.8.1"/>
    <property name="user.dir" value="/home/saraalmeida/UA/ano3/sem2/TQS_108796/lab4/lab4_4"/>
    <property name="os.arch" value="amd64"/>
    <property name="java.vm.specification.name" value="Java Virtual Machine Specification"/>
    <property name="native.encoding" value="UTF-8"/>
    <property name="java.library.path" value="/usr/java/packages/lib:/usr/lib/x86_64-linux-gnu/jni:/lib/x86_64-linux-gnu:/usr/lib/x86_64-linux-gnu:/usr/lib/jni:/lib:/usr/lib"/>
    <property name="java.vm.info" value="mixed mode, sharing"/>
    <property name="java.vendor" value="Private Build"/>
    <property name="java.vm.version" value="17.0.8.1+1-Ubuntu-0ubuntu122.04"/>
    <property name="sun.io.unicode.encoding" value="UnicodeLittle"/>
    <property name="java.class.version" value="61.0"/>
  </properties>
  <testcase name="testChrome(WebDriver)" classname="DockerChromeTest" time="1.986">
    <error message="Failed to resolve parameter [org.openqa.selenium.WebDriver arg0] in method [void DockerChromeTest.testChrome(org.openqa.selenium.WebDriver)]: There was an error creating WebDriver object for Chrome" type="org.junit.jupiter.api.extension.ParameterResolutionException"><![CDATA[org.junit.jupiter.api.extension.ParameterResolutionException: Failed to resolve parameter [org.openqa.selenium.WebDriver arg0] in method [void DockerChromeTest.testChrome(org.openqa.selenium.WebDriver)]: There was an error creating WebDriver object for Chrome
	at java.base/java.util.ArrayList.forEach(ArrayList.java:1511)
	at java.base/java.util.ArrayList.forEach(ArrayList.java:1511)
Caused by: io.github.bonigarcia.wdm.config.WebDriverManagerException: There was an error creating WebDriver object for Chrome
	at io.github.bonigarcia.wdm.WebDriverManager.instantiateDriver(WebDriverManager.java:1762)
	at io.github.bonigarcia.wdm.WebDriverManager.create(WebDriverManager.java:432)
	at io.github.bonigarcia.seljup.SeleniumJupiter.getObjectFromWdm(SeleniumJupiter.java:255)
	at io.github.bonigarcia.seljup.SeleniumJupiter.resolveSeleniumWebDriver(SeleniumJupiter.java:244)
	at io.github.bonigarcia.seljup.SeleniumJupiter.resolveParameter(SeleniumJupiter.java:168)
	... 2 more
Caused by: java.lang.RuntimeException: java.io.IOException: com.sun.jna.LastErrorException: [2] No such file or directory
	at com.github.dockerjava.httpclient5.ApacheDockerHttpClientImpl.execute(ApacheDockerHttpClientImpl.java:195)
	at com.github.dockerjava.httpclient5.ApacheDockerHttpClient.execute(ApacheDockerHttpClient.java:9)
	at com.github.dockerjava.core.DefaultInvocationBuilder.execute(DefaultInvocationBuilder.java:228)
	at com.github.dockerjava.core.DefaultInvocationBuilder.post(DefaultInvocationBuilder.java:124)
	at com.github.dockerjava.core.exec.CreateContainerCmdExec.execute(CreateContainerCmdExec.java:37)
	at com.github.dockerjava.core.exec.CreateContainerCmdExec.execute(CreateContainerCmdExec.java:13)
	at com.github.dockerjava.core.exec.AbstrSyncDockerCmdExec.exec(AbstrSyncDockerCmdExec.java:21)
	at com.github.dockerjava.core.command.AbstrDockerCmd.exec(AbstrDockerCmd.java:33)
	at com.github.dockerjava.core.command.CreateContainerCmdImpl.exec(CreateContainerCmdImpl.java:608)
	at io.github.bonigarcia.wdm.docker.DockerService.startContainer(DockerService.java:254)
	at io.github.bonigarcia.wdm.docker.DockerService.startBrowserContainer(DockerService.java:676)
	at io.github.bonigarcia.wdm.WebDriverManager.createDockerWebDriver(WebDriverManager.java:1877)
	at io.github.bonigarcia.wdm.WebDriverManager.instantiateDriver(WebDriverManager.java:1742)
	... 6 more
Caused by: java.io.IOException: com.sun.jna.LastErrorException: [2] No such file or directory
	at com.github.dockerjava.transport.DomainSocket.<init>(DomainSocket.java:63)
	at com.github.dockerjava.transport.LinuxDomainSocket.<init>(LinuxDomainSocket.java:41)
	at com.github.dockerjava.transport.DomainSocket.get(DomainSocket.java:140)
	at com.github.dockerjava.transport.UnixSocket.get(UnixSocket.java:29)
	at com.github.dockerjava.httpclient5.ApacheDockerHttpClientImpl$2.createSocket(ApacheDockerHttpClientImpl.java:153)
	at org.apache.hc.client5.http.impl.io.DefaultHttpClientConnectionOperator.connect(DefaultHttpClientConnectionOperator.java:155)
	at org.apache.hc.client5.http.impl.io.PoolingHttpClientConnectionManager.connect(PoolingHttpClientConnectionManager.java:447)
	at org.apache.hc.client5.http.impl.classic.InternalExecRuntime.connectEndpoint(InternalExecRuntime.java:162)
	at org.apache.hc.client5.http.impl.classic.InternalExecRuntime.connectEndpoint(InternalExecRuntime.java:172)
	at org.apache.hc.client5.http.impl.classic.ConnectExec.execute(ConnectExec.java:142)
	at org.apache.hc.client5.http.impl.classic.ExecChainElement.execute(ExecChainElement.java:51)
	at org.apache.hc.client5.http.impl.classic.ProtocolExec.execute(ProtocolExec.java:192)
	at org.apache.hc.client5.http.impl.classic.ExecChainElement.execute(ExecChainElement.java:51)
	at org.apache.hc.client5.http.impl.classic.HttpRequestRetryExec.execute(HttpRequestRetryExec.java:96)
	at org.apache.hc.client5.http.impl.classic.ExecChainElement.execute(ExecChainElement.java:51)
	at org.apache.hc.client5.http.impl.classic.ContentCompressionExec.execute(ContentCompressionExec.java:152)
	at org.apache.hc.client5.http.impl.classic.ExecChainElement.execute(ExecChainElement.java:51)
	at org.apache.hc.client5.http.impl.classic.RedirectExec.execute(RedirectExec.java:115)
	at org.apache.hc.client5.http.impl.classic.ExecChainElement.execute(ExecChainElement.java:51)
	at org.apache.hc.client5.http.impl.classic.InternalHttpClient.doExecute(InternalHttpClient.java:170)
	at org.apache.hc.client5.http.impl.classic.CloseableHttpClient.execute(CloseableHttpClient.java:87)
	at com.github.dockerjava.httpclient5.ApacheDockerHttpClientImpl.execute(ApacheDockerHttpClientImpl.java:191)
	... 18 more
Caused by: com.sun.jna.LastErrorException: [2] No such file or directory
	at com.github.dockerjava.transport.LinuxDomainSocket.connect(Native Method)
	at com.github.dockerjava.transport.LinuxDomainSocket.connect(LinuxDomainSocket.java:49)
	at com.github.dockerjava.transport.DomainSocket.open(DomainSocket.java:69)
	at com.github.dockerjava.transport.DomainSocket.<init>(DomainSocket.java:59)
	... 39 more
]]></error>
    <system-out><![CDATA[16:19:08.656 [main] DEBUG io.github.bonigarcia.wdm.WebDriverManager -- Using WebDriverManager 5.7.0
16:19:09.157 [main] DEBUG io.github.bonigarcia.wdm.docker.DockerHubService -- Getting browser image list from Docker Hub
16:19:09.184 [main] DEBUG org.apache.hc.client5.http.impl.classic.InternalHttpClient -- ex-0000000001 preparing request execution
16:19:09.192 [main] DEBUG org.apache.hc.client5.http.impl.classic.ProtocolExec -- ex-0000000001 target auth state: UNCHALLENGED
16:19:09.192 [main] DEBUG org.apache.hc.client5.http.impl.classic.ProtocolExec -- ex-0000000001 proxy auth state: UNCHALLENGED
16:19:09.192 [main] DEBUG org.apache.hc.client5.http.impl.classic.ConnectExec -- ex-0000000001 acquiring connection with route {s}->https://hub.docker.com:443
16:19:09.193 [main] DEBUG org.apache.hc.client5.http.impl.classic.InternalHttpClient -- ex-0000000001 acquiring endpoint (3 MINUTES)
16:19:09.194 [main] DEBUG org.apache.hc.client5.http.impl.io.PoolingHttpClientConnectionManager -- ex-0000000001 endpoint lease request (3 MINUTES) [route: {s}->https://hub.docker.com:443][total available: 0; route allocated: 0 of 5; total allocated: 0 of 25]
16:19:09.197 [main] DEBUG org.apache.hc.client5.http.impl.io.PoolingHttpClientConnectionManager -- ex-0000000001 endpoint leased [route: {s}->https://hub.docker.com:443][total available: 0; route allocated: 1 of 5; total allocated: 1 of 25]
16:19:09.203 [main] DEBUG org.apache.hc.client5.http.impl.io.PoolingHttpClientConnectionManager -- ex-0000000001 acquired ep-0000000001
16:19:09.204 [main] DEBUG org.apache.hc.client5.http.impl.classic.InternalHttpClient -- ex-0000000001 acquired endpoint ep-0000000001
16:19:09.204 [main] DEBUG org.apache.hc.client5.http.impl.classic.ConnectExec -- ex-0000000001 opening connection {s}->https://hub.docker.com:443
16:19:09.204 [main] DEBUG org.apache.hc.client5.http.impl.classic.InternalHttpClient -- ep-0000000001 connecting endpoint (null)
16:19:09.205 [main] DEBUG org.apache.hc.client5.http.impl.io.PoolingHttpClientConnectionManager -- ep-0000000001 connecting endpoint to https://hub.docker.com:443 (30 SECONDS)
16:19:09.206 [main] DEBUG org.apache.hc.client5.http.impl.io.DefaultHttpClientConnectionOperator -- hub.docker.com resolving remote address
16:19:09.299 [main] DEBUG org.apache.hc.client5.http.impl.io.DefaultHttpClientConnectionOperator -- hub.docker.com resolved to [hub.docker.com/44.221.37.199, hub.docker.com/52.44.227.212, hub.docker.com/54.156.140.159, hub.docker.com/2600:1f18:2148:bc00:a81:7e44:4669:3426, hub.docker.com/2600:1f18:2148:bc02:a090:6a5b:b2ff:3152, hub.docker.com/2600:1f18:2148:bc01:1983:8fd2:2dfc:a04c]
16:19:09.303 [main] DEBUG org.apache.hc.client5.http.impl.io.DefaultHttpClientConnectionOperator -- hub.docker.com:443 connecting null->hub.docker.com/44.221.37.199:443 (30 SECONDS)
16:19:09.303 [main] DEBUG org.apache.hc.client5.http.ssl.SSLConnectionSocketFactory -- Connecting socket to hub.docker.com/44.221.37.199:443 with timeout 30 SECONDS
16:19:09.522 [main] DEBUG org.apache.hc.client5.http.ssl.SSLConnectionSocketFactory -- Enabled protocols: [TLSv1.3, TLSv1.2]
16:19:09.522 [main] DEBUG org.apache.hc.client5.http.ssl.SSLConnectionSocketFactory -- Enabled cipher suites: [TLS_AES_256_GCM_SHA384, TLS_AES_128_GCM_SHA256, TLS_CHACHA20_POLY1305_SHA256, TLS_ECDHE_ECDSA_WITH_AES_256_GCM_SHA384, TLS_ECDHE_ECDSA_WITH_AES_128_GCM_SHA256, TLS_ECDHE_ECDSA_WITH_CHACHA20_POLY1305_SHA256, TLS_ECDHE_RSA_WITH_AES_256_GCM_SHA384, TLS_ECDHE_RSA_WITH_CHACHA20_POLY1305_SHA256, TLS_ECDHE_RSA_WITH_AES_128_GCM_SHA256, TLS_DHE_RSA_WITH_AES_256_GCM_SHA384, TLS_DHE_RSA_WITH_CHACHA20_POLY1305_SHA256, TLS_DHE_DSS_WITH_AES_256_GCM_SHA384, TLS_DHE_RSA_WITH_AES_128_GCM_SHA256, TLS_DHE_DSS_WITH_AES_128_GCM_SHA256, TLS_ECDHE_ECDSA_WITH_AES_256_CBC_SHA384, TLS_ECDHE_RSA_WITH_AES_256_CBC_SHA384, TLS_ECDHE_ECDSA_WITH_AES_128_CBC_SHA256, TLS_ECDHE_RSA_WITH_AES_128_CBC_SHA256, TLS_DHE_RSA_WITH_AES_256_CBC_SHA256, TLS_DHE_DSS_WITH_AES_256_CBC_SHA256, TLS_DHE_RSA_WITH_AES_128_CBC_SHA256, TLS_DHE_DSS_WITH_AES_128_CBC_SHA256, TLS_ECDH_ECDSA_WITH_AES_256_GCM_SHA384, TLS_ECDH_RSA_WITH_AES_256_GCM_SHA384, TLS_ECDH_ECDSA_WITH_AES_128_GCM_SHA256, TLS_ECDH_RSA_WITH_AES_128_GCM_SHA256, TLS_ECDH_ECDSA_WITH_AES_256_CBC_SHA384, TLS_ECDH_RSA_WITH_AES_256_CBC_SHA384, TLS_ECDH_ECDSA_WITH_AES_128_CBC_SHA256, TLS_ECDH_RSA_WITH_AES_128_CBC_SHA256, TLS_ECDHE_ECDSA_WITH_AES_256_CBC_SHA, TLS_ECDHE_RSA_WITH_AES_256_CBC_SHA, TLS_ECDHE_ECDSA_WITH_AES_128_CBC_SHA, TLS_ECDHE_RSA_WITH_AES_128_CBC_SHA, TLS_DHE_RSA_WITH_AES_256_CBC_SHA, TLS_DHE_DSS_WITH_AES_256_CBC_SHA, TLS_DHE_RSA_WITH_AES_128_CBC_SHA, TLS_DHE_DSS_WITH_AES_128_CBC_SHA, TLS_ECDH_ECDSA_WITH_AES_256_CBC_SHA, TLS_ECDH_RSA_WITH_AES_256_CBC_SHA, TLS_ECDH_ECDSA_WITH_AES_128_CBC_SHA, TLS_ECDH_RSA_WITH_AES_128_CBC_SHA, TLS_RSA_WITH_AES_256_GCM_SHA384, TLS_RSA_WITH_AES_128_GCM_SHA256, TLS_RSA_WITH_AES_256_CBC_SHA256, TLS_RSA_WITH_AES_128_CBC_SHA256, TLS_RSA_WITH_AES_256_CBC_SHA, TLS_RSA_WITH_AES_128_CBC_SHA, TLS_EMPTY_RENEGOTIATION_INFO_SCSV]
16:19:09.523 [main] DEBUG org.apache.hc.client5.http.ssl.SSLConnectionSocketFactory -- Starting handshake (null)
16:19:09.750 [main] DEBUG org.apache.hc.client5.http.ssl.SSLConnectionSocketFactory -- Secure session established
16:19:09.750 [main] DEBUG org.apache.hc.client5.http.ssl.SSLConnectionSocketFactory --  negotiated protocol: TLSv1.3
16:19:09.750 [main] DEBUG org.apache.hc.client5.http.ssl.SSLConnectionSocketFactory --  negotiated cipher suite: TLS_AES_128_GCM_SHA256
16:19:09.751 [main] DEBUG org.apache.hc.client5.http.ssl.SSLConnectionSocketFactory --  peer principal: CN=*.docker.com
16:19:09.752 [main] DEBUG org.apache.hc.client5.http.ssl.SSLConnectionSocketFactory --  peer alternative names: [*.docker.com, docker.com, *.hub.docker.com, *.dockerproject.org, docker.io, *.docker.io, *.cloud.docker.com, *.master.dockerproject.org, *.cloud-stage.docker.com]
16:19:09.752 [main] DEBUG org.apache.hc.client5.http.ssl.SSLConnectionSocketFactory --  issuer principal: CN=Amazon RSA 2048 M01, O=Amazon, C=US
16:19:09.752 [main] DEBUG org.apache.hc.client5.http.impl.io.DefaultManagedHttpClientConnection -- http-outgoing-0 set socket timeout to 3 MINUTES
16:19:09.752 [main] DEBUG org.apache.hc.client5.http.impl.io.DefaultHttpClientConnectionOperator -- hub.docker.com:443 connected null->hub.docker.com/44.221.37.199:443 as http-outgoing-0
16:19:09.752 [main] DEBUG org.apache.hc.client5.http.impl.io.PoolingHttpClientConnectionManager -- ep-0000000001 connected http-outgoing-0
16:19:09.752 [main] DEBUG org.apache.hc.client5.http.impl.classic.InternalHttpClient -- ep-0000000001 endpoint connected
16:19:09.753 [main] DEBUG org.apache.hc.client5.http.impl.classic.MainClientExec -- ex-0000000001 executing GET /v2/repositories/selenoid/vnc/tags?page=1&page_size=1024 HTTP/1.1
16:19:09.753 [main] DEBUG org.apache.hc.client5.http.protocol.RequestAddCookies -- ex-0000000001 Cookie spec selected: strict
16:19:09.756 [main] DEBUG org.apache.hc.client5.http.impl.classic.InternalHttpClient -- ep-0000000001 start execution ex-0000000001
16:19:09.757 [main] DEBUG org.apache.hc.client5.http.impl.io.PoolingHttpClientConnectionManager -- ep-0000000001 executing exchange ex-0000000001 over http-outgoing-0
16:19:09.757 [main] DEBUG org.apache.hc.client5.http.headers -- http-outgoing-0 >> GET /v2/repositories/selenoid/vnc/tags?page=1&page_size=1024 HTTP/1.1
16:19:09.757 [main] DEBUG org.apache.hc.client5.http.headers -- http-outgoing-0 >> user-agent: Apache-HttpClient/5.0
16:19:09.757 [main] DEBUG org.apache.hc.client5.http.headers -- http-outgoing-0 >> accept-encoding: gzip, deflate, br
16:19:09.757 [main] DEBUG org.apache.hc.client5.http.headers -- http-outgoing-0 >> cache-control: max-age=0
16:19:09.757 [main] DEBUG org.apache.hc.client5.http.headers -- http-outgoing-0 >> connection: keep-alive
16:19:09.757 [main] DEBUG org.apache.hc.client5.http.headers -- http-outgoing-0 >> Host: hub.docker.com
16:19:09.758 [main] DEBUG org.apache.hc.client5.http.wire -- http-outgoing-0 >> "GET /v2/repositories/selenoid/vnc/tags?page=1&page_size=1024 HTTP/1.1[\r][\n]"
16:19:09.758 [main] DEBUG org.apache.hc.client5.http.wire -- http-outgoing-0 >> "user-agent: Apache-HttpClient/5.0[\r][\n]"
16:19:09.758 [main] DEBUG org.apache.hc.client5.http.wire -- http-outgoing-0 >> "accept-encoding: gzip, deflate, br[\r][\n]"
16:19:09.758 [main] DEBUG org.apache.hc.client5.http.wire -- http-outgoing-0 >> "cache-control: max-age=0[\r][\n]"
16:19:09.758 [main] DEBUG org.apache.hc.client5.http.wire -- http-outgoing-0 >> "connection: keep-alive[\r][\n]"
16:19:09.758 [main] DEBUG org.apache.hc.client5.http.wire -- http-outgoing-0 >> "Host: hub.docker.com[\r][\n]"
16:19:09.758 [main] DEBUG org.apache.hc.client5.http.wire -- http-outgoing-0 >> "[\r][\n]"
16:19:09.970 [main] DEBUG org.apache.hc.client5.http.wire -- http-outgoing-0 << "HTTP/1.1 200 OK[\r][\n]"
16:19:09.971 [main] DEBUG org.apache.hc.client5.http.wire -- http-outgoing-0 << "date: Wed, 13 Mar 2024 16:19:09 GMT[\r][\n]"
16:19:09.971 [main] DEBUG org.apache.hc.client5.http.wire -- http-outgoing-0 << "content-type: application/json[\r][\n]"
16:19:09.971 [main] DEBUG org.apache.hc.client5.http.wire -- http-outgoing-0 << "transfer-encoding: chunked[\r][\n]"
16:19:09.971 [main] DEBUG org.apache.hc.client5.http.wire -- http-outgoing-0 << "content-encoding: gzip[\r][\n]"
16:19:09.971 [main] DEBUG org.apache.hc.client5.http.wire -- http-outgoing-0 << "x-ratelimit-limit: 180[\r][\n]"
16:19:09.972 [main] DEBUG org.apache.hc.client5.http.wire -- http-outgoing-0 << "x-ratelimit-reset: 1710346809[\r][\n]"
16:19:09.972 [main] DEBUG org.apache.hc.client5.http.wire -- http-outgoing-0 << "x-ratelimit-remaining: 180[\r][\n]"
16:19:09.972 [main] DEBUG org.apache.hc.client5.http.wire -- http-outgoing-0 << "x-trace-id: f483e99ce7537253fc356d7bd74049e3[\r][\n]"
16:19:09.972 [main] DEBUG org.apache.hc.client5.http.wire -- http-outgoing-0 << "server: nginx[\r][\n]"
16:19:09.972 [main] DEBUG org.apache.hc.client5.http.wire -- http-outgoing-0 << "x-frame-options: deny[\r][\n]"
16:19:09.973 [main] DEBUG org.apache.hc.client5.http.wire -- http-outgoing-0 << "x-content-type-options: nosniff[\r][\n]"
16:19:09.973 [main] DEBUG org.apache.hc.client5.http.wire -- http-outgoing-0 << "x-xss-protection: 1; mode=block[\r][\n]"
16:19:09.973 [main] DEBUG org.apache.hc.client5.http.wire -- http-outgoing-0 << "strict-transport-security: max-age=31536000[\r][\n]"
16:19:09.973 [main] DEBUG org.apache.hc.client5.http.wire -- http-outgoing-0 << "[\r][\n]"
16:19:09.973 [main] DEBUG org.apache.hc.client5.http.wire -- http-outgoing-0 << "3121[\r][\n]"
16:19:09.974 [main] DEBUG org.apache.hc.client5.http.wire -- http-outgoing-0 << "[0x1f][0xffffff8b][0x8][0x0][0x0][0x0][0x0][0x0][0x0][0x3][0xffffffc5][0xffffff9d][0xffffffdb][0xffffff92][0x1b]G[0xffffff92][0xffffffa6][0xffffffef][0xfffffff7]1[0xffffffea]vE([0xffffffce][0xffffff87]2[0x1b][0xffffffdb][0xffffff97][0xffffffd0][0xffffffd5][0xffffffec][0xffffff8e][0xffffffc9][0xfffffff2][0x10]9[0xffffffe2][0xffffff8c]D[0xffffffd2]x[0xffffff90][0xfffffff5][0xffffffec]X[0xffffffbf][0xfffffffb]~[0x1][0x14][0xffffff90]([0x0][0xffffff91]H [0xffffff82][0xffffffb9]c[0xffffffdd]=[0xffffffdd]T[0xffffff88]bx[0xfffffff9][0xffffff9f][0xffffffe1][0xffffff87][0xffffffdf][0x7f][0xffffffff][0xffffffef][0xffffff97][0xffffffe1][0xfffffff3][0xffffff8f]O[0xffffffdf]_^[0xffffff95][0xb][0xffffffbf][0xffffffbc]|J[0xffffffff][0xffffffe0][0xffffffbf][0xffffffbe][0xfffffffc][0xfffffff1][0xfffffffd][0xfffffffb][0xffffff97]o[0xffffffaf][0xffffffbf][0xfffffffe][0xfffffffa][0xffffffc7][0xffffff8f]~7~[0x1e][0xfffffffe]3}[0xffffffdd][\r][0xffffff9f][0xffffffff][0xfffffffa][0xfffffff5]o[0xfffffff5][0xffffffeb][0xffffffd7][0xfffffff4][0xffffffe5][0xfffffff3][0xffffffb7][0xffffff8f][0xffffffdf]?[0x7f][0xfffffffd][0xffffff98][0xffffffbe][0xfffffffd][0xfffffffa]-[0xfffffffd][0xffffff99]>}[0xfffffffe]8[0xfffffffe][0xfffffffa][0xfffffff7][0xffffffa7][0xffffffe1][0xffffffd7][0xffffffef][0xffffffdd][0xffffffbf][0x7f][0xfffffffb]__[0xffffffba][0x7f]O[0xffffffff][0xffffffa2][0xfffffffe][0xffffffcf][0xf]![0xffffff94][0xffffffcb][0xffffffff][0xfffffffd][0xfffffff7]o[0x1f][0xffffffff]o[0xfffffffa][0x17])[0xffffffc4][0xffffffcb]//_[0xffffffbe][0xffffffa6][0xffffffbf]?~[0xfffffffe][0xfffffff1][0xffffffed][0xffffffe5][0xfffffff5][0xffffffd3][0xffffff8f]?[0xffffffff][0xfffffffc][0xffffffe5][0xffffffe5]k[0xfffffffa][0xfffffff6][0xffffffe3][0xffffffcf][0xffffffef][0xfffffffc][0xffffffcf][0xffffffff][0xfffffffd][0xffffffdf]/[0xffffffc3][0xffffffd7][0xffffffd4][0xfffffff1][0xffffff9b][0xffffffbe][0xffffffbc]J[0x1b][0xffffffa5][0xf][0xffffffe2][0xffffff97][0xffffff97][0xffffff8f][0xffffffe3][0xffffffcb][0xffffffab][0xffffff93][0xffffffda][0x4][0xffffffe9]b[0xfffffffe][0xffffff9f][0x7f][0xfffffff1][0xffffffbb][0x1d][0xffffffce]v_[0xffffff87]?>~O[0xffffffc3][0xfffffff7][0x1f]_[0x13][0x7f][0xffffffd6][0xffffffee][0xffffffaf][0xffffffd1][0x19]~[0xfffffffb][0xffffff89][0xffffffdf][0xffffff81]_[0xffffffe1][0xffffffcc][0xb][0xffffffff][0xffffffeb][0xffffffef][0xffffffee][0xffffffeb][0xffffffc7]._[0xffffffeb][0xfffffff0][0xffffffcf][0x1a]?[0xfffffff2]w[0xffffffe7][0xffffff9b]}[0xfffffffb][0xffffffa3]S[0xffffffd6][0xffffffbd]F=E[0xffffffd7][0xffffff8f]2[0xffffffca]N[0xffffffa9]q[0x1c][0xffffffa6]1J[0x19]{[0xffffffa1][0xffffffa4][0xffffffef][0x6]%D[0xffffff8a]BOZF[0xffffffab]m[0x17][0xffffffbb][0xffffffd1][0xe]F[0xe][0xffffffde][0xffffffc4]dM?9'"[0xffffffff][0xffffff84][0xffffffcf][0xfffffff9][0xffffff9f][0xfffffff4][0xffffffe7][0xffffffc7]O?[0xfffffffe][0xffffffb1][0xffffffff][0x1f][0xffffffbf][0xffffffbf][0xffffffff][0xffffffe7][0xfffffff3][0xb][0x7f][0xffffffa7][0xffffffaf][0xffffffdf]>~[0xfffffffe]t[0xfffffffc]#dK[0xffffffbc][0xffffffbc][0xffffff9a] [0xffffffbc]R*[0xffffffca]_^[0xffffffbe]}[0xffffffe7][0xf][0xffffff9c][0x7f][0xffffff93]n[0xfffffff8][0xfffffffe][0xfffffff1][0xffffffef][0xffffffc4][0xffffffef][0xfffffff2]g[0xfffffff7][0xffffffed][0xfffffffb][0xffffffef]_0N[0xffffffe2][0xfffffff2]/J([0xfffffff3]A[0xffffffe8][0xf]R[0xffffffff]&[0xffffffdd][0xffffffab][0x8][0xffffffaf][0xffffffda][0xffffffec][0xffffff84][\n]"
16:19:09.975 [main] DEBUG org.apache.hc.client5.http.wire -- http-outgoing-0 << "[0xffffffce][0xffffff84][0x7f][0xffffff9d][0xffffffcf]~[0xfffffffb][0xffffffe3][0xffffffdd]Y[0xffffffa1]~[0xffffff93][0xffffffe6][0xffffffd5][0xfffffff8]WawF:[0x15][0xffffffe4][0xffffffbf][0xffffffbe][0xfffffffc][0xfffffff3][0xffffffdf][0xffffffde]~[0xffffffe7][0x1f]_[0xffffffc6][0xffffffee]{[0xffffffe1][0xffffffb8][0xffffffdb][0xffffffe9][0xffffffe8]]<[0xfffffffd][0xffffffce][0xffffff87][0xffffffb3][0xffffffe7]?[0xffffff90][0xfffffffd][0x1f][0xffffffee][0xffffffed][0xffffff97][0x7f][0xffffffff][0xfffffff1]-}[0xfffffffd][0xffffffd4][0xfffffffd][0xffffffb5][0xffffffb7][0x7f][0xfffffffa][0xfffffffa][0xfffffff9]?[0x7f][0xfffffff4]i[0xfffffff8][0xffffffc8][0xffffff9f][0xffffffea][0xffffffed][0xffffffd7][0xffffff86]?[0xffffffbe]~[0xfffffffe]+[0xfffffffd].[0xffffff95][0xffffffda][0xffffffe5][0xffffff9f][0xfffffffc][0xffffffc9]i[0xfffffffe]+[0xffffffff][0xffffff80][0xffffffa5][0xffffff8e]![0xfffffff2][0xfffffff3][0xffffffe2][0xffffff9e]{[0xfffffff7]xg[0xffffff94][0xffffffbf][0xffffffd5][0xffffffcb][0xffffffeb][0xfffffff7][0xffffffaf]?[0xffffffd2]//[0xfffffff8][0xffffffd3][0xffffffef][0xffffffd7]&[0xffffffca][0xffffffbf][0xfffffffa][0xffffff88][0xffffff99][0xffffffce][0xffffffce][0x17]Muv[0xfffffff7][0xffffffbf][0xffffffd2][0xfffffff8][0xffffffb1][0xfffffffb][0xfffffffd][0xfffffffb][0x7f]}[0xffffffd9][0xffffffdf][0xffffffec][0xffffffcb][0xffffff97]??[0xe][0xffffffdd]w~[0xffffff88]x[0xfffffff8]8#[0xffffffe1][0xffffffd3][0xfffffff7][0xffffffee][0xffffffe3]'0[0xffffffb1]w[0xffffffca][0xffffffdd][0xffffffdf][0xfffffff2][0x7f][0xfffffffe][0xffffffc7]7~[0xffffffce][0xffffffbf][0xffffff80][0xffffffa4]O[0xffffffdf][0xffffffd3][0xffffffa7][0xffffffef][0xffffffc7][0xffffffbf][0x7f][0xffffffff][0xffffff97][0xfffffff9][0xffffffe5][0xffffffe6][0xffffffce][0xfffffff7][0xffffffcf]_[0xffffff8a][0xffffff88][0x11][0xffffffd6][0xffffffea][0xffffffe0][0xffffff8d]m[0xffffff8e][0xffffff98][0xffffffe4]z[0xffffff99]L[0xffffffaf][0xffffffb5][0x17]A%0[0xffffffe0][0xffffffbc][0xffffffd6]jr1(at[0xffffff92][0xffffffbd]WII[0x1b][0xffffffa2][0xffffff9f][0xfffffffc]4[0x4]9$[0xffffffdb][0xffffffbb]8v2[0xfffffffa][0xffffffd1][0xffffff8c][0xffffffa1][0x2]1[0xffffffd1](iD[0xffffffe0]J[0xffffffd7][0xffffffee]Pv[0x5][0xfffffff9][\n]"
16:19:09.977 [main] DEBUG org.apache.hc.client5.http.wire -- http-outgoing-0 << "[0xffffffcc][0xffffff8d][0xffffffde][0xffffff89][0xffffffc0][0x1f]y[0xfffffff6][0xffffffeb]/?[0xffffffde][0xffffffb9][0xffffff81][0xfffffffa] CF[0xffffff8c][0xffffff8d][0xffffffaf][0xffffffca][0xffffffec][0xffffff82]1[0xffffffe0]~[0x1]1[0xffffffef][0xffffff8f]G[0x13][0xffffffac][0xffffffb3][0xffffff8d] [0xfffffff3][0xfffffff9]K[0xfffffffa][0xffffffda][0xfffffffd].[0xffffff85]_[0xffffff87][0xffffff98][0xffffffd9](u[0xffffff88][0xffffffb9]6S[0x9]1[0xffffffa5][0xffffffbb]o[0x2][0xffffff99]j[0xffffffef][0xffffffbb][0x7][0x19][0xffffffe1]Ls[0xffffffc8][0xffffff8c]1[0xffffff88]~[0xfffffff2][0xffffffba][0xffffff97]np[0xffffffae]s[0xffffffbd][0x12][0xffffff9d][0xffffffd6][0xffffff83]T|hEH[0xffffff93][0x1b][0xffffffa2][0xffffffee][0xffffffc3]4j[0xffffffe7]|t[0xffffffce][0xffffff81][0xffffff94][0xffffffc0]7[0xffffffdf][0xffffffa8]q[0xffffff92]S[0xfffffff2][0xffffffea][0xfffffff9]G[0xffffffc6]XmD[0x14][0xffffffbc][0xffffff9b][0xffffff8f]@[0xffffffc6][0xffffffbe]*[0xffffff9b][0x1f][0xe][0xffffffa0][0x1d]}[0xfffffff1][0xffffff91]9[0xfffffff9][0xffffff81]y[0xffffffd5]qg[0xffffff94][0x16][0x2][0xc][0x14][0x1f][0xffffff99][0xffffffb3][0xffffffe3]F[0xffffffec][0xffffffa4][0xffffff92]:[0xffffff98]F[0xffffff90][0xffffff99]>~M[0xffffffd3][0xffffffe7][0x7f][0xfffffff0][0xffffffcc][0x0][0xfffffff3]5[0xffffffcf][0xffffffcc]l[0xffffff96]:[0xffffffd0]\[0x1b][0xffffffea].hx[0xffffff94][0xffffffcf]o[0xffffffbf][0x9]h[0xffffffaa][0xfffffffd][0xffffffaf][0xc][0x1a][0x1b][0xfffffff9]TZ[0x1f]us[0xffffffd0][0xffffff88][0xffffffd4]w[0xffffff83][0x15][0xffffffb1][0xfffffff7]|[0xfffffff3]G[0xffffffd1][0xffffff8d]][0xffffffa7][0xffffff9c][0xfffffff5][0xffffff93][0xffffffee][0xfffffff8]6[0xffffffcb][0xffffffd4][0xffffffbb][0x14][0xffffff92][0xffffffe6][0xffffffd9][0xffffff89][0xffffff83][0xffffffb7][0xffffffd1]Yc][0x1c][0xfffffff8][0xffffff93]([0xffffffd3][0xf]N:[0xffffffe3][0xffffff9f][0x7]M[0x10][0xfffffffb][0xffffffdf][0xffffffe7])[0xffffffd0][0xffffffe0][0xffffff80][0xffffffc2][0x4][0xffffffc7][0xffffffdb]q[0xffffff8a][0xffffffe2][0xffffffde][0xffffffbd]3[0xfffffff2][0xffffff83][0xffffff96]9[0xffffff8a]3[0xffffffea][0xffffffd5][0xffffff86][0xffffff9d][0xffffffe5][0xffffff95][0xffffff96]K[0xffffffef][0xffffffcc][0xfffffff9][0xfffffff1][0xffffffb8][0x13]F[0xffffffc5][0xffffffd8]*4;[0xffffffbe]3n[0x1d]df[0xffffffa3][0xffffffb4][0xffffff80][0xffffffcc][0xffffffb9][0xffffff99]J[0xffffff90])[0xffffffdd]}[0x13][0xffffffc8]T{[0xffffffdf][0x12]d[0xffffff88][0xffffffc6][0x1d][0x19]F{[0xffffffc8][0xffffff98]([0xffffff8d]q[0xffffffa1][0xffffffeb]\[0x0][0x1f][0xffffff84]_S[0x18]|p[0xffffff93]J[0xffffffc9]D-[0xffffff9d][0x1f]:mU7[0xffffffd9][0xffffff8e][0xffffffd4][0xffffffa5][0x1f]=@[0x1a][0xffffffbd][0x1c]b?h-[0xffffff92]}[0x1e]2F[0xb][0xffffffed][0xffffffc8]3[0x1e]{gHf[0xffffffe2][0xffffffab]0;o[0xffffffb5][0xffffffb6]s[0xfffffffc]t[0x11][0xffffff9a][0xffffffc9][0xf]*[0xfffffffe][0xffffffc6]Ai_[0xffffffb5][0xffffffdf]Yi[0x5]OR[0xfffffff1][0xffffff99]y[0x7f][0xffffffda]9n[0xffffffad][0xffffff9a]?3+[0xffffffb3][0xffffff99][0xffffffd9]*u[0xffffff98][0xffffffb9][0xffffffb6]S[0x19]3[0xffffffe7][0xffffffb6][0xffffff9a]o[0xffffffbf][\r]fj[0xffffffdd][0xffffffef][0xe]ft[0xffffffb4][0xffffffed][0xffffffd3][0x19][0x0]!Ih[0xffffffc6]^[0xffffffaa]^M[0xffffffa3]0]t<0^v[0xffffffbd][0xffffff99][0xffffff9c][0xffffff8c]$[0xffffffda][0xfffffffd]4[0xffffff92][0xffffffca]tc[0xffffffb2]C"[0xffffffa1]Q)j[0xffffffe5]M0)[0xffffffe8]N?[0xffffff8f][0x19][0x1d][0x2]9[0xffffff94]}[0xffffffbc][0x0]`2fd[0xffffffd0]$x[0xffffffe5]g[0xffffffe6][0xffffffcd][0xf][0xffffffe4]+[0xffffffa9]7[0xffffffaf]Yp~[\r]h8[0xffffffae]w*[0x4][0xffffffa5][0xffffffe6][0x17][0xffffffac][0xffffffae][0x2]0[0xffffffc7]fr[0xffffffdd]C3[0xffffff9b][0xffffffa5][0x1a]4[0x17][0xffffff86][0xffffffba][0xb][0xffffff9a][0xffffff8b][0xffffffdb]o[0x2][0xffffff9a]j[0xffffffff][[0x6][\r][0x1][0xffffff86]o_53]J6E[0xffffffd3][0xffffffb9][0xffffffb1][0x1f]l[0xffffffe7]GB[0xffffffb5]N%)]?tcoB2I[0xfffffff9]nt[0xffffffa2]K[0xffffffc6][0xffffff99][0xffffffd4][M4[0x17][0xfffffffa][0xffffff91]Xm[0x2]g[0xffffffcf][0xffffff83][0x6][0xfffffff8][0xffffffd9][0xffffffb0][0xffffffcf][0xffffffd1][0x1e]Oh([0xffffffef]X-[0xffffffed]Bl[0xffffff96]A[0x13][0xfffffff6][0xfffffff5][0x2][0xffffffb2]o[0x1f][0xffffff8d]$[0xffffffd8][0xffffffba][0xfffffff3][0xffffffd2]\[0x1e][0x7f]Wb[0xffffffab].[0xffffff9b][0xffffffad][0xffffffc4][0xffffffcc]l[0xffffff95]:[0xffffffcc][0x1c][0xfffffff2][0xffffff99]s;-c[0xffffffe6][0xfffffffa][0xfffffff2][0xffffff9b]`[0xffffffa6][0xffffffda][0xfffffffd][0x16]0C[0xffffffe0][0xffffffaf])3Q[0xffffff97]l\i[0xffffffee][0xffffffbc][0xffffff8c][0xffffffc9]wz[0x1c]z[0xffffffa2][0xffffffb2][0xfffffffc]TF[\r]D[0x6][0xffffff92][0xffffff9c]IQ[0x13][0xffffffd0][0xffffffc9][0xfffffffb][0xffffff94][0xfffffffa][0xffffff89]*[0xffffff95]I[0xffffffa3][0xffffffb3][0xffffffaa][0xffffffa7]`[0x10][0xffffffa2][0xffffff9c]F[0xffffffd9]%!*[0x1e][0xffffff9a][0xffffffa0][\r][0x15][0xffffffaa]G[0xffffff8b][0x0][0x4][0x1d][0xffffffe2]U[0x12][0xffffffe9]D[0x15]<[0xffffff8f][0xffffffc7][0xffffff8d]|[0xffffff86][0xffffff92][0xffffffb4][0xfffffffa][0xffffffa0][0xffffffc8]g[0xffffffe4]k.L[0xffffff93]IHe<Y[0xfffffffd]m[0xffffffcc]\[0x1f][0xf][0xffffff81][0xffffffca]~[0xffffffa3][0xffffffe8][0xffffffec]Tj[0x16][0xffffffeb][0xffffffde][0xffffff99][0xffffffd9]*u[0xffffff98][0xffffffb9][0xffffffb6][0xffffffd3]M[0xffffffcc],\~[0x13][0xffffffcc]T[0xffffffbb][0xffffffdf][0x2]fH&[0xffffffbc]p[0xffffff8a][0xffffffe8][0xffffffbf]1f[0xfffffffa][0xffffffd1][0x11][0xffffff8d][0xffffff91]QS[0x4]Hf[0x14]q[0x18][0x7][0xffffff9d]@[0xffffff87][0x1a]B[0x1c]e?u[0xffffffa4][0xe][0xffffff8a][0x12]W"[0xffffffe5]Ib[0xffffff94][0xffffff93]r[0xffffffbd]uS'[0xfffffff8][0xffffffce][0xf][0xffffffba][0xffffffe2][0xffffff9d][0xffffffd1]QkIA[0xfffffffb][0xffffffe1]wF[0xffffffbf][\n]"
16:19:09.979 [main] DEBUG org.apache.hc.client5.http.wire -- http-outgoing-0 << ""([0x19]B[0xffffffa1]p[0xffffffb6][0xfffffff7][0x3]a~#[0xffffff9b]Q[0xffffff82][0x7f][0xffffffed][0x8]&[0xffffffb1][0xffffffdf]"f[0xffffffe6][0xffffffe3][0xffffffbc][0x7][0xffffffda][0x18]O3[0xffffffa7][0xffffffc9];3[0x7]g+A3[0xffffff9b][0xffffffa5][0xe]4\[0xfffffffe][0xffffffc2]Pe[0xffffffd0][0xffffffdc][0xffffffbe][0xfffffffd]&[0xffffffa0][0xffffffa9][0xfffffff6][0xffffffbf]e[0xffffffd0]8)[\r][0xffffffbd][0xffffffd6][0xffffffc6][0xffffffa0][0xffffffd1]q[0xffffffb0]a[0xffffffb4]a[0xfffffff2]>D3[0xffffffd9]h[0xffffffc7]D[0xfffffff3]#u<?[0xffffffca][0xffffffd3][0xffffff82][0xffffff8d][0xffffff80]F[0xfffffff4]c[0x1f]R[0xffffff8a]=[0xffffffef][0xc][0xffffffff][0xffffffa2]:m}[0x1a][0xffffffa5][0xffffffe3][0x5]z>8[0xffffffd3][0xffffff96][0x1b][0xffffffed]{z[0xffffff8f][0x4]g*?4V[0xffffffee][0xffffffa4]5>[0xffffffdc][0xffffffce]h[0xffffffce]@C![0xffffffc0][0xffffffaa][0xffffff9d]4[0xffffff9a][0xffffffcc]l[0x5]h[0xe][0xffffffc7][0xffffffe9][0xffffffb3]F[0xffffffdb][0xffffffbc][0xffffffda],[0xffffffa9][0xffffffc8]a[0xffffffac][0xffffffbb]M[0xffffffcd][0xffffffd9],u[0xffffffa0][0xffffffb9]6[0xffffffd4]=[0xffffffd0]\[0xffffffde]~[0x13][0xffffffd0]T[0xfffffffb][0xffffffdf][0x2]h[0xffffffa8][0xfffffffd]8R[0xffffffef][0xfffffff6][0xffffffd1][0xffffff99]un[0xffffff9c][0xfffffffa]1[0xffffffea]n[0x1c][0xffffffdd]H[0xffffffb7]&[0xffffffaa]A[0xffffff8e][0x2][0x8][0xfffffff5][0x1d]m[0xffffff98]N[0xffffffa4] [0xffffff82][0xffffff98][0xfffffffa][0xffffffce][0xf][0xffffffd0][0x2]T[0x1f][0xffffffa9]<[0xffffff93]T[0xffffffc7]@{E[0xfffffff3][0xffffff8b][0xffffffcf][0xffffff83]&[0xffffffe8][0xc][0xffffff9a][0xffffffcc][0xffffffb9]x[0x6]4:[0x10][0xffffff9d][0xffffffcd][0xffffff9e]}^:[0x3]4[0xfffffff2][0xffffff83][0xfffffff4][0xffffffb9][0xffffffab]I;G[0xffffffd9][0x1d][0xfffffffd]vZ[0xffffffb5][0xb][0xffffffa0]y[0x7f]\Y[0x15][0xffffffce][0xffffffaa]rue[0xffffff80]c[0xffffffb5][0xffffff99][0xffffffa6][0xffffffd2][0x1a][0xffffffc8][0xffffffcc]Fi[0x3][0xffffff99][0xffffffd9]L%[0xffffffc8][0xffffff94][0xffffffee][0xffffffbe][0x9]d[0xffffffaa][0xffffffbd]o[0x1]2[0xffffff84][0xb][0xffffffc6][0x18][0xffffffe9][0xffffff9b][0xffffffbf]3[0xffffffd4][0xffffff95]yI [0xffffffc4](?[0xffffffc9]>:[0xfffffffc]xRt1[0xffffffc7][0x11]j[0xffffff8a]6[0xffffff9a][0x17]FS}[0xe]2[0xfffffff9]([0xffffffc1][0x9]E6[0xffffffe0][0xffffffd4]Q[0xffffff9d][0x6]N[0xffffffb8]|[0x5]d[0xffffffa4][0x17][0xfffffff0][0xffffff83][0x1e]|g[0xffffffdc][0xffffffab]$[0xffffffa1][0xffffff91];[0xffffffeb][0x2]t[0xffffffa2]RB#?[0x8] [0xffffffa3]^[0xffffffb5]}5[0xffffffbc]I[0xffffffc6]JY[0xffffffec]j[0xffffffee][0x11]v~\Q[0xffffffd9]?{[0xffffffc2][0xffffffea] sLh[0xffffffd6]>3[0xffffffe1]d[0xffffff95]:[0xffffffcc]\[0xffffffdb][0xffffffa9][0xffffff8c][0xffffff99][0xffffffdb][0xffffff97][0xffffffdf][0x4]3[0xffffffd5][0xffffffee][0xffffffb7][0xffffff80][0x19][0xffffffed][0xffffff9d][0xfffffff2]J[0xffffffb7][0x7f]f [0xffffff8e][0xffffffc1]([0xffffff83][0x1e]3P,[0xffffffd3][0xffffffbd][0xb]z[0xffffffa4][0x1b][0xffffffd3][0xffffffab][0xffffffa8][0xffffffa6][0x1e][0xffffff98]Ph[0x1e]#[0xffffffbc][0xffffff80]H[0xffffffe5][0xffffff8c]2s[0x1c][0xffffffa8][0xffffffaa][0x19][0xffffff88]h[0xffffffae][0xffffffb3][0xffffff9d]u[0xffffffc9]u[0x15][0xffffff98]!q[0xffffffb0]R[0xffffffa8][0xffffffe7][0xffffff9e][0x19]Ow'W[0xffffff90]o[0x17][0x1][0xffffffc4][0x7][0xffffffe5][0xfffffff7][0x1d][0xffffff9a][0xffffffb8][0xffffffa7][0xffffffa6]I[0xffffffaf][0xffffffca][0xffffffd5]f0[0xfffffff3][0xfffffffe][0xffffffb8][0x14][0xfffffff2][0xffffff9c][0xffffff97]S[0xffffff87][0xffffff99][0xffffffe3]3[0xffffffc3][0xffffff9f]b[0xffffffd5]3s2J[0x1d]d[0xffffff8e][0xffffff91][0xffffffd9]l[0xffffffa6][0x12]dJw[0xffffffdf][0x4]2[0xffffffd5][0xffffffde][0xffffffb7][0x4][0x19]8[0xffffff86][0xffffff81][0xffffffa6]H[0xfffffffb]g[0xffffff86]z1[0xffffffae][0xffffffcf][0xffffffbf]=[0xffffffd4][0xffffffb2]Q[0xffffffa5][0xffffffd0][0xf][0xffffffb9][0xffffffa6][0xffffff9c]c[0x19]E[0xffffff80]&[0xc]%][0xffffffef][0x7]-[0xffffffbb]a[0x18][0xffffff83][0xfffffff1][0xffffffd3][0xffffffc4][0xffffffeb]"[0xfffffffb][0xffffffbe]s[0xffffffb6][0x1b]Uf[0xffffff84]>[0xffffffc9][0xffffffd0][0xfffffff4][0xffffff96][0xffffffaa][0xffffff99]q[0xf][0xfffffff2][0xffffffcd][0xfffffff6][0xc]M[0xffffff9a].[0xfffffff4][0xffffff90][0xffffffa0]x.@[0xffffffc6]f[0xffffffc8][0xffffff98][0xfffffffd]3[0xffffffe3]"][0xffffff8f]b[0xffffff83][0xffffffe6][0x0][0xffffff99][0xffffffb3][0xffffffe3]<[0xffffffa3].[0xffffffb6][0xffffffaa][0x1][0xffffff9c][0xffffff9e][0xffffff99][0xffffffb0][0xe]3[0xffffffb3]U[0xffffffea]0sm[0xffffffa7][0x5][0xffffffcc][0xffffffdc][0xffffffbc][0xfffffffc]&[0xffffff98][0x9][0xffffffb5][0xffffffee][0xffffffb7][0xffffff80][0x19][0x5][0xffffffc7][0xffffffd9]h[0xffffffd9][0xffffff9e][0x8][0xffffff90][0x3]0[0x1e][0xffffff9a]`$D2Ja[0xffffffc6][0x12]w[0x9][0xffffffba]3[0xffffff94][0xffffff9e][0xfffffffd][0x14][0xffffff8c][0xffffff8d]>[\r][0xffffffb4]ih[0xffffffdb]h[0xffffff99]&C[0xffffffab][0x13][0xffffffd6]2[0x1c][0xffffff9b][0xffffffc9][0xffffffcb]^[0xffffffc7][0xfffffff1]y[0xffffffcc][0x18][\r][0x15][0x12]N[0xffffffe2]3[0xffffffcf]LN[0xffffffeb]y[0xffffffee]f[0xffffffc7][0xffffffbe][0xffffffc8]f[0xffffffc4][0x7][0xffffffe1]r[0xffffffad]Y[0xffffffe3]:vG[0xffffff99][0xffffff9c].[0xffffffed]B6[0xfffffff3][0xfffffffe]8[0xfffffffc]q[0xffffff9e][0xffffffa5][0xffffffd6]u3[0xffffffb9][0x12]4[0xffffffb3]Y[0xffffffea]@sxh[0xffffffce][\r]U[0x6][0xffffffcd][0xffffffb9][0xffffffb1][0xffffffe6][0xffffffdb]o[0x3][0xffffff9a]Z[0xffffffff][[0x6][0xffffff8d]p[0xfffffff0][0xffffffbd][0xffffff9a]?4[0xffffffbd][0xfffffff1][0xfffffff4]'[0x3]=[0xffffff99][0x18][0xffffffa6]i[0xffffffb2][0x2][0xffffff92][0xffffff8c][0xfffffff1]}[0xffffff80][0xffffffdb][0xffffffec]D[0xffffff9f][0xffffffa6][0xffffff8e],g[0x0]>[0xffffff9d]Vd[0xffffffff][0x1e][0xffffffd8]h[0xffffffaa][0x3]1[0x1f][0x1a][0xfffffffb][0xffffffd1]<_[0x2][0xffffffa0][0xffffff84]M[0xffffff87][0xffffff85][0xffffff94][0xffffffe9]9[0xffffffd0]@7[0xffffff83][0xffffff82]W~h[0xe]~ }[0xffffffae][0xffffff9b][0x9][0xffffff98][0xffffff8f]9A)6h[0xffffff8e][0xffffffa0]9[0x1c]'[0xffffffb5][0xffffffb3][0xffffffb6][0x15]}[0xffffffe6][0x18][0xffffff9b][0xffffffad][0xffffffe3]h[0xffffff9e][0x19][0xffffffa5][\r]df3[0xffffffdd][0xffffff83][0xffffffcc][0xffffffe5][0xffffffdd]7[0xffffff81]L[0xffffffb5][0xfffffff7]-@F[0x6]G[0xffffffd5]7[0xffffff8f][0xffffff9a][0xffffffb4].5[0xffffff87][0xffffff8e]VG[0xffffffdf]Mnb$[0xffffff80]n[0xffffff8c]a[0x1c]`[0xffffffca][0xffffffcd][0xffffff99](:[0x19]xX`RR~[0xffffffee]Eg[0x4]U[0xffffffe8]ha[0xffffffd5][0xc][0xffffffb4][0xffffffa2][0x4][0x1d][0xffffffeb][0xffffffd1]V[0xfffffff4]4[0xffffffc1])[0x14]y[0xfffffff9][0xffffffe4];[0xffffffe3][0x15][0xffffffbc][0xffffff9b]Rl&[0xffffffe2][0x7]E[0x7f][0xffffff86][0xffffffe6][0xc]-[\n]"
16:19:09.981 [main] DEBUG org.apache.hc.client5.http.wire -- http-outgoing-0 << "[0x8]g[0x2][0xffffffb2][0xffffffcf]Blvy<[0xffffffd0]i[0xffffff9d][0xffffffab][0xffffffd8]m[0xffffffd2][0xffffff99][0xffffff95]4[0xffffff80][0xffffffd9](m 3[0xffffff9b][0xffffffa9][0x0][0xffffff99][0xffffffe2][0xffffffdd]7[0xffffff81][0xffffff8c][0xffffffae][0xfffffff5][0xffffffbe]E[0xffffffc8]P_R[0xffffffa6]}KsP[0xffffff9d][0x18]u[0xffffffe2][0x1d]q[0xffffffd1][0xffffffc6][0xffffffd1]&[0xffffffaa][0xffffffc9].ejf?[0xffffffd2][0xffffffa7][0xffffff8f][0xfffffff4]OT[0xffffffd7][0x7]?[0xffffffca][0x10][0xffffff93]V[0x3]$[0xffffffb4][0x4][0xffffff9f]f[0xffffff84]'[0xc][0xfffffffb]wz[0xffffffbe];c[0xffffff99]5c[0x6]G>Uh&[0xffffff9d]!T={[\n]"
16:19:09.981 [main] DEBUG org.apache.hc.client5.http.wire -- http-outgoing-0 << "[0xffffffde][0xffffff87]f'?[0xffffffc8]4[0x0][0xffffffbf][0xffffffa3][0x8]f[0x16][0xffffffea][0xffffffcc][0x17][0xffffffa7]![0xffffffa1]*;[0xffffff83][0xffffffb1][\r]b[0xffffffd6]14[0xffffffcf]l[0xffffffd2][0x6]1[0xffffffb3][0xffffff95][0xffffffee]![0xffffffe6]`[0xffffffa9][0xfffffff9][0xffffffee][0xffffff9b] [0xffffffa6][0xffffffda][0xfffffff9][0xffffffee] [0x6][0xffffffca]T[0xfffffffb][0xffffff9a][0xffffff99][0x1e][0xfffffff1]<=[0xffffffc9][0xffffff8e][0xffffffd0][0xffffff85]q[0xffffff98]N[0x4][0xffffffdf][0xffffff8b]0[0xffffffc5][0xe][0xffffffa0][0xffffffa4]L[0x1d][0xffffffa6][0xffffffb0]E5[0xffffff8d]~f[0xffffffec]:[0xffffffa9][0xffffffc5][0xffffffa4][0xfffffffb]~TB[0xfffffff7]P[0xffffff92][0xffffff85][0xffffffec]+X[0xffffffcd]L[0xffffffb4]1[0xffffffe3]&[0x1e][0xffffffac]3[0xffffffd3]k[0xffffffa1][0xffffff84][0x1a]w[0xffffffce][0xffffffc2][0xffffff86][0xffffff99][0xffffff83][0xffffffa7][0x12]b[0xffffffe8]}[0xffffff8a][0x1d][0xffffffe5]Fa[0x17][0xffffffe2][0xffffffb2][0x19]2[0xfffffffb][0xffffffe3][0xffffffb0]-[0xffffffda][0xffffff97][0xffffff99]W[0xe][0xffffff9c][0xffffffcd]F[0xffffffa9][0xffffff83][0xffffffcc][0xffffffb5][0xffffff99][0xffffffee]B[0xffffffe6][0xfffffffd][0xffffffdd]7AL[0xffffffb5][0xfffffff3][0xffffff95][0x11][0xffffffc3][0xffffffc7]^[0xffffffd1][0xffffffce][0xc][0xffffffed]GgB[0xffffffb2][0xffffff93][0xffffffa5]33y2[0xffffff97][0xffffff8e][0xffffffca]q[0xf][0xffffffb5]y [0x6]K"[0xffffff8d][0xffffffa1][0xffffffa3][0xffffffc0]<t[0xffffff82]I[0xffffffb4]H[0x10][0xffffffa6][0xffffff98][0xffffff9a]qa4ti[0x12][0xffffffd3]f[\n]"
16:19:09.982 [main] DEBUG org.apache.hc.client5.http.wire -- http-outgoing-0 << "[0xffffffde]KE[0xffffff95][0xffffff99][0x11][0x0]R[0x19]A[0xffffffb3][0xffffffe9][0xfffffff1]f[0xffffffa6][0xffffffde][0xffffffd1]A[0xffffffd2]g[0xffffffb1][0xffffffd3][0x5]b[0xffffffc2][0x7][0xffffffc5][0x0]4[0x13][0xffffffcd]:[0xffffffcf][0xffffff9b][0xffffffc1]h[0xb]j[0xffffffa1]3#[0xffffffce][0xffffff8e]3qE[0xffffff92]v[0xffffffc6][0xffffff96][0xffffffae]{cN[0xffffffac][0x19][0xffffffb9][0x12]2[0xffffffb3]U[0xffffffea] s[0xffffffc8][0xfffffffe][0xffffffcf][0xffffffed]T[0xffffff82]L[0xffffffe1][0xfffffff2][0xffffff9b]@[0xffffffa6][0xffffffda][0xfffffffb][0xffffffee]@[0x6]/i[0xffffffdf][0xffffffcc]T[0xffffffcc][0x16][0xfffffff8][0x1e][0xffffffef][0x1b];'[0x3][0xffffffcf][\n]"
16:19:09.982 [main] DEBUG org.apache.hc.client5.http.wire -- http-outgoing-0 << "O[0xc][0xffffff98][0x19][0xffffffba][0xffffffa0][0xffffffe1]gjZ[0xffffff86][0xffffffa6][0xffffff9b][0xffffff92][0xffffff9b]`[0x6]L[0x1e][0xffffff96][0xffffffa6] .[0xfffffff3]0[0xffffff9f][0xfffffffb]dai[0xffffffa6][0x1a][0xffffffa6][0x19][0xffffffc5][0xc][0xffffffa7]=_[0xffffff81]g [0xffffffc3][0x1f][0xffffff82][0xffffff9a]Y![0xfffffff9][0x7f][0xffffffc3][0xffffff80][0xffffffcb][0xffffff8c]fFgH[0xffffffe6][0xffffffbd]^[0xffffffa8][0xffffff98]][0x1c][0xffffffd7][0xc]L[0xffffffcb]VU[0xffffffe6][0x19]3+[0xffffffe7][0xffffffcd][0xffffff98][0xffffff85]}3K[0x1b][0xffffffcc][0xffffffcc][0xffffff86]Z[0xffffffc6][0xffffffcc][0xffffffd1]X[0xfffffff3][0xffffffed]7[0x1]M[0xffffffb5][0xffffffff]-[0xffffff82][0x6][0xfffffffd][0xffffff8a][0xfffffff8][0x13]F4[0x15][0xffffffe4][0xffffff93]ab[\n]"
16:19:09.983 [main] DEBUG org.apache.hc.client5.http.wire -- http-outgoing-0 << "3u[0xffffff8a][0x14][0xffffff85]Q[0x19][0xfffffff2][0xffffff94][0xffffffe8]{I[0xffffffe0][0xffffffa5][0xffffffcc][0xffffffc0][0xffffffdb]6[0xfffffff0][0xc]y[0xf][0xffffff90]R[0x1f][0x10][0xffffffd9]@W[0x3]rM[0xffffffea][0xffffff86][0xffffff91][0xffffffbe][0xffffffa7]z>[0xffffff97]1[0xffffffde][0xffffffd3]j[0xffffff83][0xffffffce][0xfffffff2][0x18]h4%[0xffffffb0]}[0xffffffb4][0xffffffc5][0xffffffb4][0xffffff9a][0xffffffbc][0xb][0x1a][0xffffffc3]q[0xffffffbe][0xffffffb5]4M[0xfffffff3][0xffffffc8]@[0xffffffa9]bv[0x2][0xffffffcd][0xffffffe1]8[0xffffffe3]w[0xffffffbc][0xffffffe9][0xffffff8d][0xffffffca][0xffffffcc][0xffffffa7][0xffffffd6][0xffffffcc]J[0xffffffcc][0xffffffcc]V[0xffffffa9][0xffffffc3][0xffffffcc][0xffffffb5][0xffffff9d][0xffffffee]a[0xffffffe6][0xfffffff2][0xfffffff2][0xffffffdb]`[0xffffffa6][0xffffffd6][0xfffffffd][0x16]0[0x13][0xffffffa0]}[0xffffffc0][0xffffffd0]o?o6IF[0x1d]-[0xffffffc1][0xffffffd7][0x18][0xffffffc5][0xffffffd0]G[0xffffff85]^Fr[0x3][0xffffffb3][0xffffffcc][0x4][0xffffff83]0[0xffffff9b][0x19][0xffffffb9][0x1f][0xffffff87]1N&NT[0xffffff84][0xffffffc9] [0x2][0xfffffff2]4[0xffffffa8]mLIZ[0x7][0xffffff83]S>[0xffffffdf][0xffffff9a][0xfffffff1][0xffffffcc]Bf][0xffffff8b][0xffffffc7]0C[0xffffff98][0xffffffee][0xfffffff3][0x18][0xffffff80][\r]L[0xffffff91][0xffffffdd][0xffffff96][0xffffffcf][0xffffffd0]p`>([0xffffffbb][0xffffff8f][0xffffffcd]rGs[0xffffffa7][0x19]N[0xffffffcb][0xffffffad][0xffffffcf]"f.[0xffffff8e]G[0xfffffffa][0xffffffb9][0xffffffad]![0xffffffb3][0xffffff92]h6[0x1b][0xffffffa5][0xe]2[0xffffffd7]f*A[0xffffffa6]p[0xfffffff7]M[0x10]S[0xffffffed]|[0xb][0xffffff88]A[0x6]&[0xffffffe2][0xffffffaf][0xffffffed][0xffffff8b][0xffffffcc][0xffffff94]j[0xffffff85][0x1f][0xffffffd0][0xffffffc8][0xffffff98][0xffffffe4]@[0xffffffda][0xffffff9f][0xffffffa6][0xffffffdc][0xffffffea]'[0x1][0xffffff96][0xffffffa3]B[0xffffffc1][0xffffff89]t&[0xffffff8c]{[0xffffffd6][0x19]bM[0xffffff81][0xffffffa7][0xffffff86])[0x1a]F[0xffffffcf][0x2][0x4][0xffffff9b][0xffffffd8][0xffffffe5][0xfffffffc]=<[0xffffff8f][0x18][0xffffffa3][0xffffff98]j[0xffffffb0][0xfffffffe][0xffffffc1][0x9]MDdr[0xffffff92][0xffffffb2]CS[\n]"
16:19:09.984 [main] DEBUG org.apache.hc.client5.http.wire -- http-outgoing-0 << "[0x4][0xffffff97]B3[0xffffffff]!K4[0xffffffe9]\+0n[0xffffffe7][0xffffffc0][0xffffffd6]b[0xfffffffe][0xffffffff][0xfffffffe]8[0xffffffaf][0xffffff9f][\r][0xffffffad][0xfffffffa]2sh[0xffffffb6][0x12]3[0xffffffb3]Y[0xffffffea]0sm[0xffffffa8]2f[0xffffffce][0xffffff8d]5[0xffffffdf]~[0x13][0xffffffd0]T[0xfffffffb][0xffffffdf][0x1d][0xffffffd0][0x18][0x2][0xffffff8c][0xffffffe6][0xffffff9d][0x19]j_[0x9][0xffffff92][0xffffffbf]ILh[0xfffffff6][0xfffffff0][0xffffffcd]&1e[0xffffffa5] Z/<$#:[0x0]bH[0xffffffb0][0xffffff9d][0xffffffa1][0xfffffffb][0xfffffff7][0xffffffc3]8%[0xffffffc5]k$[0xffffffa8]1[0xfffffff3][0xffffffe8]LV[0xfffffff1]W[0xffffff9e][0x6][0xffffff8d][0xffffffa5][0xffffffa6][0xffffff91]y[0xffffffc3][0xf][0xffffff86]f[0xffffff87][0xffffffd4][0xffffffd6][0xffffffec][0xffffff9c][0x14][0xffffffda][0xffffffdf][0x5][\r]D3[0xffffffa6][0xffffffcd][0xffffffd0]\[0x12][0xffffff91]Xk[0xffffffe1][0xffffff99]9[0xffffffb8][0xffffffcd][0xffffffe1]8[0xfffffff3]wh#4zg[0xffffff8e][0xffffffcd][0xffffffcc]us3gF[0xffffffa9][0xffffff83][0xffffffcc][0xffffffb5][0xffffff99][0xffffffee]A[0xffffffe6][0xfffffff2][0xffffffee][0xffffffdb]@[0xffffffa6][0xffffffd6][0xfffffffb][0xffffffee]@&[0xffffff8b][0x1a]5[0xffffff87][0xc]9=E[0xffffffa5]1z5[0xffffff8c]P[0xffffff99][0x1d][0x19][0xffffffbe]pbDwf[0xffffffa0][0xffffffe4]<([0xffffffa2]k[0xffffffa3][0x7][0xffffffdd]![0x12][0xffffffc0];[0xffffffd4]3[\r][0xffffffd0][0x19]B5[0x5][0xffffffa5]S[0xffffffa1][0xffffffeb]T[0xffffff93][0xffffffcd][0xffffffc0]$`[0xffffff8c][0xffffffe0]A[0xffffffa2][0xffffffd9][0xffffffd1][0x17]2[0xffffffd9][0xffffffa7]8lFd[0xfffffff6][0xffffff86][0x1][0xffffff82]z[0xffffffaa]f[0xffffff94][0xffffffe7]2[0xb][0xffffffe6]>d[0xffffff98][0xffffff9d][0xffffffcf]U3*[0xffffffe8]m[3q[0xffffffe5][0xffffffd0][0xc][0xffffffb6]~[0xffffffb3]I[0x1b][0xffffffc4][0xffffffcc]V[0xffffffba][0xffffff8b][0xffffff98][0xffffff8b][0xffffffab]o[0xffffff82][0xffffff98]j[0xffffffe7][@[0xc][0xfffffff2]Ld[0x11][0xffffffb6]=b[0xffffffe8]ptq[0xffffffc2]s#s[0xffffff97][0xffffffc9]H[0xffffffe9]]G[0x13]fD[0xffffffef][0xf][0xffffffb4]8[0xb]9[0xffffffc6]X[0xffffffe0][0xffffff92][0xfffffffc][0xffffffc0][0xfffffff4][0xffffff8c]w[0x13]|4[0x14][0x2][0xffffffa8][0xffffffb3]uv[0xffffff88][0xffffffdd][0xfffffff3][0xffffff8c][0x19][0xffffffe6][0x19][0xffffff98][0xffffff99][0xffffffa4]V[0xfffffffd]X.s@L[0xffffffd6]5[0xffffffa3][0xffffffa9]Sl[0xffffffff][0xffffffbb][0xf][0x12][0xffffffba]a[0xffffffc8][0x12]M"[0xffffffee][0x8]![0xffffffa9]6, [0xffffffe6][0xffffffe2]xd[0x6][0xffffffae]}d[0xffffffb6][0xffffff92][0xffffffcf]<[0xffffff9b][0xffffffa5][0x5]h[0xffffffce][\r]U[0x2]M[0xffffffe9][0xfffffff6][0xffffff9b][0xffffff80][0xffffffa6][0xffffffda][0xffffffff][0xffffffee][0xffffff80][0x6][0x1a]q[0xfffffffb][0xffffffe6]L[0x1f][0xffffffe1][0xffffff92][0xffffff91][0xffffff88][0xffffff91][0xffffffaf][0xffffffe8][0xffffffc1][0x10][0xffffffc1][0xfffffff8]1[0xffffff8e][0xffffff82][0xfffffff6]&=@[0x3]u[0xffffffc6][0xc][0xffffffda]u[0xffffff88][0xffffffd2]*[0xffffffc8]W[0x3][0xffffffa1]T/[0xfffffff8][0xffffff8b]P[0xffffffce][0xffffffc6][0xffffff94]2[0xffffffd3],[0xfffffff3][0xffffffda][0xffffff9f][0xffffffe6]3[0xffffffc3][0xffffff8e]vYC[0xffffffe7][0xffffff91]J3[0xffffff82]u.[0xfffffff3][0xffffff99][0xffffffb5][0xfffffff4][0xffffff8c]E[0xffffff94][0xffffffd2][0xffffff99][0xffffffa3][0x1f]([0xffffffd4]i[0x15][0xffffffed]L[0xb]+{[0x5]h[0xe][0xffffffc7][0xffffffbd][0xffffff80][0xffffffc7][0xffffffdd](0;[0xffffffd5][0xffffffcc]VB[0xffffffc6][0xffffffdb][0xffffffa3]Q[0xffffffea] sm[0xffffffa6]{[0xffffff90][0xffffffb9][0xffffffb8][0xfffffffb]&[0xffffff88][0xffffffa9]v[0xffffffbe][0x5][0xffffffc4][0xffffff90][0x16][0xffffffa2][0x1][0x19][0xffffffdb]Sf[0xfffffff2][0xfffffff0]2R[0xffffffb3]=[0xffffffe9]t[0xffffffea]R[0xffffffce][0xfffffff9]{[0xffffffc4][0x0][0xffffff90][0xffffff9f][0xffffff99][0x10][0x2][0xffffffa0][0xffffffaa][0xffffffec][0xffffff99][0xfffffffd][0xf]>[0xffffffda][0x1e][0xffffffd5][0xffffffd9][0xffffffe4]G[0xffffffcb]C[0xffffffe3];#;[0x18][0xffffff95]rB&[0xffffffa0][0x2]1[0xffffff8a]/[0xffffff80]4O[0xffffffe5]2[0xffffffe8].{[0xb][0xffffff88]K[0xffffff88][0xffffffb1][0x1f]d[0xffffffdc][0xffffffcf]f[0xffffffaa][0xfffffffd][0x4][0xffffff80][0xffffff82][0xffffffe3][0xffffffb0]Tf~[0x7f][0xffffffdc][0xffffffa3][0xffffff8d][0xffffff9d][0xffffffc5]i[0xffffff9a][0xffffffa8][0x0][0x1c]r[0xffffff99][0xffffffb8][0xffffff92][0xffffffca][0xffffffec]O6[0xffffffa9][0x3][0xffffffcc][0xfffffff1]1[0xffffff9e][0xffffffad]T[0x2]L[0xffffffe9][0xffffffea][0xffffff9b] [0xffffffa6][0xffffffda][0xfffffff9][0xffffff96][0x10][0x3][0xffffffc7][0xffffff8b]p[0xffffffe1]'t3[0x5]L1K~big[0xffffff8e][0x1d][0xffffff8d][0xfffffffd][0xffffffac]3[0xffffffe3]5/[\r]#4P0Q[0x5][0xffffff80][0xffffffda],'[0xffffffc6][0x2][0x10]v[0xffffffec][0xffffffa4][0xffffffc7]U[0x11]=[0xffffffe6]}[0x9]Co+[0xffffffb4]3qL[0xffffffe2][0xffffffc0]|[0xffffffa5]G[0xffffffde][0x18][0xffffffaa][0xffffffa7][0xffffff8c][0xffffff8e]A[0xc][0xffffffb6]V[0xffffff94]Kf{?[0xffffffc8][0x15]f@[0xffffffe3]w$kJ.[0xffffffa5]2[0xffffffef][0xffffff8f][0xffffffd3][0x0]s[0xffffffed][0xffffffab][0xffffffcc][0xffffffeb][0xffffffb8][0xffffffcc][0xffffffcc]4[0x1c][0xffffffad]R[0xffffff87][0xffffff99]k;-b[0xffffffe6]d[0xffffffab][0xfffffff9][0xfffffff2][0xffffff9b]`[0xffffff86][0xffffffe8][0xffffffba][0xffffffce][0xfffffffd][0xffffffee]`F[0x6][0xfffffff5][0x13][0xffffffe2][0xffffffb2][0xffffffc0][0xffffffec][0x9][0xffffffa2][0xfffffffe]Q[0xffffff8e][0xffffff9d]@z)[0xffffffd7][0xffffff90][0x5]d[0xffffff98][0x18]F5[0xffffffa1][0xffffff87][0xffffffc7]#3%[0xffffff9a][0xffffff99]#D[0x0]5[0x6]F6m?"[0x13][0xffffffd0]3[0xffffff9c]I[0xffffffe9][0xffffffac][0xffffff82][0xffffffcb]L[0xffffffa8][0xffffff84][0x10]lx[0xffffffb0][0xffffffcc]|[0xfffffffc]~Re[0x16]g[0xffffffe2][0xffffffe3][0x17][0xffffffa4][0xffffff99]#[0x8][0xffffff98][0xffffff99][0xffffffa1][0xfffffff1][0x19])D[0xffffffc9]%[0xffffff9a][0xffffffd9][0xfffffff9]qH[0xffffffc7][0x6]%[0xffffffdd][0xffffffb9][0x18][0xffffffd7][0xffffff8a]5[0xffffffb3][0x12]4[0xffffffb3]Y[0xffffffea]@sm[0xffffffa8]{[0xffffffa0][0xffffffc9][0xffffffc6]:[0xffffffbf][0xfffffffd]&[0xffffffa0]a[0xffffffd0][0xffffffa4][0xffffffce][0xffffffff][0x16]@[0xffffffc3]6[0xb][0xffffff96]M[0xfffffffc][0xffffff84][0xffffff99][0xffffff99]NL[0x8]/[0xffffffd3][0xffffffdb][0xffffffef][0xffffffc9]P[0xffffffc8][0xfffffff0][0x7]R[0x4][\n]"
16:19:09.986 [main] DEBUG org.apache.hc.client5.http.wire -- http-outgoing-0 << "[0xffffffb8]h[0x1][0xffffffee]{[0xffffff96][0xc][0xffffff94]![0xffffffa3][0xffffffa1][0xffffffe9][0xffffffc3]X[0xffffff9e] z1#][0xe][0xffffff83][0xffffffc6][0xffffffa6]C[0x12]pT[0xffffffc3][0xfffffff4]th[0xffffff86]#[0xb][0xffffffde][0xffffffab][0xffffffe7][0xffffff98]fn'=[0xffffffd2];[0xffffffa5]A3a[0xfffffff6][0xffffffab]6L[0xffffffd6][0xb][0xffffffc8][0xc][0x0][0x9][0xffffffab]w![0xffffff97]y[0x7f][0x1a][0xffffff9d][0x3][0xffffffda]`m#[0xffffffb3]u4[0xffffffb3]3[0xffffff93][0xffffffb4][0x0][0xffffffcc][0xffffffb9][0xffffff91]J[0xffffff80])]}[0x13][0xffffffc0]T[0xfffffffb][0xffffffde]2`x[0x8]D[0xfffffffb]f&=[0x17][0xffffffd4]+[0xffffffa5][0xffffffef][0xffffffc9]gL[0x18][0xfffffff2][0xffffffb7][[0xffffffd8][0xffffffa1][0x3][0xc]NRCfh[0xffffffd9]!2c[0xffffff91][0xffffffd1][0xffffffb4][0xffffff9a]g[0xffffff88]*4[0x19][0xe][\r]P[0xffffff99][0xffffffb4][0xffffff8e]D<O[0x3][0xffffffc6][0xffffff90]d[0xffffffa3][0xffffffd5][0xfffffffe][0xffffffa8]D3i-[0xfffffff9][0xffffff89]B[0x13][0xffffffd6][0xffffffc2][0xffffffec])[0xffffffe5]2G?[0x10]T[\n]"
16:19:09.987 [main] DEBUG org.apache.hc.client5.http.wire -- http-outgoing-0 << "[0x2]:3[0xffffffb9]x[0xffffffb1][0x2]1[0xffffff87][0xffffffe3],:0[0xffffffb1]U[0xffffffc9][0xffffffec][0xffffff94][0xfffffffe][0xffffffaf][0x1b][0x0]8[0xffffffb3]J[0x1d]f[0xffffffae][0xffffffed]t[0xf]3[0xffffff97][0xffffff97][0xffffffdf][0x4]3[0xffffffd5][0xffffffee]w[0x7]3([0xffffffe6][0xffffffb5][0xffffffc7][0xffffff8c]R42[0xffffffc9][0xfffffff4];[0xffffffed][0xffffffd1],[0xffffffcf][0xffffffdd]g8[0xffffff8f]}[0xffffffea][0xffffffd1]_[0x1a][0x12][0xffffff8e]i[0x18]eF[0xffffffca],[0x13]e[0xffffffac]1[0xc][0xffffffce][0xc][0x12][0xffffff9e][0xffffffa6]S[0xfffffffd]d[0xffffffd1]@[0xffffff9f][0xffffffaa][0xffffffe8][0xffffffcc][0xffffff94][0x15][0xffffffa8]7<[0xffffff96][0xffffffcd][0x1c][0x2][0xe][0xfffffffa][0xffffff93][0xffffff8c][0xffffffe9][0xffffff9b]"[0xffffffcd][0xffffffec][0xffffff80][0x19][0xffffffba]2[0xffffffd0]k[0xffffffc4][0xffffff8e][0xffffffd1][0xffffff86][0xffffff85][0xfffffff5][0x19]0l[0xffffffde][0x1f]G;[0xffffff94]FN[0xffffffa3]Wf&[0x0][0xffffffac][0x4][\r][0xffffffdf][0xffffffaf]7[0xffffffb3][0xffffffd4][0xffffff81][0xffffffe6][0xffffffda]P[0xffffffcb][0xffffffa0]9[0x1a]k[0xffffffbe][0xfffffffd]&[0xffffffa0][0xffffffa9][0xfffffff6][0xffffffbf][0x5][0xffffffd0][0xffffffe4]\[0xffffff99]([0xffffffa6]}[0x9][0xffffffc0][![0xffffffe4]0[0xffffffd0][0xffffffa6][0xffffffcc]}[0xffffffcc][0xffffff91][0xffffff99][0xffffffe6] ;[0xffffff8d][0x8][0x0]T[0xffffff99][0x18]R[0x18][0xffffffd0]1[0xffffffeb][0xffffff90][0xffffffcb]P[0xffffffcc][0xffffffff]3[0xffffffe4][0xffffff8b][0xfffffffa]_T[0xffffffda]C[0xffffffb2][0xffffffa1][0xfffffff9][0xffffffe9][0xffffffa4][0xffffffa9][0xffffffe8]f[0xfffffff2][0xffffffc6][0xffffffe4][0xffffffdf][0xffffffe1][0xffffffa9][0xffffffde][0xffffff8c]c[0xfffffff5][0x12][0xffffffef]\[0xffffff91][0x0][0xffffff90][0xfffffff7][0xffffffa0]e[0xffffff9e][0x19][0xffffff9c]4[0x8][0x0][0xffffffdc][0xffffffc9].[0xffffffc9]f[0x0][0xffffff9a][[0xffffffc7][0xffffff9b][0x14][0xffffffcd]f[0xffffffd0][0xffffffac][0x1c][0xffffffce][0xffffff9c][0xffffffcd][0xffffffd2][0x6]4[0xffffffb3][0xffffffa1][0xffffffca][0xffffffa0][0xffffffb9]}[0xfffffffb]M@S[0xffffffed][0x7f][0xb][0xffffffa0]A[0xffffff9a][0xffffff9b]PF[0xffffffb5][0xffffff97][0xffffffce][0xffffff84]3F[0x16]f[0xffffffd9]4[0x18]&T[0xffffff98]@[0xffffff8c]B[0xffffffa8][0x19]}[0xfffffff3][0x9]%[0x18]E[0x19]Z:[0xffffff9d]7[0x0][0xffffffb8][0xffffffd1][0xfffffff3][0x10][0xffffffa1]q[0xffffffc6]#[0x3]wq[0xffffff98]4y[0xffffffce]8V[0xffffff80][0x6][0x1a]?[0xfffffff2]][0xffffffcf][0xffffffa5]3~'[0xffffffd9]|[0xffffffa4][0xffffff8a][0xffffff95]f[0xffffffbd][0xffffffd7]h[0xffffffb6]Y[0xffffffa3][0xffffffd9][0x18]t3[0x18]P^[0xffffffaa][0xffffff9b][0xffffffbd]?NU[0xffffff9a]![0xffffffc5]F/[0xffffffcd]):[[0xffffff89][0xffffff99][0xffffffd9]*-0sn[0xffffffa7][0x12]fJ[0xffffff97][0xffffffdf][0x4]3[0xffffffd5][0xffffffee]W[0xffffffc6][0xc][0xffffffab][0x16][0xffffffed][0xffffffde][0xffffffb7][0xffffff9b][0xffffffd3]f\[0xffffffd6][0xffffff90]Q[0xffffff92][\n]"
16:19:09.988 [main] DEBUG org.apache.hc.client5.http.wire -- http-outgoing-0 << "[0x18]R[0x18]I[0xffffff8e][0xffffffc8][0xfffffffc][0xffffffb9][0xffffffc1][0xffffff98]$![0xc]#[0xffffffa0]9[0xfffffff2]5g[0xffffff84][0x19][0xffffffca][0x19]a[0x1a]D4[0xffffffb4][0xffffffbe][0xffffff8c][0xffffffa3][0x1a]mF[0xffffffa6]g$[0xffffffd2]NOg4[0xffffff96])c[0x7]E[0xfffffffa][0xffffffc1][0xfffffff1][0xffffffcc]C[0xffffffd0]A[0xfffffffd][0x18]e[0xffffffa7][0xfffffff2]@s[0xffffff8e][0xffffffb8][0xfffffff6][0x1a][0xffffffcd][0xfffffffc][0xffffff8b][0xffffff8c]&/4\[0xffffffaa][0x1][0xffffffbc]?[0xffffff8e][0xffffffdc],[0xffffffc2][0xffffffe6][0xffffff8d]0[0xfffffff3][0xffffffd6][0xffffff9d]Y7[0x2]pf[0xffffff93]6[0xffffff88][0xffffff99][0xffffffad]TF[0xffffffcc][0xffffffb9][0xffffffa5][0xffffffe6][0xffffffab]o[0xffffff82][0xffffff98]j[0xffffffe7][0xffffffbb][0xffffff83][0x18][0xfffffff4][0xffffffae][0xffffffdb][0xb][0xffffffcd][0xffffffc8][0xffffffc4][0xfffffff0]%}[0x16]D0[0xffffff92]7][0x1f][0xffffff93][0xffffffd2]#[0x13][0xffffff98][0x2][0xffffffc6]&[0xffffff90]A[0xfffffffd]_[0xffffffcb]~[0x1c][0xffffff91][0xffffff95]%'[0xfffffff0][0xffffff80]$B[0xffffffa7]g[0x8]@[0xffffffd0][0xffffffad][0x19][0xfffffffa][0xffffff9a][0xffffff81]f8[0xffffffda]Y[0xfffffffe][0xfffffff9])[0xffffffd5][0xc][0xffffffcf]@3[0xffffffe2]N[0xffffffc5][0xffffffd0][0xffffffec][0x4][0x1][0xffffff91][0xffffffd5][0xffffff99]H[0x4][0x1][0xfffffffa]B[\r][0xffffffe0][0xffffffe2]xd[0xffffff85]\[[0xffffffc0][0xffffffac]$3[0xffffffcf]&i[0x3][0xffffff98][0xffffffd9]Hw[0x1]s0[0xffffffd4][0xfffffff1][0xffffffe6][0xffffff9b][0xffffffe0][0xffffffa5][0xffffffda][0xfffffff5][0x16][0xfffffff0]B.AT[0xffffffe6]p[0xffffffae][0xffffffc6]*3[0xffffffc4]a[0xffffffac][0xffffffc6][0x1c][0xffffffb2][0xfffffff7][\r]![\r][0x10][0xffffffce][0xfffffff6][0xffffffa3][0xffffff98][0x9]E[0xffffffc0][0xffffffdc][0xffffffd4][0xffffff83]q[0xffffff96][0xffffff84][0xffffffea][0xffffffa8][0xffffffe7][0xffffff8e][0xffffffda]3[0xffffffb9][0xffffffc9][0xffffff8a]P[0xffffffc4][0xffffff9a]yiz[0xffffffb4][0xffffff9a][0xffffff99][0xffffffe1]y[0xfffffffe][0xffffff85][0xffffffa1]5[0x1d][0xfffffff6]2~[0xffffff8f][0xffffffe5][0xffffffff]6o[0xffffff91][0xffffffb5][0xffffffc8]`[0xffffffc0][0xffffff8c][0xffffffcb]+1o[0xffffff8a]f[\n]"
16:19:09.989 [main] DEBUG org.apache.hc.client5.http.wire -- http-outgoing-0 << "[0xffffffb6][0x0][0xffffffd0][0xffffffff]'[0xffffff95][0xffffffa1][0xffffffbe][0x16]v[0x1][0xffffffbd]#[0xffffffbb][0xffffffb0][0x5][0xffffffe0][0xffffffe2]8[0xfffffff4] [0xffffffb2][0xffffffb5]F[0xffffff80]9Ee[0xffffffeb][0xffffffc8][0xffffffcc]gV[0xffffffa9][0xffffff83][0xffffffcc][0xffffffb5][0xffffff9d]J[0xffffff90]yo[0xffffffab][0xfffffff9][0xfffffff2][0xffffff9b]`[0xffffffa6][0xffffffda][0xfffffffd][0xffffffee]`[0x6][0xffffffca]L{[0xffffffce][0xffffff8c]f[0xffffffa5][0xc]ze[0xffffff9a][0xffffffda]rR[0xffffffaa]#[0xffffff86][0xffffffef][0xffffffac][0x19]Q[0xffffffcc][0xffffff84][0xffffffb3]<[0xffffffc0]5[0xffffff8b]4-#[0xfffffff2][0xffffffcc][0xfffffff4]A`/[0xffffffdb][0x9][0xffffffb1]s[0xffffffc8][0xffffff9c][0xffffffec]?[0xffffffef][0xffffff90][0xe][0xffffffa8][0xffffffab][0xffffff99]1[0xffffffff]H[0x1d][0xffffffee]A[0x6][0xffffffc0]!*c#&[0xffffff94]Qs[0x17]3y[0xffffffd2][0xffffff8c]R[0xffffff81][0xffffffe6][0xffffffe3][0xffffffbd][0xffffff94][0xffffffc9][0x1c][0xffffffdd][0xffffffe6]p[0x1c]e[0x3][0xffffffc0][0xffffffdc][0x8]3s[0xfffffffa][0xffffffbf][0x12]4,1}3K[0x1d]h[0xffffffae][\r]u[0xf]4[0xffffff97][0xffffffb7][0xffffffdf][0x4]4[0xffffffd5][0xfffffffe][0xffffffb7][0x0][0x1a][0xffffffb6][0xffffffd9][0xffffffe9]L5k[0xfffffffe][0xffffffd0][0xc],}%[0xffffff8f][0xffffff8e]y[0xffffffc3][0xffffff8c]`[0xfffffff1]2<[0x3][0xffffff96][0xffffff98][0xffffff8f]h[0xffffff96]9[0x8]e[0xffffffd4][0xffffffd3][0x4][0xffffff89]?[0xffffffdd][0x19][0xffffffed][0xfffffff3][0x12][0xffffffca][0xffffff9e][0x11]g[0xffffffa4][0xffffff9c][0xffffffa6]iT[0xffffffd0][0x5]:_3[0xffffff9b][0xffffff99]K[0xffffff80],[0xffffff83]~[0xffffff90][0xffffff9a]y[0xfffffff4][0x5][0xfffffffe][0xffffff98] [0xffffffbb][0xfffffff4][0xffffffd0][0xffffffb0][0x11][0xffffff93][0xffffff9a][0x19][0x1f][[0xffffff8f]r[0xffffffe6][0xe][0x10][0xffffffe8][0xffffffdc][0xffffffd3]/N[0x0][0xffffffbc]?n[0xffffff8c][0xffffffa6]4[0xffffffdd][0x1a]4[0xfffffff0][0xffffffaa]W[0xffffffe9]3[0xffffffcf]fi[0x3][0xffffff9a][0xffffffd9]P%[0xffffffd0][0xffffff94]n[0xffffffbf][0x9]h[0xffffffaa][0xfffffffd]o[0x19]4[0xffffffb4][0xffffffcc]c[0xfffffffb][0xffffff9a][0x19][0xfffffff1][0x18][0xffffffbd]L[0xffffffda][0x11][0x13][0x12][0x19][0xffffff8e][0xffffffb5]3[0xffffffe8][0xffffff9a][0xffffffd3][0xffffffbb][0xffffffcc][0x3]e[0xffffff82][0xffffff86][0xffffffa6]`[0xffffffdf][0xffffff99][0xffffffa2][0xffffff88]D[0xffffffc1][0xffffff8c]j[0xffffffb3][0xffffffeb][0xffffffe0][0x6]Ddi[0x12]y[0xf]3[0x2])=O[0x1] [0xe][0xffffffe1]3[0xffffff80]F[0xfffffff3][0xffffffc3][0xffffffd1][0x19][0x12][0xffffffb2]p[0xffffff94][0xffffff85] I[0xffffffb9][0x7][0x1a][0xffffff83]l[0xffffffa6]al&[0xffffffef][0x1]][0x1][0xffffff9a]|<[0xffffffd3][0xffffffe6][0x1b].7?Fgk13[[0xffffffa5][0xe]3|0.[0xffffffec]t[0xf]3[0xffffff97][0xffffff97][0xffffffdf][0x6]3[0xffffffb5][0xffffffee][0xffffffb7][0xffffff80][0xffffff99]<[0xffffffb6][0x17]a@5[0x7f]h[0xfffffff2][0xffffff8a]2[0xffffffaa]d[0xffffff80][0xffffffc6][0xffffffb3][0xffffffad]\[0xffffffeb][0xffffffd1][0xffffff8e]Y[0xffffffa3][0x19][0xffffff8d]}#{[0xffffffaa][0xffffffca][0xffffff88]f[0x12][0xffffffb3]1[0xffffffd7][0xffffff85][0xffffffe6][0xffffffac]I[0x4]d[0x10][0xffffffa0][0xffffff91]q[0xffffff96][0xffffffe8]l(R[0xffffff9b][0xffffff8a][0xffffffc1][0x19]$3y[0xffffffc8]r[0xffffffbf][0xffffffe9][0x11]~[0xffffffe6][0xffffffe1][0xffffffa1]a[0x18]&K[0xffffffbc][0xffffffdf]^[0xffffffd1][0xffffffa4][0xfffffff2]^[0xffffffb3][0xffffffcc]hF4[0xffffff93]R[0xffffffb3][0xffffffa6][0xffffff91][0xffffff93][0xffffffe7][0xffffffb7]J[0xffffff98][0xffffffb9]:[0xffffffce][0xffffffb2][0xffffffcd]\[0xffffff95]n[0xffffffd2][0xffffff9b]y+[0xffffff99][0xffffffad][0xffffff9d][0x0]8[0xffffff99][0xffffffa4][0xe]0[0xffffffd7]F[0xffffffba][0x9][0xffffff98][0xfffffff2][0xffffffcd]7[0xffffffc1]K[0xffffffb5][0xffffffeb]-[0xffffffe0][0x5]-s[0xffffff8f][0xffffffc0]D{[0x6]@[0xffffffe7]p[0xffffffbb]![0xffffffc1]S[0xffffffee][0xffffff91][0xfffffff8][0xffffff83]Q[0x6][0xffffff9f][0xffffff8c][0xffffffe9][0x7f][0xffffffd8]3)o[0xffffffcf]d[0x7f][0x6]s[0xffffffcd][0xffffffb0]0[0xffffffa1][0xffffff97]![\n]"
16:19:09.990 [main] DEBUG org.apache.hc.client5.http.wire -- http-outgoing-0 << "[0xffffffca]*[\r][0xffffffc2]C[0xffffffa4]5qv?![Q[0xffffffc3][0x0][0x10]J9[0xfffffff3]\[0xffffffc5],[0xffffffee][0xc]i}\[0xffffffc0][0xb][0xffffffd2][0xffffffcc]pt[0xffffffa1][0x1b][0xffffffa2]#[0xe][\r]F[0xffffffe4][0x1d]e[0xffffffb7][0x3][0xffffffb3][0xffffffbd][0xffffffd7][0xffffff9c][0x1f]g<[0xffffff92]y[0xffffffa1]F[0xffffff80]9e3b[0xffffffe5][0x10][0xffffff80]9[0xffffff99][0xffffffa5][\r]ffC[0xffffff95]1s[0xfffffffb][0xfffffff6][0xffffff9b][0xffffff80][0xffffffa6][0xffffffda][0xffffffff][0xffffffee][0xffffff80]F u[0xffffffd5][0xfffffffc][0xffffff91][0x19][0xffffffe5][0xffffff80]j[0xffffffa6][0xffffffee]X[0x1f][0xffffff9b]{.[0x12][0x15]f[0xffffffd7][0xffffff91][0xffffffa6]X[0xffffffd1][0xfffffff3][0x17][0x10]8c)[0xfffffff3]0[0xfffffff5]S^FC[0xffffffb5][0x0][0xffffffd1][0x19][0xffffffbe][0xffffffd7][0x1a][0xffffff9d][0xffffffc0][0xffffffc1]QH[0xffffff9b][0xffffffd2][0xffffffd3][0xffffff8d][0x19][0x1a][0xffffffa3]Q[0xfffffff0]n>Xf[0xffffffb6][0xffffffac]5g[0xe]`[0xffffff97]_[0xffffffdc]\:[0xffffffbe]Q6;C[0x1][0xc][0x0]v[0xffffffcd]04[0xffffffc3]<[0xffffffca][\n]"
16:19:09.991 [main] DEBUG org.apache.hc.client5.http.wire -- http-outgoing-0 << "[0xffffffd0][0x1c][0xffffff8e][[0xffffffe3]([0x19]4[0x7][0xffffffcd]:~[0xffffffe6][0xffffff99]Y[0xffffffea]@sm[0xffffffa8]{[0xffffffa0][0xffffffb9][0xffffffbc][0xfffffffd]&[0xffffffa0][0xffffffa9][0xfffffff6][0xffffffbf]e[0xffffffd0][0xffffffe4][0x18][0xffffffa9]=m[0xffffff86]%[0xffffffcc][0xffffffa0]B[0xffffffe9]!9b3[0xffffffc1][0xffffffd0][0x19]J[0xffffffff][0xffffff9d][0xffffffa5][0xffffffaf][0x6][0xffffffa7][0xffffff85][0xffffffdd][0xffffffb2][0xffffff96][0xffffffcd][0xffffffcc][0xc][0xffffffd1][0xffffffc1]@[0xffffff83][0xffffffdf][0xffffffcc]C[0xffffff84]< <[0xffffffb4][0xffffffdc][0xffffffad][0x11]}[0xffffffae]~?[0xf][0xffffff9a]\[0x1d]b[0x9][0xffffffcc][0xffffffe3][0xffffffb5]f[0xffffffe2][0xffffff8e][0xffffffb0]c[0xffffffc7][0x1b][0xffffff82]h[0xfffffff7]@[0x3][0xffffffc0][0x10][0xffffffa6]q[0xffffff8c]?[0xffffff97]i3g[0x18];[0x1c][0xfffffff7]@[0xffffffa6][0x15][0xffffffd5][0xffffffec][0xffffff94][0xffffffcc][0xffffffac]|gf[0xffffffa3][0xffffffd4]B[0x6][0xffffffe5][0xffffffb7]wf[0xffffffba][0x7][0xffffff99][0xffffff8b][0xffffffbb]o[0xffffff82][0xffffff98]j[0xffffffe7][@[0xffffff8c][0xffffffa6]F[0xffffff84]<[0x7f][0xfffffffb][0xfffffffc][0xffffffbf]gaL[0xffffffe7][0x10]a[0xffffff8a][0xffffffa4]+R"%[0xffffff8b][0x2][0xffffff9e]p([0xffffffcc][0xfffffff4]9[[0xffffff90]ph[0xffffff98][0xffffffd3]D[0xffffffb9]l[0xffffffa4]J[0xffffffc6]d[0xffffffd0][0x0])[0x0][0xffffffe9][o[0xffffff99][0x11]B[0xffffffba][0xffffffb2]B[0xffffff9e])K[0xffffffcd][0xffffffb2]9[0xffffff83][0xffffffe2][0xfffffff9][0xffffff83][0xffffffb9][0xffffff8c][0xffffffcc][0xffffffda][0x16][0xffffffcc][0xffffffde]1[0xffffffb1]PB[0xc][0xffffffeb] C[0xffffffee][0xffffffce]d[0xffffffce][0xffffff8c][0xffffffdd]1[0xffffffbf][0x5][0xffffffa9]y[0xffffffe1][0xffffff99]y[0x7f]<[0xffffff90][0xffffffd8]ea[0xffffff9a][0xffffff96][0xffffffc9][0xffffffcc][0xffffffca][0xffffffa1][0xffffff99][0xffffffd9]&u[0xffffff80][0x1]-[0x17]V*[0x1][0xffffffa6]t[0xfffffff5]M[0x10]S[0xffffffed]|w[0x10][0xfffffff3]S[0x16]g"[0xffffff8e]3[0xffffffe5]q2[0xffffffc9][0xffffffc2][0xffffffd9][0xffffffae][0xffffffd3][0x13][0xffffff8b]1[0x4][0x5][0xffffffa6][0xffffffde][0xffffff87][0x9][0xffffffed][0x8]1N[0x1]M@[0xfffffff2]4[0xffffffd4]h[0xffffffa8]3S:[0xffffff83][0xffffffad][0xffffffe9][0xffffff90][0xffffffff][0xffffffb3]0[0xffffff9d]5b[0xffffff81][0xffffffcf][0xffffffbf]1[0x16][0x16][0x1b][0xffffffec][0xffffffb5][0xffffffc7][0xffffffa9][0xffffff99]{_`[0xffffffd3]'[0xffffff95][0xfffffff7][0xffffffbb][0xffffff88][0xffffffa1][0xffffffad][0xffffff8d][0xffffffc4]f[0xffffffae][0xffffffae][0x15][0xffffffcb][0xffffffcc][0xffffffbc]1'[0xffffffb7]9[0x1c][0x7][0xffffff8a][0xffffffba][0xfffffff1]<[0xfffffff3]J2[0xfffffff3]l[0xffffff93]6[0xffffff88][0xffffff99][0xffffffad]t[0x17]1[0x17]W[0xffffffdf][0x4]1[0xffffffd5][0xffffffce][0xffffffb7][0xffffff80][0x18](_[0xfffffff4][0xffffffff]U[0xfffffffb][0xffffffc6]L[0xf][0xffffffb7][0xffffff80][0xffffff84]w[0x8]<a[0xffffffd3][0x14][0xfffffff9]o([0x0]Z[0x5]%[0xffffff86][0xffffff86][\r]j[0xffffffff][0xffffff88][0x2]:[0xffffffa7][0x13][0xffffffb2][0x0][0xffffff9d]c[0x8][\r][0xfffffffd][0xc]F[0xffffff83]'pD[0x9][0xffffffcd]![0xffffffe1][0xfffffffe]<b[0xffffff98]f[0xffffffa3]=[0xfffffffa][0xffffffa8][0xffffffd0],[0x11]z[0xffffffd6][0x11][0xffffffde]Q4[0xffffff8e][0xffffff85][0xffffffb5][0xffffff99]@[0xffffff80]][0xffffff90]a/4[0xffffffc3][0xfffffff0][0xffffff88]g6[0x13]q[0xffffff8e][0xffffffa5][0xfffffffc][0xffffffff][0xfffffffc]8[0xffffffe1][0xffffff93][0xffffff85][0x1][0xffffffd0][\n]"
16:19:09.992 [main] DEBUG org.apache.hc.client5.http.wire -- http-outgoing-0 << "1[0xffffffa7][0xffffffb0]le&3[[0xffffffa5][0xe]3[0xffffffd7]v*a[0xffffffa6]t[0xfffffff9]M0S[0xffffffed]~[0xb][0xffffff98]a(2+L[0xffffffb4][0x17]g"[0xffffffe0][0xffffffa3][0xffffffe7]O[0x16][0xffffffae][0xffffff98][0xffffff8b][0xffffff89][0xffffffac]3[0xffffffeb]{[0xfffffff6][0x18][0x11][0xffffff82][0xffffffa9])[0xffffff87]'>7,5[0xffffffeb][0x0]b[0xffffffe8][0xffffffa5]`[0xffffffc3][0xffffff8c][0xffffffa6]s[0xffffffc3][0x14][0x0][0xffffffc9][0xffffff8f][0xffffffe4])[0xffffffaa]Y5[0xffffffcb][0xffffff94]A~[0xffffffd0][0x1e]_g[0xffffffc6]+#3s[0xffffff8c][0xffffffb8][0xffffffae][0xfffffff4][0xffffffca][0xffffff88][0xffffffb7][0xffffffd1]L[0xffffffc5]Y[0xffffffc3][0xffffffbe]@[0x19]3[0xffffffef][0xffffffb9]X3{[0x7f]\[0xffffffb1])[0xffffffe4]l [0xffffffa7][0xffffffd1]<3L[0xffffff84]U[0xffffffcd][0xffffffcc][0xffffffd9],u[0xffffffa0]9[0xffffff84]f[0xffffffe7][0xffffff86]*[0xffffff83][0xffffffe6]0[0xffffffc7]z0[0xffffffd6]|[0xfffffffb]M@S[0xffffffed][0x7f]e[0xffffffd0]([0xffffffd2][0x7][0xffffffbe][0xffffff95][0xffffffb1]=[0xffffffd5][0xffffff8c][0xffffff91]L[0x1][0x7][0xffffff86][0xffffff9a][0x12][0xffffff9b][0x0][0x15][0xffffffc4][0xffffffe6],[0xffffff98]C[0xffffffef]_[0xffffff8d]P[0xffffff96][0xffffff83]fE@p@[0xffffff86][\n]"
16:19:09.993 [main] DEBUG org.apache.hc.client5.http.wire -- http-outgoing-0 << "[0xffffffb3]!\[0xffffffeb]![0x9][0xffffffa0]H[0xffffff93][0xffffff9c]a%mV[0x4][0xffffffac][0x18][0xffffffcf][0xffffff84]P[0xffffff80][0xffffffb2][0xffffff8d]~\[0x4]`[0xf][0x1a][0xffffffe4]c[0xffffff88][0xffffffec][\n]"
16:19:09.993 [main] DEBUG org.apache.hc.client5.http.wire -- http-outgoing-0 << "[0xffffffa0][0xffffffc9][0xffffffcb]c[0x10][0xffffffce][0xffffffc8]B[0xffffffb3]{[0xffffffad]Y[0xffffffd2][0xffffff93]<oY[0x2][0xffffffcd][0xffffffc5]qr,&[0xffffffad][0xffffffdb]&3+[0xffffffe9][0xffffffff][0xffffffb3]M[0xffffffda] f[0xffffffb6]R[0x1]1[0xffffffc5][0xffffffab]o[0xffffff82][0xffffff98]j[0xffffffe7][0xffffffbb][0xffffff83][0x18]M[0xffffff92][0xffffffd1][0xffffffbc][0xffffffca][0xc]Fh[0xffffffed]w[0xffffff9a][0xffffffe5]~[0xffffffd0]?#[0xffffffff][0xffffffc7][0xffffffa6]Y[0xffffff86][0x1]P[0xffffffcd][0xffffffa5][0xffffff88][0xc][0xfffffffb]2[0xffffff8e][0x6]u[0x0][0xffffffc4][0xffffff98][0x5]C[0xffffffff]th[0xffffffb4][0x9][0xffffffc8]i[0xffffffc8]>i[0xfffffffe][0xffffffb6][0xffffffb1]B6[0xffffff83]O9C[0xffffffd3]y{[0xffffffee]#[0xffffffe9]?[0xffffffa2][0xffffffc3][0xfffffffb][0xfffffff5][0xffffffb1][0xfffffffc][0xffffffe9]TAj&[0xffffffd3][0xffffffc6][0xffffff8e][0xffffff88]A[0x1][0x0][0xffffffe9]3E:[0xffffffb3][0xffffff90][0xffffffcc]\[0x1c]g[0xffffffb0][0xffffff80]M[0x1b][0xffffff8d][0x10]s[\n]"
16:19:09.993 [main] DEBUG org.apache.hc.client5.http.wire -- http-outgoing-0 << "[0xffffffcd]V[0xffffffbe]2[0xffffffb3]U[0xffffffea]0sm[0xffffffa7][0xffffffbb][0xffffff98][0xffffffd9][0xffffffdb]j[0xffffffbe][0xfffffffc]&[0xffffff98][0xffffffa9]v[0xffffffbf]%[0xffffffcc] [0xe][0xffffffcf]|a[0xfffffffb]vf[0x18]"[0xffffff9d][0xfffffffd][0xffffff9e]e[0xffffffcb][0xffffff86]oq[0xffffffcf][0xffffffee][0xffffffb2][0xffffffe0]<[0xffffffc5]0[0xffffffc5]|[0xe]IL[0x1e][0xffffffb9]"B[0xffffff83][0xfffffff2]O[0xffffffe9][0x15][0xffffffb9]f[0xffffffc6]5G[0xffffff8f][0x6]@[\n]"
16:19:09.994 [main] DEBUG org.apache.hc.client5.http.wire -- http-outgoing-0 << "[0xffffff9d][0xffffffed]X[0xffffffd9]T![0xffffffcf][0x4]s[0xffffff8d]E [0xfffffff6][0xffffffa9][0x2][0xffffff80][0xffffffde]Y8[0xffffffc7]Y[0xffffffd6][0xffffffef]fg&[0xffffff83][0xffffff80]vf[0xffffffc8][0xffffffe4]g[0xffffff81]`[0x0][0xfffffffc][0xffffffd2]{[0xffffff98]9;[0xffffffae]a[0xb][0xffffffe4]uNMJfs;s[0xffffffe5][0x10][0xffffffc0]l[0xffffff96]:[0xffffffd0][0x1c]B[0xffffffb3]sC-[0xffffff80][0xffffffe6][0xffffffe6][0xffffffed]7[0x1]M[0xffffffb5][0xffffffff]-[0xffffff80][0x6][0xffffffbc][0xffffffe0][0xffffffab][0xffffffaa]}h&[0x11][0xffffff95]b[0x11][0xffffff93]c[0xffffffa1]9[0xffffffaf]H[0xffffffe6][0x2][0x4][0xffffff8a]c[0xffffffa2][0xffffff9b][0xfffffff2][0xffffff92][0xc][0xffffff96]jR[0x5][0xffffffb0]loJ[0xffffff8a][0xffffffb6][0x7f][0xffffffec]{[0xffffff98]e[0xffffffc1][0xffffffb2][0x0][\r][0xffffffdd]32[0x1b][0xffffffc6][0xffffffcd][0xffffff9e][0xffffffaf][0x1]@3[0xffffffa6][0xffffffb6][0xffffffed][0xffffff9f][0xffffffca]g[0xffffffe0][0xffffffc1][0xffffffe0][0xffffffd8][0xffffffaa]T5[0x3]4y[\n]"
16:19:09.995 [main] DEBUG org.apache.hc.client5.http.wire -- http-outgoing-0 << "[0xffffffc0]"[0x1][0xffffff98][0x17]g[0xfffffff2][0xffffffca][0xffffffd0]9][0xc][0xffffffcd][0xffffffce][0xffffff8f][0xffffffe7]}[0xffffff9e][0xffffff8d]#[0xffffffb3][0xffffff95]l[0xffffffe6][0xffffffd9]$m[0x0]3[0x1b][0xffffffa9][0xc][0xffffff98][0xffffff9b]7[0xffffffdf][0x4]/[0xffffffd5][0xffffffae]w[0x7]/[0xffffff84]C[0xffffffed]'[0x0][0xc][0xffffffda][0x17]l[0x0][0xffffffe4][0xffffffe9][0xffffffc8][0xffffff9a][0xffffff98][0xffffff88]a[0xfffffff0][0xffffff9c]L[0xffffff80][0x6]Q[0xffffffc0][0xffffffc8]+Cyl`[0xffffffd6]?[0xffffffef][0x7][0x18][0xffffffa8]7#[0xffffffd4][0xffffff84]r[0xffffff86][0x1d][0x3][0xffffffe9]O[0xffffffde][0xffffffda][0xffffffec]*tfI/[0xffffff8c][0xfffffff2][0xffffffe1])[0xffffffbc][0xffffffc0][0xffffffd9][0x2]lY[0xffffffa3][0xffffffac][0xfffffff4][0xffffffc8][0x1c][0xffffffdc]@CO[0xffffffb4];4[\r]rj[0xffffffb2][0xffffff90][0xffffffc9][0xffffff9c][0xffffff9f][0xffffffa6][0xffffffdf][0xffffff83][0xffffffd4]L[0xffffffa3]7[0xffffffe6][0xffffffc0]1[0xb]+[0xffffff89][0xffffffcc][0xffffffb3]IZ[0xffffffe0][0xffffffe5][0xffffffdc]H[0xfffffff7][0xfffffff0]r0[0xffffffd4]|[0xfffffff5]M[0x0]S[0xffffffed]{K[0xffffff80][0xffffffa1][0x17]G[[0xffffffa6]}&[0xffffff83]:y7[0xffffff90][0xfffffff3][0xffffffb3]Y[0xffffff96][0xffffffff]$I[0xffffffe1][0x1f]C[0xffffffc0][0x3][0xffffff85]9[0xffffffd1][0xfffffff5]w,0[0xffffff9f] [0xfffffff6][0xfffffff6][0xffffffa8][0xffffff9d][0xffffffb3][0xffffff89][0x19][0x19]Z[0xffffff8a]j}[0xffffff9e]r[0xffffffee]4[0xffffffbb]g![0xffffffad]<[0xffffffff][0xffffffc0][0xffffffb0][0xffffff86][0x18][0xffffffbe][0xffffffcc][0xffffffa3][0xffffff99][0xffffffcc]![0xffffffd8]0[0xffffffac][0xfffffff5][0xffffffa3][0xffffff9d][0x7f][0xfffffff7][0xffffff81][0xffffff81][0xffffff97][0xffffffc9]H[0x1a]Y[0x19][0xffffffc2][0xffffff85]+[0x10][0xfffffff3][0xfffffffe]x[0xffffff93][0xffffffa8][0xffffffec][0xffffff94][0xffffffc9][0xffffffac][0xc][0xffffffca]f[0xffffffab][0xffffffb4][0xffffffc1][0xffffffcc]l[0xffffffa7]{[0xffffff98][0xffffffb9][0xffffffbc][0xfffffffc]&[0xffffff98][0xffffffa9]v[0xffffffbf][0x5][0xffffffcc] [0xffffffd7][0x3][0xffffffdb][0xffffffeb]'`[0xffffff86][0xffffffed]e[0xffffffec][0xffffff95][0xffffff9d][0xffffffe8][0xffffffb1]tn[0xffffff9f][0xffffffcf]@[0xfffffff5][0xffffff97][0xffffff83]Id.#[0xffffff9a][0xffffffcd][0x11]u&[0xfffffff4][0xffffffff][\r][0xfffffff9][0xe]eh&e[0x6])[0xffffffa9]S!vN[0xffffff8f][0xffffffc6][0xffffffa1][0xb][0xfffffff8]<f$[0xffffffcc][0x2]`[0xfffffff3][0xfffffff8][0xffffffc4][0xffffffcc][0xffffffbe]p[0xffffffcc][0xffffff8c]Y([0x12][0xffffff99][0xfffffff3]J?[0xffffffff][0xffffff9b][0xffffff94]y[0xfffffff8][0xffffff9f]=[0xffffffce][0xffffffd4][0xffffffe7][0xffffffd9]h[0xffffffbb][0xffffff80][0xffffff99][0xfffffff7][0xffffffc7]a6P[0xffffffc7]k[0xfffffff4][0xffffffca][0xffffffcc][0xffffff99][0xffffffcc]J2[0xfffffff3]l[0xffffff96]6[0xffffffa0][0xffffff99][\r]U[0x2]M[0xffffffe9][0xfffffff6][0xffffff9b][0xffffff80][0xffffffa6][0xffffffda][0xffffffff][0x16]@[0xffffffc3][0xffffffc6]P[0xffffffd8][0xffffffc4][0xffffffaa]=[0xfffffffb]?[0xffffffa4][0xffffffac][0xfffffff6]J[0xffffffb9][0xc]v[0xffffffbf][0xffffff9a]&[0xffffffda]xY[0xfffffffd][0xffffffbf][0x1f]Q/[0xffffffa7][0xffffff8a][0xffffff96][0xfffffff5][0xffffffcb][0xffffffe1]83\[0x16][0xffffffd9][0xffffff94][0xffffff91][0xffffffec]0[0xffffffc1][0xfffffff3][0xffffffed][0xffffffd9][0x14]H1[0xffffffa2][0x17]1[0xffffffe9][0xffffffe7]w3[0xffffffa1][0xffffffb3][0xffffffe7]Q[0xffffffb7]yTe&K`[0xffffffbc]*[0xffffffbd][0xffffff8b]h3[0xffffffbb][0xffffffdb]cf[0xffffff94][0xffffffcc][0xffffffc2][0xffffff9e][0xffffff9e][0xffffffac]ief[0xffffffbd]@[0x14][0xffffff87][0x11][0xffffffe7]X[0x4][0xffffffcd][0xfffffff9]q[0xffffffb8]I[0xfffffffe][0xffffffec][\r][0xffffffab][0xffffffeb][0xffffffcc][0xffffff9c][0x1e][0xffffff9a][0xffffff95][0xffffff98][0xffffff99][0xffffffad]R[0xffffff87][0xffffff99]k;[0xffffff95]1s[0xfffffffb][0xfffffff2][0xffffff9b]`[0xffffffa6][0xffffffda][0xfffffffd][0xffffff96]0CE[0xffffff96][0xffffff9f]d[0xfffffffb][0xffffffec]_[0xffffffb0]CV%[0xffffff9d][[0xffffff95][0xffffffcc]5[0xffffffd3][0xffffffc7][0x1c])[0xffffff9d][0xffffffc1][0x2]@cv[0xffffff88][0x6]5M[0xffffffd8]&[0xffffff90][0xffffffed][0x5][0xffffffc3][0xffffff8a][0xffffff89][0xfffffffc][0xffffff86][0xffffffcd][0xffffffc5]#[0xffffffa3][0xffffffcd][0xffffffb0][0x5]X8[0xffffffa3][0x18][0xffffffd9][0xffffffac]xh|[0xffffffe0]C [0x1f]$3[0xffffffe7][0x1d]B[0xffffff90][0xffffffc7]vH;#"P[0xffffffca]f[0xffffffd8][0x5]Ic[0xffffff86][0xffffff95][0x19]y:s[0x17]X[0x3]]V[0xffffff99][0x1]b[0xffffffef][0xffffff8f][0xffffffe7]1[0xffffffba][0xffffffd0][0xffffffbe]d[0xffffffb6][0xffffff92]hF&[0xfffffff9]f[0xffffff96]:[0xffffffd0]\[0x1b][0xffffffaa][0x4][0xffffff9a][0xffffffd2][0xffffffed]7[0x1]M[0xffffffb5][0xffffffff]-[0xffffff80][0xffffffc6][0xffffffb2]k[0xffffffd6][0xfffffff9]<[0xffffffc7][0xffffffd8]X8[0xffffffa3]GO[0x16][0xffffff9a]?[0xffffffcb]f[0x13][0xffffffd5]f[0xffffff9a][0xffffff98]1[0xffffffa2][0xfffffffe]G2[0xffffffa3][0xffffff91][0xfffffffd]O[0x11][0xffffffc6][0xffffff95][0x14]L7O[0x10][0x3][0xffffffa8]$[0xffffffb1][0xffffffcb][0x19][0x6][0xfffffff2][0xffffff88][0xffffffd2]93i[0xfffffffd][0x0][0xffffffed][0xffffffe5]y[0xffffffd0][0x18][0xffffff9a][0xffffffdd][0xffffffec]6x[0xffffffb0][0x4]@[0xffffffcf]Aei[0x7f][0xffffffb8]`<[0xffffff8f][0xb][0xffffffa0]q{jf"
16:19:09.999 [main] DEBUG org.apache.hc.client5.http.headers -- http-outgoing-0 << HTTP/1.1 200 OK
16:19:10.000 [main] DEBUG org.apache.hc.client5.http.headers -- http-outgoing-0 << date: Wed, 13 Mar 2024 16:19:09 GMT
16:19:10.000 [main] DEBUG org.apache.hc.client5.http.headers -- http-outgoing-0 << content-type: application/json
16:19:10.000 [main] DEBUG org.apache.hc.client5.http.headers -- http-outgoing-0 << transfer-encoding: chunked
16:19:10.000 [main] DEBUG org.apache.hc.client5.http.headers -- http-outgoing-0 << content-encoding: gzip
16:19:10.000 [main] DEBUG org.apache.hc.client5.http.headers -- http-outgoing-0 << x-ratelimit-limit: 180
16:19:10.000 [main] DEBUG org.apache.hc.client5.http.headers -- http-outgoing-0 << x-ratelimit-reset: 1710346809
16:19:10.000 [main] DEBUG org.apache.hc.client5.http.headers -- http-outgoing-0 << x-ratelimit-remaining: 180
16:19:10.001 [main] DEBUG org.apache.hc.client5.http.headers -- http-outgoing-0 << x-trace-id: f483e99ce7537253fc356d7bd74049e3
16:19:10.001 [main] DEBUG org.apache.hc.client5.http.headers -- http-outgoing-0 << server: nginx
16:19:10.001 [main] DEBUG org.apache.hc.client5.http.headers -- http-outgoing-0 << x-frame-options: deny
16:19:10.001 [main] DEBUG org.apache.hc.client5.http.headers -- http-outgoing-0 << x-content-type-options: nosniff
16:19:10.001 [main] DEBUG org.apache.hc.client5.http.headers -- http-outgoing-0 << x-xss-protection: 1; mode=block
16:19:10.001 [main] DEBUG org.apache.hc.client5.http.headers -- http-outgoing-0 << strict-transport-security: max-age=31536000
16:19:10.006 [main] DEBUG org.apache.hc.client5.http.impl.classic.MainClientExec -- ex-0000000001 connection can be kept alive for 3 MINUTES
16:19:10.038 [main] DEBUG org.apache.hc.client5.http.wire -- http-outgoing-0 << ">[0xffffff8e]F9BxK5[0x0][0xffffffdc][0xffffffe6][0xffffffc6][0xfffffff1][0xffffffb6][0x19][0xffffffcd]J[0xffffffcc][0xffffffcc]V[0xffffffa9][0xffffffc5][0xffffffcc][0xffffffa5][0xffffff9d][0x16]0s[0xfffffff3][0xfffffff2][0xffffff9b]`[0xffffffa6][0xffffffda][0xfffffffd][0xffffffee]`& [0xffffffb2][0xffffffd5][0x1c]3^H[0xffffffc7]r[0x19][0xffffffa9]Q)[0xffffffcb][0xffffff84],[0xffffffd4][0xfffffffe][0x6][0xffffff91]S[0x1b][0xffffffb8]f[0xffffffd0][0xfffffff3][0x7]Z[0xfffffffe][0xffffff99][0xffffffc1]<[0xffffffa0]n[0xffffffc6][0xfffffff2]L[0xffffffc4][0xffffff99][0xffffffd9]m[0xffffffce]43[0xffffffc8][0xfffffff2]![0x0][0xffffffa5][0xffffffe7]1C[0xffffffdd][0x1c]f~x\[0xffffffce][0xffffff8c][0xffffff8c][0xffffff86][0xffffff9d][0xffffffcb][0xffffffd4]#[0xfffffff2][0xffffff9e][0xfffffff2][0xffffffdb]e3[0xf][0xffffffe1][0xfffffff2]7([0xffffffed][0xffffff92][0xffffffb7][0xffffff86]Q3"[0xffffffca][0xffffffbc]>[0xffffffb6]X7{[0x7f]\[0xffffffc3][0x8][0x12][0xffffffad]&[0x0][0xffffffe6][0xffffff8c]f%?s6K[0x1d]h[0xe][0xffffffe5][0xffffff92]sC[0xffffff95]Asn[0xffffffac][0xfffffff9][0xfffffff6]?[0x1]4[0xb][0x1e][0xffffff9e]#b$'[0xffffffda][0xffffffcf][0xffffff85][0x9]VVh4ZY5[0xffffff9e]r[0xffffffb4][0xffffffd4]3E9[0xfffffff6][0x8][0xffffffaf]([0xffffffef][0x18][0x8]c[0xffffffbe]x[0xffffff94][0xffffff88][0xffffff91][0xffffffe3][0xfffffff1]=[0xffffffb1][0x15]2dp:[0xffffffd9]A[0xffffffc6]NLz[0xffffff94]([0xfffffff9][0xffffffd5]x8[0xffffffeb]][0xffffffe9]r>[0xffffffd6][0xffffffb1]?[0xfffffffe][0xffffffe0],c[0x3]e[0xf]w[0x1f][0xffffff94][0xffffffd8]{x|[0xffffff95]~[0xffffffa7]a([0xffffffda][0x5][0xffffffc2][0xffffffbe]x[0x7f][0xffffff9c][\r][0x7f].[0xffffffb4]"[0xffffffec][0xffffffcf][0x1e][0xffffffbe][0xffffff92][0xffffffe6][0xffffffc2][0xffffffda][0xffffffc4]7[0xffffffb3][0xffffffb4][0xfffffff1][0xfffffff0][0xffffffd9]P%[0xf]/[0xffffffdd]~s[0xf][0xffffffcf][0xffffffa2]'[0xffffffed][0xffffffa9][0xffffff8f]|[0xffffffdc][0xfffffff2][0xfffffff2][0xffffffe3][0xffffffac][0xffffffd6][0xffffffc2][0xffffffa7][0xffffff8e][0xffffffc6]F[0xffffff82][0xffffffbf][0xffffffd1][0xffffffd1][0xfffffff5][0xffffffc8]T[0xffffffa6][0xffffff81][0xffffffc2][0xf];[0xfffffff7][0xffffff90]h[0xffffff80][0xc]Hd[0xffffffa4][0xfffffff3]r[0x1c][0xffffff92]Ot[0xffffff90][0xffffffbc][0xffffffc1][0xffffffeb][0xffffffe9]D?[0xffffffef][0xffffffe1][0x8]R[0xffffffb0][0xffffffd2][0xffffffef]QI[0xffffff8a][0xffffffa3][0xffffff87]SD[0xffffff86][0xffffffdb]\[0xfffffffa][0xffffff86][0xffffff9f]~hz[0xffffffbf]*[0xffffff89]eMK#)[0xffffffb3][0xffffff87][0xffffffef][0xffffff8f]Cw[0xffffffe1][0xffffffcf][0xffffffd6][0xffffffa8]*[0xfffffff5][0xffffffd6][0xfffffffb]X9[0xffffffc3]5[0xffffffdb][0xffffffa4][0xffffff8d]{[0xffffffcf]V[0xffffffba][0xffffffeb][0xffffffde][0x17]W[0xffffffdf][0xffffffd6][0xffffffbd]a[0xffffffac]#[0xffffffe7][0xfffffff0][0x13][0xffffffdc][0xffffffbb][0xffffffeb]1)[0xffffffa4][0xffffffc3][0x4][0xffffffc1][\n]"
16:19:10.038 [main] DEBUG org.apache.hc.client5.http.wire -- http-outgoing-0 << "[0xffffffed][0xffffff82]$[0x9][0xffffffb5][0x19][0xffffffe8]%IEh[0xffffff95]iu[0xffffffb6]~A[0xffffffbe][0xffffff9a]\[0xffffff9e]Y"o[0xffffffe1]S[0xffffff8f]<[0xffffffb1][0x19]G>q[0xffffff9e][0xffffffa5]`[0x15][0xffffff94]+V[0xffffffb7] [0xffffffeb]`[0x1f]T\[0xffffffd9][0xffffff87][0x1d]J[0xffffffee][0xffffffd8][0xffffffd9][0xffffff9a][0xffffffbf][0xffffffc9][0xffffffb7]#[0x14][0xfffffffb]A[0x13][0xffffffa1][0x10][0xffffff9e][0xfffffff0][0xfffffffd][0x16][0xffffffbb],[0xffffffc1][0xffffff9c][0xffffffb7][0xffffffa8][0x14]#[0xffffff94][0xfffffff7][0xffffffc7][0xffffff9d][0xffffff80]<[0xffffffd3]J[0xffffffa5][0xffffffe8]T>Z[0x19][0xffffffa0][0xffffffcc]F[0xffffffa9][0xfffffff3][0xffffffef]+3[0xffffff95][0xffffffdc][0xffffffbb]t[0xfffffff7]m[0xffffffdd][0x1b][0xffffff8e][0x7]|[0xffffffd8][0xffffff9f]@[0xfffffff4]@a[0xffffff9b][0xffffffc2][0x6]R#[0x1e]AlF[\n]"
16:19:10.038 [main] DEBUG org.apache.hc.client5.http.wire -- http-outgoing-0 << "[0x7][0xffffffd6][0x7][0xffffffb9][0xffffffd0][0xffffffe7][0xffffffa5][0x3]zLTy[0xffffffa0][0xffffffcc]S[0xe][0xffffffc5][0xffffffb9]I[0xffffff9b][0xffffff91][0xffffff81]4[0xffffff90]?[0xfffffff2]>[0x15]o[0xffffffd9])4[0xffffffc6][0xffffffaa][0x8]<[0xffffff8b]*da[0xffffffb1]G[0x18][0xffffff85][0xffffff87][0xffffffaf][0xffffffb7][0xffffffdb][0xffffffc1]J[0xffffffa6][0xffffff89]W[0xfffffff6]o[0xffffff82][0xffffffca]<M[0xffffff88]>[0xffffff8a][0xffffffc8][0xffffffa5][0x1e][0xffffffd4],[0x17][0xfffffffd][0xfffffffb][0xffffffd6][0xfffffff1]&Y[0xffffffeb][0x1c][0xffffff9f][0xffffffac]${[0xffffffe4][0xffffffc5][0xffffffaf][0x7][0xffffffb3][0xffffffd4]9[0xfffffff8][0xffffffb5][0xffffffa1][0xffffffca][0x1e]~[0xfffffffb][0xfffffff6][0xffffff9b]{8[0xe][0xffffff98]y[0xc][0xffffff8d][0xffffffeb]2[0xffffffac][0xffffffaf]c[0xffffffac][0xffffff8f][0x5][0x1e][0xffffff88][0xffffffc6]'[0xffffff94]M[0x7]&[0xffffff8c]r[0xffffffc0][0xffffff8d]B[0xffffffb6][0xffffff9c][0xffffffd0]4M|[0xffffffbc][0xffffffbb][0xffffffd4]M[0x1d][0xffffffb3]N[0xe][0xffffff8d]9[0xffffff98][0xffffffe8][0xffffff99][0xffffffea][0xffffffc4]4[0xffffffd3][0xffffff84][0x10]j[0xffffffa8][0x18]g[0xffffffe2][0xffffffe1][0xffffff88]r[0xffffffaf]i[0xfffffffc][0xffffff88][0xffffff87][0xffffffdb]W[0xffffff8d][0xffffffae][0x15][0x1e]n[0xffffffbd].[0xffffffd6]2Y[0x1d][0xffffffb7]W[0xffffff99][0xffffffa7][0xffffff96][0xffffffc9][0xffffffc4][0xffffffac]e[0x1][0xffffffc4]b[0xffffff8a][0xfffffff9][0xfffffffe]8[0xffffffb3][0xfffffff5]Lr[0xffffffb5][\r]OV[0x12]fg[0xffffff93][0xffffffd4]y[0xfffffff7][0xffffff95][0xffffff91][0xffffff96][0xffffff9d][0xfffffffb]h[0xffffffa8][0xfffffff9][0xffffffe6][0xffffffdb]:7[0xffffff94][0x1][0xffffffb4]i[0xfffffff2]`[c[0xffffffe7][0xffffff9e][0xfffffffc][0xffffffa4][0x7]![0xfffffffb]@[0xffffffd0]=[\r][0xffffff83][0x1f]2[0x11]<u&[0xffffffb0]P[0xffffff8b]Uq[0xfffffffc]C{[0xffffffd7]#R[0xffffff86]h[0x2][\n]"
16:19:10.039 [main] DEBUG org.apache.hc.client5.http.wire -- http-outgoing-0 << "[0xffffff8a]B[0xffffff8c]}[0x7]g[0xffffffb0][0xf][0xffffffdd][0xffffff80][0xffffffb8]/[0xffffffbb]{[0xffffff9e][0xf][0xffffffbe][0xffffffd1]8a[0xffffffe6])[0xffffffef][0xffffffb9][0x7f][0xffffffc4][0xffffffb9][0xf][0xffffff9b][0xffffff9b][0xffffff98]X%[0xffffffae])[0xffffffd3]([0xffffffec][0x7][0xffffffc1]Rx[0xffffffd6][!Q"w[0xffffff88][0xfffffff5][0xffffff92]>/~[0xffffffbe][0xffffffcf][0xffffff8f]#%[0xffffffe1][0xffffff9b][0xffffff8f][0xffffffea][0xffffffad]L.g[0xffffffa3][0xffffffd4][0xffffffb9][0xfffffff7][0xffffffb5][0xffffff99][0xffffffca][0xfffffffe]}[0xfffffff3][0xffffffee]?[0xffffffdb][0xffffffbd]y[0xffffffb7][0xffffff91][0xffffff82][0xffffffc6][0xffffff9d][0xffffffc7][0xffffff97]W6Q[0xffffffe7]9[0xffffffd4][0xffffffd0][0xffffffbe][0xffffffa4][0xffffffce][0xfffffffa][0xffffff9c][0xffffffa4][0xffffff87]adYNv[0xffffffde][0xffffffa1]Ck[0xffffffca][0xffffff89]![0xffffffef]wM[0xffffff8a][0xffffff9d]:C[0xffffffe7][0xffffffba][0xffffff9c]u[0xffffffb2][0xffffffc6][0x1d][0xffffff92]]O[0xffffffea]I=[0x11][0xffffffea][0xffffffb6][0x19]),[0xffffffea]d[0xffffff9e][0xfffffff7]nH[0x8]4[0xffffffbf][0xfffffff4]S[0xffffffc5][0x13][0xf]I[0xffffff88][0xffffffe0][0xffffffbb][0x14][0xffffff9b][0xffffffb0][J[0xffffffe5][0xffffffd8][0x4][0xffffffe6][0xffffffb6]&&[0xffffffc8][0x12]^K[0xffffffd5][0xffffffc1][0xfffffff7][0xffffffc7][0xfffffff9]r[0xffffffb3][0xffffffe8][0xffffffea][0xfffffffa][0xffffffd3]}[0xfffffffc]y[0xfffffffc][0xffffffd9]}[0xfffffffb][0xfffffffe][0xfffffffb][C[0xfffffff7][0xfffffff7][0x1f][0xffffffdf][0xffffffd2][0xffffffd7]O[0xffffffdd]_[0xffffffe9][0xffffffe5][0xfffffff5][0xffffffe5][0xffffffef][0xffffffee][0xffffffd3][0xffffffc7][0xffffffee][0xffffffcb][0xffffffe7][0xffffffcf][0x7f]`[0xffffff92][0xffffffb7]_:F&q%[0xffffffab]n6I[0xffffff9d]o[0x1f][0x2][0xffffff93]3#[0xffffff95]\[0xffffffbb]t[0xfffffff3]m}[0xffffff9b][0x12][0x1a]CY[0xffffffed]K[0xffffffdf][0xffffffd3][0x8]g[0x1f]e[0x1b][0xffffff96]AS[0xffffffe5][0xffffff9e][0x2][0xffffff82][0x1d][0xffffffa3]f5-[0x14][0xffffffb7]L[0x10][0xffffff8d][0xffffff83][0xffffffe5][0xffffff8b][0xffffffad]:V[0xffffffaa][0xffffffc5]Q[0xffffffb0][0xffffffd6]#[0xffffffb1][0x1a][0x7][0xffffff91][0xf][0xffffffe6][0xffffffe1][0xffffff8c][0x1b] [0xffffffe3]<[0xffffffef][0xffffffdb][0x10][0x13][0xffffff98][0xffffffcd][0xffffffd2][0xffffff8f][0xffffffab][0x12][0xffffffee]Y[0xffffffd3][0xfffffff9][0xffffff81])[0xffffffec]Y[0xffffffa7]i[0xffffffaa]?[0xffffffe8]}a[0x10]j[0xffffff82][0xffffffa4][0xfffffffa][0xffffff9b]{[0xffffffa6]K[0xffffffbc][0xffffff84][0xfffffff7][0xffffffc7][0xffffffad][0xffffffc8][0xffffffa6]n[0xffffffe2][0xffffffdc][0xffffffa7][0xffffffb4]re[0xffffffd4]=[0xffffffdb][0xffffffa4][0xffffff8d]s[0xffffffcf]V*yw[0xffffffe9][0xffffffea][z7[0xfffffff5][0xffffff92]@[0xffffffa6][0xfffffff7][0x13][0xffffff94][0xffffff9d]([0xfffffff7][0x9]xg[0xffffff9a][0x2][0xffffffb7][0xffffff86]1[0xffffff90][0xfffffffa]Ie[0x1e][0xffffffce][0x10][0x9][0xffffffae]c[0xffffff9e][0xffffffe9][0xffffff8c][0x8];[0xfffffff1]9[0xfffffff7][0xffffffac][0x16][0xffffffa0][0xffffffba][0xffffffd2][0xf][0xffffffa3][0xffffff82][0xffffff9f][0xffffffc3]Z[[0xffffffad][0xffffff90]Ls[0x15]i%;7[0xffffffc8]h[0xffffffdd]Si[0xffffffa5]G{F[0xffffffb9]b[0xffffffd5][0xffffff84]uE[0xffffffc8][0xffffffd4][0xffffffec][0xffffffdf]f[0xffffffb2]J[0xffffffe5][0xfffffffc]~[0x15]t[0xffffffb1]j[0xfffffff2][0xfffffffe][0xffffffb8][0xffffff86][0xffffffd6]v[0xffffffc6]M8[0xffffff91]n[0xffffff9e][0xfffffff8]r[0xffffffbf]U[0x4]W2;g[0xffffff83][0xffffffb4]q[0xffffffed][0xffffff93][0xffffff89][0xffffffca][0xffffff9e]}n[0xffffffa6][0xfffffff9][0xffffffde][0xffffffdb]z6[0xffffffeb] Y#[0xffffffd4][0xffffff9e][0xffffffe9][0xffffffaf]qeH[0xffffffc8][0xffffffa1][0xffffffcb]\[0xffffffff][0x1][0xffffffa2][0xc][0xffffffdd]}[0xffffffe1][0x13][0xb]3[0x15][0xffffffba]e[0xfffffff9][0xb][0xffffffc6][0x1e]Y[0x1b][0x19][0xfffffffd]G"3r[0xffffff86][0xffffffc5]3[0x8][0x1][0xffffffc2]9[0x1b][0xfffffff2][0x17][0xffffffbe][0xffffff82][0xffffffe9]/]V/x[0xffffffd6][0xffffffb3]a[0xffffff87][0xffffffd2]3-[0x5]%[0xfffffffa][0xffffff83][0xfffffff4][0xffffffbf][0x9][0xfffffff6]c0N[0xffffffc6][0xffffffaa]?[0xfffffff4].[0xffffffee]|[0xffffffb7][0xffffffe7][0xffffffe3][0xfffffff0][0xffffff9c][0xffffff91][0x6][0xffffffd5]7[\n]"
16:19:10.039 [main] DEBUG org.apache.hc.client5.http.wire -- http-outgoing-0 << "[0xffffff82]O[0xffffffb8][0xfffffff6])(YY[0xffffffee][0xffffff9e]m[0xffffffd2][0xffffffc6][0xffffffb9]g+[0xffffff95][0xffffffbd][0xfffffffb][0xfffffff6][0xffffffd5][0xffffffb7][0xfffffff5]n([0xffffff8d][0xc]/[0xfffffffd][0xffffff84][0xffffff88];[0xffffffca][0xffffffcc][0xffffffb6]GZ[0xffffff8c][0xffffffcd]b=[0x1b][0xffffffc3]F[0xffffff98][0xfffffff8][0xffffffd9]u[0xffffffa9][0xffffff8d]h[0xffffff83][0x1c][0xc][0xffffff83][0xffffffc5][0x1a][0xffffffe2]d[0xf][0x1f]*F[0x12][0xffffffc0][0xffffffbc]C[0xffffff89][0x2]a[0xffffff96][0xffffff83]E[0xffffffbf][0xffffffaf][0xffffff82][0xffffff96][0xffffff9f][0xffffffbf][0x13]l7[0x7f]xX[0x12][0xffffffa1]}e[0xffffffa0][\r][0x1b][0xfffffffe]<e[0xffffffef][0xffffff86][0x1][0xffffff98][0xffffffab]%[0xffffffc8][0xffffffbf][0xfffffff0][0xffffffd5][0xffffff84][0xffffffdc][0xffffffa9][0xffffff96]([0xffffffc6]lK:;.uD8[0xffffffad]eT[0xffffffb2]6[0xffffffe2][0xffffff9e]MR[0xffffffeb][0xffffffdc][0xffffff97]F*;[0xfffffff7][0xffffffed][0xffffff9b]o[0xffffffec][0xffffffdc][0xffffffd0][0xffffffda][0x9][0xffffff8d][0xffffff9b][0x17]K[0xffffffe0]&*[0xffffffca][0xffffffda][0xffffff89]I[0xffffffac]![\r][0x3][0xffffffa2][0xffffff92]TO[0xffffffb2]2[0x1d]{[0xffffff8c][0xffffffbd] [0xffffffc0][0xe][0xffffffbd][0xffffffe5][0xffffffeb][0xffffffee][0xffffff91][\n]"
16:19:10.039 [main] DEBUG org.apache.hc.client5.http.wire -- http-outgoing-0 << "cq[0x1e][0xffffffff][0xffffffd1][0xfffffff5][0x14]K82[0xffffffa2][0xffffffb7][0xffffff87] [0xffffffd8][0xfffffff3]!73[0xffffff93][0xffffffe4][0xffffff84][0xffffffcf][0xffffffa5][0xffffff93][0xffffff81]u[0xffffffc5]$}[0xffffffc5]|r[0xffffffbf][0xffffffdb][0xffffffeb][0xffffffc0]6!<[0xffffffe7]O[0xffffffcf][0xffffffe9][0xffffffc5][0xffffffa8][0xffffffe4][0xfffffffc][0xffffffb8][0xffffffce]][0xffffffaa][0x1b]SZO|[0xffffffba][0xffffffdf][0xffffffa2][0xffffff92][0xffffff95]4[0xffffffe0][0xffffffd9]"[0xffffffb5][0xffffffbe][0xffffff9d][0xffffffa5][0xfffffff3][0xffffffce]m[0xffffffb4][0xffffffe0][0xffffffdb]gv[0xffffff9a]/[0xffffffbe][0xffffffad]o#?[0xffffffc4][0xffffff8a][0xffffffa3][0xfffffff6][0xfffffff3]Tl[0xffffffec][0xffffffa2]Xb[0xffffffc6][0x8][0x7f]*o[0xffffffe2][0xffffffa2][0xffffffae][0xffffffd0][0xb][0xffffffc1][0xffffffc6];[0xffffffa3]Gh$[0xffffff96]aD[0xffffffcd]R/[0xffffff9c]:8&[0x15]YH4:[0xffffff8f][0xffffffec][\n]"
16:19:10.039 [main] DEBUG org.apache.hc.client5.http.wire -- http-outgoing-0 << "#[0xffffff8b][0xffffffa3][0xffffffd0]5k[0xffffffbb][0x19]C[0xffffffa1]Yd[0xffffff9e][\n]"
16:19:10.040 [main] DEBUG org.apache.hc.client5.http.wire -- http-outgoing-0 << "[0xffffffb8][0xffffffc3][0xe][0xffffff9e][0xffffffbd]*[0xfffffffb]6[0xffffffba]][0xffffff88]v[0xffffffc1][0xffffffd7]%[0xffffffe2]F[0x10][0x1f][0xffffffb6][0xfffffff3]b[0xffffffad][0xffffffe4][0xfffffffd]q[0xffffffcd]d[0xffffffff][0xffffffad])[0xfffffff7]'|[0xfffffffb][0x14][0xffffff96][0xffffffac][0xffffff94][0xffffffec][0xffffff9a]m[0xffffffd2][0xffffffc6][0xffffffbb]g+[0xffffff95][0xffffffbc][0xffffffbb]t[0xfffffff5]m[0xffffffbd][0xffffff9b][0xffffffa7][0xffffff95]`[0xffffffb8]}[0xffffffb1][0xffffff84][0x16]{[0xffffffcf][0xfffffff0]_[0x1c][0x11]6[0x19][0x4][0xffffffad][0xffffffc7]$F[0xffffff86][0xffffff8a][0xffffff88]8[0xffffff98]@[0xffffff9f][0x6]:f,[0xffffffd2][0xffffffd2][0xffffffcc][0xffffffd6]F[0xffffffbe][0xffffffea]lB[0xffffff8d][0xffffffac][0xffffffc4][0xffffffce][0x1b][0xffffffa0][0x2][0xffffffb3][0xffffff82]H[0xffffffd3]W[0xffffffa8]k[0xffffffb3])[0x18][0xffffffd5]k[0xfffffffb]`[0xffffffb1][0xffffff84]Pc[0xffffffef][0xffffffb1][0xfffffff9][0xffffffeb]Z[0xe][0xffffffba][0xffffffa9][0xffffff97][0xffffffa8][0xffffffdc][0xffffff85]g[0x2].[0xfffffff3][0x4][0x3]M[0xffffffd6][0xffffffa5]q[0xfffffff4][0xffffffdb][0xffffffc7]/[0xffffffbb][0xffffff94]Ox[0xfffffff7][[0xffffffb1]$[0xffffffae][0xffffff8c][0xffffffb9]g[0xffffff93][0xffffffd4]9[0xfffffff7][0xffffffb5][0xffffff91][0xffffffca][0xffffffce]}[0xffffffcb]P[0xffffffbf][0xffffffbc]l[0xffffffea][0xffffffdc]0[0xffffff99][0x10]8[0xfffffffc][0x9]-x6[0xffffffc5][0xffffffe5][\n]"
16:19:10.040 [main] DEBUG org.apache.hc.client5.http.wire -- http-outgoing-0 << "w[0xffffffde][0xffffffc4].[0xfffffffb]N[0xb]:[0xffffff91]J[0xffffffa5][0xffffffc8][0xffffffea]k[0xffffffcb]/[0xffffffe7][0xffffffc1][0xffffff8b][0xffffff89]-[0xffffffa5][0x11][0xfffffff9]5&[0xffffff97]`[0x6][0xffffffaa]8*F[0xffffff95][0xffffffac][0x1a][0xffffff93][0xffffffa2][0xffffff88]R1[0xffffffd6]GP[0xffffffc2]6a[0xfffffffd][0xffffff94][0xffffffa6]/UcX#a[0xffffff8e][0x1d][0xffffffbe][0xfffffffc][0xfffffff8][0xfffffff6][0x7]|[0xffffffc5][0xffffffd7][0x17][0xfffffffa][0x1][0xffffffb8]*[0xffffffbb][0xffffff9d][0xffffffe8][0xffffffe1][0xffffffc0]/A[0x0][0xffffff88]EX[0xffffffd4][0xffffff99][0x16]'[0xffffff94]n[0x1f]o[0xffffffe0][0xffffffdc]oa[0xffffffc9]J[0xffffffd2][0xfffffff8]l[0xffffff91]:[0xffffffdf]>[0x14][0xffffffb9][0xffffffcf]mT[0xfffffff2][0xffffffed][0xffffffd2][0xffffffc5][0xffffffb7][0xfffffff5]m[0xffffffc4][0xffffffaa][0xffffffc8]6[0xffffffda]WK[0xffffffe0]j[0x1b][0xb][0xffffffb1]5k#[0xffffffca][0xffffffae][0xffffff87]B[0xffffffc2]j[0x11][0xfffffffe]MI[0x10][0xffffff89]]<;0l[0x17][0xffffffd0][0xffffffac]&,[0xffffffea]P[0xf][0xffffffe9]#{F[0xfffffff3][0xffffff90][0x11][0x7f][0xffffff8d][0xffffffd1][0xffffffd6][0xffffff8a]: i[0xffffffdb]^[0xffffffd9][0xffffffe7][0xffffffb1][0xfffffffe][0xffffffe4][0xfffffff1][0xffffffe7][0xffffffa6][0x15][0xffffffd5][0xffffffba]b>[0xffffff89][0xffffff9c][0xffffffee]>[0xffffff94][0xffffffa4]ZB>IA[0xffffff9e][0xffffffb5][0xffffffb2][0xb]![0xfffffff7][0xffffffed][0xffffffe3][\r]|[0xfffffffb][0x14][0xffffff96][0xffffffac][0xffffffec][0xffffffbe][0xffffffcf]6i[0xffffffe3][0xffffffdd][0xffffffb3][0xffffff95][0xffffffca][0xffffffde]}[0xffffffcb]R[[0x7f][0xffffffb9][0xffffffa1][S[0xffffffbe]h?'7[0xffffffa6][0xffffff9e]>[0xffffff8d][0xffffff9a]P2[0xffffffa0]t[0x1d][0xffffffe9][0xffffffb1][0xffffffa7][0xffffff81]l[0xffffff92]N[0xffffff99]@[0xfffffff0][0x3][0xffffffd1][0xffffffdc]8[0xffffff8e][\n]"
16:19:10.040 [main] DEBUG org.apache.hc.client5.http.wire -- http-outgoing-0 << "%)[\n]"
16:19:10.040 [main] DEBUG org.apache.hc.client5.http.wire -- http-outgoing-0 << "[0xffffff86][0xffffffc6][0xfffffff5]a[0xffffff98]dd[0xffffffec][0x7][0xffffffc6][0xffffff89]I[0x3]T[0xffffffd8][0xffffff8a]Z [0xffffff8c][0xf][0xffffffea][0xffffffcf][0xfffffffe]An[0xffffffe0][0xffffffd1][0xffffffbb][0xffffffd9][0xffffffb1]s[0xffffffbe][0xffffffff][0xffffffe9][0xffffffea][0xffffffcb][0xffffff9d]u<[0xffffffc8][0xffffffaa][0xfffffff8]x[0xffffffb3][0xffffffb9][0xffffff8d]e[0xffffff87]r[0xffffffa9]Z"[0xfffffff7][0xffffffa2]:[0xffffff97][0xffffffc7][0x1b]x[0xfffffff7]1,Y[0x19]s[0xffffffcf]&i[0xffffffe3][0xffffffdc][0xffffffb3][0xffffff91][0xffffffca][0xffffffce]}[0xfffffffb][0xffffffe6][0xffffffdb]~[0xffffffba][0xffffff99][0xffffffcb][0x17]t[0xffffffce][0xffffff9a]WK[0xffffffd8]3H[0x1][0xffffffdb][0xffffffa0][0xffffffb6][0xffffff99][0x12][0xffffffdd][0xfffffff0][0x1]~[0x14]2[0xffffff82][0x6][0xffffffa1]'[0xffffffe2]T[0x18][0xffffffdd][0xffffffa2]c[0xffffffb4]A[0xc][0xffffffb0][0x4][0x11][0xffffffd3][0xffffffa4]U[0xffffffc9]R([0xffffffc2][0xfffffff0][0xffffffbe]c[0xffffff90][0x7][0x1e]W_[0xffffffc1][0xffffff9b][0xffffff82]f[0xffffff8b][0xffffffd0]l[0xffffffae][0xffffffdd]?H-![0xffffffd4][0xffffff80][0xfffffff8][\n]"
16:19:10.041 [main] DEBUG org.apache.hc.client5.http.wire -- http-outgoing-0 << "[0xffffffd5]+[0xffffffc7][0xffffffd1]7[0xffffff98][0xffffffaf]|[0xffffff88][0xffffffc9][0xffffff93][0xfffffff6]k[0xffffffa0][0xffffff8c][0xffffff80][0x1c][0xffffffb8][0xffffffa3][0xffffffb1][0xffffffea][0xffffffca][\n]"
16:19:10.041 [main] DEBUG org.apache.hc.client5.http.wire -- http-outgoing-0 << "[0x1d][0xffffffc5][0xffffffe3][\r][0xffffff9c][0xfffffffb][0xfffffff4][0xffffffe9]^[0xffffffd9][0xffffffc5][0xffffff99]mR[0xffffffe7][0xffffffdd]t[0xffffffaf].[0xffffffac]t[0xffffffd3][0xffffffbb][0x17][0xffffffae][0xffffffbe][0xffffffad]w[0xffffffa3][0xffffff92]L[0xffffffcc][0xffffffd0]>[0xffffffa3][0xffffffc4]K[0x12][0xffffffa2][0x7f]:k[0xffffff9b][0xffffffe1][0xffffffc3][0xffffff96][0xffffffd5][0xffffffcd][0xffffffa1]C[0xfffffffb][0xffffff8f]![0x1d][0xffffffa4][0xffffffcd][0x14][0xffffff9f]kZ;[0xffffff81][0xffffffad][0xffffff81]L[0x9][0xffffffc3]xe;[0x0][0xffffffac]@h[0xffffff83][0xffffffd0]5[0xffffffa0]z[0xffffffdb][\n]"
16:19:10.041 [main] DEBUG org.apache.hc.client5.http.wire -- http-outgoing-0 << "j[0x9]L^[0xffffff99]E.[0x1e][0xfffffff3][0xffffffee][0xfffffffd][0xffffffa7][0x1b][0xffffffae]6P/[0xffffffa8][0x2][0xffffffec][0x7f]d[0xfffffff9][0xffffff83]D[0xfffffff7][0xffffffdd][0xffffffe5]uM[0x4][0xfffffff7][0xffffffb4][0x8]JqI[0xfffffff1]x[0x3][0xffffffe7]~[0xffffff8b][0xffffffb9]WR[0xffffffba]g[0xffffff83][0xffffffd4][0xffffffb9][0xfffffff6][0xffffff95][0xffffff89][0xffffffca][0xffffff9e]}[0xffffffcb]L[0x1b][0x7]%[0xfffffff4][0x9])O[0xffffffc9][0xfffffff6][0xfffffff3]8[0xffffff90][0xffffffb1][0xffffffa8]i[0xffffff87])[0xfffffff6][0x1d][0xffffffa3]f[0xffffff9d][0xffffffee]R[0xffffffa0]2[0xffffffc8][0xfffffff4][0xffffff8d][0x1c]][0xffffffc7]?1D[0xffffffc6][0xffffffcf]<-[0xfffffff8][0x9]*[0xffffffa0][0xffffff85][0x3][0xffffff8b][0xffffff82],|~[0xffffffcf]t[0xffffffa5][0xffffffa7]0^A,[0xffffff81][0xffffffa8]Gm[0xfffffff3][0xffffffd1]u[0xffffff97][0xffffffc7]/[0xffffff92]f0[0xffffffcb][0xffffffdc]ft[0xffffffe3][0xffffffab][0xfffffffc][0xffffff8b][0x6][0xffffffe5][0xffffffde][0xffffffb5][0xffffff91][0xffffffef]gr?o[0xffffff93][0xffffffbd][0xffffffdd]z/[0xffffff9d]n[0xffffffe0][0xffffffd8][0xffffffc7][0xffffff90]de[0xffffffbc]=[0x1b][0xffffffa4][0xffffffce][0xffffffb3][0xffffffaf]MTr[0xffffffed][0xffffff9b]f[0xffffffda][0xffffffda][0xffffffb3][0xffffff99]`[0xffffffa4]3[0xffffffd8]~[0xffffff96]r2[0xffffffac][0xffffff9f]@[0x8][0xffffffcc][0xffffffd3]nf[0xffffffc2][0xffffff8c][0xffffffe5][0xffffff94][0xffffff90]K[0xffffffe0]M1[0x13][0xffffff92][0xffffff97]-[0xffffffe5][0xffffffb5][0x14][0xffffff94]J[0x14][0xffffffea][0xffffffc8][0x1d][0x1][0xffffff84][0xffffff85]z[0x1d][0x1d].?15<[0xfffffffa]AW|[0xffffffb3]%C[0xffffffb9]4[0xffffffc5][0x1f]T?>~[0xffffff90][0xc][0xffffffda][0x18]g[0xffffffeb]V[0xffffffcf][0xffffffc3][0xffffffed][0xffffffbd][0xffffffaf][\n]"
16:19:10.041 [main] DEBUG org.apache.hc.client5.http.wire -- http-outgoing-0 << "j[0xffffffdc][0x8][0xffffff86]1aO[0xffffff8d];[0xffffffef][0xffffff8c])[0xffffffce][0xffffffe2][0x14][0xffffff8f]7[0xfffffff0][0xffffffed]SD[0xffffffb2][0xffffffb2][0xffffff83]3[0xffffffdb][0xffffffa4][0xffffffce][0xffffffb9][0xffffffaf][0xffffffad]Tv[0xffffffee][[0xffffff96][0xffffffda][0xffffffdc][0xffffffbb][0xffffffa1])[0xffffff91][0xfffffff1]7[0xffffff8f][0xffffffb7]i[0xffffffde][0xc]}[0xffffffa0][0xffffffe1]>[0xffffffea]![0xffffffb2][0xffffffd6]{[0xffffff9c][0x6][0xffffffe8][0xffffffae]y3[0x1e][0xffffffe3]9[0xffffffa3][0xffffffe9][0xffffffd1][0xffffffc9][0xb]a[0xffffffb2][0x3][0xffffffa3][0xfffffff1][0xffffffe4][0xffffff8e]4M[0xffffff98]deWq4[0x3]{[0x19][0xffffff83][0xffffffa9][0xfffffff8]n3[0xffffffdd][0xffffff83]o[0xffffffc7][0x7][0xffffffe3][0xffffffed][0xffffffe3][0xffffffcf][\r][0xffffffc5]dj[0xffffffe4][0xffffffa5]x[0x1b][0xffffffef][0xffffffe6][0xffffffbb][0xffffffcd]D[0x1a][0xfffffff1]6z[0xffffffd5]1[0x4][d[0xffffffbb][0x1e][0xffffffbc][0xfffffffb][0xffffffc6][0xfffffff1][0x6][0xffffffde][0xfffffffd][0x16][0xffffff92][0xffffffac][0xffffffe4]q[0xffffffcf][0x16]i[0xffffffe3][0xffffffdb][0xffffffb3][0xffffff8d][0x16]|[0xfffffffb][0xffffffe6][0xffffffc5]7[0xffffff8d][0xffffffb6][0xffffff99]qe[0xc],K#6[0x1e]S[0xffffffa0]3[0xffffffa9]t[0xffffff96]v[0xffffffd4]y#[0xffffff9d]e[0xfffffff8][0x0]iz[0xffffffb6]; V[0xffffffcf][0x10]<{[0xffffffb6][0x1d]$h[0xffffffa4][0xffffffb2]90[0xffffffd0]i[0x1f][0xffffffd9]l[0xffffffc7][0x7f][0xffffffb2][\n]"
16:19:10.041 [main] DEBUG org.apache.hc.client5.http.wire -- http-outgoing-0 << "q[0xffffffec]'[0xffffffaa]x5+[0xffffff85][0xffffffe9][0xffffffea][0xffffffd3][0xfffffff2]|[0xffffff90][0xffffffc8][0xffffffbd][0xffffffd7]Fa[0xffffff90][0xffffff97][0x19]x&<K[0xffffffbe][0xffffffcd][0xffffff9a][0x1c][0xffffffbd][0xf][0xffffffb7][0xfffffff7][0xffffffab][0xffffffa5] [0xffffffe6][0xfffffff2][0xffffffa1]_[0x8]Jn[0x1f]o[0xffffffe0][0xffffffdb][0xffffffc7][0xffffffa8]de*iN&[0xffffffa9]s[0xffffffee]k#[0xffffff95][0xffffff9c][0xffffffbb]t[0xfffffff3]m[0xffffff9d][[0xffffffe1]U|6[0xffffff9b];7j[0xffffffbf]j[0xc][0x3][0xfffffff2]%=[0x1b]}[0x11][0xffffffaf][0xffffffa6][0xffffffd4][0xffffff98][0x7]$[0xffffffa3][0xffffffea] [0xffffff8f][0xfffffff4][0xffffff9e]*[\n]"
16:19:10.041 [main] DEBUG org.apache.hc.client5.http.wire -- http-outgoing-0 << "[0xffffff8d]w[0xffffffb6]6[0xffffffa0][0xffffff8b]M[0xffffff9d][0xffffff9b]E[0xffffffa7][0xffffff9e][0xffffffb5][\r]L[0xffffffeb]@[0x1][0x1f][0x7][[0xffffffe1][0xffffffdc]yD[0xffffff81][0x1c][0xffffffef][0xffffffc1][0xffffffb0][0xffffffe4][0xfffffff0]s[0xffffffcb][0xffffffeb]|[0xffffffdf]1R/[0xffffffc2][0x12][0xffffff96][0xfffffff9][0xffffff98][0xffffffdf][0x18]%F[0xffffffe2][0xffffff81][0xfffffffe][\r][0xffffff8a]I[0xffffffac][0xffffffc0]Zt[0xffffffee][[0xffffffc7][0x1b]8[0xfffffff7]),Y[0xffffffd9][0xffffffc1][0xffffff99]m[0xffffffd2][0xffffffc2][0xffffffbb][0xffffffcf][0xffffffad]T[0xfffffff6][0xffffffee][0xffffffdb]W[0xffffffdf][0xffffffd6][0xffffffbb][0xffffff91][0xffffffb5][0xffffffe2][0x1b][0xffffffda][0xffffffde][0xffffffbb]I[0x17][0xffffffd1][0xffffffe0]a[0xffffffec]w[0xffffffd2]l[0xffffffb6][0xffffff8e]n[0xffffffea]$jV|[0xffffff98]cb[0xffffffba]1e[0xf][0x1c]U@_[0xffffff94][0xffffffff]G[0xffffffb8]Ba[0xffffffd0]M[0xffffffda][0xfffffff4][0x8][0xffffffc9][0x10][0xffffffbb]DS[0xffffffd1]zWB[0xffffffe7][0xffffffbd][0xffffffeb][0xf]N[0xffffff98][0x1d][0xffffffc2][0xffffff92][0xffffffbc][0xffffffb0][0xffffffc9][0xffffff9d][0xffffffcd][0x12]\97[0xffffff91]dfr3[0xffffff86][0x3][0xffffff93][0xffffff9b][0xe]Ny[0xffffffc0][0xffffff8c][0xffffffa8]D[0xffffffe4][0x10][0xfffffffd][0xffffffea]x[0x3][0xffffffe7]~[0xffffff8b]JV[0xe])[0xffffffcc][0x6][0xffffffa9]s[0xffffffed]+[0x13][0xffffff95]=[0xfffffffb][0xfffffff6][0xffffffbd]7[0xfffffff5]l&[0x19][0xffffffd1][0x10][0xfffffff9][0x9]Ln[0xffffffea][0x1e][0xffffffb8]43[0x9]i[0xffffff80]xA[0xffffffcf][0x6][0xffffffe1][0x1d][0xffffffdb][0xfffffff7][0xffffff8c][0xffffffd9] thG[0xffffff82]ZV[0xffffff84][0x12][0xffffffdb][0xffffffa2]v[0xffffffc0][0xffffffd6][0x10][0xffffff83][0x10][0x4]c[0xc][0xfffffff4]s([0x1b][0xffffff8e][0x3][0xffffff9c][0xffffff93][0xffffffe7][0xffffffe9][0xffffff80]h`[0xfffffff2]$<[0xffffffb5][0xffffffb3]MJ[0xffffffbe][0xffffffdb]y[0x1b]w!([0xffffffc9][0xffffff8b]A[0xffffff90][0xffffffd3]EK[0xffffff97][0xffffff80];[0xffffffd2][0xffffffbd][0xffffff89][0x14]{[0xffffffca][0xffffffdf][0xffffffed][0xffffffc2][0xfffffff1][0x6][0xffffffae]}[0xc]JVf[0xffffff93][0xffffffb3]I[0xffffffda][0xfffffff8][0xfffffff6]l[0xffffffa4][0xffffff82]s[0x17]o[0xffffffbe][0xffffffad]s[0xffffffb3][0xffffffed];O76[0xf]J[0xfffffff0]SF[0xffffff8e][0xffffff99][0x1e][0xffffffa3]Nb[0x1d][0xffffffbd]u&[0xffffffd1][0xffffffa9][0xffffffa5]O[0xffffffda][0xfffffff2]KvH,[0xffffff8e]f[0x4][0x1e][0xffffffa9][0xffffffb5][0xffffffbc][0xffffffa6][0xffffffab]GV[0xffffff8d]j7"[0xffffff9e][0xffffffd0]]Q+C[0x12][0xfffffff7]y[0xffffffe7]f[0x8][0xffffff82]b[0xffffff89]}0[0xffffffe2]>~[0xffffff93][0x8]4D[0xfffffff1][0xffffffbb][0xffffffcd][0xffffffcf]LB*[0xffffffd9][0xffffff8f][0xffffff97])[0xffffffc5][0x12]OF[0xffffffe8][0x16][0xffffffca][0xffffff80][0xffffff85][0xffffffe3][\r][0xffffff9c][0xfffffffb][0xfffffff0][0xffffffdd][0xfffffff6]k''O[0x16]i[0xffffffe3][0xffffffdb][0xffffffb3][0xffffff8d][0xffffffca][0xffffffbe]}[0xffffffcb]N[0x1b]WJ[0xffffff98][0xffffffc2]R[0xffffffec][0xffffffda]lO*[0x19][0xffffff90]j[0xffffffa3][\n]"
16:19:10.041 [main] DEBUG org.apache.hc.client5.http.wire -- http-outgoing-0 << "[0xffffffc8][0xffffffc7][0xffffff98][0x1][0x1b]x%[0xffffffae][0xffffffeb][0xffffffb2][0xffffff8f]+[0xffffffc4][0x2][0xffffffe9][0xffffffe5]0'[0xc]U[0xb][0xffffffd5][0x12]f[0xffffff87]i[0xffffff8d][0xffffffe6]6&3[0xc][0xffffff96][0xffffffb2]Z[0xffffffee]Q[0xffffffc2][0xffffff8e][0xffffffad][0xffffffa9][0x3][0xffffff92]L2[0xffffffa1][0xfffffff9][0xffffffa0][0xffffffa2][0xffffffc3][0xffffffd1][0xffffffb7]3[0x7][0xffffffa1]X[0x7][0xffffffcc][0xffffffce][0xffffffca][0xffffffe8]$u[0xffffffc0][0xffffff98]}[0x1b][0xfffffff1][0xffffff9e]<-V[0xffffffaa]p[0xffffffdf]>[0xffffffdd][0xffffffc0][0xffffffb3]O[0xffffffe1][0xfffffff6][0xffffffca][0xffffffe6][\r]9[0xffffffd5][0xffffff9b]E[0xffffffda][0xfffffff8][0xfffffff6]l[0xffffffa3][0x5][0xffffffdf][0xffffffbe][0xffffffb6][0xffffffd3][0xffffffff][0xf][0xffffffd7][0xffffff86]U[0xffffffd2][0xfffffffc][0xffffffb3]=%[0xffffffb6].[0xffffffc7][0xffffff94][0xffffffe7][0xffffffd9][0xffffffcd][0x4]s[0x4][0xffffffd5]_[0xffffffb6],k[0xffffff8d][0xffffffde]?[0x11][0x9]Rj[0xffffff8e][0xffffffdd][0xffffffb2][0xffffffa8]O[0xffffffb1][0xffffffd3][0xffffffdc][0xffffff8f][0x3][0xfffffff2]j[0xffffff8e][0xffffff92][0x9]T[0x13]t [0xffffffb2][0xffffff8e]IEL[0xffffffa2]y[0xffffff85][0x10][0xffffffc6]{[0xffffffb0]-I/[0xffffff99]1v[0xffffffb9][0xffffff83]k[0xffffffc5][0xffffffdf]_[0xffffff8e]I[0xffffffde]\;[0xffffffeb]p[0xffffffec][0xffffffa4][0xffffffb0][0xffffffcc]3[0xffffffac][0xfffffff1][0xffffffed]w[0xffffffc7][0x1b]8[0xfffffff7]1&Y[0xffffff99]J[0xffffffce]&[0xffffffa9][0xfffffff3][0xffffffed]k#[0xffffffdd][0xfffffff5][0xffffffed][0xffffff8b][0xffffff9b]o[0x1b][0xffffff93]8[0xffffff91]w[0xfffffff1][0xffffffb5][0x17]+Il[0xc][0xffffff8f][0xffffff93][0x13][0x4][0xfffffff3][0xfffffff8][0xffffffeb][0xffffffc8][0xffffffd4][0xffffffbb][0x19]$e[0xffffffef][0xffffffa4]%[0xffffff9f]n[0xffffff8a]%[0xffffffe3]@[0xffffffb5]-[0xfffffff5]r[0xffffffb4],x%[0xffffff88][0xffffff90]L[0x9]{[0xffffff81][0xffffffdc][0x1a][0xffffffab],[0xfffffff8][0xffffffae]W[0xffffffc5]$[0x14][0xffffffb8][0xffffffb3]R[0xfffffffa]#[0xffffff8c][0xffffff92][0xffffffc3]w[0xffffff9b][0xffffff8d][0xffffff94][0xc]Qd[\n]"
16:19:10.041 [main] DEBUG org.apache.hc.client5.http.wire -- http-outgoing-0 << "[0xffffffd4][0xffffff9b][0x7][0xffffffbe][0xffffffcf]%[0xfffffff3]R[0xffffffb1]}[0xffffffe5][0xffffff96][0xfffffffe]<[0xffffffce][\r];[0x17])[0xfffffff4]E[0xffffffe7][0xffffffbe]u[0xffffffbc][0xffffff81]s[0xffffffbf][0xffffffc5]$+I[0xffffffdc]Dio[0x16][0xffffffa9][0xfffffff3][0xffffffed]k[0x1b][0xffffff95]}[0xfffffffb][0xfffffff6][0xffffffc5][0xffffffb7][0xfffffff5]m[0xffffffc6][0xffffffb0][0xffffffe8][0x1a][0xffffffb6][0x1f][0xffffff9c][0xffffff84][0xffffff8f][0xffffffcd]&m[0xffffffe3];K;[0xffffff92],[0xffffff92][0xffffffce][0xffffffa4][0xfffffff5][0xffffffe8][0xffffffbb]"[0xffffff87]O[0xffffff87][0xffffffdd][0xffffff85][0xffffff81][0xffffffda]#;v[0xffffffc2][0xffffff84][0xffffffc0][0xffffff94]fD"[0xffffffc1][0x9]D[0xffffffad][0xffffff87][0xffffffa9][0xffffff9d]IL[0x4]3[0x15][0xffffffbe][0xffffffcd]t[0xffffffa2][0xffffffd0]y\[0xffffffee][0x11][0xffffffdf]f[0xffffffe4]`[0x1f]g[0xffffffb0][0xb][0xffffffa9][0x1c][0xffffff92][0xffffff84][0x1c]n[0xffffffe7]}yP][0xffffffd9][0xffffffff][0xffffffcd][0x10][[0xffffff9e][0x15]+[0xffffffc6]$[0xffffffb7][0xffffff8f]7p[0xffffffed]SP[0xffffffb2][0xffffffb2]}[0x3]Y[0xffffffea][0xffffffcd]$u[0xffffffce]}e[0xffffffa4][0xffffff92]o[0xffffff97]n[0xffffffbe][0xffffffa9]o[0x13][0xffffff8f][0xfffffff0][0xffffffc1][0xffffffcc][0xffffffba][0x1e][0xffffff8d][0xffffffbb]7[0xffffffe8]I[0xffffff8d][0xffffff94][0xfffffff2][0xffffff90][\n]"
16:19:10.042 [main] DEBUG org.apache.hc.client5.http.wire -- http-outgoing-0 << "d[0xffffff8b]0[0x12][0xe][0xffffffdd][0xffffff80][0xffffffa0][0x1a]Z$[0x4]+t)[0xffffffd9]t[0xffffffd7]1*[0xffffff9c][0x18]rG$[0xffffff90]_[0xffffffe2][0xffffffbb][0xffffffad][0xffffff98][0x2]B[0xffffffee][0xffffff8a]D[0xffffff92]/}[0x5][0xffffff89][[0xffffff91]Gj[0xffffffba][0xfffffffb][0xffffff8f][0xfffffff9][0xfffffff6][0xfffffff1][0xffffff9b][0xffffffc4]d[0xffffffa3]3[0xffffffc5][0xffffffa0][0xffffffe4][0xfffffff8]3[0xffffffcb]*[0xffffffdd]{[0xffffff8d][0xffffffc0][0xffffffb8][0x14]o[0xffffffdf]<[0xffffffdd][0xffffffc0][0xffffffb5][0xffffff8f]![0xffffffc9][0xffffffca]p{6H[0xffffff9d]g_[0xffffff9b][0xffffffe8][0xffffff9e]k[0xffffffbf]3[0xffffffd3][0xffffffc6][0xffffffe1]6:[0xe][0x14]3L[0xfffffffb][0xffffffbe]d[0xffffff87]"[0xffffffb1][0xffffffc1]IQs`[0xffffffb6][0xffffff9d][0xffffffd0][0xffffffc4][0xffffffa1][0xffffffef][0xffffffaa]D?[0x8]5[0xfffffff2][0xffffffff][0xffffffb3]L[0x1e]sf[0xffffffac][0x5]F[0xffffffa9]$+[0x1a][0xffffffdb][0xffffff91]%[0xfffffff5][0xffffff83][0xffffffef]P[0xffffffe7]Fe$V[0x14][0xffffffb7]aO[0xfffffff0][0x10][0xfffffff9][0xffffffa7][0xffffff8a][0xffffffdb]|[0xffffffb5]Y Q[0xe][0xffffffb7][0x11][0xffffff94]g~][0xffffffa1][0xffffffc0][0x3][0xffffffcd][0xffffff95][0x1e][0xffffffa6][0xffffffb3]n[0xffffffc9][0xffffffb5]o[0x1f]o[0xffffffe0][0xffffffdb][0xffffffa7][0xffffffcf][0xfffffff6][0xffffffca][0xfffffffa][0xfffffff6]l[0xffffff93]6[0xffffffce]=[[0xffffffa9][0xffffffe4][0xffffffdc][0xffffffa5][0xffffffab]o[0xfffffffb][0xffffffdd][0xffffffb6][0xffffffe8]$[0xffffffd1][0xffffff82]h[0xfffffffe][0xffffffdd][0xffffffa6][0xffffff96][0xffffffcd]Bk6[0xfffffff9]d[0xffffff8d]@am[0x7]UDh[0xfffffffe][0xffffff8d]f[0xffffff83][0xffffffee][0xfffffff8][0xf][0xffffffa6][0x13][0x6][0x6][0xffffff82]a[0xffffffbc]:[0x16]]O[0x11]1[0x1e][0xffffff86]y[0x5][0x7f][0x1b][0xffffffc4][0xffffffd1][0xffffffa9]B[0xffffffcc][0x1]Y[0xe]D[0xffffffc0][0xffffff9f][0xffffffe3][0xffffffb8]"[0xffffff9f][0xffffff9d][0xffffff87][0xffffffed]oK[0xffffff95]@'A[0xffffff99][0xffffff9b][0xffffffae];[0xfffffffa]R1/%[0xffffff8d]Y[0xffffffcf][0xffffffbd](1U<[0xffffffde][0xffffffc0][0xffffffbb][0xffffffdf][0xffffffe2][0xffffffed][0xffffff95][0xffffffd3][0x9][0xffffffb3]EZ[0xfffffff8][0xfffffff6][0xffffffb9][0xffffff8d]J[0xffffffbe]}[0xffffffdb]N[[0x7f][0xffffffb9][0xffffffa9]:[0xffffffe7][0xffffffde]Js[0xffffffdf]f[0xffffffac][0xffffff86][0xffffffcd]9S[0x14][0xffffffd0][Q[0xffffffd5][0xffffffa1][0x11][0xffffffa9]l[0xffffff88][0xffffff9d][0xffffffe6][0xffffff97](`3[0xffffff9a]8[0xffffffaa]q[0xffffffe8][0xffffffd8][0xffffff8d][0xffffff98][0x7f][0x19]Q)[0xffffffd6][0xffffffa3]0?[0xffffffb9]_1[0xffffffdf]w[0xffffffce]T4[0xffffffdd]y[0xffffff87]rN[0xfffffffa] [[0xffffff8a][0xffffff84][0x1e][0xffffff96][0x8][0xffffffed]db[0xffffffd3]"[0xffffff81][0x1b][0xffffffdf][0xffffffce]_n[0xffffff88][0xffffffde]|[0xffffffb9]Y[0x1][0x7][0xffffffe5]0/J([0x6][0xffffffdc][0xffffffb7][0xffffff8f]7[0xfffffff0][0xffffffed]cT[0xffffffb2]2[0xffffffde][0xffffff9e]MR[0xffffffe7][0xffffffdc][0xffffffd7]F*;[0xfffffff7]-Cm[0xffffffed][0xffffffdc][0xffffffe4]sp[0xffffffef][0xffffffda]7o$[0xffffffa4]([0xffffffe6]#[0xfffffffd][0xffffff90]z[0xffffff9d][0xfffffffb][0xfffffffa]=[\r]I[0xffffffba][0xffffffd9]D[0x1e]t![0xffffffd1][0xffffff92]b!/[0xffffffdc]?[0xffffffe1][0xffffffa6][0xffffffa8](g[0xffffffe3][0xffffff8b][0xffffff8a]_F[0xfffffff1][0x12][0xffffffa2]7k[0xe][0xffffff87][\n]"
16:19:10.042 [main] DEBUG org.apache.hc.client5.http.wire -- http-outgoing-0 << "UW[0xffffff98][0xffffffaa][0xffffff91]z[0xffffffee][0xffffff83][0x5]n[0xfffffff6][0x10]J[0xffffff92][0xffffffc4][0x1d]}[0xe][0xffffffda][0xffffff9a][0xffffffa5]B[0xffffff89][0xffffffcb][0xffffff85][0x12][0xffffffc6][0xffffff81]5[0xffffffb3]b[0xffffffec]j[0xffffffcb][0xffffffd2][0xffffffe2][0xffffffc5][0xffffffa9][0xffffffc9][0xfffffffd][0xffffff87][0xfffffffb][0xffffffd6][0xfffffff1][0x6][0xffffffce]}[0xc]K[0xffffffd6][0xffffffae][0xffffff93][0xffffff9e]mR[0xffffffe7][0xffffffdd][0xffffffd7]V*{[0xfffffff7][0xffffffed][0xffffffab]o[0x1a][0xffffff96][0xffffffb0][0xffffff80][0x9][0xffffffd7][0xfffffffb][0x9][0xffffffe9]$[0x1c]V[0xfffffff4][0xffffffb8]CPb[\n]"
16:19:10.042 [main] DEBUG org.apache.hc.client5.http.wire -- http-outgoing-0 << "|[0xffffffa0]am[0xffffff8b][0xffffffc1][0xffffffa0]@?[0xffffff8c][0xffffffec][0xffffffe9][0x1c][0xffffff90]Ts4[0x15][0xffffffb2][0xffffffce]%5p[0xffffffe6][0xffffffdf]-3[0xffffff95]P[<[0xfffffffb][0x7][0xffffffe1][0xffffffa2]P[0xffffffae][0xffffffa8]([0xffffff95]8[0xffffffc6][0xffffff90][0x9]-[0x1e]K'[0xf]?[0xffffffb7][0xffffffb0][0xffffffa3][0xfffffffc]a[0xffffffce][0xffffff84][0xffffffa0].[0xffffffca][0xffffff80]h[0x16][0xffffffe3][0xffffffdd]4[0xffffffdd][0x19]P`[0xffffffa5][0xffffff82][0xffffffe1][0xf][0xffffffba]T+[0xffffffb9]}[0xffffffbc][0xffffff81]w[0xffffffbf][0xffffff85]%+'[0x14]0[0xffffffc7][0xffffff9b]EZ[0xfffffff8][0xfffffff6][0xffffffb9][0xffffff8d]J[0xffffffbe]][0xffffffba][0xfffffff8][0xffffffb6][0xffffffbe]M[0xfffffffa]F[0xffffff91][0xffffffe2]'[0xffffffb0][0xffffffa5][0xffffffe0][0xffffffab]N[0xffffff99]=[0xffffffa2]as[0xffffffa7]q2~[0xfffffff4][0x14][0xfffffffd][0xffffff86][0x18][0xffffffc6][0xffffff84][0xffffff88][0x1a][0x13][0xffffff95]S[0xffffff8e][0xffffffb6]qc[0xffffff84][0x1]-ue[0xffffffc4][0xffffff8c]'"[0xfffffff1]!oZ`[0xffffffb9]s[0xffffff85]o[0xffffffb3]m[0x7]e[0xffffffd6][0xffffffa7][0x12]J8[0x1a]yj[0xffffffa8]4|#[0xffffffcc]~[0xffffffab][0x1f][0x9][0xffffffa5][0xffffffca][0xffffffbe][0xffffff8d][0xffffffda][0x1f][0xffffffda][0xfffffff4][0xb]a[0xffffffc9][0xffffffed][0xffffffe3][\r]|[0xfffffffb][0xfffffff4][0xffffffe5]^[[0xffffffe4]>[0xffffffd9][0xffffffa4][0xffffffce][0xffffffbb][0xf][0xffffffd5][0xffffff92]s+[0xffffff95][0xffffffbc][0xffffffbb]t[0xfffffff5]m[0xffffffbd][0x1b][0xfffffff9]I4[0xffffffdf][0xffffffdb]{[0xfffffff7][0xffffff90]?[0xffffffdd]"[0xffffffb1]/[0xffffff99]A[0xffffffb1],[0xffffff8b][0xffffff83][0x10][0xffffffa0]a[0xffffffbb]8[0xffffffe3]c[0x8]6t$[0xffffff92]4%I8[0xfffffff3]hpGJ[0xffffffc9][0x7][0xffffff9d][0xffffffc5]P9.[0xffffff9f][0xfffffff2][0xffffffc2][0xffffffbe][0xffffff8a]"7r[0xffffff94]l[0xffffff87][0xffffff90][0xf][0x7][0xffffffdd][0xffffff96][0xffffffa0][0x1b]Q4[0xffffff98][0xffffff91][0xffffffae][0xffffffd8][0xffffffc0]Agz[0xffffffbf][0xffffffb6][0x11][0xfffffff9]K[0xffffffd6].H([0xfffffff0][0xffffffe5][0x15][0xffffff97][0xffffffc4]%[0xffffffb7][0xffffff8f]7[0xfffffff0][0xffffffee]c[0xffffffd0][0xffffffbd][0xffffffb2]Z2[0xffffff9b][0xffffffa4][0xffffffce][0xffffffb9]Q[0xffffffd7][0xffffffba]0R[0xffffffd9][0xffffffb9]o[0x19][0xffffffea][0xffffffe7][0x4][0xffffffdd][0xffffffff][0xfffffff6][0xffffffcf][0xffffffff][0xfffffff1][0xffffffff][0x0][0xe]6T[0xffffffd4]$3[0x1][0x0][\r][\n]"
16:19:10.042 [main] DEBUG org.apache.hc.client5.http.wire -- http-outgoing-0 << "0[\r][\n]"
16:19:10.042 [main] DEBUG org.apache.hc.client5.http.wire -- http-outgoing-0 << "[\r][\n]"
16:19:10.051 [main] DEBUG org.apache.hc.client5.http.impl.classic.InternalHttpClient -- ep-0000000001 releasing valid endpoint
16:19:10.052 [main] DEBUG org.apache.hc.client5.http.impl.io.PoolingHttpClientConnectionManager -- ep-0000000001 releasing endpoint
16:19:10.054 [main] DEBUG org.apache.hc.client5.http.impl.io.PoolingHttpClientConnectionManager -- ep-0000000001 connection http-outgoing-0 can be kept alive for 3 MINUTES
16:19:10.055 [main] DEBUG org.apache.hc.client5.http.impl.io.PoolingHttpClientConnectionManager -- ep-0000000001 connection released [route: {s}->https://hub.docker.com:443][total available: 1; route allocated: 1 of 5; total allocated: 1 of 25]
16:19:10.056 [main] DEBUG org.apache.hc.client5.http.impl.classic.InternalHttpClient -- ex-0000000002 preparing request execution
16:19:10.056 [main] DEBUG org.apache.hc.client5.http.impl.classic.ProtocolExec -- ex-0000000002 target auth state: UNCHALLENGED
16:19:10.056 [main] DEBUG org.apache.hc.client5.http.impl.classic.ProtocolExec -- ex-0000000002 proxy auth state: UNCHALLENGED
16:19:10.056 [main] DEBUG org.apache.hc.client5.http.impl.classic.ConnectExec -- ex-0000000002 acquiring connection with route {s}->https://hub.docker.com:443
16:19:10.057 [main] DEBUG org.apache.hc.client5.http.impl.classic.InternalHttpClient -- ex-0000000002 acquiring endpoint (3 MINUTES)
16:19:10.057 [main] DEBUG org.apache.hc.client5.http.impl.io.PoolingHttpClientConnectionManager -- ex-0000000002 endpoint lease request (3 MINUTES) [route: {s}->https://hub.docker.com:443][total available: 1; route allocated: 1 of 5; total allocated: 1 of 25]
16:19:10.057 [main] DEBUG org.apache.hc.client5.http.impl.io.PoolingHttpClientConnectionManager -- ex-0000000002 endpoint leased [route: {s}->https://hub.docker.com:443][total available: 0; route allocated: 1 of 5; total allocated: 1 of 25]
16:19:10.057 [main] DEBUG org.apache.hc.client5.http.impl.io.PoolingHttpClientConnectionManager -- ex-0000000002 acquired ep-0000000002
16:19:10.058 [main] DEBUG org.apache.hc.client5.http.impl.classic.InternalHttpClient -- ex-0000000002 acquired endpoint ep-0000000002
16:19:10.058 [main] DEBUG org.apache.hc.client5.http.impl.classic.MainClientExec -- ex-0000000002 executing GET /v2/repositories/selenoid/vnc/tags?page=2&page_size=100 HTTP/1.1
16:19:10.058 [main] DEBUG org.apache.hc.client5.http.protocol.RequestAddCookies -- ex-0000000002 Cookie spec selected: strict
16:19:10.058 [main] DEBUG org.apache.hc.client5.http.impl.classic.InternalHttpClient -- ep-0000000002 start execution ex-0000000002
16:19:10.058 [main] DEBUG org.apache.hc.client5.http.impl.io.PoolingHttpClientConnectionManager -- ep-0000000002 executing exchange ex-0000000002 over http-outgoing-0
16:19:10.058 [main] DEBUG org.apache.hc.client5.http.headers -- http-outgoing-0 >> GET /v2/repositories/selenoid/vnc/tags?page=2&page_size=100 HTTP/1.1
16:19:10.058 [main] DEBUG org.apache.hc.client5.http.headers -- http-outgoing-0 >> user-agent: Apache-HttpClient/5.0
16:19:10.058 [main] DEBUG org.apache.hc.client5.http.headers -- http-outgoing-0 >> accept-encoding: gzip, deflate, br
16:19:10.058 [main] DEBUG org.apache.hc.client5.http.headers -- http-outgoing-0 >> cache-control: max-age=0
16:19:10.058 [main] DEBUG org.apache.hc.client5.http.headers -- http-outgoing-0 >> connection: keep-alive
16:19:10.058 [main] DEBUG org.apache.hc.client5.http.headers -- http-outgoing-0 >> Host: hub.docker.com
16:19:10.058 [main] DEBUG org.apache.hc.client5.http.wire -- http-outgoing-0 >> "GET /v2/repositories/selenoid/vnc/tags?page=2&page_size=100 HTTP/1.1[\r][\n]"
16:19:10.058 [main] DEBUG org.apache.hc.client5.http.wire -- http-outgoing-0 >> "user-agent: Apache-HttpClient/5.0[\r][\n]"
16:19:10.058 [main] DEBUG org.apache.hc.client5.http.wire -- http-outgoing-0 >> "accept-encoding: gzip, deflate, br[\r][\n]"
16:19:10.058 [main] DEBUG org.apache.hc.client5.http.wire -- http-outgoing-0 >> "cache-control: max-age=0[\r][\n]"
16:19:10.058 [main] DEBUG org.apache.hc.client5.http.wire -- http-outgoing-0 >> "connection: keep-alive[\r][\n]"
16:19:10.059 [main] DEBUG org.apache.hc.client5.http.wire -- http-outgoing-0 >> "Host: hub.docker.com[\r][\n]"
16:19:10.059 [main] DEBUG org.apache.hc.client5.http.wire -- http-outgoing-0 >> "[\r][\n]"
16:19:10.222 [main] DEBUG org.apache.hc.client5.http.wire -- http-outgoing-0 << "HTTP/1.1 200 OK[\r][\n]"
16:19:10.222 [main] DEBUG org.apache.hc.client5.http.wire -- http-outgoing-0 << "date: Wed, 13 Mar 2024 16:19:10 GMT[\r][\n]"
16:19:10.222 [main] DEBUG org.apache.hc.client5.http.wire -- http-outgoing-0 << "content-type: application/json[\r][\n]"
16:19:10.222 [main] DEBUG org.apache.hc.client5.http.wire -- http-outgoing-0 << "transfer-encoding: chunked[\r][\n]"
16:19:10.222 [main] DEBUG org.apache.hc.client5.http.wire -- http-outgoing-0 << "content-encoding: gzip[\r][\n]"
16:19:10.222 [main] DEBUG org.apache.hc.client5.http.wire -- http-outgoing-0 << "x-ratelimit-limit: 180[\r][\n]"
16:19:10.222 [main] DEBUG org.apache.hc.client5.http.wire -- http-outgoing-0 << "x-ratelimit-reset: 1710346810[\r][\n]"
16:19:10.222 [main] DEBUG org.apache.hc.client5.http.wire -- http-outgoing-0 << "x-ratelimit-remaining: 179[\r][\n]"
16:19:10.222 [main] DEBUG org.apache.hc.client5.http.wire -- http-outgoing-0 << "x-trace-id: 561a3b58728ddb844c66c9e0c78537dd[\r][\n]"
16:19:10.222 [main] DEBUG org.apache.hc.client5.http.wire -- http-outgoing-0 << "server: nginx[\r][\n]"
16:19:10.222 [main] DEBUG org.apache.hc.client5.http.wire -- http-outgoing-0 << "x-frame-options: deny[\r][\n]"
16:19:10.222 [main] DEBUG org.apache.hc.client5.http.wire -- http-outgoing-0 << "x-content-type-options: nosniff[\r][\n]"
16:19:10.222 [main] DEBUG org.apache.hc.client5.http.wire -- http-outgoing-0 << "x-xss-protection: 1; mode=block[\r][\n]"
16:19:10.222 [main] DEBUG org.apache.hc.client5.http.wire -- http-outgoing-0 << "strict-transport-security: max-age=31536000[\r][\n]"
16:19:10.222 [main] DEBUG org.apache.hc.client5.http.wire -- http-outgoing-0 << "[\r][\n]"
16:19:10.222 [main] DEBUG org.apache.hc.client5.http.wire -- http-outgoing-0 << "295A[\r][\n]"
16:19:10.222 [main] DEBUG org.apache.hc.client5.http.wire -- http-outgoing-0 << "[0x1f][0xffffff8b][0x8][0x0][0x0][0x0][0x0][0x0][0x0][0x3][0xffffffc5][0xffffff9d][0xffffffeb]r[0x1b]W[0xffffff96][0xffffffa5][0xffffffff][0xffffffcf]c[0xfffffff0][0xffffffef]X[0xfffffff0][0xffffffb9]_[0x18][0xffffffd1]1/[0xffffffe1]_=[0xffffffd3][0xffffffa1]8[0xffffff97][0xffffffcc]6gdIAQ[0xffffff8a][0xffffffaa][0xffffffee][0xffffffa8]w[0xffffff9f][0xffffffef][0xffffff80][0x4][0x12]"[0xffffff91]T[0x2]y[0xffffff90][0xffffffae]pW[0xffffffdb]2[0xffffff8a][0xffffffd2]N.[0xffffffee][0xffffffdc][0xffffff97][0xffffffb5][0xffffffd6][0xfffffffe][0xffffffef][0xffffffbb][0xfffffff2][0xffffffe5][0xfffffffb][0xffffffe7][0xffffffa7][0xffffffbb]{[0xffffffe5][0xffffffc2]ow[0xffffff9f][0xffffff87][0x7f][0xfffffff0][0xffffffb7]w[0x7f]>=}[0xfffffffd]v[0xffffffff][0xfffffffb][0xffffffef][0x7f]~[0xffffffcf][0xffffffbb][0xfffffffa][0xffffffa5][0xfffffffc][0xffffffbf][0xffffffe1]qW[0xffffffbe][0xfffffffc][0xfffffff5][0xfffffffb][0xf][0xfffffff5][0xfffffffb][0xffffffe3][0xfffffff0][0xfffffff5][0xffffffcb][0xffffffb7][0xffffff87][0xffffffa7]/[0xffffff8f][0xf][0xffffffc3][0xffffffb7][0xffffffdf][0xffffffbf][\r][0xffffff9f][0xffffff86][0xffffffcf]_[0x1e][0xffffffea][0xffffffef]?>[0xffffff97][0xffffffdf][0xffffff9f][0xffffffd2][0x7f]~[0xfffffffb]__[0xffffffd3][0x7f][0xe][0xffffffff][0xffffffa6][0xffffffff][0xffffffcf]w![0xffffff94]k[0x7f][0xffffffff][0xfffffff1][0xffffffdb][0xffffffc3][0x7f][\r][0xffffffff]&[0xffffff85][0xffffffb8][0xfffffffb][0xffffffed][0xffffffee][0xffffffeb][0xffffffe3][0xfffffff0][0xffffffe3][0xffffffe1][0xffffffcb][0xfffffff7]o[0xffffffab][0xffffffbf][0xffffffbe]<[0xffffffff][0xfffffff5][0x1f][0xffffff87]o[0xffffffdf]?=[0xfffffff1][0xffffffe5][0xffffffff][0xfffffff7][0x7f][0xffffffdf][0xffffff95][0xffffffc7]![0xfffffff1][0xffffff87][0xffffffbc][0xffffffbb][0xfffffff7]Z[0xffffffb8][0x10][0x7f][0xffffffbb]{[0xffffffa8]w[0xfffffff7][0xffffffd2]hm[0xffffff9c][0xffffffb0][0xffffff8a][0x7f][0xfffffffc][0xffffff8b]?[0xffffffdc][0xfffffff3]G[0xffffffd3]c[0xfffffff9][0xfffffff3][0xffffffe1]i(O[0xffffffdf][0x1f][0x7][0xfffffffe]h[0xffffffe9][0xffffffaf][0xffffffea][0xc][0x7f][0xffffffda][0xffffff91]/[0xffffffc0][0xffffffaf][0xffffffb4]?-[0xffffffff][0xfffffff4]#=>[0xffffffa4][0xfffffff6][0xffffff94]>[0x7f][0xffffffff][0xfffffff4][0xffffffe9][0xffffffb7][0xffffffbb][0xfffffffa][0xffffffc0][0xffffffff][0xffffffba]=[0xffffffa8]o[0x7f]&e[0xffffffdd][0xffffffbd][0xffffffc8]CL[0xffffffd6][0xffffffea][0xffffffc1][0x5]_[0xfffffff4][0x10]kM[0xffffffa3]/[0xffffffb2]V#[0xffffff95][0xffffff8e]2[0xffffffba]2[0xffffffa4][0xffffffe8][0xffffffa2][0xffffffe6][0xffffffdf][0xffffffa5]dKJ[0xffffffc1]:[0x1d][0xffffffbc]1[0xffffffd9][0xffffff8e]VX[0xffffffc7][0xffffffef][0xfffffff0][0xffffffa5][0xfffffffd]N[0xffffff9f][0x1e]>[0x7f][0xffffffff][0xffffffc7][0xfffffffe][0x1f]>[0xfffffffe][0xfffffffc][0xfffffffb][0xfffffff3][0xb]?[0xffffff86][0xffffffc7]o[0xf]_>[0x1f][0xfffffffe][0x8][0xffffffed][0xffffffc1][0xffffffde][0xffffffdd][0x1b][0xffffffe9][0xc]_[0xffffffcb][0xfffffff2][0xffffffad][0xfffffffb][0xfffffff6][0xffffffc4][0x1f][0xffffffb8]}[0xffffff91]T[0xffffff9e][0x1e]~[0xc]|[0xffffff95]O[0xffffffe9][0xffffffdb][0xffffffd3][0xffffffc7][0xffffffaf][0xfffffffc][0xffffff81][0x7][0xffffff82][0xffffffbf]SB[0xffffff99][0xf]B[0x7f][0xffffff90][0xfffffffa][0xf][0xffffffa9][0xffffffee][0xffffff85][0xffffffe4]q[0xffffffec][0xffffff8c][0x8]Z[0xffffff87][0x7f][0xffffff9f]>[0xfffffffb][0xffffffed][0xffffffcf][0xffffffc3]ge[0xfffffffb][0xffffffac][0xffffff8a][0x7f][0xffffff88]po4[0xffffffe0][0xffffffd8][0xfffffff9][0xffffffa0][0xffffff84][0xfffffff6][0xffffffff]~[0xfffffff7][0xffffffaf][0xffffffff]x[0xfffffff9][0xffffffca][0xffffffdf][0xffffffbf][0xffffffd6][0xfffffff4][0xfffffff4][0xffffffcb][0xffffff8f][0xffffffff][0xfffffff4][0xffffffe1][0xffffff93]o[0xffffffc8][0xfffffffe][0xf][0xfffffff7][0xfffffffc]%[0x1e]?~[0xffffffff]6<~N[0x7f][0xffffffb5][0xffffffe7][0xffffffff]#}~H_[0xffffffbf]|[0xfffffff9][0xffffff93]?[0xffffffd4][0xffffffcb]/}[0xfffffff9]:<[0xffffffa6][0xffffff8f][0xffffffde][0xffffffee][0x1a][0xffffff8a][0xffffff8e][0x0][0xfffffffc]'[0xffffffdf]P+ul[0xffffffdf][0xffffffdd][0xffffff91] [0xfffffff7]P[0xfffffffb][0xffffffe9][0xffffff89][0xfffffffc]Pw[0xfffffff7]O[0xffffff8f][0xffffffdf][0xffffff87][0xffffffdf][0xffffffee][0xffffffc0][0xffffffe6][0xffffffc7][0xffffffb7][0xffffffcf][0xffffffa7][0xfffffffd][0xffffffea]%[0xffffffcf][0xffffffe8][0xffffffe4][0xfffffff3][0xb][0xffffff9e][0xffffffd3]ow[0x7f][\r][0xfffffff5]!}|[0xfffffffa][0xffffffe7][0xffffffd7]=[0xffffffae][0xffffffbe]~[0xfffffffd][0xfffffff4]P[0xffffffd2][0x13][0xffffffdf]B~\[0xffffffea][0xfffffff4]c[0xfffffff5][0xfffffff9])=|[0xffffffe6][0x7]l[0xf][0xffffffc9][0xffffffdd][0xf][0xfffffff9]?[0xffffffff][0xffffffef]7[0xffffffbe][0xffffffcb][0xffffffbf][0xfffffff1]c[0xfffffff9][0xfffffff9]i[0xfffffff8][0xfffffffc]t[0xfffffff8][0xffffffdf][0xffffffef][0xffffffff][0xfffffff5][0xffffffdd][0xffffffbf]~[0xffffff9b][0xffffffc7][0xffffffb6][0xffffff88][0xffffffd2][0xffffffa8][0xfffffffe][0xffffffd8].2[0xffffffa7]j[0xffffff85],[0xffffffc5]J[0xffffffab]S[0xffffffb4]itI[0xffffff86]P[0xffffff9c][0xfffffff6]1[0xffffffba][0xffffffd1][0xffffffab][0xffffffac][0xffffff84][0xffffffd3][0xffffffb1]hcB[0xffffffd5][0xffffffbe][0xffffffe6][0xffffff98][0xffffff9d][0xffffff95]B[0xffffff8d]~[0xffffffe0]#~[0x5][0xffffffb6][0xffffff95][0xffffff91][0xffffffc1]iw[0x19][0xffffffb6][0xffffffcd][0xffffffbd][0x10][0xfffffff7]V[0xffffffed][0xffffffbc][0xfffffff2]Z[0xffffffbe][0xffffff87]m[0xfffffff7][0xffffff87][0xffffffe0][0xffffffb3][0xffffffee]^[0xffffffdb]][0xffffffd0]![0x18][0xfffffff5]>[0xffffffb6][0xffffffcf]|[0xffffffbc][0x3][0xffffffb6][0xffffffc7][0xffffff87][0xffffffc7]a[0xfffffffc][0xfffffff2][0xffffff8f][0xffffff8f][0xffffffc1]/D[0xfffffff7][0xfffffff1][0xffffff99][0xffffffac]C[0xfffffff7][0xffffffdb][0xffffffa7][0xfffffff4][0xe][0xffffffba][0xffffffcf][0xffffff86][0xffffffbe]-[0xffffffba][0xffffff85][0xffffffb7]Qz[0xffffffdb]=s[0x17]G6[0x1e][0xfffffff3]`[0x6][0xffffffab][0x6][0xffffffc5]_&[0xfffffff8][0xffffffe8]E*V[0x14]9[0xffffffc8]2[0x1a]/-[0x10][0xffffff8f][0xffffffa6][0x6][0xffffff95][0xc][0xffffff98][\n]"
16:19:10.223 [main] DEBUG org.apache.hc.client5.http.wire -- http-outgoing-0 << "[0xffffffc9][0xffffffaa][0xffffff9c]2[0xffffffff]$}no[0xffffff8a]k3[0xffffffb7][0xffffff94][0x11][0xffffff80][0xffffffca][0xffffffcb][0xffffffd0]}[0xffffffc8][0xffffffdc]Q+e[0xffffffc8][0xffffffc6][0xffffffc7],[0xffffffff]*#I[0xfffffff1][0xffffff87][0xffffff88][0xfffffff7][0xffffffda][0xffffffdd]+[0xffffffb1][0xffffffb3][0xffffffda][[0x17][0xffffffdf]E[0xfffffff7][0xffffffb9][0xffffff8f][0xfffffff7]D[0xffffffb7][[0xffffff88][0xffffffee][0xffffffe3]3Y[0xffffff87][0xffffffee][0xffffffb7]Oi[0x1e][0xffffffdd][0xffffffe7]C[0xffffffdf][0x14][0xffffffdd][0xffffffbc][0xffffffc4][0xffffff8c]P[0xffffffd1]wG[0xffffffb7][0xffffffa8]J[0xffffffd8]lD[0xffffffa5][0xffffffdc][0x18]L[0x9]V[0xffffffa6](r[0x1a][0xffffffc3][0xffffffa0]r)[0xffffffc6]$[[0xffffffab][0xffffff8b]r[0xffffffd4][0xffffffa2]h/[0xffffffdd][0xffffffe0]k[0x12][0xffffffde][0xffffffc8]a[0xffffffb4]#[0xffffff95]K[0xffffffad][0xffffffd7][0xffffffa3][[0xb][0xffffffa5][0xffffffa9][0x18].[0xffffffce][0xffffffdd][0xffffff86]bJ[0xffffffee](U[0xffffff82][0xffffff9b][0x7][0xffffffb7][0xffffffa0][0xffffff84]1[0xfffffff7][0xffffffda][0xffffffdf][0xb][0xffffffb3][0xffffff8b][0xfffffffc]G[0xffffffc8]w[0xffffffc1]}[0xffffffee][0xffffffe3][0x1d][0xffffffc0]][0xfffffffe]|[0xfffffffc][0xfffffff2][0xffffffd7][0xfffffff0]1[0xffffffc4]e[0xffffffd8][0xffffff9e][0xffffff9e][0xffffffc8]:l[0xffffff9b][0xfffffffb]W[0xffffffcf]h[0x1e][0xffffffda][0xffffffe7][0x3][0xffffffdf][0x16][0xffffffda][0xffffffde]J'][0xffffffff][0xffffffc4][0xffffff9d][0xffffffa8]gm[0xfffffff1][0xffffffda][0xffffffa5][0xffffffc1][0x8]00[0xfffffff8][0xffffff98][0xffffff84]1>*Y[0x6][0xffffff97][0xffffff83]$[0xffffff95][0xffffffc4]a[0xffffffc8]#o[0xfffffff6]1[0xffffffe7][0xffffffa8][0xffffffa9]umuRH[0xffffffa9][0x1c][0xffffffe8][0xffffffbe][0x1e][0xffffffda]R[0x1b][0xffffffc5][0xffffffef]xU[0xffffffc9]mw[0xffffffa6]u!s[0xffffffd0]V[0x1f][0xffffffa4][0xfffffff9]C[0xffffffda]{a[0xffffffef][0xffffffb5][0xffffffe0][0xffffffa3][0xffffffc2][0xffffff88][0xfffffff7]*[0xffffffee][0xfffffff3][0x1f][0xffffffef][0x0][0xffffffed][0xffffff97][0xffffff8a][0xffffffdb],C[0xfffffff6][0xfffffff4]@[0xffffffd6]![0xfffffffb]9k[0xffffff9f]<[0xffffffa2]9d[0xffffffcf][0xffffffc5][0xffffffbd]-[0xffffffb2][0x1d]u[0xffffff82]n[0xffffff9d]W[0xffffffe7]f[0xffffffd2][0xffffffd9][0xffffffea]M&M[0xfffffffb]0[0xffffff8c]b[0xffffff88]N+K[0xffffff89]-\%Yk[0xffffffab][0xffffffc7][0x1a]s[0xffffffb4][0xffffffa3][0xffffff90][0xffffff94][0xffffffd9][0xffffffa3][0xffffffe3]W[0xffffff86]L[0xffffffa1][0x12][0xffffff8a][0x1e][0xffffff87][0xffffffd1][\r]&[0xffffffaf]@[0xffffffb6]p[0xffffff96][0xffffffcc][0xffffffab][0xffffffaf])I[0xffffffec][0xffffffce])[0xffffffeb][0x5]E[0xfffffff4][0xfffffff9][0xffffff92][0xffffffe4][0xfffffff9]{[0xffffffa6][0xffffffef]u[0xffffffbc][0xffffff97]q[0xffffffa7]=][0xfffffff9][0xffffffaf][0xffffffa1][0xfffffffd][0xfffffffa][0xffffffe3][0x1d][0xffffffa0]},[0xffffffb8][0xffffff97][0xffffffb6][0xffffff93][0xffffffc7]g[0xffffffd2][0x7][0xffffffdc][0xffffffd3]Sz[0x1f][0xffffffdd]oC[0xffffffdf][0x16][0xffffffdd]::o[0xffffffb5][0xffffffe8][0xffffff8e][0xffffffee][0x0][0xffffffaa][\r]I:[0xffffffd7][0x1a]K[0x1a][0xffffffcd][0xffffffa8]KI[0x19]T[0xffffffe7]X[0x2][0xffffffe3][0xffffff88][0xffffff9a][0xffffffec]P[0xffffffaa][0xffffffa2][0xffffff93][0xffffffac]R[0xffffffe4][0xffffffc0][0xffffffe4][0xffffffa4][0x14]!k[0xffffffd1][0xffffffd6]kU[0xffffff86][0xfffffff1]jtk[0xffffffe7]A[0xffffff9d]u[0x17][0xffffff96]$[0xffffff96])[0xffffffc3][0xffffffbd][0xffffffb1];^'v[0xffffffbe][0xffffffe0][0xffffff96][0x1f][0xffffff94][0xfffffff8]C[0xffffff8a][0xfffffff6]Y[0xffffffa9]w[0xffffffce]+#[0xffffffa8]_fG%[0xffffffe7]?[0xffffffde][0x1][0xffffffdd][0xffffff87][0xffffff9a]$,[0xffffffca][0xffffffdc]'[0xffffff8f]d[0x1d][0xffffffb8][0xffffffdf]>[0xffffffa4]9p[0xffffffcf]E[0xffffffbe]1[0xffffffb8][0xffffff85]fR[0xffffffd7][0xffffffbf][0xffffffde]v[0x14][0x19][0x3][0xffffffa5][0xffffffab][0xffffffd6]5[0xffffffdb]*[0xffffffbd]SEi[0xffffffeb][0xffffff84][0xffffffd7][0xffffffa9]DQ[0xffffffbd][0xffffff94]b,)[0x6][0xffffff97][\r][0xfffffff3]A[0x15][0xffffffd3](M[0xffffffa5][0xffffff8e]IC,Y[0xffffffab][0xffffffb8][0x2][0xffffffdc]T7[0xffffffc2]+~^[0xffffffdf][0xffffffce][0xffffffb9]~5[0xffffffe3]r;i[0xffffff83][0xfffffff0][0xffffffb3][0xffffffb3][0x12][0xffffffd9]f[0xffffff86]t[0xffffff93][0xffffff8c][\r][0xffffff8d][0xffffffdc][0xffffffc9][0xfffffff6]cd[0xffffffde][0x5][0xfffffff7][0xffffffb9][0xffffff8f]w[0x0][0xfffffff7]KU[0xffffffa2][0x17]b[0xfffffffb][0xfffffff8]D[0xffffffd6]a[0xfffffffb][0xffffffb9]*9}F[0xfffffff3][0xffffffd8]>[0x1f][0xfffffff8][0xffffffb6][0xffffffd8]f[0x18][0xffffffc7]8[0xffffff8e],[0xffffffd7][0xffffffb9],[0xffffffc9][0xffffffd5][0xffffffb9]4[0xffffffaa][0xffffffa8][0xffffff83][0xffffffa5]&[0xffffff89]E&[0xffffffca][0xffffff91]!d*[0x14]&[0xffffffde][0xffffff9e][0xffffffb1][0x9][0xfffffff3][0xffffff99][0xffffff90][0x19][0xffffff81][0xffffff9b][0x10][0xffffff84][0x12][0x3];[0x0]&$J[0xffffff94]jt[0xffffffb2][0xffffffd7][0xffffffcf][0x1][0xffffffb5][0x15]"0[0x8]4[0xffffff97]b[0xffffffdb]PH[0xfffffffb]}Y[0x12][0xffffff99]~[0xffffff9c]/K[0x18]s[0xffffffdb]?[0xffffffe4][0xfffffffe]e[0xffffffcb][0x1c]0[0xffffffaa]`~[0xffffff81][0xffffffed]s[0x1f][0xffffffef][0xffffff80][0xffffffed]cY[0xffffffb2][0xffffffac][0xffffffe6]>y&k[0xffffffd1][0xfffffffd][0xfffffffa])[0xffffffcd][0xffffffa3][0xfffffffb]|[0xffffffe8][0xffffff9b][0xffffffa2][y[0x13][0xffffffad]R[0xfffffffd]3[0xffffffb7] [0xffffffad]1[0xffffffec][0x1b][0xffffff82][0xffffff89][0xffffffd2]E[[0x6][0xffffff9f][0xffffffc4]8F[0xffffffe5]}[0x16][0xc]N[0xffffffc6]\%[0xffffffd3]m[0xfffffffe][0xffffffb2]&g:[0xffffffcc]1[0xffffff8c][0xffffff92]B%3,L[0xffffff92][0x7f][0xffffffb8]>s[0xffffffdb]([0xffffffac][0xc][0xffffff9e][0xffffffc1][0xfffffffd]5[0xffffff99][0xffffff9b][0xffffffff][0xffffffb5][0xffffffd6][0xfffffff6],[0xffffffba][0xffffffc5][0x7][0xffffffc9][0xffffffdb][0xffffff96]~[0xffffffd2][0xffffffdd][0xfffffff3][0xffffff97][0xffffff89][0xffffffbb] [0xffffff95][0xffffffb7]|[0xfffffff6]|Y2[0xfffffffb][0xfffffff1][0xe][0xffffffe8]~[0xffffffc9][0xffffffdc]jY[0xffffffe6][0xffffff9e][0xffffff9e][0xffffffc8]Zl[0xffffffb7]-[0xffffff97][0xffffffdb]M[0xffffffcf][0xffffffe8],[0xffffffb6][0xffffffdf][0x9]|[l;k[0xffffffd5]-[0xffffffaa][0xffffff92][0xffffffa4][0xffffff86][0x1a]D[0xffffff8a][0xffffff86]ys[0xffffffa9]6[0xc][0xffffffd1]J5[0x1a]a[0xffffffc2][0xffffff98]Fv4&[0xffffff87][0xffffffcc]00Hj[0x12]1J[0x6][0xffffffdb][0xc]ND[0x15]2[0xffffff9a]P[0xffffff84]XS[0xffffff95][0xffffffd0]#;'/[0xffffffc4][0xffffffb6][0xffffffb9]g[0xffffffa5]j[0xffffffc5][0xffffffce]I[0xffffffc3][0xffffffc0]}[0x1e][0xffffffdb]2[0xffffffb4]1[0xffffffa0]U[0xffffffad][0xffffffa1][0xffffffb4][0xffffffc6][0x5]7[r[0xffffffef][0xffffffbf][0xffffffc5][0xffffffe7]>[0xffffffde][0x1][0xffffffdb][0xffffff87][0xffffff92]{[0xffffffd9][0x2]G[0xffffffbb][0xffffffe3]#Y[0x7][0xffffffee][0xffffffb7][0xf]i[0x1e][0xffffffdc][0xffffffe7]#[0xffffffdf][0x1a][0xffffffdc][0xffffff86][0x15][[0xffffffff][0xffffffb2]d[0xffffffac][0xffffffa3][0x1d]X[0xffffffd0][0xffffff88][0xffffffd8]V[0xffffffd9][0xffffffde][0xc]ca[0xffffffdc]G;i[0xffffffc7][0xffffffec]G[0xffffff92][0xffffffb3][0xffffffa4]m[0x4][0xffffffd0]y[0xffffffb0]6[0xffffffa8][0xffffffec]s[0xffffffc9]R[0xffffffd7]8h[0xffffffb0][0x1d][0xffffffa2]J[0xffffffd7]'n[0x13][0xffffff9d]5F3[0xffffffda][0xffffffbc]<q[0x3][0x16]![0xffffffb5]??[0x8]<A[0xffffffab][0xffffffa6][0xfffffffa][0xffffffa4][0xfffffff7]4[0xffffffde][0xffffffab][0xffffffd9][0x5][0xffffffce][0xffffffec][0xffffffc7];[0xffffff80][0xfffffffb]X[0xffffff96],,[0xffffffba][0xffffffa7]g[0xffffffb2][0xe][0xffffffdd][0xffffffcf]E[0xfffffff7][0xffffffe9]S[0xfffffffa][0x15][0xffffffba][0x7f]~R[0x1b]/[0xffffffdf][0xffffff95][0xffffff8a][0xffffffc2][0xffffffc9][0x1b]LK[0xffffffc6]b[0xffffffa4][0xffffffb4]c[0xfffffff4][0xffffffb0]sxyS[0xffffff80][0xf][0xffffffcc][0x5]u[0xffffffac][0xffffffa4]i[0xffffffa5]\[0xffffffd5]Q[0xffffff8d]V[0xffffffb1][0xffffffa8][0xffffffd4][0xffffff83][0x1e][0xffffffbd][0x1c]@[0xfffffffa][0x18]45w[0xffffffb1][0xffffff94][0xffffffcc][0xffffffe3][0xfffffff5][0xffffffc4][0x12][0xffffffcd][0xffffffcb]B[0xffffff93][0xffffffaa][0xffffffae]ZO[0xfffffffa][0x1d]M[0xffffff88]5[0xffffffb3]e[0xffffff89][0xfffffff8][0xffffffa0][0xffffffd8][0xffffffe0]04[0xffffffd8]/{[0xffffffe0][0xffffff95][0xffffffbc]W[0xffffff94][0xffffff9c][0xfffffffb]pOd/,J[0xffffffa6][0xffffffe7][0xffffffd1][0x7][0xffffffd9][0xffffffd3][0x13][0xffffff9a]C[0xfffffff6][0xfffffff9][0xffffffc0][0xffffffb7][0xffffffcd][0xffffffda][0xffffff92]f[0xffffffd2][0xffffffb6][0xffffff81]p[0xffffffe7]f[0x12][0xffffffae][0xffffff88][0xffffffc8]#[0xffffffb9]x[0xfffffff4][0xffffffd1]Ru[0x8][0xffffffe5]a[0xffffff96][0xfffffff8][0x8]#J[0xffffffe7]Q[0xffffffbb][0xffffffca][0xffffffee][0xffffff90][0xc]-c[0xffffffaa]e[0x1c][0xffffff85]K[0x2][0xffffffee][0x11][0xfffffff9]6[0xffffff83]xi[0xffffff86]r}[0xffffffd6][0xffffffb6]^z[0xffffffbe][0xffffffee][0xffffff95][0xffffffb8]6[0xffffffda][0xffffffe8]p~[0xffffffc6]M[0x1a][0xffffffe6]/[0xfffffff5][0xffffff87][0xfffffff4][0xfffffff7][0xffffffd6][0xffffffb7][0xffffffb2][0xffffffd3][0xffffffa9]h[0x1c][0x19]~[0xffffffb6][0xffffffdc]>[0xffffffff][0xfffffff1][0xe][0xffffffd8]~)[0xffffffb7][0xffffffd9][0xffffffa3][0xfffffff2][0xffffff9c]~E[0xffffff98]b[0xffffffb0]zx"}[0xffffff90]==[0xffffffa3]yd[0xffffff9f]{N[[0xffffffe7]l)lt[0xffffffa2]q[0x3][0xfffffffb][0xffffff92][0x1][0xffffff99]R3[0xfffffff9][0xffffffcb][0xffffffb1]F8$ed[0x14][0xffffffec][0xffffff99][\n]"
16:19:10.223 [main] DEBUG org.apache.hc.client5.http.wire -- http-outgoing-0 << "2[0xffffffe1][0xffffff83][0x1a]E[0xffffff85][0xffffffcd][0x8][0xffffffc5]WQ[0xffffffc6][0xffffffa1][0xffffffc4][0xffffffcc]~'+[0xffffffa8]'&[\r]C[0x1a][0xffffff8a][0x9]p[0xffffffa7][0x1a]s[0xffffffef]:J[0xffffff89][0xffffffa6][0xffffff81]p[0xffffffbc][0xffffff8a].[0x1e][0xffffff94][0xffffffb4]6[0xffffffa9][\r]J[0xffffffa2]Ql[0xffffffd2][0xffffffcf][0xc]JN[0xffffffb0]m[0xffffff98][0x3]2[0x4]4![0xffffffba]Y[0xffffffc2][0xffffffd4][0xffffffec][0xffffffc7];`[0xfffffffb]Pn/c[0xffffff94][0xffffff9c]<[0xffffff92]>[0xffffffe0][0xffffff9e][0x1e][0xffffffd2][0xffffffaf][0xffffffc0][0xfffffffd][0xfffffff3][0xffffff83][0xfffffffa][0x1b][0xffffffc0][0x1d]X[0xffffffe0]t[0x7][0xffffffb7]-5[0xffffff85][0xffffffea][0xffffff8a][0xffffffb4][0xffffffaa]$[0xffffff86][0xffffffdb]d[0xffffffe7]A[0xffffff95][0xffffffb6][0x1a]i[\r][0xffffffa5][0xffffffb2][0xffffffb4][0xffffffb0][0xffffff89][0xffffffee]Qj[0xffffff9b][0xffffffc8][0xffffffd5]e[0xffffffa8][0x3][0xffffff95]8[0xffffffcb]w[0x1d][0x18]w[0xfffffff3][0x7f][0xffffffd7][0xffffff83][0xffffff9b][0xffffffc1][0xc][0xfffffff3][0xfffffff3]K[0xffffffd7]7[0xffffff87]B2XE=[0xfffffff3]Kp[0xfffffff3]q&[0xffffffbd]0J[0xffffffc4]{[0xffffffe5][0xfffffff6]!q[0xffffff9b][0xffffff9f]>[0xffffffde][0x1][0xffffffdc][0xffffffc7]r{a[0xffffffea][0xffffff9e][0xffffff9e]I[0x1f]tOO[0xffffffe9][0xffffff97][0xffffffe8]~[0x15][0xfffffffa][0xffffffa6]e[0x9][0xffffffe0][0xffffffa3][0xffffffe0][0xffffffbe]A[0xffffffb9]M[0xfffffffe][0xffffffab]j[0x18]F[0xffffffe9]Y[0xffffffbc][0xffffff97][0x11][0xffffffae][0xffffffab][0x1e]i[0xffffffd3]@8)[0xffffff9a]yw$G[0xffffffa7]6[0x17][0xfffffff1][0xffffffaa]*)t[\r][0xffffffa0]^[0xffffffcb][0xffffffcc]"[0xffffffc7][0xffffff8f][0xffffffa3][0xf][0xffffffd7][0xffffffa3][0xffffffdb][0x19][0xffffffc9][0xfffffffe]F0[0xffffffd8][0xffffffbc][0xffffffa4][0xffffff99]l4[0xffffff91]{[0xffffffa1]w[0xffffffb4][0x0][0xfffffff1][0xfffffffc][0xfffffffa]F|[0x10]q?[0x4][0xfffffff4][0xfffffff7]J[0xffffffb7]q8-[0xffffffab][\n]"
16:19:10.223 [main] DEBUG org.apache.hc.client5.http.wire -- http-outgoing-0 << "[0xffffffef]T%3[0x1f][0xffffffef][0x0][0xffffffee]C[0xffffffe6]^[0xffffffb6]x[0xffffffd7][0xffffffd3][0x13]Y[0xffffff87][0xffffffed]7[0xffffffcf]h[0x6][0xffffffda][0xffffffb3][0xffffff81]o[0xc]m[0xffffff92][0x1c]5q[0xfffffff7][0xffffffc4][\r][0xffffffc1]o[0xffffffd0][0xffffffc2][0xffffffc8][0xffffffb1]d[0xffffffa5][0xfffffff4]([0xffffff92][0x6][0xffffffd0][0xffffffa6][0xffffffd4][0xffffffc1][0xfffffff8][\n]"
16:19:10.224 [main] DEBUG org.apache.hc.client5.http.wire -- http-outgoing-0 << "y[0xffffff84]J;[0xc][0xffffffb9][0xffffffb0][0xffffffb9][0xfffffff6]|.[0xffffffca]*Ave[[0xffffffe9]e[0xffffff92]d[0xffffffee][0xffffffeb]Y%[0xffffff94][0xfffffff1][0x6].[0xffffffa0][0xffffffba][0xffffff8a]/[0x15]v[0xffffffe0][0xffffff80]?[0xfffffff6][0xffffff9b][0xffffffc4][0xffffffdd]t[0x18]s[0xffffff85]5[0xffffffdf]IA[0x1d]NQ#[0x1b][0xfffffffd][0xffffff95]bL[0xffffffc4][0xffffffa9][0x17]}[0xffffffd1][0x1c]L[0xffffffd2][0xffffff90][0xb][0xffffff94][0x8][0xffffffc7][0xfffffffc],[0xffffff96][0xffffff95][0xffffffd6]S[0xffffffe8][0xffffffeb]0[0xfffffffc][0xfffffffc][0x16];}[0x18][0xfffffff3] >[0x1f][0xfffffffa][0xffffffc6] nUh[0xffffffd3][0x13]u.[0xffffffad]a[0x12][0xffffffaa][0x8][0x1d]D[0xffffffa1][0xffffff9e]Q[0x5][0xffffffda][0xffffffd3][0xffffffc8][0xffffffb0]ZB[0xffffff90]b[0xffffffd1]^[0x18]s[0x17]V)[0xffffff86][0xffffffad];[0xffffff9a][0x1c][0x1f][0xffffff87][0x18]$L[0xffffffaa][0xffffffc2][0xffffffc2]F[0xffffff8f][0xffffff8c][0xfffffffe][0xffffff8a]Y[0xffffffd3]6[0xfffffff2][0xffffff9b][0x8][0xffffffb6][0xffffff9c][0xffffff97][0xffffffe5][0xffffffe7][0xffffffc3][0xfffffff7][0xffffffcd]F[0xffffffab][0xffffffed][0xffffffdb][0xffffffd2][0xfffffffa]][0x10][0xffffff87][0xffffffbd][0xfffffffa][0xffffffa6][0xffffffb1][0xffffffa5][0xffffffee]5[0xffffffd3]7[0x1f][0xffffffec]I[0xffffff8a]_[0x3][0xffffffe2][0xffffff97][0xffffffee]p![0xffffff84]a[0xe][0xffffffbf][0x4][0xffffffde][0x7][0xffffffc2][0xffffffd3][0xffffffa3][0xffffff98][0xffffff83][0xfffffff0]\[0xffffffe0][0xffffffdb]B[0xffffff98]]Y[0xffffff8c][0xffffff9e]V[0xffffffaa]3[0xffffff84][0xffffffab]a[0xffffff84][0xffffff87]P[0xffffffcc][0xffffffc3]yJM6[0xffffff96][0xffffffb3][0xffffffd7]6[0xffffff8f][0xe][0xffffffa4][0xffffffee][0x17]_[0x5]:[0xffffffb6][0xffffff82][0x4][0xffffffc5]l[0xffffff9a][0x6]u[0xffffffc8][0xffffffb9][0xc][0xffffff82]i[0xffffff9e]6[0xfffffff0][0xffffffa0][0xffffffe0][0xfffffffa]]_bP[0xffffffb4][0xffffffb0]P[0xffffffb1][0x17][0xfffffff2][0xffffff9f][0xe][0x10][0xe]Q[0xb][0xfffffffb]v^[0xfffffffd].[0xffffff84][0xfffffffd][0x7]-[0x1b]+J[0xffffffa9][0xffffffb6]\g[0xffffff94][0x4]o[0xffffffe0][0xffffff98][0xffffffc9][0xffffffd7]@[0xfffffff8][0xffffff90][0xffffff87][0xfffffffd]2[0xffffffee][0xffffffb5][0xffffff9e]B[0xffffffef][0x3][0xffffffe2][0xffffffe9]a[0xffffffcc][0xffffff81]x.[0xfffffff4]MA[0xffffff8c]"[0xffffff8c][0xfffffff5]Gc*w[0x6]qa[0xffffffd7][0x2][0xffffff8d][0xffffff99]d[0x1b][0xffffff8c]F[0xffffffde]X3[0x1b][0x16][0xffffff8b][0xffffff98] [0xffffffc1]{sVg[0xffffffc9][0xffffff80][0xffffffda][0xffffffd6]"[0xffffffc3][0xffffffe0][0xffffffc6]8[0xffffffa2][0xffffff9a]1[0xffffff8d][0x11][0xffffff97][0xffffffb2][0xffffff93]%I}=[0xfffffff9]Z;R?$[0xffffffd5][0xb])[0xffffffaa]p[0xffffffe6][0xffffffd5][0xffffffbd][0xffffffa2][0xfffffff8][0xffffff95]@[0xfffffff0][0xffffffc2]b[0xffffffc2][0x7f][0xffffff90][0xffffffbe])[0xffffffc5][0xffffffda][0xffffff82][0xffffffc1]P[0xffffff8e][0xffffffd0][0xffffffea]N[0x3][0xffffffc0]5 >[0xffffffd4][0xffffffc3][0xb][0x19][0x1f]S[0xffffffe4][0xffffffeb]0[0xfffffffc][0xfffffff6]Y[0xffffffcc]c[0xfffffff8]|[0xffffffe4][0xffffffdb]b[0xffffffd8][0xffffff93][0x1e]E[0xffffffdb]Ct[0xffffffc6]0=^B[0xffffffe7]%[0x3]9[0xffffff96][0xffffffdc][0x1b][0xffffffd9]x[0x3]\[0xffffffc3]F/[0xffffff8e]F[0xffffffb1]/l)7ADU>W[0x14]a&[0xf]%y[0x9][0xffffffc1][0xffffffc9]zS[0xfffffff3][0x1a]>[0x13]s[0x12][0xffffffd8]z[0x17]n[0xffffffc5][0xffffff9f][0x13]1[0xffffffd4]i[0xfffffff6][0xfffffff8][0xfffffff2][0xffffffed][0x8][0xfffffffa][0x17][0xffffff89]X[0xffffffb0]+[0xffffff97][0x14][0x12]mxG[0x15]5[0xffffffd5]"k[0x10][0xfffffffc]\I[0xffffffb8][0xffffff85]I[0xffffffd8][0x1e][0xffffffc3]^[0x7][0xffffffe0][0xffffffb7][0xf]b[0x1e][0xffffffc0][0xffffffe7][0xffffffc2][0xffffffde][0x18][0xffffffbe],[0xfffffff0][0xffffffd8][0xffffffd2]u[0xffffff87]oV[0xffffff80][0xffffff95][0x5][0xffffffb6]V[0xffffff83][0xffffffa5][0xffffff83][0x1b][0xffffffa0]'[0xffffffa3]@[0xffffff8f]to[0xffffffe4]^O[0xffffffc3][0x13]l[0xffffff89])V[0x1][0xffffffac][0xfffffffd][0xffffffa8][0xffffffa5][0x1a]$[0xffffffcb]oT[0xffffffba][0xffffffa1][0xffffffa0]d[0xfffffff4]k[0x6]q[0x8][0xffffffd9][0x11][0xfffffff5]\[0x8][0xffffffdf]}[0xffffffda]1a[0xffffffe7][[0xffffffb5][0xfffffffe][0xffffff96][0xffffffd4][0xfffffff1]+[0xfffffff8]"A[\r]m[0xffffffd8]a[0xffffffc4][0xffffff8e][0xffffffc5][0x10]"[0xffffffd8][0xffffffbe]u[0xffffffc4]B[0xffffffbe][0xffffffb4]9[0xffffff86][0xffffffbe][0xe][0xffffffc2]o[0x1f][0xffffffc6];[0x10]>[0x1b][0xfffffffa][0xffffffb6] 6[0xffffff8d][0xffffff98]d[0xfffffffa][0xffffffaf]J([0xffffffcc][0xffffffe0]B[0xffffffc3][0xffffff98][0xffffffce]PG[0x7]d[0xffffffe6]n[0x14][0xffffffd5][0xffffffa0][0x1e]W[0xffffffe8][0x2][0xffffffd8]<[0xffffffc6]b [0xffffffe2][0xffffffa1]$W[0x3][0x19][0x18][0xffffffd5][0xffffffa2]p04kVlTb[0x18][0xffffffaf][0xffffffd7]'[0xffffffb2][0x7f][0xffffffb4]"[0xffffffa0][0xffffffa0][0xffffffbd][0xffffffac][0xffffff9f][0xffffff83]I[0xffffffc7][0xffffffbc][\r][0xffffffb0][0x4][0x14][0xffffffe3]o[0xffffffd7][0xffffffdb][0xffffffef][0xffffff82][0xffffffd8][0xffffffc1]AjL[0xffffffd3][0xffffffc6][0xffffffa2]fA[0xffffffee][0xffffffd1]|N[0xfffffff3][0xffffffe8]5Y[0xfffffff8]X[0xc]/d M[0xffffffa1][0xffffffaf][0x3][0xfffffff1][0xffffffdb][0xffffff87]1[0x7][0xffffffe2][0xffffffb9][0xffffffd0][0xffffffb7][0x5][0xffffffb1]db+m[0xffffffff][0xffffffc9][0x1a][0xfffffff3][0xffffffe0][0xffffff92][0x13]z[0x2][0xffffff96][0x1c]A[0x8][0xffffff91]M[0xffffffb5]#[0xffffffd6][0x1f][0xffffffc1]k2.};P[0xffffff8b]2[0xffffff95]ZGt[0xffffffe4][0xfffffff4][0xffffffbf][0xffffffc6])$0[0xffffffd8][0xffffff85][0xffffffb0][0xfffffff2][0xffffffab]y[0xffffffc5]P[0xffffffc2][0xffffffc1][0xffffff9c]`[0xffffff9c]{[0xffffffe1][0xffffffbe][0xf]9[0xb] [0xfffffff6][0xffffff98][0x1e]P[0xfffffffb][0xffffffbc]%F[0xffffffbf][0xb]b[0xffffffdb]t.MX[0xe][0xffffffe9][0xe][0xffffffdb][0x4][0x1][0xffffffbb]o[0xffffffea][0x9][0xffffffd7][0xffffff80][0xfffffff8]P[0xc]/[0xffffffe4][0x19]M[0xffffff91][0xffffffaf][0xffffffc3][0xfffffff0][0xffffffdb]g1[0xffffff87][0xffffffe1][0xffffffb9][0xffffffc8][0xffffffb7][0xffffffc5]0c [0xffffff84][0xffffffe2]7[0xffffffe0]c[0xffffffd0]U[0xffffff81]aW[0x1c]s[0xffffffdf][0xc][0xffffffa9][0xffffffad][0xffffffe6][0xffffffca]`[0xffffff98][0xffffff96][0x1f]M-[0xffffffa2])[0xffffffcd]wz[0x10]![0xffffffb3][0xffffffd6][0xffffff83][0xfffffffa][0x1c][0xffffffd8]U[0xffffffa0][0xffffffaa][\r][0xffffffb1][0xfffffffa][0xffffffb6][0xffffffdf][0xfffffff3]k[0x12]1[0xffffffce][0x4][0xffffffc1][0xffffffe3][0xffffff81]sY"~[0x1e][0xffffffea][0x1b]j[0x1][0xfffffffc]}.[0x1c][0xffffffac][0xffffffd9][0xffffffc6][0x4][0xffffffa5][0xffffff9a]h[0xffffffbe]=[0xc][0xffffffc1]$3[0xffffffef].[0xffffffc5][0xffffffc4]K5[0xffffffbc][0xffffffb0][0xffffff94][0xffffff98][0xffffffe2]^[0xffffff8b][0xffffffe0][0xffffffb6][0x2]:}[0x12][0xfffffff3][0x8]>[0x1b][0xfffffff7][0xffffff96][0x0][0xffffff8e][0xffffff8d][0xffffff83][0xffffffcc]8[0xffffffb1]{5l[0xffffff98]*[0x0][0xffffffc3][0x11][0xffffffcb][0xffffffa5][0xffffff90]J2P[0xffffffe6][0xffffffb0][0xffffffec][0xffffffb0][0xffffff8d][0xffffff8a]RqR[0x1a][0x1a][0xffffff9a][0xffffff9d][0xffffffce]H[0xffffff82]R[0xfffffff1][0xffffffa2][0xffffffc0][0xffffffba][0xfffffff0][0xfffffffc][0xffffffff]*pC[0x18]\[0x11]kxr[0xffffffc6][[0xffffffca][0xffffff91][0xb][0xffffff85]W[0xffffffcf][0xffffffef]N[0xffffff92][0x1d][0xffffff96]=[0xfffffff2][0xffffffc2][0xffffff81][0xffffff84][0xfffffffd][0xffffffd0][0xffffffba][0x1a]Ja[0xfffffffa][0xffffffb9][0xffffffb0]c+[0xffffffee]b[0x1f][0x0][0x1f][0xb][0xffffff89][0xffffff85][0xffffffdc][\n]"
16:19:10.224 [main] DEBUG org.apache.hc.client5.http.wire -- http-outgoing-0 << "[0xffffffd4][0xfffffff6]/[0xffffffa1][0xffffffaf][0xffffff83][0xfffffff0][0xffffffdb][0xffffff87]1[0xf][0xffffffe1][0xfffffff3][0xffffffa1]o[0xffffff8a][0xffffffe1]V[0xffffff9f]BX[0xffffffeb][0xffffff8e][0xffffffe1][0x11][0xffffffc1]+[0x4][0xffffffcf]L{[0x1f][0xffffff92][0x1c]D[0x1c][0x1d][0x5][0xffffffb1][0xfffffff7][0xffffff88]N[0xffffffc8][0xffffffbc][\n]"
16:19:10.224 [main] DEBUG org.apache.hc.client5.http.wire -- http-outgoing-0 << "[0xffffffeb][0xffffff8e] Fk[0x18][0x11]{[0xffffffb8]CN$?[0xffffff8c]mC'F[0xfffffff8]l[0xffffffa3][0xffffffb7][0xffffffd7]O[0xffffff86]-[0xffffffcb][0x1a][0xffffffc7][0xffffffd6][0xffffffe4][0xffffffb2][0x1c][0xffffffbc][0xffffffef][0xffffffc3][0xffffffd9][0xffffffaf]a [0x12][0xffffffe3][0xffffffc5]9X[0xfffffff8][0xffffffbd]^64[0x6][0xffffffa8][0xe][0xffffff94]H}[0xffffff8a][0xffffffe1]C[0x1d][0xffffffb1][0xffffff90]@1E[0xffffffbe][0xe][0xffffffc2]o[0xffffff9f][0xffffffc5];[0x10]>[0x1b][0xfffffff9][0xffffffa6][0x10][0xffffffc6][0xffffffce][0xffffff8b][0x11]@[0xffffffff][0xffffffb9]pe[0xffffffb6]@[0xffffffba][0xffffff95][0x5][0xfffffffd]k[0xffffff8d][0xffffff88][[0xffffffc7][0x11]T[0xffffffa3][0xe][0xffffffc4]m&[0xc]m[0xffffff95][0xffffffec]q+[0xffffffc0]s[0x9]J>l[0x7]*[0xffffffe0]B1,[0xffffff90]v[0xffffffcb][0xffffffb6][0xffffffdc]X[0x1]a[0xffffffc3]L[0x3]O[0xffffff8e][0xb]K[0xffffffe1][0xffffffc3][0xffffffb7][\r]Q[0xfffffffa][0xffffffc5]sa[0x3][0xffffffdf][0xfffffff3]e([0x1][0xffffff84][0xffffffa1]P[0xffffffd2][0x12]v[0xffffffa9]#[0xffffff8e]ix!Qb[\n]"
16:19:10.224 [main] DEBUG org.apache.hc.client5.http.wire -- http-outgoing-0 << "[0xffffffbd][0xf][0xffffff86][0xffffffa7][0xffffff87]1[0xffffff87][0xffffffe1][0xffffffb9][0xffffffd0]7[0xffffffc5]0[0x12]nL[0xffffffc1][0xfffffffa][0xffffffb7]s[0xffffffc0]7S/x56[0xfffffffb][0xffffffaf][0xffffff9c]s[0x18][0xffffffb4][0x17][0x6][0xffffffd6][0x4]6[0x5][0xfffffff8][0xffffffdc])[0xffffffe6][0xffffff98]r[0x0]n[0xffffffe8]\5[0xffffffbc] 7Bw3[0xffffffba]Y[0xffffff82]a[0xffffffef][0xffffffa8]V[0xffffffb4]s[0xffffff94]([0x6]U[0xffffffc8][0xffffff85][0xffffffa5][0xfffffff0]3[0xffffff86][0xffffffc9]w[0xffffff8d]([0xfffffff1][0xffffff96][0x4][0xfffffff4]n;[0xffffff87]!$[0xffffffd3]%[0xffffffda]9[0xffffffac][0xffffff94][0x18][0xffffffcd][0x9][0xffffffcd]^[0xffffffa7]/[0xffffff86][0x17].7[0xffffffa6][0xffffffd0]{`[0xfffffff8][0xfffffff4]a[0xffffffcc]c[0xfffffff8]|[0xffffffe8][b[0xffffff98][0xfffffff6][0x1b]MG[0x1b]Bu[0xffffffde]m[0xffffffc0][0xffffffef]i~[0x3][0xffffffb0][0xffffffd9][0xffffff82][\r][0xc]&*[0xffffff90][0xffffffc6][0xfffffffa][0xffffffb4][0xffffffba]@[0xffffffd3]6[0xffffff84][0xffffffa1][0xffffffc6][0xffffff80][0x1a][0xffffff8a]U[0x1c]&w[0xffffffa9][0xffffffa6]F[0xffffffb9][0x17]p6[0xb][0xffffffb3]b[0x14][0xffffffae]u[0xffffffc5]p[0xffffff98][0x9]4[0xffffffed]a[0xffffffdb][0xffffff9b]_[0xffffffc2]c;`XA[0xffffffec]k[\n]"
16:19:10.224 [main] DEBUG org.apache.hc.client5.http.wire -- http-outgoing-0 << "[0xffffffd5]W[0x14][0xffffffe4]w1[0xffffff8c][0xffffffa3][0xffffffe9]>[0xf][[0xffffffaa][0xffffff89]FLF[0x17][0xffffffd3][0xffffffa7][0x1c]~[0xffffffe9][0xffffffe7][0x16]N[0xffffffd5][0xffffffa6][0xffffffc0][0xfffffffb] xz[0x14]s[0x8][0xffffff9e][0xb]|S[0x4]c[0x11]C[0x13][0xffffffd0]?[0xb][0x7]QCi[0xffffffab][0xffffffb8]RG&ic[0x5][0xffffffc6][0xffffff91][0x19][0x5][0x3][0xffffffe2],[0x7][0x0]M91[0xffffff94][0xffffffe0][0xfffffff1][0x1f][\r]C[0xffffffd1][0xffffffac][0xffffffe9]2[0xffffffe4][0xffffff9f][0xc][0x7][0xffffffc8]50_[0xffffffef][0xffffffcb][0xffffff88][0x1c][0xffffffa2][0x19]\\[0xffffffe1]\[0xffffffc7]\W[0xffffffef][0x10][0xffffffb1][0xffffffa0][0xffffff81][0xffffffbb][0x14][0xffffffc1][0xffffffc2][0xffffffb4],[0xc][0xffffff82][0x15]j$[0xffffffe6][0x11][0xffffffb2][0xf]M[0xffffffe2]P[0xc]/[0xffffffa5][0xfffffffa][0x1c]#_[0x7][0xffffffe1][0xffffffe7][0xffffffed][0xffffffc6][0xffffffe9][0xffffffb3][0xffffff98][0xffffff87][0xfffffff0][0xfffffff9][0xffffffc8]7[0xffffff85][0xffffffb0][0xffffffc7][0x12][0xe][0xfffffffa]l[0xfffffff7]$[0xffffff8c][0xffffffc1][0xb][[0xffffffe4][0xffffff9c][0xffffffe1][0xfffffff1]H[0xffffff9f]p[0x1f][0x1a]K[0xffffff84][0x12]O[0x5]\,[0xffffff8b][0xf]8[0xffffff96]c[0xffffffa2][0xffffffb0][0xffffffa8][0x8][0xfffffff6][0xfffffff4]~[0xffffffd9][0xc]OB[0xffffffd6][0xffffff84][0xe][\n]"
16:19:10.224 [main] DEBUG org.apache.hc.client5.http.wire -- http-outgoing-0 << "rP6+[0xffffff98]>Z#=[0xffffffb1][0xfffffffa]B[0xffffff92][0x4]|[0xffffffc9]x/[0xffffffd4][0xe][0xffffff8b][0xffffffec]3L[0xfffffff9]ws0[0xffffffe6]^p$[0xffffff9a]2[0xffffffa4][0xffffffb1][0xffffff91][0xffffffa1][0xffffffe0][0xffffffa1][0xffffffde][0xffffffea][G,[0xffffff9c][0xb]O[0xffffff91][0xffffffaf][0xffffff83][0xfffffff0][0xffffff9b]g1[0xffffff87][0xffffffe0][0xffffffb9][0xffffffc8]7E0[0xffffffd6][0xffffff92]m[0xffffffa5][0xffffffdb][0x1d][0xffffffc1]1[0xfffffff3][0xffffff93][0xffffffa1]"[0xffffffbe]/[0x2][0xffffffe3]gt[0xffffffd3]aOM[0xffffffab]d[0xffffffa8][0xffffffd2]DN[0xffffff80][0xffffffd8][0xffffffb9][0xffffffb1][0xfffffff0]K[0xffffffd8][0xffffff98][0xffffffe3][0xfffffffa],[0xffffffc7][0xffffffc6]"[0xffffffc6][0xffffffdc][0xffffffab]}[0xffffff9a][0xffffffc1][0xffffffc4][0xffffff8a][0xffffff89]DPA@C[0xffffffbe][0xffffffae][0xffffff8c][0x8][0xffffff8a]u[0xffffffe5][0xffffff85][0x13][0x9][0xfffffffc][0x1][0xffffff9e]![0xffffffcc]4[0xffffffca][0xffffffec][0xffffffa8]a[0xffffffc8][\n]"
16:19:10.224 [main] DEBUG org.apache.hc.client5.http.wire -- http-outgoing-0 << "] [0xfffffffc]RF,[0xffffff9c][0xffffffa9][0xffffffa1]Q[0x7f][0x9]|[0x1d][0xffffff80][0xf][0x15][0xffffffd5][0xfffffff4]([0xffffffe6][0x10]<[0x17][0xfffffff8][0xffffffa6][0x8][0xffffffa6]f[0xffffffd3][0xfffffffb][0xffffffce][0xffffffa7]s!\\Ul[0xffffffdc][0xffffff86][0xffffffea][0x1d]"%[0xffffffcb][0xffffff98][0xffffffc1]9[0xffffffa3]X[0xffffffd6]IM[0xffffffef][0xffffffd6]V[0x1e]m[0xffffffeb]A[0x12][0xffffffe6]S[0xffffffbc]x[0xffffff99][0xffffff83]![0xffffffd0][0xffffffd3]8[0xffffff9a][0xffffffa7]f[0xffffffce]UWX_[0xffffffb0][0xffffff98][0xffffffc0][0xffffff9b]?^[0xffffffc3][0xffffffb6]lE[0x0][0xffffffea][0xffffff96][0xffffff93][0xffffffcd][0xffffffda][0xffffffd7][0xffffffef][0xffffffcf][0xfffffff6][0xffffffce][0xffffffef]&a[0xffffffbe][0xffffff91]x[0xffffffd0][0xffffffa1]>e*[0xffffffc7]W[0xffffff90]mr[0xffffffd8][0x5][0xffffffc1][0xffffffc7][0xffffff81][0xffffffc4]B[0xffffffa9][0xfffffff4][0x14]z[0xf][0xc][0xffffff9f]>[0xffffff8c]w0|6[0xfffffff4]-1[0xffffffcc][0xfffffff8][0x9][0xffffff86][0xffffffb6][0xffffffed][0xffffffdf][0xffffffcc][0x15][0xfffffff4][0xffffffca][0xfffffff8][0xc][0xffffff8d][\n]"
16:19:10.224 [main] DEBUG org.apache.hc.client5.http.wire -- http-outgoing-0 << "E[0xffffffbf][0xffffffc6]Y[0xe][\r]G[0xffffffae][0xffffff88][0xffffffec][0xffffffe8][0xffffffe6][0xffffff80][0xffffffac]F9[0xffffffda][0xffffffc8][0xffffffef][0xfffffff0][0x7f][0xffffffa0]H[0xffffffa8][0xffffff8a][0x5][0x0][0xffffffa4]w[0xffffffcd][0x0][0xffffffb9]b[0x8][0xffffff8a][0xffffff85][0xffffffe3][\n]"
16:19:10.224 [main] DEBUG org.apache.hc.client5.http.wire -- http-outgoing-0 << "[0xffffffe5][0x6]jRh[\n]"
16:19:10.225 [main] DEBUG org.apache.hc.client5.http.wire -- http-outgoing-0 << "[0xffffff8d][0xffffffc7][0x7f]y3[0xffffffa7]v[0xffffffcd]J[0xfffffffd][0x12][0xffffffc6][0xffffffb0][0xffffff8c][0xffffffc8][0xffffffa7]?H[0xffffffd7]H[0x12][0xffffffaa][0xfffffff9][0xffffffd3]c[0xffffffdc][0xffffff83][0x1]S[0xffffff9f],[0xfffffffc]R[\n]"
16:19:10.225 [main] DEBUG org.apache.hc.client5.http.wire -- http-outgoing-0 << "/%[0xc]O[0xffffff91][0xfffffff7][0xffffff81][0xfffffff0][0xfffffff4],[0xffffffce]A[0xfffffff8][0xffffffbd][0xffffffc8][0xffffffb7][0xffffff85][0xffffffb0][0xffffff87][0xffffff86].o[0xffffffc0][0xffffffb5][0xffffffa4]x[0xffffff80]}[0xffffff81][0xffffffad]76[0xffffffcd][0xffffffe3]hY[0xffffffc0]15C[0xffffff91]d![0xffffff83][0xffffffe1]4[0xe][0xffffffa7][0xffffff87][0xffffffb1][0xffffff9b][0xffffffc0][0xffffffa3][0xffffff88][0xffffffed][0xffffffdd][0xffffffe8][0xffffffd1]n0[0xffffffb8]P[0x1a][0xffffffd2][0xffffff8f]Lh[0xffffffa2]W[0x14][0x12][0xffffffb4][0xffffffa7][0xffffffc8][0xfffffff5][0xffffffdc][0xffffff85][0xffffffa5][0xfffffff0][0xfffffff3][0xffffffdb][0xffffffb3][0xffffff95][0xffffffc2][0xfffffff8][0xffffff85]^[0xffffffd0][0xffffffcd][0xffffffbd]|#[0xfffffff7][0x17]V[0xfffffff0][0xffffffb7]P8[0xffffffca]1[0xffffffe3][0x11][0xffffff9d]k[0xffffffe1][0xffffff85][0xffffffbb][0xffffff8d])[0xfffffff4]>[0x18][0xffffff9e][0x1e][0xffffffc6];[0x18]>[0x1b][0xfffffffa][0xffffffa6][0x18]v[0x1e][0xffffffc3][0xffffffa9][0x1b][0x10].[0xffffff87]a`[$C[0xffffffc6]p[0xffffffc5][0xffffffb7]b8[0xffffffc3][0xffffff89][0x18][0xffffff8b][0xffffffcb]EUA[0xffffff85][0xffffff81]G3#a[0xf]_[0xffffffb8][0xffffffd5]\[0xffffff98]~b_[0xffffff81][0xffffffc1]VD[0xffffffa9][0x1a][0xc][0x13][0xffffff8b][0xffffffeb][0xffffff8b]a[0xffffff87][0xffffff91]"[0xffffffe2][0xffffffe5][0xb]W[0xffffffcc][0x7][0xc]#*[0xffffffa5][0xffffff9a]]]]><![CDATA[>[0xffffff91]h[0x18][0xffffffa6][0xffffff94]@{[0xffffffc4]i[0x14][0xffffffb6][0xffffffcc]f[0x7][0x11][0xf][0xffffffa2][0x7f][0xffffff97]R[0xffffffe2][0xffffffa5][0x18]^[0xffffffb8][0xffffffd9][0xffffff98][0x2][0xffffffef][0xffffff83][0xffffffe0][0xffffffe9]Q[0xffffffcc]!x.[0xfffffff0]M[0x11][0xffffff8c]7-r[0xffffffb1][0xfffffffe]$[0xffffff89][0x1a]b2!%3[\n]"
16:19:10.225 [main] DEBUG org.apache.hc.client5.http.wire -- http-outgoing-0 << "[0xffffffa6][0xffffffbc]\{[0xffffffc0][0x0][0xffffff8e][0xfffffffb]&[0xffffffb1]:1[0xffffffb2]:K[0xffffff91][0xffffff83]=[0xffffffc3]`\[0xffffffc2][[0x1f]Is[0xffffff82].[0xffffffcc][0xffffffb6][0xffffff83][0xffffffe5]][0xffffffab]'rZQ[0xc][0xffffffdb][0x10]!A[0xffffffdb][0xb][0x11]L[0x2][0xffffff85][0xffffffda]"[[0xe]=[0xffffffa1]J[0xfffffffe][0xffffffb2][0x16]~[0x6]0[0xffffffd3][0xfffffffd]6[0xffffff8d][0xffffffd8][[0xffffffd6][0xffffffa2]x[0xffffffe6][0xfffffff4]E[0x17][0x0][0x1f][0xffffffea][0xffffff88][0xffffffa5],[0xffffff9f]c[0xffffffe0][0xffffffeb][0x10][0xfffffffc][0xffffffe6]Q[0xffffffcc][0x3][0xfffffff8]|[0xffffffe0][0xffffff9b][0x2][0x18][0xffffffc7][0x13][0x17]t[0xffffffff]J[0xffffffd8][0xffffff92]u[0xffffff8b][\n]"
16:19:10.225 [main] DEBUG org.apache.hc.client5.http.wire -- http-outgoing-0 << "[0xffffffc8][0xffffff88][0xffffffc8][0xffffffaf]P}<[0xffffffc7][0x1f]F[0xfffffff8][0xffffffc3]Z$7Zfk[0x8][0xffffff95])[0xffffff95][0xffffffa1][0x13][0xffffffef][0xffffffbd][0xffffff97][0xfffffff1][0xffffffeb]D[0xffffffd2][0xffffffc1]e[0xffffff95][0xffffffc4][0xffffffa1][0x13][0xffffffe8]?+[0xffffffbc][0xffffffde][0x0][0xffffffb0][0xffffffe6][0xffffffda][0xffffffd8]U[0xfffffff3][0x8][0x6]b[0xffffffdc][0xffffffa7]8Q[0xffffffbe]-B0[0xffffffee]O[0xffffffb0]|[0xfffffff6][0xffffffc6][0xffffffda]Mv[0xffffffe4][0xffffffe1][0xffffffc8][0xfffffff5])#^R[0xfffffff0][0xffffffc2][0xffffffc5][0xffffffdc][0x14][0xfffffff8]:[0x0]?[0xffffffbf][0xffffff8d]N[0x1f][0xffffffc5][0x1c][0xffffff82][0xffffffe7][0x2][0xffffffdf][0x14][0xffffffc1][0xffffffa4]`\[0x12][0xfffffffa][0xfffffff3],[0xffffff81]$[0x16]n[0xffffffc5]3DCV[0xffffff8f][0xffffff96][0xffffffac][0xffffffd9][0xffffffc7]2I[0xffffffc3]'[0x19]1[0x12]C[0xffffffe2]R[0xffffff90]2;[0xffffffc7][0xffffff99]@,H[0x12]t[0xffffffe1][0xffffff8c][0xffffffa1][0xffffff8a][0xffffffc0]Q<"[0xffffffcf][0xffffffd7]kf[0xffffffc2][0xffffff82][0xffffffb7][0xffffffb8][0xffffffbb]T8w[0xfffffff8][0xffffffb6][0xffffffc1][0xffffffd0][0xffffffe1]Z[0xffffffd5]eE[0x4][0xffffffdf]H|'T[k[0xffffffa0][0xfffffffb][0xffffffa0][0xffffff9c]G?[0xffffffdd]%[0x7][0x1f][0xffffffe7][0x11][0xb][0xfffffff7][0x1a][0xfffffffa][0x18]z[0x1f][0xc]O[0xf][0xffffffe3][0x1d][0xc][0xffffff9f][\r]}K[0xc][0xffffffc3][\n]"
16:19:10.225 [main] DEBUG org.apache.hc.client5.http.wire -- http-outgoing-0 << "D[0xffffff9b][0xffffffe9][0xfffffffb];nb![0xffffffe1][0xfffffff1][0xffffffdc][0xffffffc4]q[0xffffff93][0x3]5[0x18]\[0xffffffe1][0xffffffca][0xffffffc6][0x13][0xffffffd1][0x1e]7[0xffffffab][0x14]9[0xffffffe7][0xffffffe0][0xffffffe0][0xffffffc0]s0[0x10]a[0xffffffc7]X-Z:Z9[0x1][0xffffffe0][0xffffffa1][0xffffffc1][0xffffffa3][0xffffffc0]g7|}![0xffffff8c].[0xffffff84])[0xffffffe1]U[0xfffffff7]I[0x14]W[0x19]$5[0xfffffff9][0x5]|w[0xffffffea][0x8][0xffffff9c]$[0xffffff9a]w*[0xffffffdb][0x0]N[\n]"
16:19:10.225 [main] DEBUG org.apache.hc.client5.http.wire -- http-outgoing-0 << "R[0x8]S[0xffffffd9][0xfffffff7]-[0xffffff84][0x17][0xffffffae]5[0xffffffa6][0xffffffc0][0xfffffffb] xz[0x14]3[0x8][0xffffff9e][\r]|S[0x4][0xffffffd3][0xffffffb7][0xfffffff0]'[0xffffffed][0xffffffaf][0xffffffc1][0x7][0xffffffaa][0xffffff8d][0xe][0xffffffcc][0xffffffe5][0xffffff85][0xffffffe6][0xffffff80][0xffffffc2]h[0x18][0xffffffb4][0xffffffca]D%[0xffffff8c]W[0x9][0xffffffcc]a$[0xffffffc6][0xffffff85]ki[0xffffffca][0xe]T[0x19][0x11]w[0xffffffe4]f'[0xffffff81][0x1d][0x10][0xffffffa5]0[0x12]F[0xffffffd6]u+[0x10][0xffffffcc][0xffffffcc][0xe][0xffffffc3][0xffffff8a][0xb])>[0xfffffffb][0xffffff85][0xffffffaa]f[0x1c][0xffffffd1]nW] [0xfffffffd]|A0[0xffffffc7][0x1b][0xfffffff0][0xffffffff]f*[0xffffff8c]Q[0x10][0xfffffff5]P'[0xffffffed][0xffffffdc][0xffffffa1][0x12]^[0xffffffca][0xffffff8f]8F[0xffffffbe][0xe][0xffffffc2]o[0xffffff9f][0xffffffc5];[0x10]>[0x1b][0xfffffff9][0xffffffb6][0x10][0xffffffc6]D5[0xfffffffa][0xfffffffe][0xffffff85]D[0xffffff86][0xffffffb0][0x3]^[0x13]k[\r][0x6][0x13]h[0xffffffe6][0x1a]m8[0xffffffb2]u[0xffffffb3][0xffffff98]y[P][0xffffffd8]uh[0xffffff85][0xffffff9d]f2[0xffffffc8][0xfffffff2][0xffffff99]M[0xb][0xffffff8d][0x12][0x1f][0xffffffc7]C[0xffffff85][0x0]T[0xffffffad][0xffffff9a][0xffffffa8][0xffffffc1][0xffffff90]@^z[0xffffffcd]P[0xffffff98][0xffffffa2][0x13]S[0xffffffba]K[0x18]>[0xffffffcf][0x10][0x16][0xffffffb1][0xffffffb9][0xffffffd8]s[0xffffffa3][0xffffffa1])[0xffffffe7]P[0xfffffffe][0xfffffff5][0xffffffa9][0xffffff84][0xf]u[0xffffffc4]R[0x1]3j[0xffffff98][0xffffff97][0xffffffc8][0xffffffd7]A[0xfffffff8][0xffffffb9][0xffffffa8]:}[0x16][0xfffffff3][0x10]>[0x1b][0xfffffff9][0xffffffa6][0x8]FC[0x1][0xffffffb3][0xffffffb5][0xffffffff]![0xffffffa8][0x2][0xffffffcf][0xffffff8c]z[0xffffffc1]sV[0xffffff98][0xffffffdb]O^[\n]"
16:19:10.225 [main] DEBUG org.apache.hc.client5.http.wire -- http-outgoing-0 << "[0xffffffee][0xffffff8b]p[0xffffff98][0xffffffd2][0xffffffed]%E[0xfffffff4]n.[0xffffffb1][0xffffffcc]g[0x7]G[0xffffffcd][0xffffff80][0xb]=C`[0xffffffa8][0x13][0x15]K[0x9][0xffffff97][0xffffff9b]K}^[0xffffff81]`x[0xffffffa3]P[0x1c][0xffffffc4]U[0xffffffcd][0x1c][0xffffffad][0xffffff98][0xffffff92].\[0xffffffc0][0xffffffb3]l[0x8][0xe][0x1c][0xffffffd3][0xffffffde]_[0xffffffd2]F[0xffffffc3][0xc]G[0xffffffad][0xffffffbd][0xffffffce][0xffffffbb][0xffffffce][0xffffffd3][0x16].[0xffffffe6][0xffffffa6][0xffffffc0][0xfffffffb][0x0]xz[0x14]s[0x0][0xffffff9e][0xb]|[[0x4]K[0xffffffec][0xffffffb3]o`=/[0xffffff84]/\[0xffffff98]de"[0xffffff9a][0xffffff98][0x8]:Dv[0xffffffd8][0x4][0xffffff8e][0x8][0xffffffd4]=[0xffffffba]L[0xfffffffe][0x15][0xfffffffa][0xffffffe5][0xffffff8a][0xfffffff7][0x9]S[0x9].=[0xffffffd1][0xfffffff3][0xffffffb5]M[0xfffffff4][0xffffff80][0xffffffc7]1[0xffffffa7]E[0xffffffb0][0x1]ZQFP[0xffffffda]7[0xffffffe7][0xffffff95][0xffffffeb]r0[0xffffff8b]B<[.j[0xffffffe6][0x1a][0xffffff82]Q/SC[0xfffffff8][0xffffffd6][0xffffffcc][0xffffffd1][0x1a][0xffffffd3]Jvi[0xffffffe6][0xe]e[0xffffffc4]R~[0xffffffc4]1[0xfffffff2]>[0x10][0xffffff9e][0xffffff9e][0xffffffc5];[0x10]>[0x1b][0xfffffff9][0xffffffa6][0x10][0xffffffe6][0xffffffd5][0xffffff8e][0xffffffa5]Z[0xffffffff][0xffffffc5][0x1c][0xffffffad][0xffffff9a][0x16][0x1c][0x1e]c[0xffffff88][0xffffffe6]=glZ5,[0xffffffca][0xffffffd0][0xffffffec][0xffffffb6][0xffffffdb]_[0xffffffb0]y[0xffffffb8]3=[0xffffffd2][0xfffffff1]aJ([0xffffff9a][0xffffffeb][0x1a]:[0xffffff89][0xffffffcc]~[0x1f][0xffffffab][0xffffff9f]v[0xf]gE[0x12]V[0x11]C)~6[0xffffffae][0xffffff83]0[0xfffffff4][0x1c][0x16]{[0xffffff97]A[0x18]#[0x1f]\[0x1][0x19]F[0xffffffe8]v[0xffffffcf]O9D[0xffffffac]} |[0xffffffac]#[0x16][0xe][0xffffff85][0xffffffa7][0xffffffd0][0xfffffffb]`xz[0x18]s[0x18][0xffffff9e][0xb]}K[0xc]sb[0xffffffae][0xffffffbd][0xfffffff7][0xfffffffa][0x17][0x12][0xffffffc1]a@U[0xffffff85][0xb]xj[0xffffffeb][0x1]`b<[0xffffffd5]$[0xffffff9f]L[0xffffffd9][0xffffffb0][0x1e][0xffffffae][0xffffff86]K[0xffffff93]L,*6[0xffffffdb][0x1a][0xffffffb9]'.)l3H[0xffffffc7][0x1a][0xffffffdf][0x14][0xffffffc3][0xffffffb7]b[0xffffffd5]<[0xffffff82]Y3^+[0xffffffd7]`[0xffffff98][0x15]Xs[0x8][0xffffffb8][0xffffffb0][0xffffff90][0xfffffff0][0x7]gKh>ag[0xffffff90][0x2]v[0xffffffb2][0xfffffff2]9[0xffffffa4][0xffffffe1][0xffffff85][0xffffff9b]9~[0xffffffe3][0xffffff97][0xffffffc8]{@[0xfffffff8][0xfffffff4]Y[0xffffffcc]C[0xfffffff8][0xffffffc5][0xffffffd8][0xfffffff2]U[0xffffffe4][0xffffff9b]B[0x18][0xffffffad][0x6][0xffffffa5]D[0xffffffff][0xffffffc5][0xffffffc6][0x0]$[0xffffffa9][0x1e][0xffffffa4]m,5[0xfffffff8]g[0xffffffcd][0xffffffb6][0x1c]N[0xf]9[0x19]+[0x9][0xffffffce]Z[0xffffffe3][0xffffffef][0xffffffcb]][0x4]|},[0xffffffc3]6n[0xffffff94][0xffffffd5][0xffffffc2]{[0xb][0xffffff81](2[0xffffffd0][0xffffff98][0xffffffad]\[0xffffffb1][0xffffff99][0xffffff83]_C[0xffffff83][0x1a]N}P[0x1e]>[0xffffffa7][0xfffffff2][0xfffffff4][0xfffffff0][0xffffffa3][0xffffff95]'?][0xffffff8e]l[0xffffffe4][0xffffffb3][0xffffffa5][0xffffffc2][0xffffff8c]V[0xfffffff4][0xffffffe2][0xffffff98][0xffffffa0][0x1a])X[0xffffffb0][0xffffffc4]k:{[0xffffffdc][0xffffff89]:[0xffffffe7][0xffffffdb][0xffffff85][0xffffffa3][0xffffff87])[0xffffffc6][0x19][0xffffffb0][0xffffff9e]D|[0x2][0xffffffbf]O[0xffffff9f][0xffffff86]zw[0xffffffff][0x1c][0xfffffff5][0x1c]*[0xffffffe7]b[0xffffffdc][0x14][0xffffff95]M>[0xffffff8b][0xffffffc8][0xffffffa7];y2[0xffffffa1]{[0xffffffab][0xffffffdc]{[0x4]![0xffffffcd][0xffffffc6][0xf]A[0x1c][0xffffffa7][0xffffffa9][0xffffffd1][0x1a][0xffffffe7]<F[0xffffffc6][0xe]I[0x19][0xffffffcc][0xffffffb0]M[0xffffffd5]([0xffffffe0]X` [0xffffffea][0xffffffe4][0xffffffcc]#[0xffffffb4]I[0xfffffff4][0xfffffff4][0xffffffaa][0xffffffdd][0xffffffcc][A<3[0xffffff90]f(xN[0xffffff8b][0xffffff83]~[0xffffffa8][0xffffff94][0xffffffcf][0x7][0x1f][0xffffffc9]#f[0x7]Q[0x1d][0xffffffe9]s[0xffffffd7]Bv[0xffffffe1]bm[\n]"
16:19:10.225 [main] DEBUG org.apache.hc.client5.http.wire -- http-outgoing-0 << "[0xfffffff1][0x6][0xffffffa0]<[0x1f][0xffffffe2][0xffffffb6][0xffffffa0][0xffffffd4][0xfffffff8][0xfffffff2][0xffffff8a][0xfffffffe][0xffffffdb][0x7][0xfffffff6][0xffffffba][0x19]*[0xffffffe4]@[0xfffffff9][0xffffffd8][0xffffffae]w[0xffffffc4][0x1a][0x6][0xffffff8e]'[0xffffff8e]I[0xffffffe1]9[0xffffffc9][0xffffffd0]+ [0xffffffa3][0xffffffc0][0x12][0x1]R:[0xffffffc7][0xffffff90][0xffffffd4][0xffffffc8];[0xffffff96][0xffffffe4][0xffffffc9][0xffffffa2]"[0xffffffc1]k[0x8]8[0xffffff9b][0xffffffac][0xffffff90][0xffffffb6]E[0xffffffbe][0x0][0xffffff9e]Q[0xffffffa7]MW/P[0xffffff9a][0xf][0xffffff8a][0x1e][0xffffff83][0x19]/2[0xffffffb6][0xffffffa6][0x0][0xffffffb2][0x8][0xffffffb4][0xffffffbb][0xffffff80][0xfffffff2]e[0xffffffd9][0xffffffbb]pQ6E[0xffffffd8][0x1d][0xffffff93]s[0x11]n[0xffffff8a]I[0xffffffce]/+[0xffffffb8]a[0xffffffdd][0x13]e[0xffffff84]}[0xffffff8b][0xffffffb9][0xffffff93]##[0xffffffa6][0xffffff94][0x1]][0xffffffbb][\r]`}([0xffffff8e][0xffffffd1][0xffffff99]4[0xffffff99][0xffffffe3][0xffffffe5]xUgM[0xffffffef][0xffffff9f]$N[0xffffffd4][0xffffff8e][0xffffffe6][0xffffffdf][0xe][0x18]7[0xffffffa1]k[0xffffffe3]h[0xffffffdd][0xffffff8a]D[0xffffffe9]`%pM[0xfffffffd][0x16][0xffffffaf]o[0xffffffdd][0x8][0x8]M[0xffffff95][0x6][0xfffffff7][0xffffffc4][0xffffffef][0xfffffff0][0xffffffab]BJ[0xffffffda][0x5][0xffffff93][0xffffffc7]via[0xffffffcb]?[0xffffffc5][0xffffffd8][0x1d][0xffffff95]s1n[0xffffff89]J4[0x2][0x2][0xffffffc9]U[0x7f]T[0xffffff8e]Q(&[0xffffffa9][0x10]c[0xffffff8c]Bd[0xffffff86][0xffffffa5]?CV~[0x4][0xffffff8c][0xffffffa4]#[0xffffffc2][0xfffffffc][0xffffffbf][0xffffff99]8AL)[0xffffffb9][0xffffff8c](z[0xffffffc0][0xffffffa4]G0[0x1c][0xffffff98]h[0xffffff85]q[0xffffffcf][0xffffffd5][0xffffffbd]~<[0x15][0xffffffa8][0xffffff91][0xfffffff9]}n[0xffffff83]Jnl[0xffffffb3][0xb]@[0xffffffe4][0xffffffa0][0xfffffffd][0xffffff8e][0x1f]3rV[0x17]T[0x1e][0x1a][0xffffffa0][0xffffff85][0x1b][0xffffffd9])[0xffffffc4][0x1b][0xffffff80][0xfffffff2]|[0xffffff88][0xffffff9b][0xffffff82]r[0xffffffdf][0x1b][0xffffff9b][0xfffffffe][0xffffffa2]H|[0x1d]18[0x1f][0x12]'[0xffffffc3]c[0x19]a[0xf][0xffffffc0][0xfffffff4][0x1e][0xffffffb8][0xffffff87][0xffffffa5]1yL[0xe][0x3][0x1c][0xffffffa6]M[0xffffffd2]f[0xffffffe1]2[0xffffffbf][0xffffffbd][0xffffffc8][0xffffff95][0xffffffc2][0x13]'iLo[0xffffffbc]I[0xfffffff4]G+[0xffffff9a]u21ny[0xfffffffa][0xffffffb4]Y[0xffffffef][0xfffffff5][0xfffffffa][0xffffffd6][0x1f][0xffffff9a][0xffffff9b][\r][0x17]Y[0xffffffb9]#[0xffffff8e]?[0xffffffa9][0xffffffef][0xffffffd5][0xffffffe8][0x1c]0[0xffffffb9]p[0xffffffbc]?Ex[0x3]L[0xffffff9e][0xffffff8d]p[H"[0xffffffaf][0x9][0xffffffa6][0x7f][0xffffff9b][0xffffff83][0xfffffff8][0x17][\n]"
16:19:10.226 [main] DEBUG org.apache.hc.client5.http.wire -- http-outgoing-0 << "a[0x1]`[0xffffff9c][0xffffff96][0xfffffff0][0xffffff96]s[0xffffff9b][0xffffff9e][0xffffffee][0xffffff9a][0xffffffc4][0xffffffe9]1[0xffffff87][0xffffffb6]$K[0xffffffef]=[0xb]'[0xffffffbc][0xffffffef]8[0xffffffea][0xffffff86][0xffffffb3]B[0xfffffff0][0xffffffd5][0xffffffc1],[0xffffffe4][0xffffffda][0x4]'[0xffffffee][0xffffffd9][0xffffffb7]^[0xffffff9f]'[0xffffff9b][0xffffffbc][0x5]>[0xffffffc0])[0x1b][0xffffffa0][0x17]$[0xffffffd5][0x7][0xffffffb5][0xffffffb7][0x19]R[0xffffffbc][0xffffffc0][0xfffffffd][0xffffff8e][0xffffffd5][0x4]J[0xffffffce].y[0xfffffff2][0xffffffb9][0xffffffa2]d[0xfffffff8][0xffffffb4][0xffffffe8][0xffffffb6][0xffffffe0][0x14]awH[0xffffffce]E[0xffffffb8]-&[0xffffffb9][0x14][0x6]w[0xffffffa4]{E[0xffffff89][0xffffffeb][0xc][0xffffffb9][0xffffff90]B[0xffffffb1][0xffffffb8]h[0xffffffda][0x1][0x8][0x1c][0xfffffff7]=[0xfffffffc]@[0xffffffee]Oq[0xffffff9d]>dG9i[0x15][\r][0xf][0xffffffb6]4[0xffffffaa]0[0xffffffc2][0xffffff87][0xffffffd6]][0xfffffff1]B[0xffffff80][0x2][0xffffffdb]<[0xffffffa0]W[0xffffffcc][0xffffffe5]]#[0xffffffbb]`[0xffffffe9]u2[0xffffffd3][0xffffffec][0xffffff87][0xffffffc9][0xffffffb6]C"G[0xffffffc2]FQ[0xffffff98][0xffffff87][0xfffffff2]~[0xffffffe9][0x2][0xffffffc9]cA[0xffffffb9]px9[0xffffff85]x[0x3]P[0xffffff9e][\r]qSL[0xffffffb2](R[0xc][0xffffff84][0xffffffba]c[0xffffffd2][0xffffff89][0x0][0xffffff91]z$[0x1d]jA-I[0xfffffffe][0xffffffc3]t[0xffffff83][0xfffffffc][0xffffffd7]ln[0xffffffb9][0xffffffa8][0xffffffdd],[0xffffffc6][0x13]F[0x1c][0x1c][0xffffffe4][0xffffff81]vM[0xffffffa2]T[0xffffffa2]5?[0xffffffac]=1[0xffffffd0]o[0xffffffd6][0x1c][0xffffffd7][0xffffffe7]IXXd[0xffffffca]V[0xffffff8d][0x1c]u[0xffffff88][0xffffffbd]0)[0xffffffe1][0xfffffff8][0xffffffed]1[0xffffffc9]R([0xffffffec]`f[0xffffffb1][0xffffffb9][0xffffffed][0xb][0xffffffca][0xffffff85][0xfffffff3][0xffffffa0])[0xffffffc6][0xffffffee][0xffffffa0][0xffffff9c][0xffffff8b]qSTr[0xffffffb3][0xffffffcf][0xffffffc6][0xfffffff6][0xffffffaa][0xffffffeb][0xffffffac][0xfffffff0][0xffffffae]4[0xfffffff4]t[0xffffffd1]b4[0xffffffdc][0xffffff86]$[0x19]r[0xffffff9d]2[0xffffffb7][0xfffffff6][0xffffffda]H[0xffffffae][0xffffff9a]Q6[0xffffff8e][0xc][0xffffff80][0xffffff98][0xffffff92][0xffffffb3][0xffffff84][0xffffffe7][0xffffffbf][0xffffffcb][0xffffffe0][0xffffff9b][0xffffffe1][0xffffff9c][0xffffffc5]8[0xffffffd1]x8S[0xffffffbc]~[0xffffffaf]GeS9x~[0xffffffc7][0xffffffde][0xffffffa8][0xc]M[0x6]+l[0xffffffe3][0xffffff8b]4[0xfffffff2]?2X%[0xffffffd4][0xffffff89][0xffffff90][0xffffffb6][0xffffff83][0xffffffcd][0xffffffb2]_(![0xffffff9c]B[0xffffffec][0xb][0xffffffca]wB[0xffffffdc][0x18][0xffffff94][0xffffffc0]R[0xfffffff7]O[0xffffff95][0xffffff90][0xffffff99]r[0x13][0xffffffb6][0x2]6^[0xffffffa5]l[0xffffffcc]G;r>[0x4][0xffffffaf]Y[0xffffffb2]"9[0x6]}[\n]"
16:19:10.226 [main] DEBUG org.apache.hc.client5.http.wire -- http-outgoing-0 << "K[0xffffff89][0x0][0xffffffb1][0x9]G[0xffffffae]4&[0xffffffa4][0xffffff84][0xffffffd0][0xffffff9a]c[0xffffffb2][0xffffffb8][0xffffffc5]([0xe]I^[0xf]J[0xffffff8e]9[0xffffffa3]xi^ }S[0xffffffe5][0xfffffff1];F[0xffffffaa]D[0xffffff94][0x12]wX[0x7f][0xffffff9c]^[0xb]^[0x3][0xffffffca][0xffffff97][0xffffff92]r[0xffffffe1]6g[0xffffff8a][0xfffffff0]F[0xffffff98]|[0x1b][0xffffffe1][0xffffff96][0xffffff98]D[0xffffffe9]Cf[0xffffffba][0x1][0xffffffdf][0xe]e[0x1f]gm8[0x17]R][0xffffffe6]/[0xffffff8c]cQ[0xffffffab]6[0xffffff87]oG[0xffffffbd][0xffffff87][0xffffffad]K[0xffffffe4][0xffffffba][\r]sL[0xffffffe7][0x5][0xffffffbb][0x1e][0x16][0xffffff8d][0xffffffac][0x1c][0xffffffa1]0[0xffffffe1][0xffffffb7][0xffffffc5](([0xffffffe0][0x13]w=&[0xffffffa9][0xfffffff4]8[0xffffffda][0xffffffde]nZv[0xffffffc7][0xffffffa4][0xfffffffc][0xffffffa0]1[0x7f][0xffffffc3]/[0x0]v[0xffffffa8][0xffffffa3][0xffffffcd][0xffffffc1]M[0xffffffaf][0xffffffcf][0xffffffeb][0xfffffffb][0xffffffd0]z/[0xffffff9c][0xffffff9c]O!v[0x7][0xffffffe5]\[0xffffff88][0xffffff9b][0xffffff82][0xffffff92][0xfffffff5][0xffffffa2][0xffffffba][0xffffffc9][0xffffffc1]]@)1[0xffffff84]e[0xffffffab][0xffffffc8][0xffffffb9]Q(t[0xffffff99][0xffffff8e]Gb~[0xffffff8c][0x4]U[0xffffff8f][0x1c]z[0xffffffa9][0xffffff85]=`[0xffffffdb]92[0xffffff8e][0x1a][\n]"
16:19:10.226 [main] DEBUG org.apache.hc.client5.http.wire -- http-outgoing-0 << "[0xffffffc6]Y[0xffffffbc][0xffffffe7]G[0x16]K2[0xffffffe7]f[0xffffffab]u=([0xffffffa1][0xffffffff][0xffffffe0]:+O[0xffffff8d][0x1][0xffffffba][0xffffffd4][0xffffff94]$J[0xffffffb1][0x7]%[0xffffffae][0xffffff9a][0xffffff8c])[0x1d]g[0xffffffd5][0x19]:[0xfffffff5][0xffffffe9][0xffffffbd][0xffffff8f][0xffffff8d][0xffffffce][0xffffffc2]![0xffffffe5][0x14]cwT[0xffffffce][0xffffffc5][0xffffffb8])*1x[0xffffffe7][0xffffffde][0xfffffff8][\r]&B[0xffffffdc][0xffffffbb][0xffffffa5][0xffffffaf]iS[0x1f][0xffffffc8]D[0xffffff82]Et2[0xfffffffb][0xffffffd7]*dOl*`[0xffffffc1][0xffffffa5][0x4][0xfffffffd]2[0xffffffa4]F[0xffffff9d]@J[0xffffff82]i&[0x17]=[0xffffff9a][0xffffff82][0x1a][0xffffff8e]=[0xffffff83][0xffffffef][0xffffffeb]QIE[0xffffff89]%|[0xffffffcb][0xfffffffe][0xffffffdd]S%[0xffffff97][0xffffffa0][0xffffffa9])[0xfffffff7]t[0xffffff8c][0xfffffff6][0xfffffffa][0xffffff86][0xffffffff][0xffffffd6][0xffffffc9]6[0xfffffffe]%U.e[0xffffffd1]O![0xffffffde][0x0][0xffffff94][0xffffffe7]C[0xffffffdc][0x14][0xffffff94][0xffffffed]^[0xffffffaa][0xffffffbc][0xffffffc1]HhL[0xffffffec][\n]"
16:19:10.226 [main] DEBUG org.apache.hc.client5.http.wire -- http-outgoing-0 << "[0xffffffdd][0xffffffc0]-[0xffffff99]L[0xffffffef][0xffffff92]Q[0xffffff88][0xffffffc2][0xffffffd6]dX[0xffffff83][0xffffff9e][0xffffffc3]([0xffffffca]H[0xffffffc1]N'[0xffffffab][0x12][0xffffff92][0x18]h[0xffffffc5]#[0xffffff9e][0xffffff82], =[0xe][0xffffff9a][0xffffffa4]n[0xffffff92][0xffffffe7][0xffffff8a]1[0xffffffa5][0xffffff87][0xffffff8c]A[0xffffffeb][0xffffffd6][0xffffffbd][0xfffffffd][0xffffff86]S[0xffffffcc]m[0xfffffff2][0xffffffe7][[0x1c][0xffffff81]Iek[0xffffffbf]9[0xffffffe3][0xffffffd0][0xffffffa5][0xfffffffd]~[0xffffffa9])[0x17][0xffffffae][0x18][0xffffffa7][0x8]{cr6[0xffffffc2]M1[0xffffffc9][0xffffffde][0xffffff83]Sq[0xfffffffd][\r][0x2][0xffffffb9][0xffffff88]X[0xffffffdb][0xffffffe5][0xffffffb9]f[0xffffffb1][0xffffffc6][0xffffffe9]D[0x4][0xffffff9f][0xffffffbc][0xffffffc9][0x11]4[0x7]J[0xffffffc9][0xffffff81][0x1b]28[0xffffffc1][0xffffffd3][0xffffff90][0xf][0xffffffb4][0xffffffdf]p18[0xffffffee]U[0x1b]?c`[0xffffffd5][0xffffffc8][0xffffffe9][0xffffffa3][0x1c][0xffffffc4][0xffffff8a][0xffffffe6][0xffffffbb]u[0x1]HJo[0xffffffd0][0xffffffe7]4[0xffffffe9]#[0xffffffa3][0xfffffff3]v[0xffffff98][0xffffff80][0xfffffff3][0x4][0xffffffdc]&`[0x10][0xffffffdb][0x7][0xffffff93][0xffffffc7][0xffffffd7][0xfffffff7][0xffffffc2]}[0xffffffce][0x14][0xffffffe3][\r]Py>[0xffffffc6]MQ[0xffffff89][0xffffffec]=B7[0xffffffef]>[0x12]j[0xffffffa0][0xffffff84][0xffffffd7][0xffffff9b][0xffffffd1][0xffffffea][0xffffff92][0x3][0xffffff9b]m[0xffffffb0]D '[0xffffffe8][0xffffffab]FU[0x13][0xffffff9c]s[0xe][0xffffff8a][0x16]]J[0xffffffe1][0x18]m[0xffffff86];[0xffffffdc][0xffffff8e][0xffffffc7][0xffffff88]0[0xffffffe2][0xffffffbb]:([0xffffffc6][0xffffff96]+[0x1c][0xffffffdc]=.=02[0xffffffba][0xffffffef][0x18][0xffffffc9][0xffffff94][0xffffffd4][0xffffff95]([0xffffff91]9[0x1f][0xffffffa7]Y3[0xffffffc2][[0xffffffe3][0xffffffc9]uI[0xffffff94][0xffffff87][0xffffffb7][0xfffffff7][0xffffffc2][0xffffff85][0xffffffce][0x14]awL[0xffffffce]D[0xffffffb8])$[0xffffffb5]f[0x1][0xffffffd8][0xffffffd8][0xffffffb0][0xffffff9d][0xffffffa7][0xffffff94]8[0xfffffff5][0xffffffe5][0xffffffa4]Ab`[0xfffffff0][0xffffffc3]E-5[0xc]"[0xb][0xffffffc3][0xfffffffd]Y[0xffffffcb]-[0xc][0xffffffac]I"[0xffffffa7]3p[0xffffffa0][0xffffffd4]49t=[0xffffffdc][0xffffffd4][0x1a]0L[0xffffffb3]P[0xffffffda][0xffffffe0][0xffffff82][0xffffffa1][0xffffffd9]\QQ[0xffffffc2][0xffffffec]0[0xffffffc8]6[0xfffffffa]W[0xffffff94][0xffffffcf][0xffffff90][0xffffffa4][0xffffffa2]T[0xfffffff8][0xffffffec][0xffffffd8][0x1d]#[0x3]yr[0x7f][0xffffffa0][0xffffffc3]@h[0xffffffe1]:[0xffffffc7][0x1f]#[0xffffffbc][\r]$[0xffffffcf]D[0xffffffb8])&[0xffffffb9][0xffffffc1][0x6][0xffffff9d][0xffffffa6]??[0x8][0xffffff8d][0x4]oe[0xffffffa4]>[0xffffffd4][0xffffff94][0xffffff85][0xfffffff1][0xffffff8f][0xffffffab][0xffffffa2][0xfffffff0][0xfffffffe]f[0xffffffc9]([0xfffffff1]"[0xffffff81][0x1b][0xffffffc4][0xffffffb9]M[0xffffffee][0x5][0xffffffe0]`[0xffffffc6][0xffffffbe][0xffffff91]l[0xffffff89][0x7f]5#L[0xffffff81][0xffffffd6][\r][0xffffffb7][0x1d][0x1f]W[0xffffffec]s[0x1a]e[\r]o[0xffffffaf][[0x14][0xffffff94][0x8]$[0xffffffb8]h[0xffffff81]H[\r][0xffffffd2]9n3X[0xffffffb0][0xfffffff5]I[0xffffff93][0xffffffc7]w[0xfffffff7][0xffffffc2][0xffffffc9][0xfffffff9][0x14]bwP[0xffffffce][0xffffff84][0xffffffb8]5&[0xffffff91][0x1d][0xfffffff4][0xffffffdf][0xffffffe6][0xffffffc4][0x12]"[0xffffff89]r[0x0][0xffffff84]M[0xffffffb9][0x1e][0x15][0xffffffd6]"[0x1e]i[0x4][0xffffffce]O#[0xffffffb5]dF[0xfffffff2][0xffffffc0]2[0xffffff91][0xffffffa3][0xffffff93][0xffffffdc]:[0xffffff81]w. [0xffffffa0]3[0xffffffb7][0xffffffe4][0xffffffb4][0xffffffc5][0xffffff80][0xfffffff5]t[0x1a]W[0x14][0xffffff94]$[0xffffff91]f[0xffffff98][0xffffffd8][0xffffff9d]r[0xffffffce][0xffffffab][0xfffffffb][0xfffffff0][\r][0xffffffdb][0x1f][0xffffffa9]h[0xffffffa2][0xffffff9d]8[0xffffff9d][0xffffffb8][0xffffffe8][0xffffff90]&[0x17].[0x18][0xffffffa7][0x0]o[0xffffff86][0xffffffc8]W[0x1]n[0xffffff89]H[0xffffffd6])[0xffffff8c]4n[0xffffffe0][0xffffffd8][0xffffff94][0xb][0xffffffd2][0xffffffb2]v[0xffffffef]w[0x10][0xffffff9a][0xffffffe5]![0xffffffb7]S[0xffffffa0][0xfffffffe]%-r[0xffffffb3][0xffffffb4][0xffffffa9][0xffffff92][0xfffffff3]V[0xffffff98][0xffffffa2][0xffffffe3][0xffffff8f][0xffffff8e][0xffffffaf][0xffffffbf][0xffffff86][0xffffff96]A6[0xffffffc5][0xfffffffb][0xffffff9c][0xffffffb3]l[0x11][0xffffffab]iV[0xffffff91]+[0xffffffde][0xffffffdc][0xffffffc8][0xffffffd5][0x1a][0xffffffb9][0xffffffb7];[0x13][0x3]D[0xffffffba][0xffffffbd]4[0xffffff87][0xffffff95]7cs[\n]"
16:19:10.226 [main] DEBUG org.apache.hc.client5.http.wire -- http-outgoing-0 << "[0xffffffbf]v[0xffffffd2][0xffffffa8]s[0xffffff9a]"
16:19:10.226 [main] DEBUG org.apache.hc.client5.http.headers -- http-outgoing-0 << HTTP/1.1 200 OK
16:19:10.226 [main] DEBUG org.apache.hc.client5.http.headers -- http-outgoing-0 << date: Wed, 13 Mar 2024 16:19:10 GMT
16:19:10.226 [main] DEBUG org.apache.hc.client5.http.headers -- http-outgoing-0 << content-type: application/json
16:19:10.226 [main] DEBUG org.apache.hc.client5.http.headers -- http-outgoing-0 << transfer-encoding: chunked
16:19:10.226 [main] DEBUG org.apache.hc.client5.http.headers -- http-outgoing-0 << content-encoding: gzip
16:19:10.227 [main] DEBUG org.apache.hc.client5.http.headers -- http-outgoing-0 << x-ratelimit-limit: 180
16:19:10.227 [main] DEBUG org.apache.hc.client5.http.headers -- http-outgoing-0 << x-ratelimit-reset: 1710346810
16:19:10.227 [main] DEBUG org.apache.hc.client5.http.headers -- http-outgoing-0 << x-ratelimit-remaining: 179
16:19:10.227 [main] DEBUG org.apache.hc.client5.http.headers -- http-outgoing-0 << x-trace-id: 561a3b58728ddb844c66c9e0c78537dd
16:19:10.227 [main] DEBUG org.apache.hc.client5.http.headers -- http-outgoing-0 << server: nginx
16:19:10.227 [main] DEBUG org.apache.hc.client5.http.headers -- http-outgoing-0 << x-frame-options: deny
16:19:10.227 [main] DEBUG org.apache.hc.client5.http.headers -- http-outgoing-0 << x-content-type-options: nosniff
16:19:10.227 [main] DEBUG org.apache.hc.client5.http.headers -- http-outgoing-0 << x-xss-protection: 1; mode=block
16:19:10.227 [main] DEBUG org.apache.hc.client5.http.headers -- http-outgoing-0 << strict-transport-security: max-age=31536000
16:19:10.227 [main] DEBUG org.apache.hc.client5.http.impl.classic.MainClientExec -- ex-0000000002 connection can be kept alive for 3 MINUTES
16:19:10.230 [main] DEBUG org.apache.hc.client5.http.wire -- http-outgoing-0 << "\87[0xffffff9f]b[0xffffffec][0xe][0xffffffca][0xffffffb9][0x18]7Eehi[0xffffffaa][0x19](w[0xffffffae]'S[0xffffffc1][0x14]10[0x9][0xffffffaf][0xffffff99]V[0xffffffc7][0xffffffb4][0xffffffdd][\r][0xffffff94]5N[0xc][0xffffffa3][0x19]K[0xffffffb8][0xffffff9d][0xf]#[0xffffff88]d[0xffffff8b][0xffffffd4][0x18][0x1b]aD$[0xffffff98][0xffffffd8][0x9]r[0xffffffcd][0xffffffca][0xfffffff0][0xffffffab][0xffffffeb]|[0xffffffcd][0xffffffd9]g[0xffffffb2].j;[0xffffffd3][0xffffffde][0x13]J[0x4]cZ[0xffffffb6]ww[0xffffffa3][0xffffffad][0x19][0xfffffff2]$[0xffffffb7][0xffffff80][0xfffffffa][0x10][0xffffff84][0xe]=[0xffffffce][0xffffffc2][\r][0xffffffe3][0x14]bwP[0xffffffce][0xffffff85][0xffffffb8]-([0x11]A[0xffffffb0]}[0xffffffee][0xe]J=0-[0xffffffc7][0xffffff85][0x11]}[0xe]wL[0x18][0xffffffd0][0xffffff90]'[0x11][0xffffffda]r[0x1b][\r][0xfffffff7][0xffffffe7],[0xffffff8a][0xffffffc5][0xffffffc4][0xffffffa3][0xffffffe9][0xffffffba][0xffffffb8][0xffffff8b][0xffffffd2][0xffffffa8][0xffffffe9][0xfffffff8][0xffffffd7]PNr4[0xffffffcd][0xffffff8e][0x5]`[0xffffffba][0x15][0xe][0xffffffb9]^[0xffffffc3][0xffffff91][0xffffffc0][0x19][0xffffffec]6[0xffffffa0]|[0xffffffde]0[0xffffffe2]$jwx=[0xffffffe0]t[0xffffffd6][0xffffffa5][0xfffffff1]~[0xffffff99]P.\[0xffffffe5]L[0x11][0xffffffde][0x2][0xffffff93]g#[0xffffffdc][0x14][0xffffff93]mp[0xffffff82][0xffffffd9]vwL[0xffffffd6]q[0xffffffc4]|[0xe]Q[0xffffffd8]@{[0xffffffc3][0xffffff91][0x14][0xffffffae];T[0x1c][0xffffff91][0xffffff98][0xffffff9e][0x18][0xe][0x4]g[0xfffffff4][0x11][0xffffff86][0xffffff9b]%[0xffffff95][0xffffff93][0xffffffab] [0x8][0xfffffff1][0x3]'yp[0xb]G[0xb][0xffffff91][0xffffff86]XS^[0xffffffe1][0xffffffd1][0xffffffc1][0x1d]([0xffffffa8][0x1f]-[0xffffffa4][0xffffffee][0xffffff89][0x12]1[0x15][0xffffffe7][0xe][0xe][0xffffffe4]^,[0x19]0[0xffffff99][0xffffffee][0xffffff82][0xffffffc9]C[0xffffffa2]\[0xffffffda]y[0x1f]C[0xffffffec][0xe][0xffffffca][0xffffffb9][0x10]7[0x5]%[0xffffffc7]X[0xfffffff0][0xfffffffa][0xffffffb9][0xffffffc1]4[0x8][0xffffffbc]q[0xffffffc7]l[0xffffffd4][0xffffffb4][0x2][0xffffff8d][0xffffffbe][0xb] [0xffffff95][0x18][0xffffff8a][0x1b][0xffffff98][0xffffffd3][0xffffffe0]vd9[0xffffffb9][0xffffffc0]O[0x3](T[0xc][0xffffffd4]1[0xffffffe0](1[0xffffffab]![0xffffffe0]3[0x1e][0xffffff91][0xffffff96]q[0xffffffee][0xfffffff3][0xfffffffa]i[0xffffff90][0xb][0xffffffb0][0xffffff8f][0xfffffff8][0xffffffe2][0xffffffb7][0x4]e[0xfffffff3][0xffffffac]E[0xffffffee][\r][0x7][0xffffffb5]/([0x17][0xffffffee]r[0xffffffa6][0x10]o[0x7][0xffffffca]W!n[\n]"
16:19:10.230 [main] DEBUG org.apache.hc.client5.http.wire -- http-outgoing-0 << "J<4[0xffffff90]'[0xfffffff4]w[0xffffff94][0x13]T[0xffffff94]#{D7[0xffffff9a][0xffffffd4][0x8][0x19][0xffffffd5][0xffffffe2][0xffffffb3][0xffffff85][0x9][0xffffff8c][0xffffffa2][0xffffffdc][0xffffffc3]W[0xffffff83]a9[0xffffffa4][0xfffffff4][0x10]8[0xffffffe7][0xffffff8b][0x1f][0xffffffbc][0xffffffc5][0xffffffd5][0xffffff93]?[0xffffff87][0xffffffe4][0xfffffff8][0x8][0x6]^L[0xffffffce][0xfffffff3][\n]"
16:19:10.230 [main] DEBUG org.apache.hc.client5.http.wire -- http-outgoing-0 << "*[0x6]3e[0xffffffcc]e[0xffffff9b]S[0xffffffe9][\r]2[0xffffffa5][0xffffff84]r[0xffffffee][0xfffffff7][0xffffffb6]E[0x1c]c[0xffffffe0][0xffffff87][0xffffffaa][0xf][0x13][0xffffffe3][0xffffff90]([0xffffff97][0xfffffff6][0xffffffde][0xffffffc7][0x8]o[0xffffff80][0xffffffc9][0xffffffb3][0x11]n[0xb][0xffffffc9][0xffffff88]w[0xffffffe6]-x[0x18][\r][0x16][0xffffff86][0xffffffd9][0xf][0xffffff9c]H[0xffffffa9][0x10][0xffffffe7]@[0xffffffcb]([0xffffffd9]2[0xffffff94][0xffffff94][0xffffffed]b8[0xffffff86][0xffffffc9][0xffffff95]Z[0xffffffd2]`kh|[0xffffff82][0xfffffff6][0xffffff9e]q[0xffffffb3][0xffffffc7][0xffffff8c][0x0][0xffffffd9][0x18]n0\[0xffffffe5][0xffffffbd]:Ob[0x18][0xffffffef]a[0x13][0xffffffdf][0xffffff82][0xffffff87]!8[0xffffff9e]|[0xffffff80]$[0xffffff87][0xffffffc6][0xfffffff8]iV[0xffffff9d]F[0xffffff94]/[0x5][0xffffffe5][0xffffffb2][0x1][0xffffffe5]I[0xffffff84][0xffffffb7][0xffffff84][0xffffffe4]O[0x11]n[0xffffff8a]I[0xffffffcc][0xffffffae][Q[0xffffffd7][0xffffffbd][0xffffffa0][0x14][0xffffffd4][0xffffff86]0[0xffffff80]\S6p[0xffffffb4][0x11][0xe]Y,[0x5]M[0x18][0xffffffe6]n[0xffffffd8][0xc]q[0xfffffffc][0xffffff8e][0xfffffffb][0xffffff8d][0xffffffdc])[0xffffff85][0xffffff93][0xffffff8e][0xffffffb3][0xffffff8a]D[0xffffff8b]C[0x1d][0xffffff88][0xffffffec][0xffffff9c]]8[0xffffffd6][0xffffffb1]Y[0xffffffaf][0xffffffe2][0x6]ql[0x15]j[0xffffffe8]-[0xffffffd3]$[0xfffffff3] [0xffffffd5]T[0xffffffb5][0xffffffec][0xffffff9c][0xffffffba][0x14][0xffffff94]/[0xffffff98]\[0xffffffb8][0xfffffff0][0xfffffff6][0xffffffee][0x10][0xffffffe1][0xffffffed]0[0xfffffff9]*[0xffffffc2]M1I[0xffffff87][0xffffff8a][0x12][0xffffffaf]?&Q[0xffffffd8][0xffffffa0]i[0xffffff90][0x2]{[0x1][0xffffffac][0xffffff83]t[0xffffffb3]i[0xffffff81]k[0xffffff9e][0x1b][0xffffffa1][0xffffffd7]P^b[0xffffffc6][0x1d][0x11][0xffffffee][0xffffffe0][0xffffff9d][0xffffffed]-[0xffffffc7][0xffffffcd][0x13][0xffffffbe][0xfffffff2][0xfffffff8][0xffffffb6][0x14][0xffffffae][0xffffffd8][0x14][0xffffffce]{[0xfffffff9][0xffffffb2]b[0xffffff93][0xffffffc3][0xfffffffb][0xffffff94]c[0xffffffb5][0xffffffed][0xffffffe8][0xffffffd9][0xffffffed]^[0xffffffdd][0x1c]dl[0xffffffd6][0xffffffc7]Ft[0xffffffbe]M[0xffffffbe]T[0xffffffc3]8[0xffffffc5]xKT[0xfffffffe][0x14][0xffffffe3][0xffffffa6][0xffffffa8]4$[0x15][0xffffff8e][0x14]u[0xffffffcf][0xffffff94]([0x4][0xffffffb2]h[0xffffff83] L1Yl'A[0xffffffcb][0xffffffc3][0xffffffd0]\[0xffffffe3][0x1f][0xffffff84][0x1d][0xb]/m[8[0xffffffd7]<[0xffffff8c][0xffffffe8]#[0x1a]wm[0xffffffc4][0xffffffd7]*[0xffffffe4][0xffffffec]t[0xffffffe6][0xfffffff8][\r][0xffffffdd][0xffffffce][\n]"
16:19:10.230 [main] DEBUG org.apache.hc.client5.http.wire -- http-outgoing-0 << "S+z&h;?[0xffffffdd]:[0xffffffe8][0xffffffc4][0xffffffed][0xffffff9d][0xffffffde][0xffffffde][0xffffffcf]z1v[0xfffffff4][0xffffff9d]v[0xffffffde][0xffffff87][0x5][0xffffffa3][0xffffff8d][0xffffffcb][0xffffff94][0xffffffb5]S[0xffffff8c][0xffffffb7]C[0xffffffe5][0xffffffab][0x18][0xffffffb7]D%6)\[0xffffff85][0xb][0xfffffffd][0x7]B[0xffffff9e][0xfffffffa]Qsg[0x3][0xffffff8b]l[0xffffffda][0xffffffe9][0xffffffd1][0xffffff89]![0xffffffb0][0xffffffc6][0xffffffa9][0xfffffff4][0xfffffff9]c[0xffffffb3][0xe][0xffffffc2]Y[0x8][0xffffff8f]u\[0x2]Y>Jv[0xffffffde][0x3][0xffffffb8][0xffffffe4][0xffffffc8][0xffffffa2][0x9]q[0x7f]=#[0xffffffbb][0xffffffab]k[0xffffffca][0xffffffc6][0xb][0xffffffe2]lM[0xffffffbc][0x5][0x13][0xffffff83][0xffffffb3]U[0xffffff98]Za[0xffffff8d][0xffffff8e]v[0x5][0x7f]a[0x8][0xffffffe7][0xffffffa2][0xffffffcf][0xffffff8a][0xfffffff1][0xffffff88][0xffffffca][0xffffff85][0xffffffa3][0xfffffff3])[0xffffffc6][0xffffffee][0xffffffa8][0xffffff9c][0xffffff8b]qST:v[0xffffffcf]x[0xffffff8e]t[0xffffffcf][0xffffff95][0x1][0xffffff9d][0x18]f[0xffffff95]X[0x0][0x16]k[0x13][0xfffffff6][0xffffffea][0x1c]QF[0xe][0xffffffc6]\[0x1c][0xffffff81]![0xfffffff7]j[0xffffffbd]g[0xffffffa9][0xffffff83][0xffffffaa][0x11][0xffffffc2]/[0xfffffffc]!v[0xffffffe1][0xffffffb5]q[0xffffffd5]2[0xffffff87]5[0xffffff9a][0xfffffffd][0xffffffbb][0x18]W[0xffffffa0][0xffffffd2]Qta[0x0]{[0xffffff83]7[0xfffffff8][0xffffffc9]wL[\n]"
16:19:10.230 [main] DEBUG org.apache.hc.client5.http.wire -- http-outgoing-0 << "[0xffffffb8][0x18],[0xffffffaa][0xfffffffa]T[0xffffff95]GT.[0x1c][0x9][0xffffffa1][0xc]}[0xffffff89][0xfffffff1][0xffffff96][0xffffffa8][0xfffffffc])[0xffffffc6]MQi[0xffffffd8][0x13][0xffffffe3][0x18][0xffffffd6][0x1d][0xffffff95]x[0xffffffad]q0[0xe]N9[0xffffffb3][0x1e][0xffffff91]*[0xffffffaa][0xffffffef][0xffffff91][0xffffffca][0x11]O[0x16]n[0xffffffbf][0xffffffc0][0x10][0xfffffff2][0xffffffb0][0xffffffe5][0x6][0xffffffe5][0x1a]w(UN[0xb][0xffffffa0][0xffffff91][0xffffffe0][0xfffffffe][0xffffffac][0x1e]Q[0xffffffeb]h[0xffffffba]Z[0xffffffbb][0xffffff82]H[0xffffffc9]W[0xffffffc2]l[0xffffffb8][0xffffffdd]M[0xffffffe8]^W[0x1e]Q[0xffffffc9]e"ze~[0xffffffa7][0xffffffce]6[0xffffffc0]v[0xffffffe1][0xfffffff4]|[0xffffff8a][0xfffffff1]v[0xffffffa8]|[0x15][0xffffffe3][0xffffffa6][0xffffffa8][0xffffff94]1[0x8]u[0xffffff83]+p[0x8][0xffffffb9]G[0xffffff8c][0xfffffff8][0xffffffd8]q;[0x1c][0xffffffad]H[0xffffff83],3+[0xffffffda][0xffffffee]$[0xffffffac][0xffffffca][0xffffff85][0xffffffdb][0xfffffff3][0xffffffb2][0xffffff8a][0x1][0x1b]![0xffffffcd] [0xffffff9d][0xb][0x18][0xffffffa8][0xffffffc7][0xffffffda]>[0xffffff9c][[0xffffffb3][0xffffffec]y[0xffffffd4]h[0xffffffd6][0xffffffbc][0xffffffc1][0xffffffd9][0xffffffb4]k[0xffffff94][0xffffffba][0xffffffb7]E[0xffffffa5]f*[0x4]g[0xffffffc0]O[0xffffff87]^[0xffffffd6][0xffffff90][0xffffff84][0xffffff8e][0xffffffb9]r[0xffffffe1][0xffffffa8][0x12]![0xffffffde]K[0xffffff8c][0xffffffb7]D[0xffffffe5]O1n[0xffffff8b]Jn[0xffffffa9]F[0xffffffdb]_[\n]"
16:19:10.230 [main] DEBUG org.apache.hc.client5.http.wire -- http-outgoing-0 << "[0xffffffc1][0xffffffcd]xX[0xffffffbd][0xffffff8d]D[0xffffff89]1[0xb]r[0xffffff87][0x4][0xffffffc1][0xffffff9c][0xffffffbf][0xffffffc5][0xffffffd0]7A=[0xffffffa7][0xfffffff9][0xffffffce][0xffffffc8]v[0x18][0xffffff9c]W[0xffffffac]M[0xffffffed][0xffffffe0][0xffffffe0][0xffffffca][0xffffffca]F[0xfffffffd]e^[0xffffff94]t[0xffffffcb][0xffffffab]+[0xffffffde][0xffffffe0]m[0x16][\n]"
16:19:10.231 [main] DEBUG org.apache.hc.client5.http.wire -- http-outgoing-0 << "[0xffffffcb][0xffffffe4][0xffffffb6][0xffffffa8]D3[0xffffff86][0xffffffd6][0xffffffae][0xffffffcf][0xffffffea][0xfffffffb][0xffffff88][0xffffffc9][0xffffff85][0xffffffcb][0xffffffef][0xfffffffd][0xffffffb4]w[0x1f][0xffffffe1]-1y[0x12][0xffffffe1][0xffffffb6][0xffffff88][0xffffffe4]V[0x4][0xffffffdc][0xffffffb2][0xffffffee]oo[0xffffffa8]>[0xffffff88][0xffffffc2][0xffffffb8][0xffffffac][0xffffffc2]4[0xffffffcf][0xffffffb3][0xfffffff6][0xffffffb6][0xffffffd5][0xffffffe2][0xffffffb0][0x16][0xffffffc0][0xffffffe8][0xffffff88]z[0x0][0x7][0xffffffe9][0xffffffc2][\n]"
16:19:10.231 [main] DEBUG org.apache.hc.client5.http.wire -- http-outgoing-0 << "<1;W[0x9][0x1f][0xffffff97][0xffffffd2]Nf[0x6][0xffffff9c][0xffffffd6][0xffffffaa][0xffffffcf][0xffffff9c][0xffffff85]-[0xffffffc9][0xffffffae]@$[\r]S;[0x1a]s[Dr[0x19][0xffffff96]cB[0xffffffdc][0xfffffff4][0xffffffed]2[0xffffffa9]<br[0xffffffe1][0xffffffac]R[0x1e]c[0xffffffbc]%&[0x7f][0xffffff8a]qKTb9[0xffffff82][0xffffffd3][0xffffffd4][\r]l[0x8][0xffffffe0]b[0xffffffc0][0xfffffff0][0xffffffcd]n$![0xffffffd2][0x10]W[0xffffff81][0xfffffff2][0x1]^[0x10]Dt.[0xffffffbd][0xffffffc9]J+[0xffffffc2][0xffffff9d][0xffffff8b]@[0x1d][0xffffff89][0xffffff88][0xffffff92][0xffffffa2][0xffffffb2]pX[[0xffffffc8][0xffffff91][0xffffffa5]uj[0x1e]mr[0xffffff85][0xffffffb3][0x15][0xffffffb2]Z[0x16][0x2][0xfffffff6][0x16][0xc]_[0x1c]v`[0xffffff9d][0xffffffe3][0xffffffd7][0xffffffc2][0xffffffc4]D[0xffffffed][0xffffff9c]e?[0xffffffd5]g[0xfffffff7][0xfffffffd]2?_[0xffffffc8][0xffffffa6][0xffffff9c]"[0xffffffbc][0x1]&[0xffffffcf]G[0xffffffb8]%&el[0xffffff87][0xffffff9b][0xffffffda][0x11][0xffffffde][0xffffffee]l[0xffffffca]v[0xfffffffd]dl[0xffffff97][0xffffffae][\n]"
16:19:10.231 [main] DEBUG org.apache.hc.client5.http.wire -- http-outgoing-0 << "[0xffffffee]+[0xffffffe8][0x15][0xffffffab][0xffffff90]l[0x11]q[0x16][0xffffff82]2[0xffffffc9][0xffffffaf][0xfffffffb][0xffffff84][0xffffffc6][0xffffff9b][0xffffff8c][0xffffffa6][0x4][0xffffffef]t[0xffffffd8][0xffffffb2]x[0xfffffffd]Z[0xffffff8e][0xffffffa3] V[0x1d][0xffffffa2]1k[0xfffffffa][0x1c][0xffffffe2][0xffffffc1][0xffffffdc][0xffffffbf];&[0xffffffdb][0xffffffc1][0xffffff8f]fJ[0xffffff89]v[0xffffffc5]@V[0xffffff90];[0xffffffe4][0xffffffea][0xc][0xffffffb0][0xffffffba]d[0xffffffca][0xffffffc3][0xffffffee]{[0xffffffe9][0xffffffcb][0xfffffffb][0x18]b_P[0xffffffbe][0x13][0xffffffe2][0xffffffa6][0xffffffa0][0xffffffa4][0xfffffff7][0xffffffc6][0x19][0xffffffa0][0xffffffff][0xffffffeb][0[0xffffffe7]i][0xffffffcc][0x0]U[0xffffff93][0xffffffeb][0xffffffd6][0xfffffff0][0xe]3[0xe][0xffffffbd][0xffffffa8]k3S"[0xffffffce][0xffffffaa][0xffffffe2])[0xffffffcd][0xfffffffa][0x1b]W[0xffffffa1][0xffffff82][0xffffffb8][0x11]'U[0xffffff85][0x17][0xffffffa0])[0xffffff86][0xffffff9b][0xffffffab]#[0xffffffdb][0xffffff9e]5G*Q([0xffffffe0]t[0xffffffee][0xffffffba]7[0xffffffdf][0xffffffcf][0xffffffdf]1n[0xfffffff0][0xffffffe0]j[0xffffff85][0x14][0x2][0xfffffffb]^[0xffffffd4]v[0xffffffaa][0xf]![0xffffffe3]9Q[0xffffffb2]D[0xffffff91][0xffffffad][0xffffffbf]{[0x1c][0xffffffbe]~[0xfffffff9][0xfffffff6][0xfffffff0][0xfffffff4][0xffffffe5][0xfffffff1][0xffffff9f]w[0xffffff90][0xffffff91]([0xfffffff8][0xffffff9b][0xfffffffe]m[0xffffffe4]~[0xffffffc5][0xffffffc7]o[0xf][0xffffffff]5[0xffffffdc][0xffffffdd][0xffffffeb])[0xffffffc4][[0xffffff80][0xfffffff2]l[0xffffff88][0xffffffdb][0xffffff83]R[0xfffffff7][0xffffff9f][0xffffff9e][0xffffffd3][0xffffffc0]p[0xb][0xffffff90][0xb][0xffffffd6]Uc[0xffffffc9][0xffffffc7]E3[0xf][0x4]u[0xffffffe5]&#[0xffffffa7]H[0xffffffa0][0xffffffff]B[0x11][0xffffffb2][0xffffffc9]8[0xffffffdc]*G[0xffffffec][0xffffff83]<[0xffffff96][0xffffff95][0xffffff90].[\r][0xffffffc3][0x1c][0xffffffaf][0xffffffe0][0xffffffa7][0xffffff9b][0xffffffeb][0x19][0x19][0xffffff98][0xfffffff7][0x1a]t[0xffffff93][0xffffffad]q[0xffffffeb];[0x11]:[0xffffff82][0x12]:%[0xffffffe7][0xffffffcd][0xfffffff0]ki[0xffffffc4][0xffffffa6][0xffffffbe][0xffffff87]J[0xffffffda][0xffffff9c]i[0x9]*[0xffffffa7][0x18]o[0xffffff84][0xffffffca][0xffffffb7]1[0xfffffffe][\r][0xffffffa8][0xffffffec][0xffffffdf]{sZ*[0x17][0xfffffffc][0xffffffe9]M[0xfffffff2][0xffffff90]3p*[0xffffffe2]~z[0xffffff9b]cd[0xffffff96]9U[0xffffffb2][0xffffffe4]Im[0xffffffd3][0xffffff83]Y[0x1][0xffffffc6]B[0xffffff8a]}d[0x1b][\n]"
16:19:10.231 [main] DEBUG org.apache.hc.client5.http.wire -- http-outgoing-0 << "[0xffffff8d]dIhCH[0xffffffcc][0xffffffc4][\n]"
16:19:10.231 [main] DEBUG org.apache.hc.client5.http.wire -- http-outgoing-0 << "[0xffffffea][0x1a]]<L![0xffffffdd][0xffffffdd][0xffffffda][0xffffffea][0x4][0xffffff95][0xffffffac]uD[0xffffffb3][0xffffffc6][0xffffffc0][0xffffffc6][0xffffffa3]3*[0x17]V[0xffffff95]S[0xffffff8c]7C[0xffffffe5][0xffffffeb][0x18][0xffffffb7]G[0xffffffe5]-[0xffffffae]B0m[0xffffffac]H[0xffffffc7]F^[0xffffffc9][0xffffffb8][0xffffffea][0xffffff8b][0xffffff84]D[0x11][0xffffff9f][0xffffffa0]HO^[0x1a][0xffffffbb]w[0xffffffef][0xffffffe2][0xffffff8b][0xffffffe4][0xffffffb6]2[0xffffffbe]O9G[0xfffffff6][0xffffff91][0xffffff9e]%[0xffffffd0]8BGW[0xffffffa2][0xffffffae][0xffffffd0]2R:0[0xfffffffb][0xffffffb4][0xffffffdd][0xffffff95]c'[0xffffffa8][0xffffffe4][0x5][0xffffff8e][0xffffffbe][0xffffffb6][0xffffffb1][0xfffffffe][0xfffffffa].[0x1a][0xffffffcd][0xffffffc2][0xfffffff5][0xfffffff7][0x14][0xffffffe2][0xffffffcd]@[0xfffffff9]*[0xffffffc4][0xffffffbf][0x1][0xffffff93][0xfffffffd][0xffffff8b]Jh[0xffffff94]4[0xffffffd9][0xffffffd6][0xffffffd0][0xffffffba][0xffffff84][0xffffffd1]b[0x1d][0xffffff84][0xffffff9c][0xffffff91][0xffffffff]0J[0xffffffc7][0x17][0xffffffd0][0xffffffcb][0xffffff8c][0xffffff9e][0xffffff8c]C[0xffffff8f][0xffffff83][\n]"
16:19:10.231 [main] DEBUG org.apache.hc.client5.http.wire -- http-outgoing-0 << "[\n]"
16:19:10.231 [main] DEBUG org.apache.hc.client5.http.wire -- http-outgoing-0 << "[0xffffffbc][0xffffffb6][0xffffffab][0x10][0xffffffa1]B[0xffffffba][0xffffffe4][0x0][0x19][0x15]![0xffffffa7]#V[0xffffffbc][0xffffffbf][0xffffffd1][0xfffffffd]p3[0xffffffb4][0xffffffff]I[0xffffffa7]SL[0xfffffff2][0xfffffffe][0xffffffb6];[0xffffffcc]=b[0xffffffe8]c[0x2]x[0xffffff98][0x9][0xffffffe1][0xc][0xffffffbc][0xffffffe8][0xfffffffd]=[0xffffffc5]x;P[0xffffffbe][0xffffff8a][0xfffffff1]o@e[0x7f][0xffffffea][0xffffffb9][0xffffffcf][0x9][0xffffffb1][0x0][0x12][0x8][0xffffffa9]Y[0xffffff80]Wx[0xffffffbe]X[0xffffffaf][0xffffffd5][0xffffff8c]]*tG[0xffffffe8][0x19][0xffffffdc][0xffffffba][0xffffffe3][0x1f][0xffffffe8][0xffffffc8]K[0xffffffc2]Hc[0xffffffb0]T[0xffffff9f][0xffffff92][0xffffff93][0xffffff8f][0x19]Q[0xffffff99][0xffffff80]1[0xffffffb8]"S[0xffffffd2][0xffffffd2][0xffffffb7][0x1]iw[0xfffffffe][0xffffffda]3*[0xffffffe1][0xfffffff9][0xffffffe2]k[0xffffffd5][0xffffffce]}sn[0xffffff94][0xfffffff1]A[0xffffff97][0xfffffff6][0xfffffffb][0x8][0xffffffca][0xffffff85][0xffffff94][0xffffff8c])[0xffffffc4][[0xffffff80][0xfffffff2]\[0xffffff88][0x1b]c[0x12][0xffffffb2][0xffffffcb][\r][0xffffffde][0xffffffde][0xffffff8a][0xffffff95][\r][0xffffff86][0xffffffe6][0x8]gab[0xffffffe8][0xffffffa4][0x3]'[0xffffffc9][0xffffffb9]D[0xffffffd2]\SY02&[0xffffffd7][0x10],[0xffffffe9][0xfffffffc][0xfffffff1][0xffffffb3][0x2][0xffffff9b][0xffffffa6][0xffffffb2][0xffffffd4])[0xffffff99][0xffffffb3][0x10][0xffffff90]68[0xffffff94][0xffffff9b]W[0xffffffec]s[0xffffffda]I:\1[0xffffffbb][0xfffffff3][0xffffff84]N0[0xffffffc9][0x1][0x1d][0x15]vp[0xffffff93][0xffffffa1][0xffffff99][0xfffffff4][0x5][0xffffffe5]BF[0xffffffc6][0x14][0xffffffe3][0xffffffcd]@[0xfffffff9]:[0xffffffc6][0xffffffbf][0x1][0xffffff95][0xfffffffd][0xfffffffb][0xffffffef][0xffffffec][0xffffff82].[0xffffffa0][\r][0x2]F[0xffffff9b]es[0xffffffc3])s[0xffffffc7][0xffffff96][0x14][0xffffffc8][0xfffffffb]9G[0xffffffdc][0xffffffc8][0xffffffd9][0xffffff81]s[0xffffff82]1[0xffffffe1][0xffffffde][0xffffff8b][0xffffffa1]4[0xffffffd2][0xfffffff0]<[0x2]S[0xffffff9d][0xffffff90]}[0x1]N[0xffffffb7]&S[\n]"
16:19:10.231 [main] DEBUG org.apache.hc.client5.http.wire -- http-outgoing-0 << ",[0x5][0xfffffff7][0x17][0xffffff81]n[0xffffffd1][0x7f][0xffffffef][0xffffffd3][0x8][0xffffff8a][0xffffffc6]f[0xffffffe2]K_[0x16][0xfffffffa][0xffffffe8][0xffffffbe][0xffffff8f][0xffffffa9]r!#[0x3][0x17][0xffffffdf][0xffffff97][0x18]o[0xffffff87][0xffffffca]W1[0xfffffffe][\r][0xffffffa8][0xffffffec][0xffffffdf][0x7f][0xffffffd7]v[0xffffffe1][0x1e]Ss[0x1a][0x17]W[0x13]WI[0x0][0xffffffa3][0xffffffc8][0xffffff90][0xffffffd8][0xfffffff0]L-([0xffffffc0][0xffffffd9]-ZM[0xffffffce]D[0x1a][0xffffffce]22[0xffffff8c][0xffffffdc][0x19]c2d\[0xffffffc5][0xffffffba][0xffffffc5][0xffffffb9][0xffffffbc]b~[0xffffffde][0xffffff98]r[0xffffff8d]*qCT[\n]"
16:19:10.231 [main] DEBUG org.apache.hc.client5.http.wire -- http-outgoing-0 << "[0xfffffffa]o[0xffffffaa][0xffffffca]f[0xffffffd7][0xffffffde][0xffffffb9][0xffffffd5]Y[0xffffffc8][0xffffffc8][0xffffff98]b[0xffffffbc][0x19]*_[0xffffffc7][0xfffffff8]7[0xffffffa0][0xffffffb2]?[0xffffffff][0x1c][0xffffffc7]q[0xfffffffa]j[0xffffffe6]<4[0xffffffa9][0x18][0xffffffa1][0xffffffaa][0xffffff81][c[0xffffffb1](n[0xffffffdb]a[0xffffff90]JO[0xffffffae][0x10][0xffffffee][0xffffffb4][0xffffffe1]0[0xffffff86][0xfffffffc][0xffffffc8]2p[0x14]RL/SA[0xffffffc5]S[0xffffffa1][0xffffffa2][0xffffffbb][0x15][0xffffff9b]F[0xfffffffc][0xffffffaa][0xfffffff9][0xffffffb2][0xffffffcd][0xffffff8c][0xffffffe6]F[0xffffffb9][0xffffffb2][0xffffffdd][0xffffffc0][0xffffffe6]d[0x9][0xffffffea]1[0x4]H}6[0xffffff8d][0xffffffc7]\[0xffffffb9]p[0xffffffad]3[0xffffffc5]x#T[0xffffffbe][0xffffff8d]q{T[0xffffffca][0xfffffffe]op[0xffffffec][0xfffffffc][0x14][0xffffffc6][0xfffffffa][0xffffff8e]e[0xe]>[0xffffffa8][0x19][0xfffffffe][0x2][0xffffffd2]Z2f[0xffffffc6][0x1][0x1][0xffffffe1][0x18][0xffffff9b]qL+[0xfffffff9][0xffffffae]:[0xffffff84][0xffffff8e][0xffffff98]M[0xffffffd3][0xfffffff0][0xffffffd0]7C:[0xfffffff6][0x18]M+[0xffffffee][0xffffff97]\[0xffffffcf][0xffffffca][0x8][0x10][0xffffff8f]8[0xffffff9a]{[0xffffffbb][0xffffffba][0xffffff92][0xffffffef][0xffffff98]h[0xffffff9c][0xffffffca]fG[0xffffffe0]:7;[0xb]Y[0x19]S[0xffffff8c][0xffffffb7]C[0xffffffe5][0xffffffab][0x18][0xffffffff][0x6]T[0xfffffff6][0xffffffdf][0xffffff80][0xfffffff3]>[0xffffffe6][0xffffffd8]w[0xffffffb2][0x1c][0xffffffcc][0xffffffe1][0xffffff88][0xffffffd3]^[0xffffffd6][0xffffffcd][0xffffffc6][0x11][0xffffffa7] [0x1c][0xfffffff4][0xffffffe4][0xffffff80][0xffffff8a],[0xffffffd2][0x4][0x19][0xffffffcc]]j[0xffffffa5][0xffffffcf]1[0xffffffec][0xffffffc4]-[0xffffffa7]#[0xffffffc2]`=[0xffffffe7][0x1b][0xffffffb9][0xffffffc1]y=*[0xfffffff1][0xffffffc8]hj[0xffffffc3][0xffffffdb][0xffffffbd][0xffffffc1]Q~[0xfffffff3][0x6]7;TE[0xffffffbd][0xffffff9b][0xffffff9d][0xffffff85]k[0xffffff9d])[0xffffffc4][0xffffff9b][0xffffff81][0xfffffff2]U[0xffffff88][0xffffffdb]c[0xfffffff2][0x6][0xfffffff7]k[0xffffff9b]/[0xffffff86][0xffffff8a][0xffffffdc]ZL[0xffffffc8]f[0xfffffff8][[0xffffff92]d[0xffffffe2]V-g[0xffffffc6][0xffffffc8][0xffffff8c]\[0xfffffff7]&CrG[0x7][0xfffffffd]C[0x1b]N&[0xffffff8b]%[0x16][0xfffffff7][0xffffff9d]X[0x3][0xffffffe1]h9[0xe]l|W`RX[0xffffffec][0xffffffb2][0xfffffffb][0xffffff9b]K[0x1f];p[0xffffffcf][0xfffffff1][0xffffffda]v[0xffffffe9][0xffffff9b]9l[0xffffffe8][0xffffffcc]_3[0xb][0xffffffb7]:[0xffffffbc][0xc]^b[0xffffffbc][0x19](_[0xffffffc7][0xfffffff8]7[0xffffffa0][0xffffffb2][0xffffffff][0xfffffffb][Xd8t[0xffffffd9]|[0xffffffdf](*[0x7][0xffffff96];[0xffffff90][0xffffffcf]3N[0x7f]z[0xfffffff4][0x1c]d[0xffffffe4][0xffffffac]2v[0xffffffbe][0xffffff94][0xffffff90][0xffffffc8][0x1b]=[0xffffff82][0x9]fD[0x3][0xe][0x1a][0xffffff86][0x9]R-HzVL[0xffffffd0][0xffffff9b]~[0x6]Q[0xffffffdc][0xffffffed]:pP)[0xffffffdb][0xfffffffb][0xffffff9b]t[0xffffff8c]cp[0xffffffd7][0xffffffb9][0xffffff90]^[0xffffffb8][0xffffffd6][0xffffff99]b[0xffffffbc][0x1d]*_[0xffffffc5]x[0xb]T[0xfffffffe][0xffffffc7][0xffffffbf][0xfffffffe][0xffffffc7][0xffffffff][0x7] [0xffffff87]B[0xffffffc1]X[\r][0x1][0x0][\r][\n]"
16:19:10.231 [main] DEBUG org.apache.hc.client5.http.wire -- http-outgoing-0 << "0[\r][\n]"
16:19:10.231 [main] DEBUG org.apache.hc.client5.http.wire -- http-outgoing-0 << "[\r][\n]"
16:19:10.233 [main] DEBUG org.apache.hc.client5.http.impl.classic.InternalHttpClient -- ep-0000000002 releasing valid endpoint
16:19:10.233 [main] DEBUG org.apache.hc.client5.http.impl.io.PoolingHttpClientConnectionManager -- ep-0000000002 releasing endpoint
16:19:10.233 [main] DEBUG org.apache.hc.client5.http.impl.io.PoolingHttpClientConnectionManager -- ep-0000000002 connection http-outgoing-0 can be kept alive for 3 MINUTES
16:19:10.233 [main] DEBUG org.apache.hc.client5.http.impl.io.PoolingHttpClientConnectionManager -- ep-0000000002 connection released [route: {s}->https://hub.docker.com:443][total available: 1; route allocated: 1 of 5; total allocated: 1 of 25]
16:19:10.233 [main] DEBUG org.apache.hc.client5.http.impl.classic.InternalHttpClient -- ex-0000000003 preparing request execution
16:19:10.233 [main] DEBUG org.apache.hc.client5.http.impl.classic.ProtocolExec -- ex-0000000003 target auth state: UNCHALLENGED
16:19:10.233 [main] DEBUG org.apache.hc.client5.http.impl.classic.ProtocolExec -- ex-0000000003 proxy auth state: UNCHALLENGED
16:19:10.234 [main] DEBUG org.apache.hc.client5.http.impl.classic.ConnectExec -- ex-0000000003 acquiring connection with route {s}->https://hub.docker.com:443
16:19:10.234 [main] DEBUG org.apache.hc.client5.http.impl.classic.InternalHttpClient -- ex-0000000003 acquiring endpoint (3 MINUTES)
16:19:10.234 [main] DEBUG org.apache.hc.client5.http.impl.io.PoolingHttpClientConnectionManager -- ex-0000000003 endpoint lease request (3 MINUTES) [route: {s}->https://hub.docker.com:443][total available: 1; route allocated: 1 of 5; total allocated: 1 of 25]
16:19:10.234 [main] DEBUG org.apache.hc.client5.http.impl.io.PoolingHttpClientConnectionManager -- ex-0000000003 endpoint leased [route: {s}->https://hub.docker.com:443][total available: 0; route allocated: 1 of 5; total allocated: 1 of 25]
16:19:10.234 [main] DEBUG org.apache.hc.client5.http.impl.io.PoolingHttpClientConnectionManager -- ex-0000000003 acquired ep-0000000003
16:19:10.234 [main] DEBUG org.apache.hc.client5.http.impl.classic.InternalHttpClient -- ex-0000000003 acquired endpoint ep-0000000003
16:19:10.234 [main] DEBUG org.apache.hc.client5.http.impl.classic.MainClientExec -- ex-0000000003 executing GET /v2/repositories/selenoid/vnc/tags?page=3&page_size=100 HTTP/1.1
16:19:10.234 [main] DEBUG org.apache.hc.client5.http.protocol.RequestAddCookies -- ex-0000000003 Cookie spec selected: strict
16:19:10.234 [main] DEBUG org.apache.hc.client5.http.impl.classic.InternalHttpClient -- ep-0000000003 start execution ex-0000000003
16:19:10.234 [main] DEBUG org.apache.hc.client5.http.impl.io.PoolingHttpClientConnectionManager -- ep-0000000003 executing exchange ex-0000000003 over http-outgoing-0
16:19:10.234 [main] DEBUG org.apache.hc.client5.http.headers -- http-outgoing-0 >> GET /v2/repositories/selenoid/vnc/tags?page=3&page_size=100 HTTP/1.1
16:19:10.234 [main] DEBUG org.apache.hc.client5.http.headers -- http-outgoing-0 >> user-agent: Apache-HttpClient/5.0
16:19:10.234 [main] DEBUG org.apache.hc.client5.http.headers -- http-outgoing-0 >> accept-encoding: gzip, deflate, br
16:19:10.235 [main] DEBUG org.apache.hc.client5.http.headers -- http-outgoing-0 >> cache-control: max-age=0
16:19:10.235 [main] DEBUG org.apache.hc.client5.http.headers -- http-outgoing-0 >> connection: keep-alive
16:19:10.235 [main] DEBUG org.apache.hc.client5.http.headers -- http-outgoing-0 >> Host: hub.docker.com
16:19:10.235 [main] DEBUG org.apache.hc.client5.http.wire -- http-outgoing-0 >> "GET /v2/repositories/selenoid/vnc/tags?page=3&page_size=100 HTTP/1.1[\r][\n]"
16:19:10.235 [main] DEBUG org.apache.hc.client5.http.wire -- http-outgoing-0 >> "user-agent: Apache-HttpClient/5.0[\r][\n]"
16:19:10.235 [main] DEBUG org.apache.hc.client5.http.wire -- http-outgoing-0 >> "accept-encoding: gzip, deflate, br[\r][\n]"
16:19:10.235 [main] DEBUG org.apache.hc.client5.http.wire -- http-outgoing-0 >> "cache-control: max-age=0[\r][\n]"
16:19:10.235 [main] DEBUG org.apache.hc.client5.http.wire -- http-outgoing-0 >> "connection: keep-alive[\r][\n]"
16:19:10.235 [main] DEBUG org.apache.hc.client5.http.wire -- http-outgoing-0 >> "Host: hub.docker.com[\r][\n]"
16:19:10.235 [main] DEBUG org.apache.hc.client5.http.wire -- http-outgoing-0 >> "[\r][\n]"
16:19:10.431 [main] DEBUG org.apache.hc.client5.http.wire -- http-outgoing-0 << "HTTP/1.1 200 OK[\r][\n]"
16:19:10.431 [main] DEBUG org.apache.hc.client5.http.wire -- http-outgoing-0 << "date: Wed, 13 Mar 2024 16:19:10 GMT[\r][\n]"
16:19:10.431 [main] DEBUG org.apache.hc.client5.http.wire -- http-outgoing-0 << "content-type: application/json[\r][\n]"
16:19:10.431 [main] DEBUG org.apache.hc.client5.http.wire -- http-outgoing-0 << "transfer-encoding: chunked[\r][\n]"
16:19:10.431 [main] DEBUG org.apache.hc.client5.http.wire -- http-outgoing-0 << "content-encoding: gzip[\r][\n]"
16:19:10.431 [main] DEBUG org.apache.hc.client5.http.wire -- http-outgoing-0 << "x-ratelimit-limit: 180[\r][\n]"
16:19:10.431 [main] DEBUG org.apache.hc.client5.http.wire -- http-outgoing-0 << "x-ratelimit-reset: 1710346810[\r][\n]"
16:19:10.431 [main] DEBUG org.apache.hc.client5.http.wire -- http-outgoing-0 << "x-ratelimit-remaining: 178[\r][\n]"
16:19:10.431 [main] DEBUG org.apache.hc.client5.http.wire -- http-outgoing-0 << "x-trace-id: ef7e56dff2c221bceff25ea1c22bd039[\r][\n]"
16:19:10.431 [main] DEBUG org.apache.hc.client5.http.wire -- http-outgoing-0 << "server: nginx[\r][\n]"
16:19:10.431 [main] DEBUG org.apache.hc.client5.http.wire -- http-outgoing-0 << "x-frame-options: deny[\r][\n]"
16:19:10.431 [main] DEBUG org.apache.hc.client5.http.wire -- http-outgoing-0 << "x-content-type-options: nosniff[\r][\n]"
16:19:10.431 [main] DEBUG org.apache.hc.client5.http.wire -- http-outgoing-0 << "x-xss-protection: 1; mode=block[\r][\n]"
16:19:10.431 [main] DEBUG org.apache.hc.client5.http.wire -- http-outgoing-0 << "strict-transport-security: max-age=31536000[\r][\n]"
16:19:10.431 [main] DEBUG org.apache.hc.client5.http.wire -- http-outgoing-0 << "[\r][\n]"
16:19:10.431 [main] DEBUG org.apache.hc.client5.http.wire -- http-outgoing-0 << "17F1[\r][\n]"
16:19:10.431 [main] DEBUG org.apache.hc.client5.http.wire -- http-outgoing-0 << "[0x1f][0xffffff8b][0x8][0x0][0x0][0x0][0x0][0x0][0x0][0x3][0xffffffc5][0xffffff9d][0xffffffdb]n[0xffffff9c][0xffffffcb]q[0xffffff85][0xffffffef][0xfffffff3][0x18][0xffffffbc][0xffffff8d][0xfffffff6][0xffffffa8][0xffffffcf][0xffffff87][0x1][0xffffff8c][0xffffffbc][0xffffff84][0xffffffaf][0xffffff92][0x18]B[0x1f]-&[0xffffffda][0xffffffa4]@R[0xffffff82][0x1d][0xffffffc3][0xffffffef][0xffffff9e][0xffffffaf])j[0xffffff86][0xffffff9c][0xffffffbd][0xffffffed][0xfffffffc][0xffffffe1]t[0xffffffcf]@7[0xffffffe4][0xfffffff0] [0x16][0xffffffff][0xffffffc5][0xffffffea][0xffffffae]U[0xffffffab]V[0xfffffffd][0xffffffed][0xffffffa6][0xffffffdc][0x7f][0xffffffbb]{[0xffffffba][0xffffffd9]+[0x17]>[0xffffffdc][0xffffffdc][0xffffffb5][0xffffffbf][0xfffffff0][0xffffffe6][0xffffffdd][0xffffffb7]/_>[0xffffffdc]|}h[0xffffffdf]o[0xffffffef][0xffffffbf]=[0xffffffde][0xffffffec]o>?=}}[0xffffffdc][0x7f][0xfffffffc][0xfffffff8][0xfffffff9][[0xffffffde][0xffffffd5][0xfffffffb][0xfffffff2][0xffffffdf][0xffffffed]aW[0xffffffee][0x7f][0xfffffffd][0xfffffff8]]}|h_[0xffffffef][0x1f]o[0xffffff9f][0xffffffee][0x1f]n[0xffffffdb][0xffffffe3][0xffffffc7][0xffffffc7][0xfffffff6][0xffffffa5][0xffffffdd][0xffffffdd][0xffffffdf][0xffffffd6][0xffffff8f][0xffffffdf][0xffffffef][0xffffffca][0xffffffc7][0xffffffa7][0xfffffff4][0xffffffe7][0xffffffc7][0x7f][0xfffffffb][0xffffff9a][0xfffffffe][0xffffffdc][0xfffffffe][0xffffffa0][0xfffffffe][0xfffffff3][0xffffff9b][0x10][0xffffffca][0xffffff8d][0xffffffb7]?=[0xffffffde][0xfffffffe]O[0xfffffffb][0xffffff83][0x14][0xffffffe2][0xffffffe6][0xffffffc3][0xffffffcd]C{[0xfffffffc][0xfffffff6][0xffffffe5][0xffffff89]o[0xffffffff][0x1f][0x7f][0xffffffbb])[0xf]-[0xfffffff1]Mn[0xfffffff6]^[0xb][0x17][0xffffffe2][0xffffff87][0xffffff9b][0xffffffdb]z[0xffffffb3][0xffffff97][0xffffffd2][0xffffffea]([0xffffff84][0xffffffe1][0xffffffbd]_[0xfffffff9][0xffffffda][0x1f][0xffffff9f][0xffffff99][0x1e][0xffffffca][0xffffffe7][0xffffffdb][0xffffffa7]V[0xffffff9e][0xffffffbe]=4~[0xffffffb2][0xfffffff4]ku[0xffffff86]o[0xffffffd6][0xfffffff9]z^[0x19]?,[0xffffffef]}O[0xf][0xffffffb7]i[0x4][0xfffffff5]#[0xffffff92]z[0xffffffcb]W[0xfffffff3][0xffffffde][0xffffffcd][0xffffffe3][0xffffffe7][0xffffffa4][0xffffffac][0xffffffdb][0xffffff87][0xffffffc6]wu![0xffffffa7]h[0xffffff92][0xffffff91]![0x19]o[0xffffffab][0xc][0xffffffbe][0xffffff8b][0xffffffda]lQ[0xffffffd1]'Ut[\n]"
16:19:10.432 [main] DEBUG org.apache.hc.client5.http.wire -- http-outgoing-0 << ")[0xffffffc9][0xffffff96][0xffffffbb][0xfffffff4][0xffffffdd]i[0x1d][0xffffff9d][0xffffffb0][0xffffffd5]hm[0xffffffa5][0xffffffae]^[0xfffffff1]?[0xffffffdc][0xffffff8f][0xffffffff][0xffffffe9][0xffffffcb][0xffffffed][0xffffffdd][0xffffffb7][0xffffffbf]<[0xffffffbf][0xfffffff3][0xffffffe9][0xffffffed][0xffffffff][0xffffffcf][0xb][0xffffffdf][0xffffffdb][0xffffffc3][0xffffffe3][0xffffffed][0xfffffffd][0xffffffdd][0xffffffcf][0x1f]a[0xffffffc4]}[0xffffffb3][0xffffffd7]!D[0x1f][0xffffff9d][0xfffffff7][0x1f]n[0x1e][0xffffff9f][0xfffffff8][0xffffff81][0xffffffc7]7[0xffffffb9][0xffffffbd]K[0xffffffe5][0xffffffe9][0xfffffff6]{[0xffffffe3][0xfffffffb]|I[0xffffff8f]O[0xffffff9f][0xffffffbe][0xfffffff2][0xffffffcb]oD[0xffffffff][0xffffffe3]G[0x7f]y[0xffffffe9][0xfffffff1][0xfffffff3][0xffffffcf][0xffffff97][0xfffffffe][0xfffffffe][0xffffffa7][0xffffff97][0xffffffcf][0xfffffffb][0xfffffff6][0xffffffb5][0xffffffa6][0xffffffa7][0xfffffff1][0xffffffea][0xffffff8d][0x12][0xffffffd2][0xffffffff]"[0xffffffd5]/B[0xfffffffe]Qz[0xffffff9e][0xffffffe3]^[0xffffff98][0xffffff9d]W[0xffffff8e][0x18][0xffffffff][0xfffffffd][0xffffffe7]7[0xfffffffd][0xfffffff1][0xffffffc9][0xffffffaf]~[0xffffffbf][0xffffffcf][0xffffffdf][0xfffffff7][0xffffffe5][0xffffffd5]O[0xffffffdf][0x1e][0xffffffdb][0xffffffc3]][0xfffffffa]u[0xfffffffc]>[0xffffffbf][0xffffffa7][0xffffffbb][0xffffffdb][0xfffffff4][0xfffffff5][0xfffffffe][0xfffffffe]3_[0xfffffff9][0xfffffff2]R[0xffffffbf]}h[0xfffffffd][0xfffffffe]/[0xffffff9f]t[0xffffffd8][0xfffffffd]xl/O[0xfffffffc][0xffffffaf]<!~[0x1f]q<[0xffffffae][0xffffffce][0xf][0xfffffffd][0xfffffffc]l[0xffffffdf][0xffffffc4][0xfffffff8]][0xffffffdd][0xffffffec][0xffffff9f][0x1e][0xffffffbe][0xffffffb5][0xf]7[0xffffff80][0xffffffe1][0xffffffd3][0xffffffef]E<^[0xffffffff][0xffffff9d][0xffffffa8]_[0xffffffbd][0xfffffffc]#[0xfffffff2][0xffffffff]#[0xffffffc6]_[[0xffffffbd]M[0xffffff9f][0xffffff9e][0xfffffffe][0xfffffffa][0xfffffff5][0x19][0x12]_[0xffffffbf]~[0xffffffb9]-[0xffffffe9][0xffffff89][0xffffffdf]>@[0xffffffac]G[0xffffffc0][0xffffffde]=[0xffffffa5][0xffffffdb];[0xffffffa0][0xfffffffb][0xffffff8c][0xffffffa6][0xffffffdd]w[0xfffffff9][0xffffffaf][0xffffffff][0xfffffff5][0xffffffc8][0x3][0xfffffffa][0xffffffc0][0x1f][0xffffffc0][0xffffffdd]S[0xffffffbb]{[0xfffffffa][0xfffffff9][0xfffffff5][0xffffffcf][0x1f][0xffffffbe][0xfffffff9][0xfffffffb][0xffffff87][0x7f][0xffffff8e]J5[0x1d][0xffffff95]M[0xffffffd8][0x16][0xffffff8d]v[0xffffffb2][0xfffffff5][0xffffffe6][0xffffff9a]w[0xffffffa1]%[0x15][0xffffffb3][0xffffffcd]Q[0xfffffff5](\N[0xffffffc6][0x9][0xffffffe7][0xffffffa5][0xffffffcd][0x16][0xffffffc4]&eDN[0xffffffa9][0xffffffa9]$C[0xffffffb7][0xffffffd1]4[0xffffffe9][0xffffffe2]Y[0xffffffa8][0xc]B{B[0xfffffffa][0xffffffbd]g[0xfffffff4];[0xffffffcf][0xffffffe7][0xffffffff][0xffffff8f]J[0x19][0xfffffff7]6[0xffffffee][0xffffffac][0xffffffe6][0xffffffcf]L[0xffffffcd]E[0xffffffa5][0xffffffdf][0xffffff8c][0xffffffca][0xffffff97][0x18][0xffffff97][0xffffffa1][0xfffffff2]4[0xffffffc6]+[0xffffffa0]RNGe.&I[0x13]DH1[0x1b]P[0x17]kS[0xffffffd5][0xffffffa6][0xffffff90]c[0xffffffd2][0xffffffb1][0xffffff8b][0xffffffee][0xffffff9c]#[0xffffff85][0x6][0xffffffeb][0x1b][0x0]U[0xffffffb6][0xffffffe9][0x1a][0xffffff8d] k[0xffffffca][0xffffffae][0xffffff9c][0x9][0xffffffce][0xffffff9e][0xffffff81][0xffffffca]([0xffffff94][0xffffffd6][0xffffff92][0xffffffec][0xffffffb2][0xe][0xffffff95]z[0xffffffaf][0x14][0xffffffa8][0xffffffe4][0xffffffd0][0xffffff99][0xffffff9c]+[0xffffffdd]FT[0x1e]b\[0xffffff87][0xffffffca][0xffffff93][0x18]/[0xffffff8d][0xffffffca][0x10][0xffffffe3]8[0xffffffcf][0xffffffe7][0xffffff9e][0xffffffe0]R[0xffffff9a][0x14][0xffffffbd][0xffffffe8][0xffffffa5]de[0xffffff8a]M[0xffffffcd][0xffffffd9],k[0xfffffff3]Eu[0xffffffe3]j[\n]"
16:19:10.432 [main] DEBUG org.apache.hc.client5.http.wire -- http-outgoing-0 << "Q[0x15]#[0xffffffbb][0xffffffd6]I[0xffffffda][0xffffffe8][0xffffff9d]6[0xffffffb9][0xffffffda]PK[0xffffffe4][0x13]dwI[0xffffffc9]3P[0x19][0xffffff94][0xffffff88] f!*[0xffffff85][0xffffffdb][0x1b][0xffffffbd][0x1b]g[0xffffffab][0xffffff9a][0xffffff9c]+[0xffffffed]FT[0x1e]b\[0xffffff86][0xffffffca][0xffffffb7]1[0xfffffffe][0xffffffd3][0xffffffc3][0x16][0x0][0xffffffd9][0xffffffe9][0x0][0xffffffb2]=([[0xffffffba][0xffffffca]"[\n]"
16:19:10.432 [main] DEBUG org.apache.hc.client5.http.wire -- http-outgoing-0 << "[0xf]>D[0x1e]y[0xffffffcb][0x1a][0x1f][0xffffffad]s[0xffffffad][0xffffffa5][0x1c][0xffffff9b][0xffffffab][0xffffffb5]W[0xffffffae][0xffffff89][0xffffffb2][0xfffffff4][0xffffffdc]C[0x17][0x1c][0xffffffbb]V[0xffffffba][0xffffffec]K[0xc][0xffffffa1][0xffffff9e][0x1] [0xffffffef][0xffffffb5]wq)[0xffffff80][0xffffffc4]^[0xfffffffa][0xffffff9d][0xffffff95]J[0xffffffdb][0xffffffc9][0x0]2[0x1b][0x1]t[0xffffff88]q[0x1d][0xffffff80]Nb[0xffffffbc]BZ[0xffffff9b][0x7f][0xffffffd8]R_[0xffffffd4][0xffffffd4][0xffffff8a]s[0xffffffd5]Y[0xffffffee]v[0xffffffb6]P[0xffffff90][0xffffffe8][0xffffffa2][0xffffffb2][0xffffffce]*[0xfffffff7][0xffffffa4]K[\n]"
16:19:10.432 [main] DEBUG org.apache.hc.client5.http.wire -- http-outgoing-0 << ""[0xffffffd5][0xffffffa4][0xffffffb4][0xf][0xffffffd2]6[0x1b][0xffffff82][0xfffffff6][0xffffffa6][0xffffffd4][0xffffffd2]B[0x12][0xffffffd9][0xffffffb5].[0xffffffd3][0x19][0xffffffa8]4[0xffffffc6]x[0x13][0xffffffd7]][0x1][0xffffffdd][0xffffffde][0xffffffea][0xffffffbd][0xffffff96];%[0xffffffbd][0xffffffb7]q[0xffffffee][0x15]PoD[0xffffffe5]![0xffffffc6]E[0xffffffa8][0xfffffffc]m[0xffffff8c][0xffffff97]Ge[0xffffffa0][0xffffffb6][0xffffff9c]|[0xffffffd8][0xffffffe6],[0xffffff8c][0xfffffff2][0xffffffc9]X[0xffffff93][0xffffff9d][0xffffffb7]B[0x3][0xffffffce]Nr[0xffffffe4][0x6]X[0xffffffa8]X[0xffffff94][0xffffffd5][0x1][0x10][0xffffff82][0xffffffdc] J1[0x14]/"E [0xffffffec][0xffffff9d]h[0xffffff86]Z[0xffffffd7][0xfffffffa]3P[0xffffffa9][0xffffffb5][0xfffffff2]J[0xffffff8a]e[0xffffff87]-'[0xffffffad][0xffffff87]g Wrc[0xffffffb5]sQ[0xffffffa9]6[0xffffffa2][0xfffffff2][0x10][0xffffffe3]2T[0xffffff9e][0xffffffc6]xyTz[0xffffffb8][0xffffffa5][0xffffffc9][0xffffffa8]T[0xffffffd1]*iL[0xffffffd5][0x1d][0xffffffb4])[0xfffffffe][0xffffffe5][0xffffffde]8Ye[0x3][0xffffff84]<M[0xffffffe7][0xffffff92][0xffffffcf][0xffffffa5][[0xffffff99][0xffffffa4][0xffffffb0]9[0xffffff8c][0xffffffd2][0xffffff9a][0xffffffb7][0xffffffb3]r>[0xffffffc7][0xffffffce][0xffffffb9]x[0xe][0xffffff89]#([0xffffff87][0xffffffa8][0xffffffd4][0x17][0xffffffa2]R[0xffffffc7][0xffffffbd]4[0xffffffbb][0xffffffe0][0xffffffb8][0xffffff8f][0xfffffff8][0xffffffb9][0xffffffa8][0xffffff94][0x1b]Qy[0xffffff88]q[0x19]*Oc[0xffffffbc][0x2]*[0xffffffdd]tTv[0xffffff93][0xffffffa5][0x16][0xffffffdd]We[0x5][0xffffffa9][0xffffffd2]*[0xffffffb2]$[0xffffff95][0xffffff8a]5T[0xffffffcb]M[0xfffffffa][0x8][0xfffffffd][0xffffffa7]r[0xffffff8e]^[Me[0xffffffd2][0xffffff84]*[0xffffffae]Q@w[0xffffffa9][0x1c]_[0xffffffea][0xffffffcb][0xfffffffb]s[0xffffffa5][0xf]":[0xffffffa3][0xffffffb9]*/*[0xffffff97][0xffffffdd]^[0xffffffab][0xffffffbd][0xc];[0xffffffee][0x9]B[0xffffff84][0xffffffb9][0xffffffa8][0x14][0xffffffdb]Py[0xffffff8c]q[0x1d]*Ob[0xffffffbc][0x2]*[0xffffffe7]W;[0xffffff8e]B[0xffffffb9]p[0xffffff99][0xffffffcc]A&[0xffffff9d][0xffffffb4][0xffffffcc]='[0xffffffb2]b6[0xffffff91][0xffffffc2][0xffffffa7][0xffffff9b][0xffffffa2][0xffffff9a][0xffffffe8][0xffffffd4][0xffffffc7][0xffffffce][0xffffffc4]P[0xffffffa4][0xffffffc9][0xffffffa6][0xfffffffb][0xffffffd2][0xffffffbb][0xf]z|[0xffffffb6][0xffffffa5][0x18]:[0x3][0xffffff95]^8)[0xffffffdc]:[0x12][0xffffffc7][0xffffffed][0xffffff95][0xffffffd9]k[0xffffffbf][0x3][0xfffffffd][0xffffffd0][0xfffffff4]SQ[0xffffffa9][0xffffffe2]FT[0x1e]b\[0xffffff86][0xffffffca][0xffffffd3][0x18][0xffffffaf][0xffffff80][0xffffffca][0xfffffff9][0xffffffd5]NPQD[0xffffffdf][0xffffffb3][0xffffff94][0xffffff94][0xfffffff8]>u[0xfffffffe][0xfffffff9]f[0xffffffc7]U2[0xffffffd6][0xffffffaa][0xffffff84][0xffffffc9][0xffffffd6][0xffffffb6]*S[0xffffffac][0xffffffd1][0xffffff96][0xffffff9c][0xffffff94][0xffffffef][0xffffffc5]ZK[0xffffffa6]TY[0x15][0x1a]4[0xffffffe7][0xffffffa0]R[0x4]+[0xffffff82]&[0xfffffffd]/[0xffffffcb][0xffffff95][0xffffff92]tiw[0xffffff9c][0x2]Q[0xffffffba][0xffffffb9][0xffffffa8][0xffffffdc][0xffffffd8][0xffffff86][0xfffffff1][0xffffff87][0x18][0xffffff97][0xffffffa1][0xfffffff2]4[0xffffffc6][0xffffffcb][0xffffffa3]r[0xfffffff4],'[0xffffffdf]+[0xffffffb9][0xffffff8e]K[0xffffff95][0x3][0xffffffb0][0xffffffec][0xffffff94]:*[0xffffffd6][0xffffffcc][0xffffff81][0xffffffa7][0xffffffe0][0xffffffa1][V[0xffffff89][0x14])m[0xffffff8f][0xffffff86][0xffffffbb][0xffffffa4]6[0xffffffdd][0xffffffc4][0x16]bW[0x1e][0xffffff96][0xffffffda][0xffffffd0]E[0xffffffe4]N[0xffffff98][0xffffffd5][0x19][0xffffff84][0xffffffb7][0x17][0xffffffda]x[0x1f]V[0xffffffd6][0xffffffe0]R[0xffffffec][0xffffff8d][0xffffffdb]qM[0xffffffa6][\r]:[0x17][0xffffff95][0x1b][0xffffffdb]0[0xffffffc7][0x18][0xffffffd7][0xffffffa1][0xfffffff2]$[0xffffffc6]+[0xffffffa0]rA[\r]nb[0xffffffec]17[0xffffffce][0xffffffeb][0xffffffa0][0xffffffe3]@[[0xffffffe3]}[0xffffffd1][0xffffffbb][0xffffffe9]%[0xffffffe5][0xffffffd6]8e[0xffffffbd]ME[0xffffffeb][0xffffffe0][0xffffffb8]Lzz[0xffffffdb][0xffffffbd][0xffffff84]^[0xffffffe8][0x1b][0x16][0xffffffca]v[0xffffffab][0xffffffdf][0x7f][0xffffff82];[0xfffffff8]{[0x19][0x16][0xffffffb6]a[0xffffffe8]W[0xffffffeb][0xffffffbd]P;[0x7]*[0xffffffc3][0xffffffdc]6[0xffffff8c][0xffffffda][0xffffffd8][0xffffff86]9[0xffffffc6][0xffffffb8][0xc][0xffffff95][0xffffffa7]1^[0x1][0xffffff95][0xfffffff3][0xffffff85][0x14][0xffffffb2][0xffffffd1]s[0xffffffd1][0xffffffa5]ZY\[0xffffffae]2[0xffffff87][0xffffffd2]i[0xffffffb7][0x4][0xffffffe5][0xffffff8b][0xffffff83][0x14]rB[0xffffffa1][0xffffffac][0xffffffd0]Nt[0xffffffed][0xffffffb5]s[0x16]m[0xffffff87][0xffffffe5]!s[0xffffffa6][0xb]iC[0xffffffd4][0xffffffee][0xffffff8c][0x1a][0xffffffdc]E#[0x5][0xffffffb5][0xffffffd4][0xffffffb2][0x13][0xffffffdc][0xffffffee]-[0xc][0xffffffb3][0xffffffdb])[0xffffffe5][0xffffff8d][0xffffff99][0xffffff9c]+7[0xffffffb6]a[0xffffff8e]1.B[0xffffffe5]oc[0xffffffbc][0x2]*![0xfffffff7]&[0xffffff9f][0xffffffe0][0xffffffd2][0xffffff94]Xr+Q[0xffffffd3][0xffffffc1]i[0xffffffda]S[0xffffffc1]8[0xffffff9d]9[0xfffffff2]T[0x11][0xffffffa8]|[0x2][0x14]{hA[0xffffffd1][0x9][0xffffffa4][0xffffffd2]q[0xfffffff0]HIU][0xffffff8a]o[0xffffff9d][0xffffff8c][0xffffffda][0xffffffea][0x19][0xfffffff7]J[0x17][0xffffffd0][\n]"
16:19:10.432 [main] DEBUG org.apache.hc.client5.http.wire -- http-outgoing-0 << "[0x5][0xffffffc3][0x1f][0xffffffda][0xffffffa2]{[0xffffffa5][0xffffffdd][0x1b][0xffffffea]SM[0xffffffb5][0xffffff83][0xffffffbe]g._[0xffffffa9]6[0xfffffff6]v[0xffffff8e]1.C[0xffffffe5]i[0xffffff8c][0xffffff97]G[0xffffffa5][0xffffff9d][0x7f][0xffffffaf][0xc][0xffffffd1][\n]"
16:19:10.432 [main] DEBUG org.apache.hc.client5.http.wire -- http-outgoing-0 << "[0xffffffd7][0xffffffad][0xffffff97][0xffffff92][0xfffffffa][0xffffffdb][0xffffffb6][0xffffffd6]C,6[0xffffffd0][0xffffff8d]vJr[0xffffffe7],[0xffffffc5][0x15][0x13][0xffffffab]1p[0xffffff94][0xffffff95]>[0xffffff90]1[0xffffffa2][0xffffff9a]D[0xffffffee])5[0xfffffff5]Z[0xfffffff5][0x19]-k[0xffffffc7][0xffffffb9]*[0xffffff84][[0xffffff99]+[0xffffffa9][0x4][0xffffff84][0xffffffd8][0xffffff91][0xffffffdf][0xffffffa3][0xffffff9e]{[0xffffffad][0xffffffdc][0xffffffd8][0xffffffda]9[0xffffff86][0xffffffb8][0xc][0xffffff94]'!^[0x1][0xffffff93][0xfffffff3]y[0xffffffa1][0xffffff80][0xffffffb4][0xffffffcc][\n]"
16:19:10.432 [main] DEBUG org.apache.hc.client5.http.wire -- http-outgoing-0 << "[0xffffffa3]K[0xffffff86][0xffffffa9][0xffffff84][0xc][0xffffffca][0x19][0xffffffd6][0xffffff87][0xffffffea]Fu[0x15]UR[0xffffffce]r[0xffffffd1][0xffffffcc][0x5][0xffffffaa][0xffffff88][0xffffffbc][0xffffff86][0xe][0xffffffb2][0xffffffa0][0xffffffe7][0xffffff91][0x1][0xfffffff9][0xffffff8f][0xffffffa1][0xffffffe5]([0xffffffab][0x1f][0xffffff9a][0xffffffc5]w[\n]"
16:19:10.432 [main] DEBUG org.apache.hc.client5.http.wire -- http-outgoing-0 << "!i[0xf][0x5][0xffffffca][0xffffff90]u[0x1c][0xffffffba][0xffffffd9][0x1b][0xffffffb9][0x17]v[0x17][0x3]?[0xffffffbd][0xffffff9c][0xb][0xffffffca][0xffffff8d][0xffffff9d][0xffffff9d]c[0xffffff8c][0xffffff8b]@[0xfffffff9][0xffffffdb][0x18][0xffffffaf][0xffffff80][0xffffffca][0xfffffff9][0xffffffb7]J( [0xffffffaa][0xffffff98][0xffffff92]E[0xffffffea][0xfffffff4][0xffffffb4][0x1b][0xfffffff7]I[0x15]<)[0xffffffd3]']mI[0xffffffc9][0x17]0*a[0xffffff84][0xffffffe8][0xffffffea][0xffffffe8]d[0xffffff84][0xffffff8e][0xffffff94][0xffffffdf][0x14][0xffffffec][0xffffffb4][0x1a][0xffffff81]f<[0xffffffa3][0x2]w.[0x18][0xffffff8b][0xffffffe8]x[0xffffffd9][0xfffffff9]m[0xfffffff6]R[0xffffffed][0x5]l[0xffffffa5][0xffffff8e]zv[0x5][0xffffffbe][0xffffffb1][0xffffffb3]s[0xffffff8c]q[0x19]*Oc[0xffffffbc][0x2]*[0xffffffe7][0xffffffcb]s[0xffffffab][0x9][0xffffffb6][0xffffffe8][0xffffff9e])t [0xffffff9a]i[0xffffffe5]8![0xffffff85].[0xffffffa2][0xffffffb9][0xffffffce][0xffffff89][0x1d][0xffffffe1],m[0xffffffcb][0x5][0xffffffb9]$7Hx[0xffffffa0][0xc]u^[0xffffff93][0xffffff93][0x19]z[0xffffffc8]F[0xffffffd4][0xffffffbb]g[0xffffffe4]J[0xffffffeb][0xffffffa8][0xffffff9f][0xffffffcc][0xffffffba].[0xffffffb8][0xffffffda][r[0xffffffa5][0xffffffa0][0xb][0xffffffae][0xffffffa5][0xffffff9b][0xffffff9c]+7vv[0xffffffdc]![0xffffffc6]E[0xffffffa8][0xfffffffc]m[0xffffff8c][0xffffff97]G[0xffffffa5][0xffffff99][0x7f][0xffffffab][0xffffff94][\r]j[0xffffffa6][0xffffff92][0xfffffff7]P[0x5]Ah[0xb]z[0xffffff8f][0xfffffff0]=[0xffffffd5]R[0xffffff82][0xffffffcb]([0xffffffc1][0xffffffa5][0xffffffea]P[0xffffffd0]9[\n]"
16:19:10.432 [main] DEBUG org.apache.hc.client5.http.wire -- http-outgoing-0 << "[0xffffffd8][0xffffffc9].[0xffffffe0][0xffffff83]hE[0xffffffea][0xffffff80][0xffffff82]#J^[0xffffffb2][0xffffffe7]T[0xffffffe0]48]t[0xffffffeb]8t[0xffffffb5]W~[0xffffffaf][0xfffffff5]n0[0x7]si![0xffffffb9][0xffffffb1][0xffffffb1][0xffffffe3][0xe]!.[0x3][0xffffffe5]I[0xffffff88]W[0xffffffc0][0xffffffe4][0xfffffffc][e3[0xffffffb2][0xffffffc9]L[0xffffff9d]X[0xffffff95][0xffffffb1][0xffffffbe][0xffffffa7]$ [0xffffffd2][0xffffff91][\n]"
16:19:10.432 [main] DEBUG org.apache.hc.client5.http.wire -- http-outgoing-0 << "U[0xffffffe0][0xffffffd8]3[0xffffffe5]1M[0xffffff9e][0xffffffcc][0xffffffbd]3[0xffffff85]@'2[0x8]x[0xfffffff4][0xffffffcc]'tYk[0xffffff92][0xfffffff9][0xffffffac][0xfffffffa][0xffffffdb]x[0xffffffad][0xffffffa2][0xffffffa6]U[0xffffffb5][0xffffffa8][0xfffffffe][0xffffffe6][0xfffffff0][0xffffffd6][0xffffff83]A[0xffffff97]$[0xfffffff5]0W[0xffffff99]Ag}[0xffffffd3]x[\r][0xffffff9a][0xffffff90][0xffffff97][0x18][0xffffff97][0xffffff81][0xfffffff2]4[0xffffffc6]+[0xffffffa0]r[0xfffffffe][0xfffffff9][0xffffffad][0xffffffb4]Q[0xfffffff5][0x19][0xffffff8c][0xffffff92][0xffffffae]#[0xffffff93]5[0xffffffde][0x0]A[0xffffffd5][0xffffff80][0xffffffe8][0xffffff98][0xfffffffd]*[0xffffffe3]C[0xffffffd9]u[0xffffffc7][0xffffffed][0xffffffb3]W[0x6][0xffffffbe][0x6][0xffffff89][0xffffffa9][0xffffffe0]5[0xffffffd1][0x17])[0x17][0xffffffeb][0x19][0xffffffca][0xc][0xffffff87][0xffffff8e][0xffffffdb][[0xffffffb7][0xffffffee][0xfffffffc][0xffffff96]{[0x13][0x6]W[0xffffffc9]-XM[0xffffff96][0xffffff8c][0xffffffa3]#[0xffffffde][0xffffff86][0xffffffca]C[0xffffff8c][0xffffff8b]P[0xfffffff9][0xffffffdb][0x18]/[0xffffff8f]J=[0xffffffbf][0xffffffaf]#[0x0][0xffffff98][0xffffffae][0xffffffa2]+jn[0xffffff9a][0xffffff8e][0xffffff9a][0xffffffc2][0xffffffdb]{/[0xffffff93]G%d;B[0xfffffff4][0xffffff81][0xffffffc6]:D[0xffffffe8][0x5][0xe]G[0xffffffa6][0xffffffe0]H[0xffffff9c][0xffffffad])[0xffffff93]Pg[0xfffffff4]v[0xe]W)[\r][0xffffffba][0xffffff8c][0xffffffb0][0xffffff8e][0xffffffab][0xffffffe4][0xffffff89][0xffffff89][0xffffffbd]"[0xffffffab][0x19][0xffffffe6][0xffffff80][0xffffffe6][0xffffffea][0xffffff85][0xffffffc0][0xfffffffa]6T[0x1e]b\[0xffffff87][0xffffffca][0xffffff93][0x18][0xffffffaf][0xffffff80][0xffffffca][0xfffffff9]'[0xffffffb8][0xffffffd0][0xffffffca][0xffffff84]&#[0xffffffd2] [0xffffffdf]h&rmL[0xffffff9a][0x14])[0x10]a[0x4][0x4][0xffffff96][0xffffff8e][0xffffffd9]X9[0xffffff86][0x11]}[0xffffffe3][0xffffffb0]7J[0xffffffca][0x1e]Q_"[0xffffffd4][0xffffff90][0xffffff8d]\w[0xe]W[0x9]&[0xffffffe5][0xfffffff3][0xffffffc4][0xffffffd0][0xffffffa2][0x13]\"a[0x1b][0xffffff8a]_[0xffffffcd]p[0xffffffb1][0xffffff9f][[0xffffffeb][0xffffffc8][0xffffffad]}[0xffffff9d]C[0xffffff8c][0xffffffcb]Py[0x1a][0xffffffe3][0x15]P9[0xffffffff][0x4]g[0xffffffc6][0xffffffa1][0x15]4[0xffffffbf][\r][0x9]F[0xffffffaf][0x19][0xffffff85]P[0xffffffd3][0xffffffc5][0x17]f[0xffffffb7][0xffffffb9]8j&#[0xffffffb4][0xffffffcf][0xffffff8c]~[0xffffffe5][0x10]B[0xfffffff6][0xffffffbe]kxt[0xffffffb8][0xffffffbf](([0xffffffd7][0xffffffad]cV[0xffffffe2][0xfffffffd][0x15][0xffffffb8][0xffffff8d]N3[0xffffff96][0xffffffbe][0xffffffee]^I[0xfffffff9]mF[0xf][0x1c][0xffffffe9][0x9]c[0xffffff93]S[0xffffffd9]Jt[0xffffffc4][0xffffff9b]r[0xffffffe5]1[0xffffffc6]e[0xffffffa8]<[0xffffff8d][0xfffffff1][\n]"
16:19:10.432 [main] DEBUG org.apache.hc.client5.http.wire -- http-outgoing-0 << "[0xffffffa8][0xffffff9c][0xffffffdf]m[0xffffffe4]v[0xffffffe8]][0xffffffb3]6[0xffffffe4][0xffffff8c][0xfffffff6][0xffffffdc][0xffffff8c]6#[0xffffffbd][0xffffff9b][0xffffffa8]1[0x11]0[0xffffff88]/[0xffffff92][0xffffffef]p[0xffffff95][0x10][0xffffff98][0xe]Tr[0xffffff8e][0xffffffe7][0xffffffda][0xffffff8d][\r][0xffffff86][0xffffff8e][0xffffff8c][0xb]E[0xffffffc7][0x18][0xffffffce]A[0xffffffa5][0xc][0xffffff82]~[0xffffffd2][0xffffffb2]\)[0xfffffff6][0xffffff96][0xffffffe9][0x8][0xffffffb3]S[0xffffffd1][0xffffffa1]x[0xffffff9f][0xffffff8b][0xffffffca][0xffffff8d][0xffffff8d][0x1d]x[0xffffff8a][0xffffff97][0x18][0x17][0xffffffa1][0xfffffff2][0xffffffb7]1^[0x1e][0xffffff95]j>/[0xffffffc4][0xfffffff4]u"O[0xffffff92]%[0xffffff93]Q[0xfffffff0][0xffffffe2]>[0x15][0xffffffae][0xffffff94][0xffffffbe]wZ[0xffffff8e]|[0xffffffa8][0xb][0xffffffef]`[0xffffffd3][0xffffffe1].[0xffffff95]([0xffffff81][0xffffff8c][0xffffff99][0x1a]@[0xffffffd5][0xffffffda][0xffffffc5].[0xffffffa1]8[0xffffffcf]C[0xffffffa5][0xffffffe2]O`[0xffffff8c]l.:[0xffffffc1][0xffffff91]w[0xffffff85]aqa[0xffffffcc][0xfffffff8][0xfffffff3][0xffffff99][0xffffff8b][0xffffffca][0xffffff8d][0xffffff9d][0x1d][0x1b][0x7f][0xffffffc6][0xffffffb8][0xc][0xffffff95][0xffffffa7]1^[0x1][0xffffff95][0xfffffff3][0xffffffa7]#[0xfffffff2][0x0]dd8;[0xffffffd6][0xffffffce][0xffffffd5][0xffffffd1]u[0xffffffc4]k[0xffffffa9]T[0xffffffd3]|[0xffffffa6][0x3]^uC[0xffffffa1][0xffffff9e]C[0xffffffe3][0xffffffda][0xffffff89]a[0xc][0xffffffd3][0xffffffdd][0xffffffe4]Lf [0xffffffad]'[0xffffffb3][0x1a]fx[0xffffffce]`+ak,c[0xffffffdb][0xffffffeb][0xffffffaa][0x1d][0xffffff81][0xffffffb9][0xffffffcb][0xffffffe0][0xffffffd0][0x19][0xffffffa2]D[0xf]:[0x17][0xffffff95][0x1b];;[0xffffffc7][0x18][0xffffff97][0xffffffa1][0xfffffff2]4[0xffffffc6]+[0xffffffa0][0xffffff92][0xffffff96][0xfffffff1]d[0xffffffbd][0xffffff90][0xffffffa6][0xffffffd4]f[0x1c]G[0xffffff82]>2[0x1f][0xfffffff0]K[0xffffffa8]k[0x18]xd[0xffffffca][0xffffff96]W[0xffffff82][0xffffffc8]^d[0xffffffe9][0xffffffd0][0xffffff8b]w[0xffffffce]x|[0x6][0xffffff9c]D^[0xffffffa4]<o;n[0xffffff96][0xfffffff2][0xffffff9c][0x13]<P<[0xffffffd1][0xffffffda]Y[0xffffff98]+[0xffffff99][0xffffffd9][0xffffffd1][0xffffffa8][0xffffffd8][0x2]v@[0xffffff93][0xfffffff9][0xffffffca][0xffffff8d][0xffffff9d][0x1d][0xffffffba][0xffffffef]/1[0xffffffae]C[0xffffffe5]I[0xffffff8c]W@[0xffffffe5][0xfffffffc]{[0xffffffa5]I[0xffffffae]J[0xffffffca][0x1b]&[0xffffffc1]iwW[0xffffffed]J[0xfffffff3][0xffffffc6]eF[0xffffffaf][0xffffff86][0xffffffa0]!G[0x1c][0xffffff81][0xffffff82][0xffffff91][0xffffffaa][0xffffffd3][0xffffffeb][0xffffffc9]EU[0x4][0x1a]\'[0xffffff83]e6[0xffffffd7][0x7][0xffffffd4]E[0xffffffe3][0xffffffce][0xffffffff]Nm[0xffffff86][0xffffffb5][0xffffff8e][0xffffff89][0xffffff8c]a[0xffffffeb][0xffffffb4][0xffffffec][0x4]W[0xffffffcf]OL[0xffffffc2][0xb][0xfffffff9][0xffffffb9]*[0xffffffb6][0xffffff8d][0xffffff9d][0xffffff9d]c[0xffffff88][0xffffffcb]@y[0x1a][0xffffffe2][0xffffffe5]A)[0xffffffe7][0x1f][0xffffffe0]4[0x11]C7[0xffffffc2][0xffffff88][0xffffffe6][0x11][0xffffff95]y[0xffffffc8][0x1e]8"[0xfffffffc][0x7f][0xffffffc6][0xffffff9c]D[0xffffffa5][0xffffffea]i5![0xffffffca]5[0xffffffb8][0xffffffb6][0xffffffa1][0xffffffca][0x8][0xffffff92][0xffffffb6]dCgY[0xffffffb0][0xffffffa7]2[0xffffffa2][0xffffffb4]zF[0x13][0xffffffdc][0xffffff8e][0xffffff91][0xb][\n]"
16:19:10.432 [main] DEBUG org.apache.hc.client5.http.wire -- http-outgoing-0 << "[0xffffffa7][0xffffff85][0xffffffa0][0xffffff94][0xffffffb4]v[0x18][0xffffffd9]A[0x3]2ydgcg[0xffffffe7][0x18][0xffffffe2]2P[0xffffff9e][0xffffff86]x[0x5]P[0xffffffce]?[0xffffffbf][0xffffffbb]Fj^`$[0xffffffbd][0xffffffeb]>aF[0xffffffd0][0xfffffff0]F[0xffffffeb][0xffffffbe][0xffffffa3][0xffffffc7]`[0xffffffce][0xffffff91][0xffffff81]Fcu[0xffffffcd][0x5][0xffffffa4]*[0xffffffbc][0xffffff80][0xffffffbc][0xffffffe1][0xffffffc3][0xffffffb8][0xffffffb9][0xffffffe0]w[0xffffffd1][0xffffff95][0x6][0xffffffac][0xffffffee][0xffffff8c]L[0xffffffa9][0x19][0xffffffcb][0xffffffc0]@f!(1[0xffffffca][0xffffffd1]f[0xffffff87][0x15][0xffffff90][0xffffff99]KVn[0xffffffec][0xffffffeb]pe~[0xffffff89]p[0x19]&O"[0xffffffbc]<$[0xffffffc5]|H[0xffffffba]&[0xffffffab](\!i[0x14][0xffffffd3]h[0xffffff94][0xffffffd8][0xffffffb8][0xffffffb4][0xffffffea]Jd[0xffffff80][0xffffffd1]9[0x5]=[0xffffffc9]<D3Z[0x16][0xffffffec][0xfffffffd] .U#qZ[0xffffff94][0x19]y[0x18]VEu[0xffffff86][0xffffffb0][0xffffffd2][0xffffff8e][0xffffffe6]0[0xffffffa4][0xffffffe7]*H[\n]"
16:19:10.432 [main] DEBUG org.apache.hc.client5.http.wire -- http-outgoing-0 << "[0xffffff8c][0xfffffffc][0xffffffc2][0xffffff90]e0[0xffffffe6][0xffffffee]'K[0xffffffd0]7vu[0xffffff8e]![0xffffffae][0xffffffc1][0xffffffe4][0xffffffef][0xffffff84]xqPr[0xffffffff][0xffffff9a]^[0xffffffe7] [0x15][0xffffffc2][0xffffffbc][\n]"
16:19:10.432 [main] DEBUG org.apache.hc.client5.http.wire -- http-outgoing-0 << "[0xffffff81][0xffffffb9][0xffffffe6][0x12][0xffffffa9][0xffffff9d][0x17][0xffffffa2][0xffffffd0][0xfffffff0]6[0x1c][0xffffffd2]5`&[0xffffffc4][0xffffffb4][0xe]9[0xffffffd4][0xffffffd2]$[0xffffffc7]F[0xffffffa0]x[0xffffff86]yp[0x1b]B[0xffffffe1]6[0xffffffec][0xb][0xffffffc2][0xffffffb0]~9#O[0xffffff8e][0xfffffffe][0xffffffb7][0xffffff97][0xffffffcb][0xffffffd4][0xffffffbe]<1[0xffffffd4][0xffffffbe](([0x14][0xffffffe9]|r[0x7]|cS[0x7][0xffffffc5][0xffffffd5]K[0xffffff88][0xffffffcb]@y[0x1a][0xffffffe2][0x15]@9[0xffffffbf][0xffffffd5]h[0xffffffb3]g[0xffffffac][0xffffff91]R[0xffffff86]Yp[\n]"
16:19:10.433 [main] DEBUG org.apache.hc.client5.http.wire -- http-outgoing-0 << "[0xfffffff1]FF[0xffffffa4][0xffffffc5]X[0x1d][0xffffff92]6[0xffffffb4]m[\r]j[0xffffff88][0xffffff8f]![0xffffffd4]`D"[0xffffffe4][0xffffffa2][0xffffffc3][0xffffffb8]\[0xfffffff2][0xffffffba]f[0xffffff90]T{[0x6]n[0xffffffcf][0x0]%[0xffffffb2][0xf]a[0x7][0xfffffff7][0xffffffba][0xffffffa6][0xffffffcc][0x1][0xffffff94][0x1a][0xffffffcb][0xffffffab]0[0x6][0x1b][0xffffffe9][0xffffff94]N[0xffffffa5][0xffffff84][0xffffffb6][0xfffffff6]t[0xe]!.[0x3][0xffffffe5]i[0xffffff88][0xffffff97][0x6]%[0xffffffb7][0xffffffaf][0xfffffff9][0xffffffb5]7[0xffffffc3][0xffffffde][0xffffffb5]KT[0x19][0x2][0xffffffaf] [0x1f][0xc][0xffffffe6]jb[0xffffff88]4[0xffffffb2][0xffffffc0][0xffffff9c]`[0xffffff8c]xYA[0xffffffc3][0x1b]X[0xffffffaa]Q[0xffffffa2]Ce&[0x17]SC[0xffffffbc][0xffffff81][0xfffffff2][0xffffffb2]Is[0xffffffc6][0xffffffb4][0xffffffad][0xffffffa1]Q[0xffffff84][0x11][0xffffffe1]2U%[0xffffffa0]T[0xffffff80][0xffffffd2]3[0xffffffab][0xffffff83]G[0xffffffdf]\[0xffffffbf][0xc][0xffffffa4][0xffffff9a][0xfffffffc]5[0x1e][0x1c][0xffffffc1][0xffffffff][0xffffff91]?[0xfffffff4]1[0xffffffc4]e[0xffffffa0]<[\r][0xfffffff1][0xffffffa2][0xffffffa0]D[0xffffff98][0xffffff83][0xfffffff4]v[0xffffffbe]][0x6][0x17][0xffffffbb][0xffffff88][0xffffffed][0x1f]E[0xffffffb7][0xffffffe3][0xffffff8c]fX[0xc][0xffffff95][0xffffff90][0xffffffaf][0x12]C[0x2][0xffffff92]c[0xffffffc2][0xc][0xffffffb5]2[0xffffffd3][0xffffff88][0xfffffffd][0xffffff90][0xffffffc2][0xf][0xffffff8b][0xffffffb1]Gd[0xffffffbf][0xfffffff4]~b[0xffffffd1][0xffffffc6]%[0xffffffca]ps[0x6]!$[0xffffff91]T[\n]"
16:19:10.433 [main] DEBUG org.apache.hc.client5.http.wire -- http-outgoing-0 << "t[0x1e][0xb]2[0xffffffa5][0xfffffffc]E[0xfffffff9]?J[0xffffffb3]W[0x3][0xffffff97][0xffffff80]R[0xffffffcd][0xffffff92]U[0xffffffde][0x7f]m[0xf][0xffffffe9][0xffffff93][0xffffffd9][0xffffffc8][0x7][0x1d]#[0xffffff9c][0xffffff8e][0xffffffc9][0x7f][0x14][0xffffffe1]E1[0x9][0xffffffa1][0x7]m=_[0xffffff92][0xffffff81][0xffffffbe]*[0xe][0xffffffca][0xffffffc7][0xffffff9a][0x1e][0xffffff93][0xffffff85][0xfffffffa][0xffffffc1]V[0xffffffa5]d[0xffffffc9][0xffffffcc]b[0xffffffe4]U[0xffffffdd]d[0xffffffaf][0x1c][0xffffffd2][0x15]~[0xffffff9d][0xffffffa4]&[0xffffffe9][0xffffff8d][0x18][0xffffffac][0xffffff88]D[0xffffffa4][0xffffffa6][0xffffffc4][0xffffffeb][0x2][0xffffffee][0xfffffffc][0xfffffffd][0xffffffa7][0xffffffb7][0xffffffc3]KK+[0xffffffbb][0xffffff82][0xffffffa4]|[0xfffffff5][0xffffffc4]D[0xffffffdc][0xffffffe1]$[0xffffffe7][0xffffffcc][0x1c][0x1b][0xffffffd5][0x17]Ln[0xffffffa4][0xffffff83][0xffffff8e][0x11][0xffffffae][0xffffffc4][0xffffffe4][0xffffff9b][0x8]/[0xffffff8a]I[0xffffff8d][0xffffff81][0xffffffb3]T[0xfffffff3][0xf]o[0xffffffe8][0x1d]S[0xb][0xffffffde][0xfffffff9][0xffffffcd]T[0xffffffbc][0xffffffa0][0xffffffe1][0x7f]0c[0xffffff8b][0xffffffa6][0xffffffa0];/[0xffffffc3][0xffffff9a][0x1c][0xfffffff5][0xffffff95]H[0xffffffb4][0x1e][0xffffffa9][0xffffff93][0xffffffb9]cbV[0xffffffd0][0x14][0xffffff96]/[0xffffffbd][0xffffffe0]K[0x1a][0xffffffc8][0xffffffab][0xfffffffd][0xc]L"[0x18]V[0xffffffe4][0xfffffffe][0xffffff95]y2[0xffffffec]-[0x6].P[0xffffff85]z*&7[0xffffffd2]A[0xffffff90][0x17]/[0x11][0xffffffae][0xffffffc3][0xffffffe4]I[0xffffff84][0x17][0xffffffc5]$H[0xffffffa0][0x3]8[0x7f][0xffffffa4][0xffffffd1]QXc[0xffffffb3][0xffffffe6][0xffffff95][0x10]T[0xffffffdf]A[0xffffffb4]L[0xffffff8b][0x1b][0xffffffb9][0xffffffb6][0xfffffff5][0x9][0xffffffab][0xffffffe9]D[0x1d][0xffffffce]H[0x19]B[0xffffffa1][0xffffffde]h[0xffffffe6]xJ[0xffffffd8][0xffffff90]Q[0xffffffcd]V[0xffffffc7][0x18]$[0xffffffa6][0xffffffe5][0xfffffff6][0xc][0xffffff8a][0xffffff92][0xffffffec][0xffffff85][0xf][0xffffffc7][0x12][0x3][0xffffffb6]C[0xffffff9e][0xc][0xffffffc3][0xffffffaf][0xffffff9c]{[0xffffffc8][0xffffffa4][0xffffffd9][0xffffffb1][0xffffff97]4[0xffffffb9][0xffffff91][\r]:[0x6][0xffffffb8][0x12][0xffffff92][0xffffffaf][0x3][0xffffffbc]("[0xffffffc1][0xffffff8d][0x1]=[0xffffffd3][0xffffffc9] \[0xfffffff9][\n]"
16:19:10.433 [main] DEBUG org.apache.hc.client5.http.wire -- http-outgoing-0 << "[0xffffffcb]DDA[0xffffffb4][0xffffff9b][0xffffff98][0xffffff83][0xffffffd0][0xffffffa2])[0x1a]5[0xffffffdd]"_k[0xffffffbc]bme[0xffffffc0]Q[0x15][0xffffffdc][0xffffffae][0x18][0xe][0xffffffcf][0x5][0xffffffa1][0x19][0xffffffee][0x5][0xffffffcc][0xffffff8a]'>?[0xffffff9d]E[0x6][0xffffffa1][0xffffffbc]E[0xffffffdd][0xffffffb1][0xffffffa2][0xffffffc4]y[0xffffff85]H-v\3[0xffffffc8]VS[0xffffffea][0xffffffee][0x17]Hn[0xffffffe5][0xffffff82][0xe][0x11][0xffffffae][0xffffff84][0xffffffe4][0xffffff9b][0x8]/[0xffffff8e]I[0xffffffea][0xffffffc7][0xffffffe9][0xffffff98][0xffffff94][0xfffffff0][0xffffffe0]^[0xffffff87][0xffffffa6][0x2]f[0xffffff95][0xffffff9c]4T78B[0x5][0xffffff86][0x18]I[0xffffff86][0xffffffa6][0xffffffe0]l[0x5]9d*[0x2][0xfffffff4]^[0xfffffff0][0x10]R[0xffffffa8][0xffffff89]X[0xffffffd0][0x14][0x11][0xf][0x9]|[0xffffffaf][0xffffffec]9B[0xc][0xfffffffc][0xffffff8a][0xffffffb0][0xffffffd5]Zz[0xffffff9b]Dv[0x1e]v[0x11][0xfffffff3][0xffffffd4]I[0xffffff83][0xffffffdf]/[0xffffff98][0xffffffdc]J[0x5][0x1d]"\[0xffffff89][0xffffffc9]7[0x11]^[0x1][0xffffff93][0xfffffff3][0xfffffff3]d[0xffffffc0]g[0xffffff9f][0x2][0xffffffba][\n]"
16:19:10.433 [main] DEBUG org.apache.hc.client5.http.wire -- http-outgoing-0 << "T[0xffffffe6]}dJ[0xffffffa4][0xffffffe0][0xffffff8c]0Z[0xffffff86][0xffffffc3]Dch[0xc]Tr[0xffffffc7]t0[0xffffffe5][0xffffff9e][0xffffffa1]p[0xffffffd2][0xffffffa4][0xffffffc7][0xffffff97][0xffffff8d]z[0xffffffa8]"[0xffffffad]D|~[0xe]?[0xffffffc9]U[0x12]Y[0xffffffd2][\n]"
16:19:10.433 [main] DEBUG org.apache.hc.client5.http.wire -- http-outgoing-0 << "~[0xfffffff2]U[0xffffff9e][0xffffffc4]"[0xffffff83][0x9][0xffffffe2]I[0xffffffbe]k/[0xffffff90][0xffffffdc][0xffffffaa][0xffffffed]=[0x4][0xffffffb8][0x12][0xffffff92][0xffffffaf][0x3][0xffffffbc]8"[0xffffff9f]u[0xffffffb0][0xffffffb3][0xffffffe5]j[0xffffffc8]ts[0x1e]k[0x1f][0xffffffa8]a[0xffffffe8][0xffffffe1]$X[0x1e]|w[0xffffffaa][0xffffffb1][0xffffffcc]z[0xffffffdb]"p)[0xffffffc0][0xffffffae][0xffffffb2]4f[0x1e][0x1a][0xffffff9a]J6[0xffffff9d]H&[0x1e][0x13][0xffffff86][0xfffffffd]AW66[0xffffffbd][0xffffffbf][0xffffffbe]a[0xffffffa3][0x8][0xffffffc8][0x17]+[0xffffff8c][0xffffff84][0xe][0xffffff88][0xfffffff4][0xffffffec][0xffffff89][0xffffffd8]iVu[0xffffffa9]9c[0x10]/[0xffffff90][0xffffffdc]*[0xffffffec]=D[0xffffffb8][0xe][0xffffff92]'[0x11]^[0x1][0xffffff93][0xfffffff3]k[0xffffffee][0xffffffd1][0xffffffb7][0xffffffd6]*1[0x2]Q2[0x14]P[0xffffffa2][0xffffffc4][0x19][0xfffffff4]OF[0xffffffbc][0xffffffc6]h#DMa[0xffffffee]![0xffffffb1]5Bv[0xffffffb6]/[0xffffffb1]1[0x2][0xffffff87][0xffffffd5]2[0xffffffb6][0xffffff97]xpZ[0xffffffe3][0x19][0xfffffff5][0xffffff8d][0xfffffff1]TQ[0xffffffc2][0xffffffad][0xffffff90][0xffffff9b][0xffffffbf][0xffffffc2][0xffffffa4][0x11];vJ[0xffffffb1][0x1e]h[0xffffffe6]mr[0xffffffa3][0xffffffac][0xfffffff7][0x18][0xffffffe1]JL[0xffffffbe][0xffffff89][0xfffffff0][0xfffffff2][0xffffff98]\Ps[0xffffffb3]-[0xffffffc7]&[0xffffffc6][0x1d][0x1a][0xffffffad][0xffffffed][0xffffffe1]$[0xffffffc4][0x0][0x17])0S[0xffffffd9][0xffffffc0]M[0xffffff92][0x1c]iv[0x7][0xffffffd3];[0xffffffad]p[0x14][0xffffffdb][0xffffff9d][0x1c][0xffffffd9][0xffffffe9]:"[0xffffffb1][0xffffffa4]f[0xffffffc0]A[0xffffffe3][0xffffff9c][0x11][0x8][0xc][0xffffffb4]0[0x1a]\[0xffffffcb][0x3][0xffffffb1][0xffffffe8][0x13]+~B[0xffffff98]$[0xffffffa0]|[0xffffffc9][0xffffff93][0x1b]E[0xffffffbd][0xffffffc7][0x8]Wb[0xfffffff2]M[0xffffff84]W[0xffffffc0][0xffffffe4][0xfffffffc]<[0xffffffe9]b[0xffffffc1]|[0xffffff92][0x11]?f[0xffffffba]Y[0xffffffe6][0xffffff84]g[0xffffffef][0xffffff98]ba[0xfffffff7]&WHr([0x13][0xffffffb6][0xffffffba]H[0xffffff8c]Qq[0xffffffa4]DL[0xffffff99],[0xffffffab][0xffffff9e]R[0xffffff8d][0xffffffe4]U:[0xffffffe4][0xffffffec][0xffffffa1]=c[0xffffffc1][0x13][0xffffffcb]R[0x2]FDK[0xffffffb9][0xffffffc9][0xffffffe7]a1[0x1a][0xffffffa4]F[0xffffffcc][0xffffffac][0xffffffba][0xfffffff5][0xffffffc6][0x1e][0xffffffce]1[0xffffffc2][0xffffff95][0xffffff98]|[0x13][0xffffffe1][0xffffffe5]19V[0x7][0xffffffcf][0xffffffbe]O[0xffffffd6],c[0xffffffae]B[0x2][0xffffffcd][0xc]?[0xffffffde]J[0xffffffa0][0xffffff87][0xffffffc3][0xffffffd1][0xffffffec]t[0xffffffc1][0xb][0xffffff8d]t[0xffffffd9][0xffffff86][0x1a][0xffffffc3][0xffffffa3]5[0x1f][0xffffffd6][0xffffff95]T[0xffffffe3][0xfffffff4][0xffffffc2]1^c[0xffffffdf]b2[0xffffffe5][0x1c]cJ[0xffffffcb]L[0x2]3[0x14][0xffffff8b]1[0xffffffc9]P[0xe][0xffffff92][0xfffffff9]8[0xffffffb5][0xffffff87][0xffffffb3]u[0x17][0xfffffff2]1[0xffffffc2][0xffffff95][0xffffff98]|[0x13][0xffffffe1][0x15]09_?[0x19]h[0x13][0xe]{s[0xffffffab][0xffffffc6]![0xffffff8e]![0x0][0xffffffab][0xc][0x1d][0xffffffbe]j[0xffffffcc][0xffffffe2]<[0x13][0xffffff95][0xffffff81][0xffffff89][0xffffffc6][0xffffffd2]D[0xffffffc0][0xffffffd4][0x5][0xfffffffb][0xffffffe9]j[\n]"
16:19:10.433 [main] DEBUG org.apache.hc.client5.http.wire -- http-outgoing-0 << "V[0x18]dR[0x16][0xffffffd3][0xffffff8c][\r][0xffffffde][0xfffffff2][0xffffff8c][0xffffffbe]"[0xe][0xfffffffc]X[0xffffffa9][0xf][0xffffffe9][0xfffffffc]tU[0xffffffd0][0xffffffe1]>[0xffffffc9][0xffffffd6]1TA[0xffffffd8]oM[0xffffffd2][0xfffffff4][0xfffffffe]8[0xffffffbb][0x11]ul[0x1a][0xfffffff4]>F[0xffffffb8][0xe][0xffffff93]'[0x11]^[0x1][0xffffff93][0xb][0xffffffce]n&[0x14]s[0xffffffd7]C[0xffffffca][0xffffff8b][0xffffffcb]NLx[0xffffffa1][0xffffffe2][0x1b][0xffffffcf]![0xffffffae][0x1c][0xffffffa7]3[0xffffffd5][0xc][0x1b] [0xc][0xc]&[0xffffffa0][0x14]X[0x10][0x14][0xffffffcc]2H[0xffffff8f][0xffffffb4][0xffffffb9][0xffffffbd][0xffffffac]lp<c?7[0xffffffa3][0xf][0xffffffc8]/[0xffffffc2][\n]"
16:19:10.433 [main] DEBUG org.apache.hc.client5.http.wire -- http-outgoing-0 << "M[0xffffffef]+L2[0xffffff90][0x3][0xffffffb1][0xffffffa5][0xffffffc5][0x1c]Q[0xffffffd0][0xb]&76q[0xffffff8e][0x11][0xffffffae][0xffffffc4][0xffffffe4][0xffffff9b][0x8]/[0xffffff8f][0xffffffc9]1[0xffffffe7]7[0xfffffff9][0xffffffec][0xffffffb6][0xffffffa1]0[0xffffffb5]h[0xffffffb8])r}L[0x2][0xffffff99][0xffffff9a]`2[0x19][0xfffffff6][0x1c][0xffffffe2][0xffffff89][0xffffff89]E[0xffffff96]#[0xffffffa3]Tc[0x19][0x19][0xffffffaf]zIM[0xffffff82][0xfffffff9]'k[0xffffff9d],[0xffffffea]_[0xffffff84]A[0xffffffbc][0xfffffffa]~.[0xffffffe8]Y[0xffffffce][0x1]([0xffffffd7][0xffffffe6]IL[0xffffffc9][0xffffff87][0xffffffa7][0xffffffe1][0x1c][0xffffffff][0xfffffffd][0x17]Hnl[0xffffffe2][0x1c][0x3]\[0x9][0xffffffc9][0xffffffd7][0x1]^[0x1][0xffffff91][0xfffffff3][0xffffffb3]d[0xffffffd4][0xffffff91][0xffffff9b]#[0xffffff94][0xf]BrV[0xffffffe4]`&[0xffffffdd]*K[0xffffffc4][0xffffff84]WX[0xffffffb4]TV32[0xffffffea]P[0xffffff86]X[0xffffffd2]t[0xffffffc4][0xffffff95][0xffffffb2][0xffffffe1][0xffffff9d][0xffffffa1][0xffffffd1]h[0xffffffd0][0xfffffff5]f`[0xffffff87][0xffffffed]7[0xffffffef]G$[0x1d]t[0xffffffba][0xffffffe8]KF[0xffffffbc]_eI[0xffffffa9][0xffffffd8][0xffffffcc]m[0xffffffa8][0xffffffd1]&2A[0xc][0xfffffff8]l:[0xffffffb9][0xffffff8f][0x11][0xffffffae][0xffffff84][0xffffffe4][0xffffff9b][0x8]/[0xffffff8f]I;[0xffffffbf][0xffffffc2]yn[0x1b]j[0xffffffd6]a{\[0xffffff9f][0xfffffff0][0xfffffff9]C[0xffffffa5]&[0xffffffba][0xffffffa3][0xffffff8d]H[0xffffff87]1[0xffffff8f][0xffffffc5]c[\r]!8j[0xc]lZ[0xffffffb8]I[0xffffff8e]%xL[0xffffffdc][0xffffffb2][0xffffffbf][0xffffffd6][0xffffffb4][0xffffff8c][0xffffffb6]R[0xffffff9c]a[0xfffffffd][0xffffffc7][0xffffff98][0xf][0xffffff8a][0xfffffff5]%&[0xffffffa9][0x7]L[0xffffffb2][0xffffffc5]#bs[0xffffffce][0xf]<[0xfffffff5][0xffffffe4][0xffffffde][0xffffffd8][0xffffffc4]9F[0xffffffb8][0xe][0xffffff93]'[0x11]^[0x14][0xffffff93]X[0xfffffff6]0[0xffffff91]5[0xffffffbf][0xffffff8b][0xffffff83][0x18](yV)'[0xffffffa8][0xffffff9f][0xffffffb1][0xffffffaa][0x9][0xffffff93][0xffffff96][0xffffff84][0xffffffd6][0xffffffa7][0xffffffb3][0xfffffff6].[0xffffffe3][0xffffffe7]K[0xffffff91]-1[0xffffff9f][0xffffffec][0xffffffb8][0x4][0xffffff8d][0xffffff99][0x1c]Qsb[0xffffff8b]S[0xfffffff2][0xffffff95][0x1d][0x11]\[0xffffffd1][0xffffffda][0x19]L[0x10][0xffffffe9][0xffffffcb]#R[yr[0xffffffb3]fL[0xffffff89][0x1d]l[0xffffffaa][0xffffffb2]s[0xffffffa6][0x16][0xffffffcb][0xffffffe7][0xffffff87][0xfffffffb]_[0xffffffdb]'[0xffffffb7][0xffffffb1][0xffffff8d]s[0xc]q[0x19](OC[0xffffffbc](([0xffffffd1][0xffffffcf][0xffffffc2][0xffffffb1][0xffffffcd]/[0xffffffbb][0xffffffe1][0x8][0x1b][0xfffffff6][0xffffffe6][0x18][0xffffffec]'Z[0xffffff8c]-[0xffffffa7][0xffffffea]mm[0xffffffcc][0xffffffe5][0xc]V[0xffffff92][0xffffffd3]{[0xc][\r][0xfffffff0][0x9][0xffffffa3]k[0xffffffc3][0xffffffce][0xffffffb1][0xffffffd8][0x13][0xffffffbe][0x7f][0xffffff8e]uc[0xffffff8c][0xffffffed] 9[0x17]gH[0xffffffcc][\r][0x17][0x4][0xffffff8d]3[0xffffffeb][0xffffffc2][0xffffffeb][0xffffffe4][0x18][0xffffffeb][0xffffff8b];[0xffffffb4]u[0xffffffa8]=[0xffffffa7][0x1c][0xffffffde]?A[0xffffffb9][0xffffffb5][0xffffff8f]s[0x8]q[0x19](OC[0xffffffbc](([0xfffffff5]0[0x15][0x1f][0xffffff82][0xffffffec][0xffffffd9]5[0xe][0xffffffc8][0xffffff93][\r][0xffffffc7][0x1][0xffffff83][0xffffffaf][0x1a]s6[0x5][0xffffffbf]^[0xffffff9e]"[0xffffffb0][0xffffffc4][0xffffffaf][0xffffff97][\r]&e[0xffffffac][0xffffffe8][0xffffffea]CuN_[0xffffff9c][0xfffffff5][0xffffffa0]h[0xffffffcb]@*[0xffffffb3][0xffffff8e]9[0x6][0xffffffc4]kg[0xffffffd4]8[0xfffffff0]I[0xffffffe4][0xffffffca]%[0xffffffeb][0xffffff9c]~[0xffffff9e][0xffffffde]cr[0xffffff91][0xffffff9e][0xffffff8b][0xffffffc6][0xffffff85]x[0xffffff8e][0x11][0xffffffc6]OPnl[0xffffffe4][0x1c]C\[0x9][0xffffffca]7!^[0x14][0xffffff94][0xffffffcc]=[0x4]R[0xffffffe5]tP[0xffffffd6]JV$[0x11][0xffffff8e][0xffffffc5]bH[0x15][0xffffffd8][0xffffffd2][0xffffff84]V[0xffffffad]F[0xffffffc1][0xffffffac][0xffffffdf]0[0xffffff9c][0xffffffc4]][\r][0xffffffaf]+[\n]"
16:19:10.433 [main] DEBUG org.apache.hc.client5.http.wire -- http-outgoing-0 << "[0xffffffd7][0x14]I[0xffffff8d]U[0xffffff98][0xffffffd4]3[0xfffffffd]c[0xffffffbc][0xfffffff9][0xffffffc7]V2\[0xffffffa7][0xffffffcf](sX[0x17][0xffffffe5][0xffffff8c]]9[0xffffff8c][0x3]([0xffffffb1][0xffffffc8][0xfffffff7][0x18][0x1b]Njx[0xffffffbf][0xffffff80][0xffffff92][0xfffffff4][0xffffffbb][0xffffffad][0xffffffce]9[0xffffff84][0xffffffb8][0x12][0xffffff94]oB[0xffffffbc],([0xffffff89][0xf][0xffffff83][0xfffffff1][0xffffffe9][0xffffffa0][0xffffff84][0xfffffff8][0xffffffa1][0xffffff81][0xffffffa8]([0xffffffac][0xffffff8d][0xffffffd6][0x1d][0xffffffc7]^[0xffffff8f]l-+[0xffffff8d][0xfffffff7]E[0x18][0xfffffff7][0xffffffcd]:[0xffffffac][0xffffffff]@'[\n]"
16:19:10.433 [main] DEBUG org.apache.hc.client5.http.wire -- http-outgoing-0 << "[\r]&[0xffffffbe]![0x15]k`[0x8][0xffffffd0][0xffffff94][0xffffff92][0xffffff83]([0xffffffba][0xffffff9d][0xffffffa1][0xffffffc2][0xffffffc0][\r][0xffffff98][0xfffffffa]ci[0xffffffed]-[0xffffff98][0xb]@?[0xffffff89];[0xffffffb0][0xffffff9c][0xffffffa3][0xc][0xfffffffa][0x9][0xffffffca][0xffffff8d][0xffffffe3]8[0xffffffc7][0x10][0xffffffd7][0xffffff81][0xfffffff2]$[0xffffffc4][0xffffffcb][0xffffff82][0x12]?d[0xffffffa0]1[0x1d][0xffffff94][0xffffff99][0xffffffab][0xffffffe4][0xffffffa0][0x1c][\r][0xffffff9e][0xffffffd1][0xffffffad]B[0x3]E&n[0xffffff92]s[0xffffffbd]b[0xffffffa7]Fe[0xffffffc3]%[0x12]c[0xc][0x1a]t[0x11][0xffffffeb]?L)q[0x1b]H[0xffffffc8][0xffffff84][0xc][0xffffff87]9[0xffffffba][0xffffff8d][0xfffffff6]~B[0xffffff88]I[0xe][0xffffffe8]l[0xffffffbb]d[0xffffffef][0xffffffdd][0xffffffe1][0xfffffff8][0xffffffc6][\n]"
16:19:10.433 [main] DEBUG org.apache.hc.client5.http.wire -- http-outgoing-0 << "[0xffffff83][0xffffffa4]f[0x18])[0xffffff9a]#[\r][0xfffffffa][0x9][0xffffffca]m[0xffffffbd][0xffffff9c]W![0xffffffae][0x4][0xffffffe5][0xffffff9b][0x10][0xffffffaf][0x0][0xffffffca][0xfffffff9],%[0xfffffffe][0x16]\[0x13][0xffffffd9][0xffffffe0][0xffffff8d][0xffffff8c][0xffffffd2][0x15][0xffffffd8]I[0xffffffb8][0x1f][0x15]P[0xffffff96][0xffffffb3][0xffffff9d][0x11]o[0xffffffcf][0xc][0xffffffc1]G[0xffffffbe]L[0xffffff98][0xffffffa0][0xffffffc1]M[0xffffffb2][0xffffffe3][0x9][0xffffffd5]/[0xfffffffb][0xffffffc5]8[0xffffffc5]+{[0xe]0[0xffffffa0]~[0xfffffff7][0xfffffff1][0xffffff8d][0xffffff95].[0xffffff89][0x12]g[0xffffffc1][0xffffff95][0xffffff85][0xffffffce][0xfffffff3]2[0xffffff88][0xffffff80]B>[0xffffffce]a[0xffffff84]~[0xffffff82]r[3[0xffffffe7]U[0xffffff88]+A[0xfffffff9]&[0xffffffc4][0xffffffcb][0xffffff83]R[0xffffffcd]7WC[0xffffffab][0xffffffeb]aw[0xffffff9a][0x1a][0x17]D[0xfffffff6]u2([0xffffffcb]$[0x4]^[0xffffffe7][0x9]%[0xffffffa5]o[0xffffffd8][0xffffffa0][0xffffffc2]H[0xffffffd2][0xfffffff5]f"[0xffffffcc]w[0x1]`[0x15][0xffffffeb][0xffffffe6]Q[0xffffffb1][0xffffffb1][0xffffffc3]DS[0xffffff90][0xffffffbf][0xffffffbf][0xffffffd0][0xffffffe1][0xffffff89]Ef[0xffffffc4][0xffffff96][\n]"
16:19:10.433 [main] DEBUG org.apache.hc.client5.http.wire -- http-outgoing-0 << "1[0x4][0xffffffb2]W[0x1c][0xffffffff]X[0xffffffdc]7[0xfffffff9]N[0xffffffb9][0xffffffad][0xffffff9d][0xfffffff3]*[0xffffffc4]u[0xffffffa0]<[0x9][0xfffffff1][\n]"
16:19:10.433 [main] DEBUG org.apache.hc.client5.http.wire -- http-outgoing-0 << "[0xffffffa0][0xffffff9c]O[0x9][0xffffffd5]^[0xfffffff1][0xffffffb2][0xffffffaa][0xffffffcc][0xffffffd4][0xffffffb2][0xffffffc5]N[0x14][0xffffffc3][0xffffff8a][0x12][0xffffffea]l[0xffffffac]{[0x5].A[0xffffffa2]#[0xffffffc9][0xffffffc0][0xf][0xffffffb0][0x1a][0xffffffe6]&[0x13]+J[0x1a][0xffffffd6][0xffffffcf]L[0xffffffab][0x19][0xffffffb6]2[0xffffffe2][0xfffffff0][0xffffffcb][0xffffff98][0xffffffe3][0xfffffffb][0xffffffe7][0x1f][0xffffffe8]`F[0xffffff83][[0xffffffd6]J[0xffffff9e][0x12]P[0xffffffe2]d[0xffffff85][0xffffffc7]Y[0xffffff88]s[0xffffff8f][0xffffffef]m[\r][0xffffff9d]W![0xffffffae][0x4][0xffffffe5][0xffffff9b][0x10]/[0xf][0xffffffca][0xffffffc1]4O[0xffffffa6][0xffffff84][0xffffffa8]n[0xffffffd8][0xffffffb4][0xffffff88][0xffffffb7][0x1a]N[0x1b][0xffffff98][0xffffffa6][\r][0xffffffeb][0xffffffa0][0xffffffc6]2P[0xffffffec][0xfffffffe][0xffffffa0]'[0x15]>[0xffffffa8][0xffffffc8]w=[0xffffffe3][0xffffffb3][0xffffff85][0xffffff9d][0xffffffb5][0xc][0xffffffe8][0xffffffb0]R[0x4][0xffffffef][0xffffffc8][0xffffffea][0xffffff98][0x4][0xf][0xffffffb9]c1[0xfffffff4][0xffffffee][0xffffffe3][0x1b][0xffffff8a][0xffffff92][0x5][0xffffffb9]k[0xffffffa5][0xffffffbd][0xffffff80]r[0xffffffec]l@[0xffffff96]<[0xfffffff9][0xfffffff8][0xffffffde][0xffffffd8][0xffffffd1]9[0xffffff86][0xffffffb8][0x12][0xffffff94]oB[0xffffffbc][0x2]([0xffffffe7]gJ?[0xffffff96][0xffffff93][0xfffffff4][0xffffff88][0xffffff85]9[0xffffffa4]Os[0xffffffcc][0xffffffe3][0xffffff98][0xffffffb1][0xffffff8b][0xffffffb1][0xffffffc0][0xfffffffc][0xffffffb0]K[0xffffff87][0x5][0xffffffdc][0xffffffb4][0xffffffe8][0xffffff86][0x15][0xffffffa5]`[0xffffffef]qI[0x15][0x13]+[0xffffffd0][0x9][0xffffff87]9[0xffffffd6][0xffffffce]#Q?[0xffffff83][0x12][0x12][0xffffff82][0xffffff9d]pA[0xffffffaf][0xffffff9c][0xffffffcb][0xffffffc1][0xffffffa4][0xffffffd1][0xffffffda][0x1d],=6q3[0xffffffc9]s[0xffffffbb][0xffffffb1][0xffffffa3]s[0xc]q[0x1d](OB[0xffffffbc]<([0xffffffc7]L[0xfffffff4][0xffffffe4]L[0xffffff89]}yE[0xffffff85]![0x1a][0xb][0xffffffc3][0xffffffc8][0xffffff8f]p[0xffffff8f][0xffffff86]I[0x8][0x4][0x19][0xffffffd4][0xffffffdb][0xffffffac][0xb][0xffffffc5]D[0xffffff85][0xfffffff5]9[0xffffff99]uc[0xffffffa8][0xffffff87]\[0xffffff80][0xffffffa3][0xfffffff4][0xffffffe8]-YC[0xffffffcf][0xffffffae][0x12],[0xffffffaf][0xfffffffc][0x19]m[0xffffffc6]g[0x7]`[0x17]V[0xe][0xffffffe6][0xc][0xffffffe7]P[0xffffffbd][0xffffffa3][0xffffffc7][0xffffffc8]>[0xffffff86][0xffffffa9][0xffffffa0][0xffffffdc][0xffffffd8][0xffffffd1]9[0xffffff86][0xffffffb8][0x12][0xffffff94]oB[0xffffffbc][0x2]([0xffffffe7]gJ[0xc]NSaX[0xffffffd1][0xffffffd0]D[0xffffffec]4[0xffffff8d]<nkLq[l[0xfffffff5][0xffffffc7][0xffffffe4][0xc][0x13][0xf][\n]"
16:19:10.433 [main] DEBUG org.apache.hc.client5.http.wire -- http-outgoing-0 << "[0xffffffb0][0xffffffc2]r[0xffffffa3][0xfffffff3][0xffffffc5][0xffffffbc][0xffffff85][0xfffffff5][0xffffffb5][0xffffffcc]9[0x1a]v,#[0xffffffb5][0xffffffc4][0xffffffcf][0xffffffea][0xfffffffd][0x13][0xffffff8c][0xfffffff0]%[0xffffff9a]=[0x10]a[0xffffffa5][0xffffffba][0x17]PJ[0xffffffc1]r[0x12][0xffffffee][0x9]S;:v[G[0xffffffe7]U[0xffffff88]+A[0xfffffff9]&[0xffffffc4][0xffffff8b][0xffffff83][0xffffff92] [0xffffffa7]gJ4[0xffffff91][0xfffffff0][0xffffff8d][0xffffff98][0x6][0x5]M}[0xffffff8d][0xffffff97][0xffffff9a][0xffffffe8][0xffffffa4]I[0xfffffffa][0xffffff87]06[0xffffffba]A[0xffffff8f][0xffffffe3]@[0xffffff99][0xffffffc0]#[0x7f][0xfffffff4][0xffffffb4][0x1d][0xffffffc7]0m[0x1b][0xffffffd5][0xffffffba]cs[0xffffffe3][0xfffffff3][0xfffffffa][0xffffffe5]w[0xffffffdf])[0x9][0xffffffc6]r|[0xf][0x17][0xffffffe2]e[0xffffff92]sa[0xfffffff7][0x6]Jq[0xffffff8c][0x0]M[0xffffffed]}o[0xfffffff4]W{[0x15][0xffffffe2]:P[0xffffff9e][0xffffff84]x[0x5]P[0xffffffce][0xffffffcf][0xffffff94][0xffffff9c][0xffffffcb]YhW[0x19][0xffffffae][0xffffff95]z[0xffffff90][0xffffffe7]x[\r]@[0xfffffff5]`/[0xffffff80]N[0xffffff8d][0xffffff85][0xffffffca].9[0xffffffc5][0xffffff82]F[0xfffffff4]C[0xffffff8e]eNl[0xffffff8c]`Q#[0xe][0xffffff80][0x10][0xffffff96][0xffffffcc][0xffffffd5]*W[0xffffffcf][0x0]%[0xffffffa3]i[0xffffff88]L[0xffffff96][\n]"
16:19:10.433 [main] DEBUG org.apache.hc.client5.http.wire -- http-outgoing-0 << "2[0xffffffec]~[0xffffffc8]_YM[0xffffffa2][0xffffffe6],[0xffffffcc]y[0xffffffe1])[0x19][0xffffffae][0xffffffd8][0xffffffd2]fd[0xffffffd3][0xffffffea][0xffffffcf][0x10]W[0xffffff82][0xfffffff2]M[0xffffff88]+@[0xfffffff9][0xffffffa7][0xffffffbf][0xffffffff][0xffffffcb][0xffffffff][0x2][0x1b][0xffffffe5][0xffffffda]}[0xffffffc5][0xffffffaf][0x0][0x0][\r][\n]"
16:19:10.433 [main] DEBUG org.apache.hc.client5.http.wire -- http-outgoing-0 << "0[\r][\n]"
16:19:10.433 [main] DEBUG org.apache.hc.client5.http.wire -- http-outgoing-0 << "[\r][\n]"
16:19:10.434 [main] DEBUG org.apache.hc.client5.http.headers -- http-outgoing-0 << HTTP/1.1 200 OK
16:19:10.434 [main] DEBUG org.apache.hc.client5.http.headers -- http-outgoing-0 << date: Wed, 13 Mar 2024 16:19:10 GMT
16:19:10.434 [main] DEBUG org.apache.hc.client5.http.headers -- http-outgoing-0 << content-type: application/json
16:19:10.434 [main] DEBUG org.apache.hc.client5.http.headers -- http-outgoing-0 << transfer-encoding: chunked
16:19:10.434 [main] DEBUG org.apache.hc.client5.http.headers -- http-outgoing-0 << content-encoding: gzip
16:19:10.434 [main] DEBUG org.apache.hc.client5.http.headers -- http-outgoing-0 << x-ratelimit-limit: 180
16:19:10.434 [main] DEBUG org.apache.hc.client5.http.headers -- http-outgoing-0 << x-ratelimit-reset: 1710346810
16:19:10.434 [main] DEBUG org.apache.hc.client5.http.headers -- http-outgoing-0 << x-ratelimit-remaining: 178
16:19:10.434 [main] DEBUG org.apache.hc.client5.http.headers -- http-outgoing-0 << x-trace-id: ef7e56dff2c221bceff25ea1c22bd039
16:19:10.434 [main] DEBUG org.apache.hc.client5.http.headers -- http-outgoing-0 << server: nginx
16:19:10.434 [main] DEBUG org.apache.hc.client5.http.headers -- http-outgoing-0 << x-frame-options: deny
16:19:10.434 [main] DEBUG org.apache.hc.client5.http.headers -- http-outgoing-0 << x-content-type-options: nosniff
16:19:10.434 [main] DEBUG org.apache.hc.client5.http.headers -- http-outgoing-0 << x-xss-protection: 1; mode=block
16:19:10.434 [main] DEBUG org.apache.hc.client5.http.headers -- http-outgoing-0 << strict-transport-security: max-age=31536000
16:19:10.434 [main] DEBUG org.apache.hc.client5.http.impl.classic.MainClientExec -- ex-0000000003 connection can be kept alive for 3 MINUTES
16:19:10.436 [main] DEBUG org.apache.hc.client5.http.impl.classic.InternalHttpClient -- ep-0000000003 releasing valid endpoint
16:19:10.436 [main] DEBUG org.apache.hc.client5.http.impl.io.PoolingHttpClientConnectionManager -- ep-0000000003 releasing endpoint
16:19:10.436 [main] DEBUG org.apache.hc.client5.http.impl.io.PoolingHttpClientConnectionManager -- ep-0000000003 connection http-outgoing-0 can be kept alive for 3 MINUTES
16:19:10.436 [main] DEBUG org.apache.hc.client5.http.impl.io.PoolingHttpClientConnectionManager -- ep-0000000003 connection released [route: {s}->https://hub.docker.com:443][total available: 1; route allocated: 1 of 5; total allocated: 1 of 25]
16:19:10.438 [main] DEBUG io.github.bonigarcia.wdm.docker.DockerService -- The latest version of Chrome in Docker Hub is 122.0
16:19:10.440 [main] INFO io.github.bonigarcia.wdm.docker.DockerService -- Pulling Docker image selenoid/vnc:chrome_122.0 (this might take some time, but only the first time)
16:19:10.481 [docker-java-stream-1789075765] DEBUG org.apache.hc.client5.http.impl.classic.InternalHttpClient -- ex-0000000004 preparing request execution
16:19:10.481 [docker-java-stream-1789075765] DEBUG org.apache.hc.client5.http.impl.classic.ProtocolExec -- ex-0000000004 target auth state: UNCHALLENGED
16:19:10.481 [docker-java-stream-1789075765] DEBUG org.apache.hc.client5.http.impl.classic.ProtocolExec -- ex-0000000004 proxy auth state: UNCHALLENGED
16:19:10.481 [docker-java-stream-1789075765] DEBUG org.apache.hc.client5.http.impl.classic.ConnectExec -- ex-0000000004 acquiring connection with route {}->unix://localhost:2375
16:19:10.481 [docker-java-stream-1789075765] DEBUG org.apache.hc.client5.http.impl.classic.InternalHttpClient -- ex-0000000004 acquiring endpoint (3 MINUTES)
16:19:10.481 [docker-java-stream-1789075765] DEBUG org.apache.hc.client5.http.impl.io.PoolingHttpClientConnectionManager -- ex-0000000004 endpoint lease request (3 MINUTES) [route: {}->unix://localhost:2375][total available: 0; route allocated: 0 of 2147483647; total allocated: 0 of 2147483647]
16:19:10.482 [docker-java-stream-1789075765] DEBUG org.apache.hc.client5.http.impl.io.PoolingHttpClientConnectionManager -- ex-0000000004 endpoint leased [route: {}->unix://localhost:2375][total available: 0; route allocated: 1 of 2147483647; total allocated: 1 of 2147483647]
16:19:10.482 [docker-java-stream-1789075765] DEBUG org.apache.hc.client5.http.impl.io.PoolingHttpClientConnectionManager -- ex-0000000004 acquired ep-0000000004
16:19:10.482 [docker-java-stream-1789075765] DEBUG org.apache.hc.client5.http.impl.classic.InternalHttpClient -- ex-0000000004 acquired endpoint ep-0000000004
16:19:10.482 [docker-java-stream-1789075765] DEBUG org.apache.hc.client5.http.impl.classic.ConnectExec -- ex-0000000004 opening connection {}->unix://localhost:2375
16:19:10.482 [docker-java-stream-1789075765] DEBUG org.apache.hc.client5.http.impl.classic.InternalHttpClient -- ep-0000000004 connecting endpoint (null)
16:19:10.482 [docker-java-stream-1789075765] DEBUG org.apache.hc.client5.http.impl.io.PoolingHttpClientConnectionManager -- ep-0000000004 connecting endpoint to unix://localhost:2375 (3 MINUTES)
16:19:10.482 [docker-java-stream-1789075765] DEBUG org.apache.hc.client5.http.impl.io.DefaultHttpClientConnectionOperator -- localhost resolving remote address
16:19:10.482 [docker-java-stream-1789075765] DEBUG org.apache.hc.client5.http.impl.io.DefaultHttpClientConnectionOperator -- localhost resolved to [localhost/127.0.0.1, localhost/0:0:0:0:0:0:0:1]
16:19:10.513 [docker-java-stream-1789075765] DEBUG org.apache.hc.client5.http.impl.io.DefaultManagedHttpClientConnection -- http-outgoing-1 close connection IMMEDIATE
16:19:10.513 [docker-java-stream-1789075765] DEBUG org.apache.hc.client5.http.impl.classic.InternalHttpClient -- ep-0000000004 endpoint closed
16:19:10.513 [docker-java-stream-1789075765] DEBUG org.apache.hc.client5.http.impl.classic.InternalHttpClient -- ep-0000000004 discarding endpoint
16:19:10.513 [docker-java-stream-1789075765] DEBUG org.apache.hc.client5.http.impl.io.PoolingHttpClientConnectionManager -- ep-0000000004 releasing endpoint
16:19:10.513 [docker-java-stream-1789075765] DEBUG org.apache.hc.client5.http.impl.io.PoolingHttpClientConnectionManager -- ep-0000000004 connection is not kept alive
16:19:10.513 [docker-java-stream-1789075765] DEBUG org.apache.hc.client5.http.impl.io.PoolingHttpClientConnectionManager -- ep-0000000004 connection released [route: {}->unix://localhost:2375][total available: 0; route allocated: 0 of 2147483647; total allocated: 0 of 2147483647]
16:19:10.514 [docker-java-stream-1789075765] ERROR com.github.dockerjava.api.async.ResultCallbackTemplate -- Error during callback
java.lang.RuntimeException: java.io.IOException: com.sun.jna.LastErrorException: [2] No such file or directory
	at com.github.dockerjava.httpclient5.ApacheDockerHttpClientImpl.execute(ApacheDockerHttpClientImpl.java:195)
	at com.github.dockerjava.httpclient5.ApacheDockerHttpClient.execute(ApacheDockerHttpClient.java:9)
	at com.github.dockerjava.core.DefaultInvocationBuilder.execute(DefaultInvocationBuilder.java:228)
	at com.github.dockerjava.core.DefaultInvocationBuilder.lambda$executeAndStream$1(DefaultInvocationBuilder.java:269)
	at java.base/java.lang.Thread.run(Thread.java:833)
Caused by: java.io.IOException: com.sun.jna.LastErrorException: [2] No such file or directory
	at com.github.dockerjava.transport.DomainSocket.<init>(DomainSocket.java:63)
	at com.github.dockerjava.transport.LinuxDomainSocket.<init>(LinuxDomainSocket.java:41)
	at com.github.dockerjava.transport.DomainSocket.get(DomainSocket.java:140)
	at com.github.dockerjava.transport.UnixSocket.get(UnixSocket.java:29)
	at com.github.dockerjava.httpclient5.ApacheDockerHttpClientImpl$2.createSocket(ApacheDockerHttpClientImpl.java:153)
	at org.apache.hc.client5.http.impl.io.DefaultHttpClientConnectionOperator.connect(DefaultHttpClientConnectionOperator.java:155)
	at org.apache.hc.client5.http.impl.io.PoolingHttpClientConnectionManager.connect(PoolingHttpClientConnectionManager.java:447)
	at org.apache.hc.client5.http.impl.classic.InternalExecRuntime.connectEndpoint(InternalExecRuntime.java:162)
	at org.apache.hc.client5.http.impl.classic.InternalExecRuntime.connectEndpoint(InternalExecRuntime.java:172)
	at org.apache.hc.client5.http.impl.classic.ConnectExec.execute(ConnectExec.java:142)
	at org.apache.hc.client5.http.impl.classic.ExecChainElement.execute(ExecChainElement.java:51)
	at org.apache.hc.client5.http.impl.classic.ProtocolExec.execute(ProtocolExec.java:192)
	at org.apache.hc.client5.http.impl.classic.ExecChainElement.execute(ExecChainElement.java:51)
	at org.apache.hc.client5.http.impl.classic.HttpRequestRetryExec.execute(HttpRequestRetryExec.java:96)
	at org.apache.hc.client5.http.impl.classic.ExecChainElement.execute(ExecChainElement.java:51)
	at org.apache.hc.client5.http.impl.classic.ContentCompressionExec.execute(ContentCompressionExec.java:152)
	at org.apache.hc.client5.http.impl.classic.ExecChainElement.execute(ExecChainElement.java:51)
	at org.apache.hc.client5.http.impl.classic.RedirectExec.execute(RedirectExec.java:115)
	at org.apache.hc.client5.http.impl.classic.ExecChainElement.execute(ExecChainElement.java:51)
	at org.apache.hc.client5.http.impl.classic.InternalHttpClient.doExecute(InternalHttpClient.java:170)
	at org.apache.hc.client5.http.impl.classic.CloseableHttpClient.execute(CloseableHttpClient.java:87)
	at com.github.dockerjava.httpclient5.ApacheDockerHttpClientImpl.execute(ApacheDockerHttpClientImpl.java:191)
	... 4 common frames omitted
Caused by: com.sun.jna.LastErrorException: [2] No such file or directory
	at com.github.dockerjava.transport.LinuxDomainSocket.connect(Native Method)
	at com.github.dockerjava.transport.LinuxDomainSocket.connect(LinuxDomainSocket.java:49)
	at com.github.dockerjava.transport.DomainSocket.open(DomainSocket.java:69)
	at com.github.dockerjava.transport.DomainSocket.<init>(DomainSocket.java:59)
	... 25 common frames omitted
16:19:10.515 [main] WARN io.github.bonigarcia.wdm.docker.DockerService -- Exception pulling image selenoid/vnc:chrome_122.0: java.io.IOException: com.sun.jna.LastErrorException: [2] No such file or directory
16:19:10.521 [main] INFO io.github.bonigarcia.wdm.docker.DockerService -- Starting Docker container selenoid/vnc:chrome_122.0
16:19:10.526 [main] DEBUG com.github.dockerjava.core.command.AbstrDockerCmd -- Cmd: com.github.dockerjava.core.command.CreateContainerCmdImpl@77bd7fe7[aliases=<null>,argsEscaped=<null>,attachStderr=<null>,attachStdin=<null>,attachStdout=<null>,authConfig=AuthConfig(username=null, email=null, registryAddress=https://index.docker.io/v1/, stackOrchestrator=null),cmd=<null>,domainName=<null>,entrypoint=<null>,env={TZ=Etc/UTC,LANGUAGE=EN,SCREEN_RESOLUTION=1280x1080x24,DRIVER_ARGS=--whitelisted-ips= --allowed-origins=*},exposedPorts=ExposedPorts(exposedPorts=[4444/tcp]),healthcheck=<null>,hostConfig=HostConfig(binds=[], blkioWeight=null, blkioWeightDevice=null, blkioDeviceReadBps=null, blkioDeviceWriteBps=null, blkioDeviceReadIOps=null, blkioDeviceWriteIOps=null, memorySwappiness=null, nanoCPUs=null, capAdd=[SYS_ADMIN], capDrop=null, containerIDFile=null, cpuPeriod=null, cpuRealtimePeriod=null, cpuRealtimeRuntime=null, cpuShares=null, cpuQuota=null, cpusetCpus=null, cpusetMems=null, devices=null, deviceCgroupRules=null, deviceRequests=null, diskQuota=null, dns=null, dnsOptions=null, dnsSearch=null, extraHosts=[], groupAdd=null, ipcMode=null, cgroup=null, links=[], logConfig=LogConfig(type=null, config=null), lxcConf=null, memory=null, memorySwap=null, memoryReservation=null, kernelMemory=null, networkMode=bridge, oomKillDisable=null, init=null, autoRemove=null, oomScoreAdj=null, portBindings={4444/tcp=[Lcom.github.dockerjava.api.model.Ports$Binding;@298d9a05}, privileged=null, publishAllPorts=true, readonlyRootfs=null, restartPolicy=null, ulimits=null, cpuCount=null, cpuPercent=null, ioMaximumIOps=null, ioMaximumBandwidth=null, volumesFrom=null, mounts=[Mount(type=TMPFS, source=null, target=/tmp, readOnly=null, bindOptions=null, volumeOptions=null, tmpfsOptions=TmpfsOptions(sizeBytes=134217728, mode=null))], pidMode=null, isolation=null, securityOpts=null, storageOpt=null, cgroupParent=null, volumeDriver=null, shmSize=268435456, pidsLimit=null, runtime=null, tmpFs=null, utSMode=null, usernsMode=null, sysctls=null, consoleSize=null, cgroupnsMode=null),hostName=<null>,image=selenoid/vnc:chrome_122.0,ipv4Address=<null>,ipv6Address=<null>,labels=<null>,macAddress=<null>,name=<null>,networkDisabled=<null>,networkingConfig=<null>,onBuild=<null>,platform=<null>,portSpecs=<null>,shell=<null>,stdInOnce=<null>,stdinOpen=<null>,stopSignal=<null>,stopTimeout=<null>,tty=<null>,user=<null>,volumes=Volumes(volumes=[]),workingDir=<null>]
16:19:10.598 [main] DEBUG org.apache.hc.client5.http.impl.classic.InternalHttpClient -- ex-0000000005 preparing request execution
16:19:10.599 [main] DEBUG org.apache.hc.client5.http.impl.classic.ProtocolExec -- ex-0000000005 target auth state: UNCHALLENGED
16:19:10.599 [main] DEBUG org.apache.hc.client5.http.impl.classic.ProtocolExec -- ex-0000000005 proxy auth state: UNCHALLENGED
16:19:10.599 [main] DEBUG org.apache.hc.client5.http.impl.classic.ConnectExec -- ex-0000000005 acquiring connection with route {}->unix://localhost:2375
16:19:10.599 [main] DEBUG org.apache.hc.client5.http.impl.classic.InternalHttpClient -- ex-0000000005 acquiring endpoint (3 MINUTES)
16:19:10.599 [main] DEBUG org.apache.hc.client5.http.impl.io.PoolingHttpClientConnectionManager -- ex-0000000005 endpoint lease request (3 MINUTES) [route: {}->unix://localhost:2375][total available: 0; route allocated: 0 of 2147483647; total allocated: 0 of 2147483647]
16:19:10.599 [main] DEBUG org.apache.hc.client5.http.impl.io.PoolingHttpClientConnectionManager -- ex-0000000005 endpoint leased [route: {}->unix://localhost:2375][total available: 0; route allocated: 1 of 2147483647; total allocated: 1 of 2147483647]
16:19:10.599 [main] DEBUG org.apache.hc.client5.http.impl.io.PoolingHttpClientConnectionManager -- ex-0000000005 acquired ep-0000000005
16:19:10.599 [main] DEBUG org.apache.hc.client5.http.impl.classic.InternalHttpClient -- ex-0000000005 acquired endpoint ep-0000000005
16:19:10.599 [main] DEBUG org.apache.hc.client5.http.impl.classic.ConnectExec -- ex-0000000005 opening connection {}->unix://localhost:2375
16:19:10.599 [main] DEBUG org.apache.hc.client5.http.impl.classic.InternalHttpClient -- ep-0000000005 connecting endpoint (null)
16:19:10.599 [main] DEBUG org.apache.hc.client5.http.impl.io.PoolingHttpClientConnectionManager -- ep-0000000005 connecting endpoint to unix://localhost:2375 (3 MINUTES)
16:19:10.599 [main] DEBUG org.apache.hc.client5.http.impl.io.DefaultHttpClientConnectionOperator -- localhost resolving remote address
16:19:10.599 [main] DEBUG org.apache.hc.client5.http.impl.io.DefaultHttpClientConnectionOperator -- localhost resolved to [localhost/127.0.0.1, localhost/0:0:0:0:0:0:0:1]
16:19:10.600 [main] DEBUG org.apache.hc.client5.http.impl.io.DefaultManagedHttpClientConnection -- http-outgoing-2 close connection IMMEDIATE
16:19:10.600 [main] DEBUG org.apache.hc.client5.http.impl.classic.InternalHttpClient -- ep-0000000005 endpoint closed
16:19:10.600 [main] DEBUG org.apache.hc.client5.http.impl.classic.InternalHttpClient -- ep-0000000005 discarding endpoint
16:19:10.600 [main] DEBUG org.apache.hc.client5.http.impl.io.PoolingHttpClientConnectionManager -- ep-0000000005 releasing endpoint
16:19:10.600 [main] DEBUG org.apache.hc.client5.http.impl.io.PoolingHttpClientConnectionManager -- ep-0000000005 connection is not kept alive
16:19:10.600 [main] DEBUG org.apache.hc.client5.http.impl.io.PoolingHttpClientConnectionManager -- ep-0000000005 connection released [route: {}->unix://localhost:2375][total available: 0; route allocated: 0 of 2147483647; total allocated: 0 of 2147483647]
16:19:10.605 [main] WARN io.github.bonigarcia.wdm.WebDriverManager -- WebDriver object(s) not available
]]></system-out>
  </testcase>
</testsuite>