<?xml version="1.0" encoding="UTF-8"?>
<testsuite xmlns:xsi="http://www.w3.org/2001/XMLSchema-instance" xsi:noNamespaceSchemaLocation="https://maven.apache.org/surefire/maven-surefire-plugin/xsd/surefire-test-report-3.0.xsd" version="3.0" name="DockerBrowserTest" time="1.877" tests="1" errors="1" skipped="0" failures="0">
  <properties>
    <property name="java.specification.version" value="17"/>
    <property name="sun.jnu.encoding" value="UTF-8"/>
    <property name="java.class.path" value="/home/saraalmeida/UA/ano3/sem2/TQS_108796/lab4/lab4_4/target/test-classes:/home/saraalmeida/UA/ano3/sem2/TQS_108796/lab4/lab4_4/target/classes:/home/saraalmeida/.m2/repository/org/junit/jupiter/junit-jupiter/5.10.2/junit-jupiter-5.10.2.jar:/home/saraalmeida/.m2/repository/org/junit/jupiter/junit-jupiter-api/5.10.2/junit-jupiter-api-5.10.2.jar:/home/saraalmeida/.m2/repository/org/opentest4j/opentest4j/1.3.0/opentest4j-1.3.0.jar:/home/saraalmeida/.m2/repository/org/junit/platform/junit-platform-commons/1.10.2/junit-platform-commons-1.10.2.jar:/home/saraalmeida/.m2/repository/org/apiguardian/apiguardian-api/1.1.2/apiguardian-api-1.1.2.jar:/home/saraalmeida/.m2/repository/org/junit/jupiter/junit-jupiter-params/5.10.2/junit-jupiter-params-5.10.2.jar:/home/saraalmeida/.m2/repository/org/junit/jupiter/junit-jupiter-engine/5.10.2/junit-jupiter-engine-5.10.2.jar:/home/saraalmeida/.m2/repository/org/junit/platform/junit-platform-engine/1.10.2/junit-platform-engine-1.10.2.jar:/home/saraalmeida/.m2/repository/org/seleniumhq/selenium/selenium-java/4.18.1/selenium-java-4.18.1.jar:/home/saraalmeida/.m2/repository/org/seleniumhq/selenium/selenium-api/4.18.1/selenium-api-4.18.1.jar:/home/saraalmeida/.m2/repository/org/seleniumhq/selenium/selenium-chrome-driver/4.18.1/selenium-chrome-driver-4.18.1.jar:/home/saraalmeida/.m2/repository/com/google/auto/service/auto-service-annotations/1.1.1/auto-service-annotations-1.1.1.jar:/home/saraalmeida/.m2/repository/org/seleniumhq/selenium/selenium-chromium-driver/4.18.1/selenium-chromium-driver-4.18.1.jar:/home/saraalmeida/.m2/repository/org/seleniumhq/selenium/selenium-json/4.18.1/selenium-json-4.18.1.jar:/home/saraalmeida/.m2/repository/org/seleniumhq/selenium/selenium-manager/4.18.1/selenium-manager-4.18.1.jar:/home/saraalmeida/.m2/repository/org/seleniumhq/selenium/selenium-devtools-v120/4.18.1/selenium-devtools-v120-4.18.1.jar:/home/saraalmeida/.m2/repository/org/seleniumhq/selenium/selenium-devtools-v121/4.18.1/selenium-devtools-v121-4.18.1.jar:/home/saraalmeida/.m2/repository/org/seleniumhq/selenium/selenium-devtools-v122/4.18.1/selenium-devtools-v122-4.18.1.jar:/home/saraalmeida/.m2/repository/org/seleniumhq/selenium/selenium-devtools-v85/4.18.1/selenium-devtools-v85-4.18.1.jar:/home/saraalmeida/.m2/repository/org/seleniumhq/selenium/selenium-edge-driver/4.18.1/selenium-edge-driver-4.18.1.jar:/home/saraalmeida/.m2/repository/org/seleniumhq/selenium/selenium-firefox-driver/4.18.1/selenium-firefox-driver-4.18.1.jar:/home/saraalmeida/.m2/repository/org/seleniumhq/selenium/selenium-http/4.18.1/selenium-http-4.18.1.jar:/home/saraalmeida/.m2/repository/dev/failsafe/failsafe/3.3.2/failsafe-3.3.2.jar:/home/saraalmeida/.m2/repository/org/seleniumhq/selenium/selenium-ie-driver/4.18.1/selenium-ie-driver-4.18.1.jar:/home/saraalmeida/.m2/repository/org/seleniumhq/selenium/selenium-remote-driver/4.18.1/selenium-remote-driver-4.18.1.jar:/home/saraalmeida/.m2/repository/com/google/guava/guava/33.0.0-jre/guava-33.0.0-jre.jar:/home/saraalmeida/.m2/repository/com/google/guava/failureaccess/1.0.2/failureaccess-1.0.2.jar:/home/saraalmeida/.m2/repository/com/google/guava/listenablefuture/9999.0-empty-to-avoid-conflict-with-guava/listenablefuture-9999.0-empty-to-avoid-conflict-with-guava.jar:/home/saraalmeida/.m2/repository/com/google/code/findbugs/jsr305/3.0.2/jsr305-3.0.2.jar:/home/saraalmeida/.m2/repository/org/checkerframework/checker-qual/3.41.0/checker-qual-3.41.0.jar:/home/saraalmeida/.m2/repository/com/google/errorprone/error_prone_annotations/2.23.0/error_prone_annotations-2.23.0.jar:/home/saraalmeida/.m2/repository/com/google/j2objc/j2objc-annotations/2.8/j2objc-annotations-2.8.jar:/home/saraalmeida/.m2/repository/io/opentelemetry/semconv/opentelemetry-semconv/1.23.1-alpha/opentelemetry-semconv-1.23.1-alpha.jar:/home/saraalmeida/.m2/repository/io/opentelemetry/opentelemetry-api/1.35.0/opentelemetry-api-1.35.0.jar:/home/saraalmeida/.m2/repository/io/opentelemetry/opentelemetry-context/1.35.0/opentelemetry-context-1.35.0.jar:/home/saraalmeida/.m2/repository/io/opentelemetry/opentelemetry-exporter-logging/1.35.0/opentelemetry-exporter-logging-1.35.0.jar:/home/saraalmeida/.m2/repository/io/opentelemetry/opentelemetry-sdk-common/1.35.0/opentelemetry-sdk-common-1.35.0.jar:/home/saraalmeida/.m2/repository/io/opentelemetry/opentelemetry-sdk-extension-autoconfigure-spi/1.35.0/opentelemetry-sdk-extension-autoconfigure-spi-1.35.0.jar:/home/saraalmeida/.m2/repository/io/opentelemetry/opentelemetry-sdk-extension-autoconfigure/1.35.0/opentelemetry-sdk-extension-autoconfigure-1.35.0.jar:/home/saraalmeida/.m2/repository/io/opentelemetry/opentelemetry-api-events/1.35.0-alpha/opentelemetry-api-events-1.35.0-alpha.jar:/home/saraalmeida/.m2/repository/io/opentelemetry/opentelemetry-sdk-trace/1.35.0/opentelemetry-sdk-trace-1.35.0.jar:/home/saraalmeida/.m2/repository/io/opentelemetry/opentelemetry-extension-incubator/1.35.0-alpha/opentelemetry-extension-incubator-1.35.0-alpha.jar:/home/saraalmeida/.m2/repository/io/opentelemetry/opentelemetry-sdk/1.35.0/opentelemetry-sdk-1.35.0.jar:/home/saraalmeida/.m2/repository/io/opentelemetry/opentelemetry-sdk-metrics/1.35.0/opentelemetry-sdk-metrics-1.35.0.jar:/home/saraalmeida/.m2/repository/io/opentelemetry/opentelemetry-sdk-logs/1.35.0/opentelemetry-sdk-logs-1.35.0.jar:/home/saraalmeida/.m2/repository/org/seleniumhq/selenium/selenium-os/4.18.1/selenium-os-4.18.1.jar:/home/saraalmeida/.m2/repository/org/apache/commons/commons-exec/1.3/commons-exec-1.3.jar:/home/saraalmeida/.m2/repository/org/seleniumhq/selenium/selenium-safari-driver/4.18.1/selenium-safari-driver-4.18.1.jar:/home/saraalmeida/.m2/repository/org/seleniumhq/selenium/selenium-support/4.18.1/selenium-support-4.18.1.jar:/home/saraalmeida/.m2/repository/io/github/bonigarcia/selenium-jupiter/5.1.0/selenium-jupiter-5.1.0.jar:/home/saraalmeida/.m2/repository/org/slf4j/slf4j-api/2.0.12/slf4j-api-2.0.12.jar:/home/saraalmeida/.m2/repository/io/github/bonigarcia/webdrivermanager/5.7.0/webdrivermanager-5.7.0.jar:/home/saraalmeida/.m2/repository/com/google/code/gson/gson/2.10.1/gson-2.10.1.jar:/home/saraalmeida/.m2/repository/com/github/docker-java/docker-java/3.3.5/docker-java-3.3.5.jar:/home/saraalmeida/.m2/repository/com/github/docker-java/docker-java-core/3.3.5/docker-java-core-3.3.5.jar:/home/saraalmeida/.m2/repository/com/github/docker-java/docker-java-api/3.3.5/docker-java-api-3.3.5.jar:/home/saraalmeida/.m2/repository/com/fasterxml/jackson/core/jackson-annotations/2.10.3/jackson-annotations-2.10.3.jar:/home/saraalmeida/.m2/repository/com/fasterxml/jackson/core/jackson-databind/2.10.3/jackson-databind-2.10.3.jar:/home/saraalmeida/.m2/repository/com/fasterxml/jackson/core/jackson-core/2.10.3/jackson-core-2.10.3.jar:/home/saraalmeida/.m2/repository/org/bouncycastle/bcpkix-jdk18on/1.76/bcpkix-jdk18on-1.76.jar:/home/saraalmeida/.m2/repository/org/bouncycastle/bcprov-jdk18on/1.76/bcprov-jdk18on-1.76.jar:/home/saraalmeida/.m2/repository/org/bouncycastle/bcutil-jdk18on/1.76/bcutil-jdk18on-1.76.jar:/home/saraalmeida/.m2/repository/org/slf4j/jcl-over-slf4j/1.7.30/jcl-over-slf4j-1.7.30.jar:/home/saraalmeida/.m2/repository/com/github/docker-java/docker-java-transport-httpclient5/3.3.5/docker-java-transport-httpclient5-3.3.5.jar:/home/saraalmeida/.m2/repository/com/github/docker-java/docker-java-transport/3.3.5/docker-java-transport-3.3.5.jar:/home/saraalmeida/.m2/repository/net/java/dev/jna/jna/5.13.0/jna-5.13.0.jar:/home/saraalmeida/.m2/repository/org/brotli/dec/0.1.2/dec-0.1.2.jar:/home/saraalmeida/.m2/repository/org/apache/commons/commons-lang3/3.14.0/commons-lang3-3.14.0.jar:/home/saraalmeida/.m2/repository/org/apache/commons/commons-compress/1.26.0/commons-compress-1.26.0.jar:/home/saraalmeida/.m2/repository/commons-io/commons-io/2.15.1/commons-io-2.15.1.jar:/home/saraalmeida/.m2/repository/org/apache/httpcomponents/client5/httpclient5/5.2.1/httpclient5-5.2.1.jar:/home/saraalmeida/.m2/repository/org/apache/httpcomponents/core5/httpcore5/5.2/httpcore5-5.2.jar:/home/saraalmeida/.m2/repository/org/apache/httpcomponents/core5/httpcore5-h2/5.2/httpcore5-h2-5.2.jar:/home/saraalmeida/.m2/repository/org/assertj/assertj-core/3.25.3/assertj-core-3.25.3.jar:/home/saraalmeida/.m2/repository/net/bytebuddy/byte-buddy/1.14.11/byte-buddy-1.14.11.jar:/home/saraalmeida/.m2/repository/ch/qos/logback/logback-classic/1.5.3/logback-classic-1.5.3.jar:/home/saraalmeida/.m2/repository/ch/qos/logback/logback-core/1.5.3/logback-core-1.5.3.jar:"/>
    <property name="java.vm.vendor" value="Private Build"/>
    <property name="sun.arch.data.model" value="64"/>
    <property name="java.vendor.url" value="Unknown"/>
    <property name="user.timezone" value="Europe/Lisbon"/>
    <property name="os.name" value="Linux"/>
    <property name="java.vm.specification.version" value="17"/>
    <property name="sun.java.launcher" value="SUN_STANDARD"/>
    <property name="user.country" value="US"/>
    <property name="sun.boot.library.path" value="/usr/lib/jvm/java-17-openjdk-amd64/lib"/>
    <property name="sun.java.command" value="/home/saraalmeida/UA/ano3/sem2/TQS_108796/lab4/lab4_4/target/surefire/surefirebooter-20240313160926577_3.jar /home/saraalmeida/UA/ano3/sem2/TQS_108796/lab4/lab4_4/target/surefire 2024-03-13T16-09-26_473-jvmRun1 surefire-20240313160926577_1tmp surefire_0-20240313160926577_2tmp"/>
    <property name="jdk.debug" value="release"/>
    <property name="surefire.test.class.path" value="/home/saraalmeida/UA/ano3/sem2/TQS_108796/lab4/lab4_4/target/test-classes:/home/saraalmeida/UA/ano3/sem2/TQS_108796/lab4/lab4_4/target/classes:/home/saraalmeida/.m2/repository/org/junit/jupiter/junit-jupiter/5.10.2/junit-jupiter-5.10.2.jar:/home/saraalmeida/.m2/repository/org/junit/jupiter/junit-jupiter-api/5.10.2/junit-jupiter-api-5.10.2.jar:/home/saraalmeida/.m2/repository/org/opentest4j/opentest4j/1.3.0/opentest4j-1.3.0.jar:/home/saraalmeida/.m2/repository/org/junit/platform/junit-platform-commons/1.10.2/junit-platform-commons-1.10.2.jar:/home/saraalmeida/.m2/repository/org/apiguardian/apiguardian-api/1.1.2/apiguardian-api-1.1.2.jar:/home/saraalmeida/.m2/repository/org/junit/jupiter/junit-jupiter-params/5.10.2/junit-jupiter-params-5.10.2.jar:/home/saraalmeida/.m2/repository/org/junit/jupiter/junit-jupiter-engine/5.10.2/junit-jupiter-engine-5.10.2.jar:/home/saraalmeida/.m2/repository/org/junit/platform/junit-platform-engine/1.10.2/junit-platform-engine-1.10.2.jar:/home/saraalmeida/.m2/repository/org/seleniumhq/selenium/selenium-java/4.18.1/selenium-java-4.18.1.jar:/home/saraalmeida/.m2/repository/org/seleniumhq/selenium/selenium-api/4.18.1/selenium-api-4.18.1.jar:/home/saraalmeida/.m2/repository/org/seleniumhq/selenium/selenium-chrome-driver/4.18.1/selenium-chrome-driver-4.18.1.jar:/home/saraalmeida/.m2/repository/com/google/auto/service/auto-service-annotations/1.1.1/auto-service-annotations-1.1.1.jar:/home/saraalmeida/.m2/repository/org/seleniumhq/selenium/selenium-chromium-driver/4.18.1/selenium-chromium-driver-4.18.1.jar:/home/saraalmeida/.m2/repository/org/seleniumhq/selenium/selenium-json/4.18.1/selenium-json-4.18.1.jar:/home/saraalmeida/.m2/repository/org/seleniumhq/selenium/selenium-manager/4.18.1/selenium-manager-4.18.1.jar:/home/saraalmeida/.m2/repository/org/seleniumhq/selenium/selenium-devtools-v120/4.18.1/selenium-devtools-v120-4.18.1.jar:/home/saraalmeida/.m2/repository/org/seleniumhq/selenium/selenium-devtools-v121/4.18.1/selenium-devtools-v121-4.18.1.jar:/home/saraalmeida/.m2/repository/org/seleniumhq/selenium/selenium-devtools-v122/4.18.1/selenium-devtools-v122-4.18.1.jar:/home/saraalmeida/.m2/repository/org/seleniumhq/selenium/selenium-devtools-v85/4.18.1/selenium-devtools-v85-4.18.1.jar:/home/saraalmeida/.m2/repository/org/seleniumhq/selenium/selenium-edge-driver/4.18.1/selenium-edge-driver-4.18.1.jar:/home/saraalmeida/.m2/repository/org/seleniumhq/selenium/selenium-firefox-driver/4.18.1/selenium-firefox-driver-4.18.1.jar:/home/saraalmeida/.m2/repository/org/seleniumhq/selenium/selenium-http/4.18.1/selenium-http-4.18.1.jar:/home/saraalmeida/.m2/repository/dev/failsafe/failsafe/3.3.2/failsafe-3.3.2.jar:/home/saraalmeida/.m2/repository/org/seleniumhq/selenium/selenium-ie-driver/4.18.1/selenium-ie-driver-4.18.1.jar:/home/saraalmeida/.m2/repository/org/seleniumhq/selenium/selenium-remote-driver/4.18.1/selenium-remote-driver-4.18.1.jar:/home/saraalmeida/.m2/repository/com/google/guava/guava/33.0.0-jre/guava-33.0.0-jre.jar:/home/saraalmeida/.m2/repository/com/google/guava/failureaccess/1.0.2/failureaccess-1.0.2.jar:/home/saraalmeida/.m2/repository/com/google/guava/listenablefuture/9999.0-empty-to-avoid-conflict-with-guava/listenablefuture-9999.0-empty-to-avoid-conflict-with-guava.jar:/home/saraalmeida/.m2/repository/com/google/code/findbugs/jsr305/3.0.2/jsr305-3.0.2.jar:/home/saraalmeida/.m2/repository/org/checkerframework/checker-qual/3.41.0/checker-qual-3.41.0.jar:/home/saraalmeida/.m2/repository/com/google/errorprone/error_prone_annotations/2.23.0/error_prone_annotations-2.23.0.jar:/home/saraalmeida/.m2/repository/com/google/j2objc/j2objc-annotations/2.8/j2objc-annotations-2.8.jar:/home/saraalmeida/.m2/repository/io/opentelemetry/semconv/opentelemetry-semconv/1.23.1-alpha/opentelemetry-semconv-1.23.1-alpha.jar:/home/saraalmeida/.m2/repository/io/opentelemetry/opentelemetry-api/1.35.0/opentelemetry-api-1.35.0.jar:/home/saraalmeida/.m2/repository/io/opentelemetry/opentelemetry-context/1.35.0/opentelemetry-context-1.35.0.jar:/home/saraalmeida/.m2/repository/io/opentelemetry/opentelemetry-exporter-logging/1.35.0/opentelemetry-exporter-logging-1.35.0.jar:/home/saraalmeida/.m2/repository/io/opentelemetry/opentelemetry-sdk-common/1.35.0/opentelemetry-sdk-common-1.35.0.jar:/home/saraalmeida/.m2/repository/io/opentelemetry/opentelemetry-sdk-extension-autoconfigure-spi/1.35.0/opentelemetry-sdk-extension-autoconfigure-spi-1.35.0.jar:/home/saraalmeida/.m2/repository/io/opentelemetry/opentelemetry-sdk-extension-autoconfigure/1.35.0/opentelemetry-sdk-extension-autoconfigure-1.35.0.jar:/home/saraalmeida/.m2/repository/io/opentelemetry/opentelemetry-api-events/1.35.0-alpha/opentelemetry-api-events-1.35.0-alpha.jar:/home/saraalmeida/.m2/repository/io/opentelemetry/opentelemetry-sdk-trace/1.35.0/opentelemetry-sdk-trace-1.35.0.jar:/home/saraalmeida/.m2/repository/io/opentelemetry/opentelemetry-extension-incubator/1.35.0-alpha/opentelemetry-extension-incubator-1.35.0-alpha.jar:/home/saraalmeida/.m2/repository/io/opentelemetry/opentelemetry-sdk/1.35.0/opentelemetry-sdk-1.35.0.jar:/home/saraalmeida/.m2/repository/io/opentelemetry/opentelemetry-sdk-metrics/1.35.0/opentelemetry-sdk-metrics-1.35.0.jar:/home/saraalmeida/.m2/repository/io/opentelemetry/opentelemetry-sdk-logs/1.35.0/opentelemetry-sdk-logs-1.35.0.jar:/home/saraalmeida/.m2/repository/org/seleniumhq/selenium/selenium-os/4.18.1/selenium-os-4.18.1.jar:/home/saraalmeida/.m2/repository/org/apache/commons/commons-exec/1.3/commons-exec-1.3.jar:/home/saraalmeida/.m2/repository/org/seleniumhq/selenium/selenium-safari-driver/4.18.1/selenium-safari-driver-4.18.1.jar:/home/saraalmeida/.m2/repository/org/seleniumhq/selenium/selenium-support/4.18.1/selenium-support-4.18.1.jar:/home/saraalmeida/.m2/repository/io/github/bonigarcia/selenium-jupiter/5.1.0/selenium-jupiter-5.1.0.jar:/home/saraalmeida/.m2/repository/org/slf4j/slf4j-api/2.0.12/slf4j-api-2.0.12.jar:/home/saraalmeida/.m2/repository/io/github/bonigarcia/webdrivermanager/5.7.0/webdrivermanager-5.7.0.jar:/home/saraalmeida/.m2/repository/com/google/code/gson/gson/2.10.1/gson-2.10.1.jar:/home/saraalmeida/.m2/repository/com/github/docker-java/docker-java/3.3.5/docker-java-3.3.5.jar:/home/saraalmeida/.m2/repository/com/github/docker-java/docker-java-core/3.3.5/docker-java-core-3.3.5.jar:/home/saraalmeida/.m2/repository/com/github/docker-java/docker-java-api/3.3.5/docker-java-api-3.3.5.jar:/home/saraalmeida/.m2/repository/com/fasterxml/jackson/core/jackson-annotations/2.10.3/jackson-annotations-2.10.3.jar:/home/saraalmeida/.m2/repository/com/fasterxml/jackson/core/jackson-databind/2.10.3/jackson-databind-2.10.3.jar:/home/saraalmeida/.m2/repository/com/fasterxml/jackson/core/jackson-core/2.10.3/jackson-core-2.10.3.jar:/home/saraalmeida/.m2/repository/org/bouncycastle/bcpkix-jdk18on/1.76/bcpkix-jdk18on-1.76.jar:/home/saraalmeida/.m2/repository/org/bouncycastle/bcprov-jdk18on/1.76/bcprov-jdk18on-1.76.jar:/home/saraalmeida/.m2/repository/org/bouncycastle/bcutil-jdk18on/1.76/bcutil-jdk18on-1.76.jar:/home/saraalmeida/.m2/repository/org/slf4j/jcl-over-slf4j/1.7.30/jcl-over-slf4j-1.7.30.jar:/home/saraalmeida/.m2/repository/com/github/docker-java/docker-java-transport-httpclient5/3.3.5/docker-java-transport-httpclient5-3.3.5.jar:/home/saraalmeida/.m2/repository/com/github/docker-java/docker-java-transport/3.3.5/docker-java-transport-3.3.5.jar:/home/saraalmeida/.m2/repository/net/java/dev/jna/jna/5.13.0/jna-5.13.0.jar:/home/saraalmeida/.m2/repository/org/brotli/dec/0.1.2/dec-0.1.2.jar:/home/saraalmeida/.m2/repository/org/apache/commons/commons-lang3/3.14.0/commons-lang3-3.14.0.jar:/home/saraalmeida/.m2/repository/org/apache/commons/commons-compress/1.26.0/commons-compress-1.26.0.jar:/home/saraalmeida/.m2/repository/commons-io/commons-io/2.15.1/commons-io-2.15.1.jar:/home/saraalmeida/.m2/repository/org/apache/httpcomponents/client5/httpclient5/5.2.1/httpclient5-5.2.1.jar:/home/saraalmeida/.m2/repository/org/apache/httpcomponents/core5/httpcore5/5.2/httpcore5-5.2.jar:/home/saraalmeida/.m2/repository/org/apache/httpcomponents/core5/httpcore5-h2/5.2/httpcore5-h2-5.2.jar:/home/saraalmeida/.m2/repository/org/assertj/assertj-core/3.25.3/assertj-core-3.25.3.jar:/home/saraalmeida/.m2/repository/net/bytebuddy/byte-buddy/1.14.11/byte-buddy-1.14.11.jar:/home/saraalmeida/.m2/repository/ch/qos/logback/logback-classic/1.5.3/logback-classic-1.5.3.jar:/home/saraalmeida/.m2/repository/ch/qos/logback/logback-core/1.5.3/logback-core-1.5.3.jar:"/>
    <property name="sun.cpu.endian" value="little"/>
    <property name="user.home" value="/home/saraalmeida"/>
    <property name="user.language" value="en"/>
    <property name="java.specification.vendor" value="Oracle Corporation"/>
    <property name="java.version.date" value="2023-08-24"/>
    <property name="java.home" value="/usr/lib/jvm/java-17-openjdk-amd64"/>
    <property name="file.separator" value="/"/>
    <property name="basedir" value="/home/saraalmeida/UA/ano3/sem2/TQS_108796/lab4/lab4_4"/>
    <property name="java.vm.compressedOopsMode" value="Zero based"/>
    <property name="line.separator" value="&#10;"/>
    <property name="java.specification.name" value="Java Platform API Specification"/>
    <property name="java.vm.specification.vendor" value="Oracle Corporation"/>
    <property name="surefire.real.class.path" value="/home/saraalmeida/UA/ano3/sem2/TQS_108796/lab4/lab4_4/target/surefire/surefirebooter-20240313160926577_3.jar"/>
    <property name="sun.management.compiler" value="HotSpot 64-Bit Tiered Compilers"/>
    <property name="java.runtime.version" value="17.0.8.1+1-Ubuntu-0ubuntu122.04"/>
    <property name="user.name" value="saraalmeida"/>
    <property name="path.separator" value=":"/>
    <property name="os.version" value="6.4.6-76060406-generic"/>
    <property name="java.runtime.name" value="OpenJDK Runtime Environment"/>
    <property name="file.encoding" value="UTF-8"/>
    <property name="jnidispatch.path" value="/home/saraalmeida/.cache/JNA/temp/jna7411390920678665542.tmp"/>
    <property name="java.vm.name" value="OpenJDK 64-Bit Server VM"/>
    <property name="jna.platform.library.path" value="/usr/lib/x86_64-linux-gnu:/lib/x86_64-linux-gnu:/usr/lib64:/lib64:/usr/lib:/lib:/lib/i386-linux-gnu:/usr/lib/x86_64-linux-gnu/pipewire-0.3/jack:/usr/lib/x86_64-linux-gnu/libfakeroot"/>
    <property name="localRepository" value="/home/saraalmeida/.m2/repository"/>
    <property name="jna.loaded" value="true"/>
    <property name="java.vendor.url.bug" value="Unknown"/>
    <property name="java.io.tmpdir" value="/tmp"/>
    <property name="java.version" value="17.0.8.1"/>
    <property name="user.dir" value="/home/saraalmeida/UA/ano3/sem2/TQS_108796/lab4/lab4_4"/>
    <property name="os.arch" value="amd64"/>
    <property name="java.vm.specification.name" value="Java Virtual Machine Specification"/>
    <property name="native.encoding" value="UTF-8"/>
    <property name="java.library.path" value="/usr/java/packages/lib:/usr/lib/x86_64-linux-gnu/jni:/lib/x86_64-linux-gnu:/usr/lib/x86_64-linux-gnu:/usr/lib/jni:/lib:/usr/lib"/>
    <property name="java.vm.info" value="mixed mode, sharing"/>
    <property name="java.vendor" value="Private Build"/>
    <property name="java.vm.version" value="17.0.8.1+1-Ubuntu-0ubuntu122.04"/>
    <property name="sun.io.unicode.encoding" value="UnicodeLittle"/>
    <property name="java.class.version" value="61.0"/>
  </properties>
  <testcase name="testDockerBrowser(WebDriver)" classname="DockerBrowserTest" time="1.852">
    <error message="Failed to resolve parameter [org.openqa.selenium.WebDriver arg0] in method [public void DockerBrowserTest.testDockerBrowser(org.openqa.selenium.WebDriver)]: There was an error creating WebDriver object for Firefox" type="org.junit.jupiter.api.extension.ParameterResolutionException"><![CDATA[org.junit.jupiter.api.extension.ParameterResolutionException: Failed to resolve parameter [org.openqa.selenium.WebDriver arg0] in method [public void DockerBrowserTest.testDockerBrowser(org.openqa.selenium.WebDriver)]: There was an error creating WebDriver object for Firefox
	at java.base/java.util.ArrayList.forEach(ArrayList.java:1511)
	at java.base/java.util.ArrayList.forEach(ArrayList.java:1511)
Caused by: io.github.bonigarcia.wdm.config.WebDriverManagerException: There was an error creating WebDriver object for Firefox
	at io.github.bonigarcia.wdm.WebDriverManager.instantiateDriver(WebDriverManager.java:1762)
	at io.github.bonigarcia.wdm.WebDriverManager.create(WebDriverManager.java:432)
	at io.github.bonigarcia.seljup.SeleniumJupiter.getObjectFromWdm(SeleniumJupiter.java:255)
	at io.github.bonigarcia.seljup.SeleniumJupiter.resolveSeleniumWebDriver(SeleniumJupiter.java:244)
	at io.github.bonigarcia.seljup.SeleniumJupiter.resolveParameter(SeleniumJupiter.java:168)
	... 2 more
Caused by: java.lang.RuntimeException: java.io.IOException: com.sun.jna.LastErrorException: [2] No such file or directory
	at com.github.dockerjava.httpclient5.ApacheDockerHttpClientImpl.execute(ApacheDockerHttpClientImpl.java:195)
	at com.github.dockerjava.httpclient5.ApacheDockerHttpClient.execute(ApacheDockerHttpClient.java:9)
	at com.github.dockerjava.core.DefaultInvocationBuilder.execute(DefaultInvocationBuilder.java:228)
	at com.github.dockerjava.core.DefaultInvocationBuilder.post(DefaultInvocationBuilder.java:124)
	at com.github.dockerjava.core.exec.CreateContainerCmdExec.execute(CreateContainerCmdExec.java:37)
	at com.github.dockerjava.core.exec.CreateContainerCmdExec.execute(CreateContainerCmdExec.java:13)
	at com.github.dockerjava.core.exec.AbstrSyncDockerCmdExec.exec(AbstrSyncDockerCmdExec.java:21)
	at com.github.dockerjava.core.command.AbstrDockerCmd.exec(AbstrDockerCmd.java:33)
	at com.github.dockerjava.core.command.CreateContainerCmdImpl.exec(CreateContainerCmdImpl.java:608)
	at io.github.bonigarcia.wdm.docker.DockerService.startContainer(DockerService.java:254)
	at io.github.bonigarcia.wdm.docker.DockerService.startBrowserContainer(DockerService.java:676)
	at io.github.bonigarcia.wdm.WebDriverManager.createDockerWebDriver(WebDriverManager.java:1877)
	at io.github.bonigarcia.wdm.WebDriverManager.instantiateDriver(WebDriverManager.java:1742)
	... 6 more
Caused by: java.io.IOException: com.sun.jna.LastErrorException: [2] No such file or directory
	at com.github.dockerjava.transport.DomainSocket.<init>(DomainSocket.java:63)
	at com.github.dockerjava.transport.LinuxDomainSocket.<init>(LinuxDomainSocket.java:41)
	at com.github.dockerjava.transport.DomainSocket.get(DomainSocket.java:140)
	at com.github.dockerjava.transport.UnixSocket.get(UnixSocket.java:29)
	at com.github.dockerjava.httpclient5.ApacheDockerHttpClientImpl$2.createSocket(ApacheDockerHttpClientImpl.java:153)
	at org.apache.hc.client5.http.impl.io.DefaultHttpClientConnectionOperator.connect(DefaultHttpClientConnectionOperator.java:155)
	at org.apache.hc.client5.http.impl.io.PoolingHttpClientConnectionManager.connect(PoolingHttpClientConnectionManager.java:447)
	at org.apache.hc.client5.http.impl.classic.InternalExecRuntime.connectEndpoint(InternalExecRuntime.java:162)
	at org.apache.hc.client5.http.impl.classic.InternalExecRuntime.connectEndpoint(InternalExecRuntime.java:172)
	at org.apache.hc.client5.http.impl.classic.ConnectExec.execute(ConnectExec.java:142)
	at org.apache.hc.client5.http.impl.classic.ExecChainElement.execute(ExecChainElement.java:51)
	at org.apache.hc.client5.http.impl.classic.ProtocolExec.execute(ProtocolExec.java:192)
	at org.apache.hc.client5.http.impl.classic.ExecChainElement.execute(ExecChainElement.java:51)
	at org.apache.hc.client5.http.impl.classic.HttpRequestRetryExec.execute(HttpRequestRetryExec.java:96)
	at org.apache.hc.client5.http.impl.classic.ExecChainElement.execute(ExecChainElement.java:51)
	at org.apache.hc.client5.http.impl.classic.ContentCompressionExec.execute(ContentCompressionExec.java:152)
	at org.apache.hc.client5.http.impl.classic.ExecChainElement.execute(ExecChainElement.java:51)
	at org.apache.hc.client5.http.impl.classic.RedirectExec.execute(RedirectExec.java:115)
	at org.apache.hc.client5.http.impl.classic.ExecChainElement.execute(ExecChainElement.java:51)
	at org.apache.hc.client5.http.impl.classic.InternalHttpClient.doExecute(InternalHttpClient.java:170)
	at org.apache.hc.client5.http.impl.classic.CloseableHttpClient.execute(CloseableHttpClient.java:87)
	at com.github.dockerjava.httpclient5.ApacheDockerHttpClientImpl.execute(ApacheDockerHttpClientImpl.java:191)
	... 18 more
Caused by: com.sun.jna.LastErrorException: [2] No such file or directory
	at com.github.dockerjava.transport.LinuxDomainSocket.connect(Native Method)
	at com.github.dockerjava.transport.LinuxDomainSocket.connect(LinuxDomainSocket.java:49)
	at com.github.dockerjava.transport.DomainSocket.open(DomainSocket.java:69)
	at com.github.dockerjava.transport.DomainSocket.<init>(DomainSocket.java:59)
	... 39 more
]]></error>
    <system-out><![CDATA[16:09:27.129 [main] DEBUG io.github.bonigarcia.wdm.WebDriverManager -- Using WebDriverManager 5.7.0
16:09:27.651 [main] DEBUG io.github.bonigarcia.wdm.docker.DockerHubService -- Getting browser image list from Docker Hub
16:09:27.678 [main] DEBUG org.apache.hc.client5.http.impl.classic.InternalHttpClient -- ex-0000000001 preparing request execution
16:09:27.685 [main] DEBUG org.apache.hc.client5.http.impl.classic.ProtocolExec -- ex-0000000001 target auth state: UNCHALLENGED
16:09:27.686 [main] DEBUG org.apache.hc.client5.http.impl.classic.ProtocolExec -- ex-0000000001 proxy auth state: UNCHALLENGED
16:09:27.687 [main] DEBUG org.apache.hc.client5.http.impl.classic.ConnectExec -- ex-0000000001 acquiring connection with route {s}->https://hub.docker.com:443
16:09:27.687 [main] DEBUG org.apache.hc.client5.http.impl.classic.InternalHttpClient -- ex-0000000001 acquiring endpoint (3 MINUTES)
16:09:27.688 [main] DEBUG org.apache.hc.client5.http.impl.io.PoolingHttpClientConnectionManager -- ex-0000000001 endpoint lease request (3 MINUTES) [route: {s}->https://hub.docker.com:443][total available: 0; route allocated: 0 of 5; total allocated: 0 of 25]
16:09:27.690 [main] DEBUG org.apache.hc.client5.http.impl.io.PoolingHttpClientConnectionManager -- ex-0000000001 endpoint leased [route: {s}->https://hub.docker.com:443][total available: 0; route allocated: 1 of 5; total allocated: 1 of 25]
16:09:27.696 [main] DEBUG org.apache.hc.client5.http.impl.io.PoolingHttpClientConnectionManager -- ex-0000000001 acquired ep-0000000001
16:09:27.696 [main] DEBUG org.apache.hc.client5.http.impl.classic.InternalHttpClient -- ex-0000000001 acquired endpoint ep-0000000001
16:09:27.696 [main] DEBUG org.apache.hc.client5.http.impl.classic.ConnectExec -- ex-0000000001 opening connection {s}->https://hub.docker.com:443
16:09:27.697 [main] DEBUG org.apache.hc.client5.http.impl.classic.InternalHttpClient -- ep-0000000001 connecting endpoint (null)
16:09:27.698 [main] DEBUG org.apache.hc.client5.http.impl.io.PoolingHttpClientConnectionManager -- ep-0000000001 connecting endpoint to https://hub.docker.com:443 (30 SECONDS)
16:09:27.699 [main] DEBUG org.apache.hc.client5.http.impl.io.DefaultHttpClientConnectionOperator -- hub.docker.com resolving remote address
16:09:27.796 [main] DEBUG org.apache.hc.client5.http.impl.io.DefaultHttpClientConnectionOperator -- hub.docker.com resolved to [hub.docker.com/44.221.37.199, hub.docker.com/54.156.140.159, hub.docker.com/52.44.227.212, hub.docker.com/2600:1f18:2148:bc02:a090:6a5b:b2ff:3152, hub.docker.com/2600:1f18:2148:bc00:a81:7e44:4669:3426, hub.docker.com/2600:1f18:2148:bc01:1983:8fd2:2dfc:a04c]
16:09:27.801 [main] DEBUG org.apache.hc.client5.http.impl.io.DefaultHttpClientConnectionOperator -- hub.docker.com:443 connecting null->hub.docker.com/44.221.37.199:443 (30 SECONDS)
16:09:27.801 [main] DEBUG org.apache.hc.client5.http.ssl.SSLConnectionSocketFactory -- Connecting socket to hub.docker.com/44.221.37.199:443 with timeout 30 SECONDS
16:09:27.967 [main] DEBUG org.apache.hc.client5.http.ssl.SSLConnectionSocketFactory -- Enabled protocols: [TLSv1.3, TLSv1.2]
16:09:27.967 [main] DEBUG org.apache.hc.client5.http.ssl.SSLConnectionSocketFactory -- Enabled cipher suites: [TLS_AES_256_GCM_SHA384, TLS_AES_128_GCM_SHA256, TLS_CHACHA20_POLY1305_SHA256, TLS_ECDHE_ECDSA_WITH_AES_256_GCM_SHA384, TLS_ECDHE_ECDSA_WITH_AES_128_GCM_SHA256, TLS_ECDHE_ECDSA_WITH_CHACHA20_POLY1305_SHA256, TLS_ECDHE_RSA_WITH_AES_256_GCM_SHA384, TLS_ECDHE_RSA_WITH_CHACHA20_POLY1305_SHA256, TLS_ECDHE_RSA_WITH_AES_128_GCM_SHA256, TLS_DHE_RSA_WITH_AES_256_GCM_SHA384, TLS_DHE_RSA_WITH_CHACHA20_POLY1305_SHA256, TLS_DHE_DSS_WITH_AES_256_GCM_SHA384, TLS_DHE_RSA_WITH_AES_128_GCM_SHA256, TLS_DHE_DSS_WITH_AES_128_GCM_SHA256, TLS_ECDHE_ECDSA_WITH_AES_256_CBC_SHA384, TLS_ECDHE_RSA_WITH_AES_256_CBC_SHA384, TLS_ECDHE_ECDSA_WITH_AES_128_CBC_SHA256, TLS_ECDHE_RSA_WITH_AES_128_CBC_SHA256, TLS_DHE_RSA_WITH_AES_256_CBC_SHA256, TLS_DHE_DSS_WITH_AES_256_CBC_SHA256, TLS_DHE_RSA_WITH_AES_128_CBC_SHA256, TLS_DHE_DSS_WITH_AES_128_CBC_SHA256, TLS_ECDH_ECDSA_WITH_AES_256_GCM_SHA384, TLS_ECDH_RSA_WITH_AES_256_GCM_SHA384, TLS_ECDH_ECDSA_WITH_AES_128_GCM_SHA256, TLS_ECDH_RSA_WITH_AES_128_GCM_SHA256, TLS_ECDH_ECDSA_WITH_AES_256_CBC_SHA384, TLS_ECDH_RSA_WITH_AES_256_CBC_SHA384, TLS_ECDH_ECDSA_WITH_AES_128_CBC_SHA256, TLS_ECDH_RSA_WITH_AES_128_CBC_SHA256, TLS_ECDHE_ECDSA_WITH_AES_256_CBC_SHA, TLS_ECDHE_RSA_WITH_AES_256_CBC_SHA, TLS_ECDHE_ECDSA_WITH_AES_128_CBC_SHA, TLS_ECDHE_RSA_WITH_AES_128_CBC_SHA, TLS_DHE_RSA_WITH_AES_256_CBC_SHA, TLS_DHE_DSS_WITH_AES_256_CBC_SHA, TLS_DHE_RSA_WITH_AES_128_CBC_SHA, TLS_DHE_DSS_WITH_AES_128_CBC_SHA, TLS_ECDH_ECDSA_WITH_AES_256_CBC_SHA, TLS_ECDH_RSA_WITH_AES_256_CBC_SHA, TLS_ECDH_ECDSA_WITH_AES_128_CBC_SHA, TLS_ECDH_RSA_WITH_AES_128_CBC_SHA, TLS_RSA_WITH_AES_256_GCM_SHA384, TLS_RSA_WITH_AES_128_GCM_SHA256, TLS_RSA_WITH_AES_256_CBC_SHA256, TLS_RSA_WITH_AES_128_CBC_SHA256, TLS_RSA_WITH_AES_256_CBC_SHA, TLS_RSA_WITH_AES_128_CBC_SHA, TLS_EMPTY_RENEGOTIATION_INFO_SCSV]
16:09:27.968 [main] DEBUG org.apache.hc.client5.http.ssl.SSLConnectionSocketFactory -- Starting handshake (null)
16:09:28.155 [main] DEBUG org.apache.hc.client5.http.ssl.SSLConnectionSocketFactory -- Secure session established
16:09:28.155 [main] DEBUG org.apache.hc.client5.http.ssl.SSLConnectionSocketFactory --  negotiated protocol: TLSv1.3
16:09:28.155 [main] DEBUG org.apache.hc.client5.http.ssl.SSLConnectionSocketFactory --  negotiated cipher suite: TLS_AES_128_GCM_SHA256
16:09:28.156 [main] DEBUG org.apache.hc.client5.http.ssl.SSLConnectionSocketFactory --  peer principal: CN=*.docker.com
16:09:28.156 [main] DEBUG org.apache.hc.client5.http.ssl.SSLConnectionSocketFactory --  peer alternative names: [*.docker.com, docker.com, *.hub.docker.com, *.dockerproject.org, docker.io, *.docker.io, *.cloud.docker.com, *.master.dockerproject.org, *.cloud-stage.docker.com]
16:09:28.156 [main] DEBUG org.apache.hc.client5.http.ssl.SSLConnectionSocketFactory --  issuer principal: CN=Amazon RSA 2048 M01, O=Amazon, C=US
16:09:28.157 [main] DEBUG org.apache.hc.client5.http.impl.io.DefaultManagedHttpClientConnection -- http-outgoing-0 set socket timeout to 3 MINUTES
16:09:28.157 [main] DEBUG org.apache.hc.client5.http.impl.io.DefaultHttpClientConnectionOperator -- hub.docker.com:443 connected null->hub.docker.com/44.221.37.199:443 as http-outgoing-0
16:09:28.157 [main] DEBUG org.apache.hc.client5.http.impl.io.PoolingHttpClientConnectionManager -- ep-0000000001 connected http-outgoing-0
16:09:28.157 [main] DEBUG org.apache.hc.client5.http.impl.classic.InternalHttpClient -- ep-0000000001 endpoint connected
16:09:28.157 [main] DEBUG org.apache.hc.client5.http.impl.classic.MainClientExec -- ex-0000000001 executing GET /v2/repositories/selenoid/vnc/tags?page=1&page_size=1024 HTTP/1.1
16:09:28.158 [main] DEBUG org.apache.hc.client5.http.protocol.RequestAddCookies -- ex-0000000001 Cookie spec selected: strict
16:09:28.161 [main] DEBUG org.apache.hc.client5.http.impl.classic.InternalHttpClient -- ep-0000000001 start execution ex-0000000001
16:09:28.161 [main] DEBUG org.apache.hc.client5.http.impl.io.PoolingHttpClientConnectionManager -- ep-0000000001 executing exchange ex-0000000001 over http-outgoing-0
16:09:28.161 [main] DEBUG org.apache.hc.client5.http.headers -- http-outgoing-0 >> GET /v2/repositories/selenoid/vnc/tags?page=1&page_size=1024 HTTP/1.1
16:09:28.162 [main] DEBUG org.apache.hc.client5.http.headers -- http-outgoing-0 >> user-agent: Apache-HttpClient/5.0
16:09:28.162 [main] DEBUG org.apache.hc.client5.http.headers -- http-outgoing-0 >> accept-encoding: gzip, deflate, br
16:09:28.162 [main] DEBUG org.apache.hc.client5.http.headers -- http-outgoing-0 >> cache-control: max-age=0
16:09:28.162 [main] DEBUG org.apache.hc.client5.http.headers -- http-outgoing-0 >> connection: keep-alive
16:09:28.162 [main] DEBUG org.apache.hc.client5.http.headers -- http-outgoing-0 >> Host: hub.docker.com
16:09:28.162 [main] DEBUG org.apache.hc.client5.http.wire -- http-outgoing-0 >> "GET /v2/repositories/selenoid/vnc/tags?page=1&page_size=1024 HTTP/1.1[\r][\n]"
16:09:28.162 [main] DEBUG org.apache.hc.client5.http.wire -- http-outgoing-0 >> "user-agent: Apache-HttpClient/5.0[\r][\n]"
16:09:28.162 [main] DEBUG org.apache.hc.client5.http.wire -- http-outgoing-0 >> "accept-encoding: gzip, deflate, br[\r][\n]"
16:09:28.162 [main] DEBUG org.apache.hc.client5.http.wire -- http-outgoing-0 >> "cache-control: max-age=0[\r][\n]"
16:09:28.162 [main] DEBUG org.apache.hc.client5.http.wire -- http-outgoing-0 >> "connection: keep-alive[\r][\n]"
16:09:28.162 [main] DEBUG org.apache.hc.client5.http.wire -- http-outgoing-0 >> "Host: hub.docker.com[\r][\n]"
16:09:28.162 [main] DEBUG org.apache.hc.client5.http.wire -- http-outgoing-0 >> "[\r][\n]"
16:09:28.333 [main] DEBUG org.apache.hc.client5.http.wire -- http-outgoing-0 << "HTTP/1.1 200 OK[\r][\n]"
16:09:28.333 [main] DEBUG org.apache.hc.client5.http.wire -- http-outgoing-0 << "date: Wed, 13 Mar 2024 16:09:28 GMT[\r][\n]"
16:09:28.333 [main] DEBUG org.apache.hc.client5.http.wire -- http-outgoing-0 << "content-type: application/json[\r][\n]"
16:09:28.333 [main] DEBUG org.apache.hc.client5.http.wire -- http-outgoing-0 << "transfer-encoding: chunked[\r][\n]"
16:09:28.333 [main] DEBUG org.apache.hc.client5.http.wire -- http-outgoing-0 << "content-encoding: gzip[\r][\n]"
16:09:28.333 [main] DEBUG org.apache.hc.client5.http.wire -- http-outgoing-0 << "x-ratelimit-limit: 180[\r][\n]"
16:09:28.333 [main] DEBUG org.apache.hc.client5.http.wire -- http-outgoing-0 << "x-ratelimit-reset: 1710346228[\r][\n]"
16:09:28.333 [main] DEBUG org.apache.hc.client5.http.wire -- http-outgoing-0 << "x-ratelimit-remaining: 180[\r][\n]"
16:09:28.334 [main] DEBUG org.apache.hc.client5.http.wire -- http-outgoing-0 << "x-trace-id: 1cc1b03b9203b81c0ef11640dc9702c2[\r][\n]"
16:09:28.334 [main] DEBUG org.apache.hc.client5.http.wire -- http-outgoing-0 << "server: nginx[\r][\n]"
16:09:28.334 [main] DEBUG org.apache.hc.client5.http.wire -- http-outgoing-0 << "x-frame-options: deny[\r][\n]"
16:09:28.334 [main] DEBUG org.apache.hc.client5.http.wire -- http-outgoing-0 << "x-content-type-options: nosniff[\r][\n]"
16:09:28.334 [main] DEBUG org.apache.hc.client5.http.wire -- http-outgoing-0 << "x-xss-protection: 1; mode=block[\r][\n]"
16:09:28.334 [main] DEBUG org.apache.hc.client5.http.wire -- http-outgoing-0 << "strict-transport-security: max-age=31536000[\r][\n]"
16:09:28.334 [main] DEBUG org.apache.hc.client5.http.wire -- http-outgoing-0 << "[\r][\n]"
16:09:28.334 [main] DEBUG org.apache.hc.client5.http.wire -- http-outgoing-0 << "3123[\r][\n]"
16:09:28.334 [main] DEBUG org.apache.hc.client5.http.wire -- http-outgoing-0 << "[0x1f][0xffffff8b][0x8][0x0][0x0][0x0][0x0][0x0][0x0][0x3][0xffffffc5][0xffffff9d][0xffffffdb][0xffffff92][0x1b]G[0xffffff92][0xffffffa6][0xffffffef][0xfffffff7]1[0xffffffea]vE([0xffffffce][0xffffff87]2[0x1b][0xffffffdb][0xffffff97][0xffffffd0][0xffffffd5][0xffffffec][0xffffff8e][0xffffffc9][0xfffffff2][0x10]9[0xffffffe2][0xffffff8c]D[0xffffffd2]x[0xffffff90][0xfffffff5][0xffffffec]X[0xffffffbf][0xfffffffb]~[0x1][0x14][0xffffff90]([0x0][0xffffff91]H [0xffffff82][0xffffffb9]c[0xffffffdd][0xffffff9a]n*[0xffffff9a]bx[0xfffffff9][0xffffff9f][0xffffffe1][0xffffff87][0xffffffdf][0x7f][0xffffffff][0xffffffef][0xffffff97][0xffffffe1][0xfffffff3][0xffffff8f]O[0xffffffdf]_^[0xffffff95][0xb][0xffffffbf][0xffffffbc]|J[0xffffffff][0xffffffe0]?[0xffffffbe][0xfffffffc][0xfffffff1][0xfffffffd][0xfffffffb][0xffffff97]o[0xffffffaf][0xffffffbf][0xfffffffe][0xfffffffa][0xffffffc7][0xffffff8f]~7~[0x1e][0xfffffffe]3}[0xffffffdd][\r][0xffffff9f][0xffffffff][0xfffffffa][0xfffffff5]o[0xfffffff5][0xffffffeb][0xffffffd7][0xfffffff4][0xffffffe5][0xfffffff3][0xffffffb7][0xffffff8f][0xffffffdf]?[0x7f][0xfffffffd][0xffffff98][0xffffffbe][0xfffffffd][0xfffffffa]-[0xfffffffd][0xffffff99]>}[0xfffffffe]8[0xfffffffe][0xfffffffa][0xfffffff7][0xffffffa7][0xffffffe1][0xffffffd7][0xffffffef][0xffffffdd][0xffffffbf][0x7f][0xfffffffb]__[0xffffffba][0x7f]O[0xffffffff][0xffffffa2][0xfffffffe][0xffffffcf][0xf]![0xffffff94][0xffffffcb][0xffffffff][0xfffffff9][0xfffffff7]o[0x1f][0xffffffff]o[0xfffffffa][0x17])[0xffffffc4][0xffffffcb]//_[0xffffffbe][0xffffffa6][0xffffffbf]?~[0xfffffffe][0xfffffff1][0xffffffed][0xffffffe5][0xfffffff5][0xffffffd3][0xffffff8f]?[0xffffffff][0xfffffffc][0xffffffe5][0xffffffe5]k[0xfffffffa][0xfffffff6][0xffffffe3][0xffffffcf][0xffffffef][0xfffffffc][0xffffffd7][0xffffffff][0xfffffffd][0xffffffdf]/[0xffffffc3][0xffffffd7][0xffffffd4][0xfffffff1][0xffffff9b][0xffffffbe][0xffffffbc]J[0x1b][0xffffffa5][0xf][0xffffffe2][0xffffff97][0xffffff97][0xffffff8f][0xffffffe3][0xffffffcb][0xffffffab][0xffffff93][0xffffffda][0x4][0xffffffe9]b[0xfffffffe][0xffffffaf][0x7f][0xfffffff1][0xffffffbb][0x1d][0xffffffce]v_[0xffffff87]?>~O[0xffffffc3][0xfffffff7][0x1f]_[0x13][0x7f][0xffffffd6][0xffffffee][0xffffffaf][0xffffffd1][0x19]~[0xfffffffb][0xffffff89][0xffffffdf][0xffffff81]_[0xffffffe1][0xffffffcc][0xb][0xffffffff][0xffffffed][0xffffffef][0xffffffee][0xffffffeb][0xffffffc7]._[0xffffffeb][0xfffffff0][0xffffffcf][0x1a]?[0xfffffff2][0xffffffbf][0xffffffce]7[0xfffffffb][0xfffffff6]G[0xffffffa7][0xffffffac]{[0xffffff8d]z[0xffffff8a][0xffffffae][0x1f]e[0xffffff94][0xffffff9d]R[0xffffffe3]8Lc[0xffffff94]2[0xfffffff6]BI[0xffffffdf][\r]J[0xffffff88][0x14][0xffffff85][0xffffff9e][0xffffffb4][0xffffff8c]V[0xffffffdb].v[0xffffffa3][0x1d][0xffffff8c][0x1c][0xffffffbc][0xffffff89][0xffffffc9][0xffffff9a]~rND[0xfffffffe][0x9][0xffffff9f][0xfffffff3]?[0xffffffe9][0xffffffcf][0xffffff8f][0xffffff9f]~[0xfffffffc]c[0xffffffff]_~[0x7f][0xffffffff][0xffffffcf][0xffffffe7][0x17][0xfffffffe]N_[0xffffffbf]}[0xfffffffc][0xfffffffc][0xffffffe9][0xfffffff8]G[0xffffffc8][0xffffff96]xy5Ax[0xffffffa5]T[0xffffff94][0xffffffbf][0xffffffbc]|[0xfffffffb][0xffffffce][0x1f]8[0xffffffff]&[0xffffffdd][0xfffffff0][0xfffffffd][0xffffffe3][0xffffffdf][0xffffff89][0xffffffdf][0xffffffe5][0xffffffcf][0xffffffee][0xffffffdb][0xfffffff7][0xffffffdf][0xffffffbf]`[0xffffff9c][0xffffffc4][0xffffffe5]_[0xffffff94]P[0xffffffe6][0xffffff83][0xffffffd0][0x1f][0xffffffa4][0xfffffffe]M[0xffffffba]W[0x11]^[0xffffffb5][0xffffffd9][0x9][0x15][0xffffff9c][0x9][0xffffffff]:[0xffffff9f][0xfffffffd][0xfffffff6][0xffffffc7][0xffffffbb][0xffffffb3]B[0xfffffffd]&[0xffffffcd][0xffffffab][0xfffffff1][0xffffffaf][0xffffffc2][0xffffffee][0xffffff8c]t*[0xffffffc8][0x7f]}[0xfffffff9][0xffffffe7][0xffffffbf][0xffffffbd][0xfffffffd][0xffffffce]?[0xffffffbe][0xffffff8c][0xffffffdd][0xfffffff7][0xffffffc2]q[0xffffffb7][0xffffffd3][0xffffffd1][0xffffffbb]x[0xfffffffa][0xffffff9d][0xf]g[0xffffffcf][0x7f] [0xfffffffb]?[0xffffffdc][0xffffffdb]/[0xffffffff][0xfffffffe][0xffffffe3][[0xfffffffa][0xfffffffa][0xffffffa9][0xfffffffb]ko[0xffffffff][0xfffffff4][0xfffffff5][0xfffffff3][0x7f][0xfffffffe][0xffffffe8][0xffffffd3][0xfffffff0][0xffffff91]?[0xffffffd5][0xffffffdb][0xffffffaf][\r][0x7f]|[0xfffffffd][0xfffffffc]W[0xfffffffa]]*[0xffffffb5][0xffffffcb]?[0xfffffff9][0xffffff93][0xffffffd3][0xfffffffc]W[0xfffffffe][0x1]K[0x1d]C[0xffffffe4][0xffffffe7][0xffffffc5]=[0xfffffff7][0xffffffee][0xfffffff1][0xffffffce]([0x7f][0xffffffab][0xffffff97][0xffffffd7][0xffffffef]_[0x7f][0xffffffa4]_^[0xfffffff0][0xffffffa7][0xffffffdf][0xffffffaf]M[0xffffff94][0x7f][0xfffffff5][0x11]3[0xffffff9d][0xffffff9d]/[0xffffff9a][0xffffffea][0xffffffec][0xffffffee][0x7f][0xffffffa5][0xfffffff1]c[0xfffffff7][0xfffffffb][0xfffffff7][0xffffffff][0xfffffffa][0xffffffb2][0xffffffbf][0xffffffd9][0xffffff97]/[0x7f]~[0x1c][0xffffffba][0xffffffef][0xfffffffc][0x10][0xfffffff1][0xfffffff0]qF[0xffffffc2][0xffffffa7][0xffffffef][0xffffffdd][0xffffffc7]O`b[0xffffffef][0xffffff94][0xffffffbb][0xffffffbf][0xffffffe5][0xffffffff][0xfffffffc][0xffffff8f]o[0xfffffffc][0xffffff9c][0x7f][0x1]I[0xffffff9f][0xffffffbe][0xffffffa7]O[0xffffffdf][0xffffff8f][0xffffffff][0xfffffffb][0xfffffffd][0xffffffdf][0xffffffe6][0xffffff97][0xffffff9b];[0xffffffdf]?[0x7f])"FX[0xffffffab][0xffffff83]7[0xffffffb6]9b[0xffffff92][0xffffffeb]e2[0xffffffbd][0xffffffd6]^[0x4][0xffffff95][0xffffffc0][0xffffff80][0xfffffff3]Z[0xffffffab][0xffffffc9][0xffffffc5][0xffffffa0][0xffffff84][0xffffffd1]I[0xfffffff6]^%%m[0xffffff88]~[0xfffffff2][0xffffffd3][0x10][0xffffffe4][0xffffff90]l[0xffffffef][0xffffffe2][0xffffffd8][0xffffffc9][0xffffffe8]G3[0xffffff86][\n]"
16:09:28.335 [main] DEBUG org.apache.hc.client5.http.wire -- http-outgoing-0 << "[0xffffffc4]D[0xffffffa3][0xffffffa4][0x11][0xffffff81]+][0xffffffbb]C[0xffffffd9][0x15][0xffffffe4]+07z'[0x2][0x7f][0xffffffe4][0xffffffd9][0xffffffaf][0xffffffbf][0xfffffffc]x[0xffffffe7][0x6][0xffffffea][0xffffff83][0xc][0x19]16[0xffffffbe]*[0xffffffb3][0xb][0xffffffc6][0xffffff80][0xfffffffb][0x5][0xffffffc4][0xffffffbc]?[0x1e]M[0xffffffb0][0xffffffce]6[0xffffff82][0xffffffcc][0xffffffe7]/[0xffffffe9]k[0xfffffff7][0xffffffbb][0x14]~[0x1d]bf[0xffffffa3][0xffffffd4]![0xffffffe6][0xffffffda]L%[0xffffffc4][0xffffff94][0xffffffee][0xffffffbe][0x9]d[0xffffffaa][0xffffffbd][0xffffffef][0x1e]d[0xffffff84]3[0xffffffcd]!3[0xffffffc6] [0xfffffffa][0xffffffc9][0xffffffeb]^[0xffffffba][0xffffffc1][0xffffffb9][0xffffffce][0xfffffff5]JtZ[0xf]R[0xfffffff1][0xffffffa1][0x15]!Mn[0xffffff88][0xffffffba][0xf][0xffffffd3][0xffffffa8][0xffffff9d][0xfffffff3][0xffffffd1]9[0x7]R[0x2][0xffffffdf]|[0xffffffa3][0xffffffc6]IN[0xffffffc9][0xffffffab][0xffffffe7][0x1f][0x19]c[0xffffffb5][0x11]Q[0xfffffff0]n>[0x2][0x19][0xfffffffb][0xffffffaa]l~8[0xffffff80]v[0xfffffff4][0xffffffc5]G[0xffffffe6][0xffffffe4][0x7][0xffffffe6]U[0xffffffc7][0xffffff9d]QZ[0x8]0P|d[0xffffffce][0xffffff8e][0x1b][0xffffffb1][0xffffff93]J[0xffffffea]`[0x1a]Af[0xfffffffa][0xfffffff8]5M[0xffffff9f][0xffffffff][0xffffffc1]3[0x3][0xffffffcc][0xffffffd7]<3[0xffffffb3]Y[0xffffffea]@sm[0xffffffa8][0xffffffbb][0xffffffa0][0xffffffe1]Q>[0xffffffbf][0xfffffffd]&[0xffffffa0][0xffffffa9][0xfffffff6][0xffffffbf]2hl[0xffffffe4]Si}[0xffffffd4][0xffffffcd]A#R[0xffffffdf][\r]V[0xffffffc4][0xffffffde][0xfffffff3][0xffffffcd][0x1f]E7v[0xffffff9d]r[0xffffffd6]O[0xffffffba][0xffffffe3][0xffffffdb],S[0xffffffef]RH[0xffffff9a]g'[0xe][0xffffffde]Fg[0xffffff8d]uq[0xffffffe0]O[0xffffffa2]L?8[0xffffffe9][0xffffff8c][0x7f][0x1e]4A[0xffffffec][0x7f][0xffffff9f][0xffffffa7]@[0xffffff83][0x3][\n]"
16:09:28.335 [main] DEBUG org.apache.hc.client5.http.wire -- http-outgoing-0 << "[0x13][0x1c]o[0xffffffc7])[0xffffff8a]{[0xfffffff7][0xffffffce][0xffffffc8][0xf]Z[0xffffffe6]([0xffffffce][0xffffffa8]W[0x1b]v[0xffffff96]WZ.[0xffffffbd]3[0xffffffe7][0xffffffc7][0xffffffe3]N[0x18][0x15]c[0xffffffab][0xffffffd0][0xffffffec][0xfffffff8][0xffffffce][0xffffffb8]u[0xffffff90][0xffffff99][0xffffff8d][0xffffffd2][0x2]2[0xffffffe7]f*A[0xffffffa6]t[0xfffffff7]M S[0xffffffed]}K[0xffffff90]![0x1a]wd[0x18][0xffffffed]!c[0xffffffa2]4[0xffffffc6][0xffffff85][0xffffffae]s[0x1]|[0x10]~Ma[0xfffffff0][0xffffffc1]M*%[0x13][0xffffffb5]t~[0xffffffe8][0xffffffb4]U[0xffffffdd]d;R[0xffffff97]~[0xfffffff4][0x0]i[0xfffffff4]r[0xffffff88][0xfffffffd][0xffffffa0][0xffffffb5]H[0xfffffff6]y[0xffffffc8][0x18]-[0xffffffb4]#[0xffffffcf]x[0xffffffec][0xffffff9d]![0xffffff99][0xffffff89][0xffffffaf][0xffffffc2][0xffffffec][0xffffffbc][0xffffffd5][0xffffffda][0xffffffce][0xfffffff1][0xffffffd3]Eh&?[0xffffffa8][0xfffffff8][0x1b][0x7][0xffffffa5]}[0xffffffd5]~g[0xffffffa5][0x15]<I[0xffffffc5]g[0xffffffe6][0xfffffffd]i[0xffffffe7][0xffffffb8][0xffffffb5]j[0xfffffffe][0xffffffcc][0xffffffac][0xffffffcc]ff[0xffffffab][0xffffffd4]a[0xffffffe6][0xffffffda]Ne[0xffffffcc][0xffffff9c][0xffffffdb]j[0xffffffbe][0xfffffffd]6[0xffffff98][0xffffffa9]u[0xffffffbf];[0xffffff98][0xffffffd1][0xffffffd1][0xffffffb6]Og[0x0][0xffffff84]$[0xffffffa1][0x19]{[0xffffffa9]z5[0xffffff8d][0xffffffc2]t[0xffffffd1][0xfffffff1][0xffffffc0]x[0xffffffd9][0xfffffff5]fr2[0xffffff92]h[0xfffffff7][0xffffffd3]H*[0xffffffd3][0xffffff8d][0xffffffc9][0xe][0xffffff89][0xffffff84]F[0xffffffa5][0xffffffa8][0xffffff95]7[0xffffffc1][0xffffffa4][0xffffffa0];[0xfffffffd]<ft[0x8][0xffffffe4]P[0xfffffff6][0xfffffff1][0x2][0xffffff80][0xffffffc9][0xffffff98][0xffffff91]A[0xffffff93][0xffffffe0][0xffffff95][0xffffff9f][0xffffff99]7?[0xffffff90][0xffffffaf][0xffffffa4][0xffffffde][0xffffffbc]f[0xffffffc1][0xfffffff9]5[0xffffffa0][0xffffffe1][0xffffffb8][0xffffffde][0xffffffa9][0x10][0xffffff94][0xffffff9a]_[0xffffffb0][0xffffffba][\n]"
16:09:28.336 [main] DEBUG org.apache.hc.client5.http.wire -- http-outgoing-0 << "[0xffffffc0][0x1c][0xffffff9b][0xffffffc9]u[0xf][0xffffffcd]l[0xffffff96]j[0xffffffd0]\[0x18][0xffffffea].h.n[0xffffffbf][0x9]h[0xffffffaa][0xfffffffd]o[0x19]4[0x4][0x18][0xffffffbe]}[0xffffffd5][0xffffffcc]t)[0xffffffd9][0x14]M[0xffffffe7][0xffffffc6]~[0xffffffb0][0xffffff9d][0x1f][0x9][0xffffffd5]:[0xffffff95][0xffffffa4]t[0xfffffffd][0xffffffd0][0xffffff8d][0xffffffbd][0x9][0xffffffc9]$[0xffffffe5][0xffffffbb][0xffffffd1][0xffffff89].[0x19]gRo5[0xffffffd1]\[0xffffffe8]Gb[0xffffffb5][0x9][0xffffff9c]=[0xf][0x1a][0xffffffe0]g[0xffffffc3]>G{<[0xffffffa1][0xffffffa1][0xffffffbc]c[0xffffffb5][0xffffffb4][0xb][0xffffffb1]Y[0x6]M[0xffffffd8][0xffffffd7][0xb][0xffffffc8][0xffffffbe]}4[0xffffff92]`[0xffffffeb][0xffffffce]Ksy[0xfffffffc]][0xffffff89][0xffffffad][0xffffffba]l[0xffffffb6][0x12]3[0xffffffb3]U[0xffffffea]0s[0xffffffc8]g[0xffffffce][0xffffffed][0xffffffb4][0xffffff8c][0xffffff99][0xffffffeb][0xffffffcb]o[0xffffff82][0xffffff99]j[0xfffffff7][[0xffffffc0][0xc][0xffffff81][0xffffffbf][0xffffffa6][0xffffffcc]D][0xffffffb2]q[0xffffffa5][0xffffffb9][0xfffffff3]2&[0xffffffdf][0xffffffe9]q[0xffffffe8][0xffffff89][0xffffffca][0xfffffff2]S[0x19]5[0x10][0x19]Hr&EM@'[0xffffffef]S[0xffffffea]'[0xffffffaa]T&[0xffffff8d][0xffffffce][0xffffffaa][0xffffff9e][0xffffff82]A[0xffffff88]r[0x1a]e[0xffffff97][0xffffff84][0xffffffa8]xh[0xffffff82]6T[0xffffffa8][0x1e]-[0x2][0x10]t[0xffffff88]WI[0xffffffa4][0x13]U[0xfffffff0]<[0x1e]7[0xfffffff2][0x19]J[0xffffffd2][0xffffffea][0xffffff83]"[0xffffff9f][0xffffff91][0xffffffaf][0xffffffb9]0M&![0xffffff95][0xfffffff1]d[0xfffffff5][0xffffffb7]1s}<[0x4]*[0xfffffffb][0xffffff8d][0xffffffa2][0xffffffb3]S[0xffffffa9]Y[0xffffffac]{gf[0xffffffab][0xffffffd4]a[0xffffffe6][0xffffffda]N71[0xffffffb3]p[0xfffffff9]M0S[0xffffffed]~[0xb][0xffffff98]![0xffffff99][0xfffffff0][0xffffffc2])[0xffffffa2][0xffffffff][0xffffffc6][0xffffff98][0xffffffe9]GG4FFM[0x11] [0xffffff99]Q[0xffffffc4]a[0x1c]t[0x2][0x1d]j[0x8]q[0xffffff94][0xfffffffd][0xffffffd4][0xffffff91]:(J\[0xffffff89][0xffffff94]'[0xffffff89]QN[0xffffffca][0xfffffff5][0xffffffd6]M[0xffffff9d][0xffffffe0];?[0xffffffe8][0xffffff8a]wFG[0xffffffad]%[0x5][0xffffffed][0xffffff87][0xffffffdf][0x19][0xfffffffd]*[0xffffff88][0xffffffa0]d[0x8][0xffffff85][0xffffffc2][0xffffffd9][0xffffffde][0xf][0xffffff84][0xfffffff9][0xffffff8d]lF[0x9][0xfffffffe][0xffffffb5]#[0xffffff98][0xffffffc4]~[0xffffff8b][0xffffff98][0xffffff99][0xffffff8f][0xfffffff3][0x1e]hc<[0xffffffcd][0xffffff9c]&[0xffffffef][0xffffffcc][0x1c][0xffffff9c][0xffffffad][0x4][0xffffffcd]l[0xffffff96]:[0xffffffd0]p[0xfffffff9][0xb]C[0xffffff95]As[0xfffffffb][0xfffffff6][0xffffff9b][0xffffff80][0xffffffa6][0xffffffda][0xffffffff][0xffffff96]A[0xffffffe3][0xffffffa4]4[0xfffffff4]Z[0x1b][0xffffff83]F[0xffffffc7][0xffffffc1][0xffffff86][0xffffffd1][0xffffff86][0xffffffc9][0xfffffffb][0x10][0xffffffcd]d[0xffffffa3][0x1d][0x13][0xffffffcd][0xffffff8f][0xffffffd4][0xfffffff1][0xfffffffc](O[0xb]6[0x2][0x1a][0xffffffd1][0xffffff8f]}H)[0xfffffff6][0xffffffbc]3[0xfffffffc][0xffffff8b][0xffffffea][0xffffffb4][0xfffffff5]i[0xffffff94][0xffffff8e][0x17][0xffffffe8][0xfffffff9][0xffffffe0]L[n[0xffffffb4][0xffffffef][0xffffffe9]=[0x12][0xffffff9c][0xffffffa9][0xfffffffc][0xffffffd0]X[0xffffffb9][0xffffff93][0xffffffd6][0xfffffff8]p;[0xffffffa3]9[0x3][\r][0xffffff85][0x0][0xffffffab]v[0xffffffd2]h2[0xffffffb3][0x15][0xffffffa0]9[0x1c][0xffffffa7][0xffffffcf][0x1a]m[0xfffffff3]j[0xffffffb3][0xffffffa4]"[0xffffff87][0xffffffb1][0xffffffee]65g[0xffffffb3][0xffffffd4][0xffffff81][0xffffffe6][0xffffffda]P[0xfffffff7]@sy[0xfffffffb]M@S[0xffffffed][0x7f][0xb][0xffffffa0][0xffffffa1][0xfffffff6][0xffffffe3]H[0xffffffbd][0xffffffdb]Gg[0xffffffd6][0xffffffb9]q[0xffffffea][0xffffffc7][0xffffffa8][0xffffffbb]qt#[0xffffffdd][0xffffff9a][0xffffffa8][0x6]9[\n]"
16:09:28.336 [main] DEBUG org.apache.hc.client5.http.wire -- http-outgoing-0 << " [0xffffffd4]w[0xffffffb4]a:[0xffffff91][0xffffff82][0x8]b[0xffffffea];?@[0xb]P}[0xffffffa4][0xfffffff2]LR[0x1d][0x3][0xffffffed][0x15][0xffffffcd]/>[0xf][0xffffff9a][0xffffffa0]3h2[0xffffffe7][0xffffffe2][0x19][0xffffffd0][0xffffffe8]@t6{[0xfffffff6]y[0xffffffe9][0xc][0xffffffd0][0xffffffc8][0xf][0xffffffd2][0xffffffe7][0xffffffae]&[0xffffffed][0x1c]ew[0xfffffff4][0xffffffdb]i[0xffffffd5].[0xffffff80][0xffffffe6][0xfffffffd]qeU8[0xffffffab][0xffffffca][0xffffffd5][0xffffff95][0x1][0xffffff8e][0xffffffd5]f[0xffffff9a]Jk 3[0x1b][0xffffffa5][\r]df3[0xffffff95] S[0xffffffba][0xfffffffb]&[0xffffff90][0xffffffa9][0xfffffff6][0xffffffbe][0x5][0xffffffc8][0x10].[0x18]c[0xffffffa4]o[0xfffffffe][0xffffffce]PW[0xffffffe6]%[0xffffff81][0x10][0xffffffa3][0xfffffffc]$[0xfffffffb][0xffffffe8][0xfffffff0][0xffffffe3]I[0xffffffd1][0xffffffc5][0x1c]G[0xffffffa8])[0xffffffda]h^[0x18]M[0xfffffff5]9[0xffffffc8][0xffffffe4][0xffffffa3][0x4]'[0x14][0xffffffd9][0xffffff80]SGu[0x1a]8[0xffffffe1][0xfffffff2][0x15][0xffffff90][0xffffff91]^[0xffffffc0][0xf]z[0xfffffff0][0xffffff9d][0xffffffb1][0xffffffaf]RPp[0xffffffde])ZE[0xffffffc6][0xffffff95][0x12][0x1a][0xfffffff9]A[0x0][0x19][0xfffffff5][0xffffffaa][0xffffffed][0xffffffab][0xffffffe1]M2V[0xffffffca]bWs[0xffffff8f][0xffffffb0][0xfffffff3][0xffffffe3][0xffffff8a][0xffffffca][0xfffffffe][0xffffffd9][0x13]V[0x7][0xffffff99]cB[0xffffffb3][0xfffffff6][0xffffff99][0x9]'[0xffffffab][0xffffffd4]a[0xffffffe6][0xffffffda]Ne[0xffffffcc][0xffffffdc][0xffffffbe][0xfffffffc]&[0xffffff98][0xffffffa9]v[0xffffffbf][0x5][0xffffffcc]h[0xffffffef][0xffffff94]W[0xffffffba][0xfffffffd]3[0x3]q[0xc]F[0x19][0xfffffff4][0xffffff98][0xffffff81]b[0xffffff99][0xffffffee]][0xffffffd0]#[0xffffffdd][0xffffff98]^E5[0xfffffff5][0xffffffc0][0xffffff84]B[0xfffffff3][0x18][0xffffffe1][0x5]D*g[0xffffff94][0xffffff99][0xffffffe3]@U[0xffffffcd]@Ds[0xffffff9d][0xffffffed][0xffffffac]K[0xffffffae][0xffffffab][0xffffffc0][0xc][0xffffff89][0xffffff83][0xffffff95]B=[0xfffffff7][0xffffffcc]x[0xffffffba];[0xffffffb9][0xffffff82]|[0xffffffbb][0x8] >([0xffffffbf][0xffffffef][0xffffffd0][0xffffffc4]=5MzU[0xffffffae]6[0xffffff83][0xffffff99][0xfffffff7][0xffffffc7][0xffffffa5][0xffffff90][0xffffffe7][0xffffffbc][0xffffff9c]:[0xffffffcc][0x1c][0xffffff9f][0x19][0xfffffffe][0x14][0xffffffab][0xffffff9e][0xffffff99][0xffffff93]Q[0xffffffea] s[0xffffff8c][0xffffffcc]f3[0xffffff95] S[0xffffffba][0xfffffffb]&[0xffffff90][0xffffffa9][0xfffffff6][0xffffffbe]%[0xffffffc8][0xffffffc0]1[0xc]4E[0xffffffda]?3[0xffffffd4][0xffffff8b]q}[0xfffffffe][0xffffffed][0xffffffa1][0xffffff96][0xffffff8d]*[0xffffff85]~[0xffffffc8]5[0xffffffe5][0x1c][0xffffffcb]([0x2]4a([0xffffffe9]z?h[0xffffffd9][\r][0xffffffc3][0x18][0xffffff8c][0xffffff9f]&^[0x17][0xffffffd9][0xfffffff7][0xffffff9d][0xffffffb3][0xffffffdd][0xffffffa8]2#[0xfffffff4]I[0xffffff86][0xffffffa6][0xffffffb7]T[0xffffffcd][0xffffff8c]{[0xffffff90]o[0xffffffb6]gh[0xffffffd2]t[0xffffffa1][0xffffff87][0x4][0xffffffc5]s[0x1]26C[0xffffffc6][0xffffffec][0xffffff9f][0x19][0x17][0xffffffe9]z[0x14][0x1b]4[0x7][0xffffffc8][0xffffff9c][0x1d][0xffffffe7][0x19]u[0xffffffb1]U[\r][0xffffffe0][0xfffffff4][0xffffffcc][0xffffff84]u[0xffffff98][0xffffff99][0xffffffad]R[0xffffff87][0xffffff99]k;-`[0xffffffe6][0xffffffe6][0xffffffe5]7[0xffffffc1]L[0xffffffa8]u[0xffffffbf][0x5][0xffffffcc](8[0xffffffce]F[0xffffffcb][0xfffffff6]D[0xffffff80][0x1c][0xffffff80][0xfffffff1][0xffffffd0][0x4]#![0xffffff92]Q[\n]"
16:09:28.336 [main] DEBUG org.apache.hc.client5.http.wire -- http-outgoing-0 << "3[0xffffff96][0xffffffb8]K[0xffffffd0][0xffffff9d][0xffffffa1][0xfffffff4][0xffffffec][0xffffffa7]`l[0xfffffff4]i[0xffffffa0]MC[0xffffffdb]F[0xffffffcb]4[0x19]Z[0xffffff9d][0xffffffb0][0xffffff96][0xffffffe1][0xffffffd8]L^[0xfffffff6]:[0xffffff8e][0xffffffcf]c[0xffffffc6]h[0xffffffa8][0xffffff90]p[0x12][0xffffff9f]yfrZ[0xffffffcf]s7;[0xfffffff6]E6#>[0x8][0xffffff97]k[0xffffffcd][0x1a][0xffffffd7][0xffffffb1];[0xffffffca][0xffffffe4]ti[0x17][0xffffffb2][0xffffff99][0xfffffff7][0xffffffc7][0xffffffe1][0xffffff8f][0xfffffff3],[0xffffffb5][0xffffffae][0xffffff9b][0xffffffc9][0xffffff95][0xffffffa0][0xffffff99][0xffffffcd]R[0x7][0xffffff9a][0xffffffc3]Csn[0xffffffa8]2h[0xffffffce][0xffffff8d]5[0xffffffdf]~[0x1b][0xffffffd0][0xffffffd4][0xfffffffa][0xffffffdf]2h[0xffffff84][0xffffff83][0xffffffef][0xffffffd5][0xfffffffc][0xffffffa1][0xffffffe9][0xffffff8d][0xffffffa7]?[0x19][0xffffffe8][0xffffffc9][0xffffffc4]0M[0xffffff93][0x15][0xffffff90]d[0xffffff8c][0xffffffef][0x3][0xffffffdc]f'[0xfffffffa]4ud9[0x3][0xfffffff0][0xffffffe9][0xffffffb4]"[0xfffffffb][0xfffffff7][0xffffffc0]FS[0x1d][0xffffff88][0xfffffff9][0xffffffd0][0xffffffd8][0xffffff8f][0xffffffe6][0xfffffff9][0x12][0x0]%l:,[0xffffffa4]L[0xffffffcf][0xffffff81][0x6][0xffffffba][0x19][0x14][0xffffffbc][0xfffffff2]Cs[0xfffffff0][0x3][0xffffffe9]s[0xffffffdd]L[0xffffffc0]|[0xffffffcc][0x9]J[0xffffffb1]As[0x4][0xffffffcd][0xffffffe1]8[0xffffffa9][0xffffff9d][0xffffffb5][0xffffffad][0xffffffe8]3[0xffffffc7][0xffffffd8]l[0x1d]G[0xfffffff3][0xffffffcc](m 3[0xffffff9b][0xffffffe9][0x1e]d.[0xffffffef][0xffffffbe][0x9]d[0xffffffaa][0xffffffbd]o[0x1]228[0xffffffaa][0xffffffbe]y[0xffffffd4][0xffffffa4]u[0xffffffa9]9t[0xffffffb4]:[0xfffffffa]nr[0x13]#[0x1]tc[0xc][0xffffffe3][0x0]Sn[0xffffffce]D[0xffffffd1][0xffffffc9][0xffffffc0][0xffffffc3][0x2][0xffffff93][0xffffff92][0xfffffff2]s/:#[0xffffffa8]BG[0xb][0xffffffab]f[0xffffffa0][0x15]%[0xffffffe8]X[0xffffff8f][0xffffffb6][0xffffffa2][0xffffffa7][0x9]N[0xffffffa1][0xffffffc8][0xffffffcb]'[0xffffffdf][0x19][0xffffffaf][0xffffffe0][0xffffffdd][0xffffff94]b3[0x11]?([0xfffffffa]34ghQ@8[0x13][0xffffff90]}[0x16]b[0xffffffb3][0xffffffcb][0xffffffe3][0xffffff81]N[0xffffffeb]\[0xffffffc5]n[0xffffff93][0xffffffce][0xffffffac][0xffffffa4][0x1][0xffffffcc]Fi[0x3][0xffffff99][0xffffffd9]L[0x5][0xffffffc8][0x14][0xffffffef][0xffffffbe][0x9]dt[0xffffffad][0xfffffff7]-B[0xffffff86][0xfffffffa][0xffffff92]2[0xffffffed][[0xffffff9a][0xffffff83][0xffffffea][0xffffffc4][0xffffffa8][0x13][0xffffffef][0xffffff88][0xffffff8b]6[0xffffff8e]6QMv)S3[0xfffffffb][0xffffff91]>}[0xffffffa4][0x7f][0xffffffa2][0xffffffba]>[0xfffffff8]Q[0xffffff86][0xffffff98][0xffffffb4][0x1a] [0xffffffa1]%[0xfffffff8]4#<a[0xffffffd8][0xffffffbf][0xffffffd3][0xfffffff3][0xffffffdd][0x19][0xffffffcb][0xffffffac][0x19]38[0xfffffff2][0xffffffa9]B3[0xffffffe9][0xc][0xffffffa1][0xffffffea][0xffffffd9]S[0xfffffff0]>4;[0xfffffff9]A[0xffffffa6][0x1][0xfffffff8][0x1d]E0[0xffffffb3]Pg[0xffffffbe]8[\r][0x9]U[0xffffffd9][0x19][0xffffff8c]m[0x10][0xffffffb3][0xffffff8e][0xffffffa1]yf[0xffffff93]6[0xffffff88][0xffffff99][0xffffffad]t[0xf]1[0x7]K[0xffffffcd]w[0xffffffdf][0x4]1[0xffffffd5][0xffffffce]w[0x7]1P[0xffffffa6][0xffffffda][0xffffffd7][0xffffffcc][0xfffffff4][0xffffff88][0xffffffe7][0xffffffe9]Iv[0xffffff84].[0xffffff8c][0xffffffc3]t"[0xfffffff8]^[0xffffff84])v[0x0]%e[0xffffffea]0[0xffffff85]-[0xffffffaa]i[0xfffffff4]3c[0xffffffd7]I-&[0xffffffdd][0xfffffff7][0xffffffa3][0x12][0xffffffba][0xffffff87][0xffffff92],d_[0xffffffc1]jf[0xffffffa2][0xffffff8d][0x19]7[0xfffffff1]p[0xffffff9d]Y9Ja;ga[0xffffffc3][0xffffffcc][0xffffffc1]S[0x9]1[0xfffffff4]>[0xffffffc5][0xffffff8e]r[0xffffffa3][0xffffffb0][0xb]q[0xffffffd9][0xc][0xffffff99][0xfffffffd]q[0xffffffd8][0x16][0xffffffed][0xffffffcb][0xffffffcc]+[0x7][0xffffffce]f[0xffffffa3][0xffffffd4]A[0xffffff86][0xffffff96][0xffffffd4][0xffffff85][0xffffff99][0xffffffee]B[0xffffffe6][0xfffffffd][0xffffffdd]7AL[0xffffffb5][0xfffffff3][0xffffff95][0x11][0xffffffc3][0xffffffc7]^[0xffffffd1][0xffffffce][0xc][0xffffffed]GgB[0xffffffb2][0xffffff93][0xffffffa5]33y2[0xffffff97][0xffffff8e][0xffffffca]q[0xf][0xffffffb5]y [0x6]K"[0xffffff8d][0xffffffa1][0xffffffa3][0xffffffc0]<t[0xffffff82]I[0xffffffb4]H[0x10][0xffffffa6][0xffffff98][0xffffff9a]qa4ti[0x12][0xffffffd3]f[\n]"
16:09:28.337 [main] DEBUG org.apache.hc.client5.http.wire -- http-outgoing-0 << "[0xffffffde]KE[0xffffff95][0xffffff99][0x11][0x0]R[0x19]A[0xffffffb3][0xffffffe9][0xfffffff1]f[0xffffffa6][0xffffffde][0xffffffd1]A[0xffffffd2]g[0xffffffb1][0xffffffd3][0x5]b[0xffffffc2][0x7][0xffffffc5][0x0]4[0x13][0xffffffcd]:[0xffffffcf][0xffffff9b][0xffffffc1]h[0xb]j[0xffffffa1]3#[0xffffffce][0xffffff8e]3qE[0xffffff92]v[0xffffffc6][0xffffff96][0xffffffae]{cN[0xffffffac][0x19][0xffffffb9][0x12]2[0xffffffb3]U[0xffffffea] s[0xffffffc8][0xfffffffe][0xffffffcf][0xffffffed]T[0xffffff82]L[0xffffffe1][0xfffffff2][0xffffff9b]@[0xffffffa6][0xffffffda][0xfffffffb][0xffffffee]@[0x6]/i[0xffffffdf][0xffffffcc]T[0xffffffcc][0x16][0xfffffff8][0x1e][0xffffffef][0x1b];'[0x3][0xffffffcf][\n]"
16:09:28.337 [main] DEBUG org.apache.hc.client5.http.wire -- http-outgoing-0 << "O[0xc][0xffffff98][0x19][0xffffffba][0xffffffa0][0xffffffe1]gj[0x17][0xffffffa4][0xffffffe9][0xffffffa6][0xffffffe4]&[0xffffff98][0x1][0xffffff93][0xffffff87][0xffffffa5])[0xffffff88][0xffffffcb]<[0xffffffcc][0xffffffe7]>YX[0xffffff9a][0xffffffa9][0xffffff86]iF1[0xffffffc3]i[0xffffffcf]W[0xffffffe0][0x19][0xffffffc8][0xfffffff0][0xffffff87][0xffffffa0]fVH[0xfffffffe][0xffffffdf]0[0xffffffe0]2[0xffffffa3][0xffffff99][0xffffffd1][0x19][0xffffff92]y[0xffffffaf][0x17]*f[0x17][0xffffffc7]5[0x3][0xffffffd3][0xffffffb2]U[0xffffff95]y[0xffffffc6][0xffffffcc][0xffffffca]y3fa[0xffffffdf][0xffffffcc][0xffffffd2][0x6]3[0xffffffb3][0xffffffa1][0xffffff96]1s4[0xffffffd6]|[0xfffffffb]M@S[0xffffffed][0x7f][0xffffff8b][0xffffffa0]A[0xffffffbf]"[0xfffffffe][0xffffff84][0x11]M[0x5][0xfffffff9]d[0xffffff98][0xffffff98][0xffffffc2]L[0xffffff9d]"EaT[0xffffff86]<%[0xfffffffa]^[0x12]x)3[0xfffffff0][0xffffffb6][\r]<C[0xffffffde][0x3][0xffffffa4][0xffffffd4][0x7]D6[0xffffffd0][0xffffffd5][0xffffff80]\[0xffffff93][0xffffffba]a[0xffffffa4][0xffffffef][0xffffffa9][0xffffff9e][0xffffffcf]e[0xffffff8c][0xfffffff7][0xffffffb4][0xffffffda][0xffffffa0][0xffffffb3]<[0x6][0x1a]M[0x9]l[0x1f]m1[0xffffffad]&[0xffffffef][0xffffff82][0xffffffc6]p[0xffffff9c]o-M[0xffffffd3]<2P[0xffffffaa][0xffffff98][0xffffff9d]@s8[0xffffffce][0xfffffff8][0x1d]oz[0xffffffa3]2[0xfffffff3][0xffffffa9]5[0xffffffb3][0x12]3[0xffffffb3]U[0xffffffea]0sm[0xffffffa7]{[0xffffff98][0xffffffb9][0xffffffbc][0xfffffffc]6[0xffffff98][0xffffffa9]u[0xffffffbf][0x5][0xffffffcc][0x4]h[0x1f]0[0xfffffff4][0xffffffdb][0xffffffcf][0xffffff9b]M[0xffffff92]QGK[0xfffffff0]5F1[0xfffffff4]Q[0xffffffa1][0xffffff97][0xffffff91][0xffffffdc][0xffffffc0],3[0xffffffc1] [0xffffffcc]fF[0xffffffee][0xffffffc7]a[0xffffff8c][0xffffff93][0xffffff89][0x13][0x15]a2[0xffffff88][0xffffff80]<[\r]j[0x1b]S[0xffffff92][0xffffffd6][0xffffffc1][0xffffffe0][0xffffff94][0xffffffcf][0xffffffb7]f<[0xffffffb3][0xffffff90]Y[0xffffffd7][0xffffffe2]1[0xffffffcc][0x10][0xffffffa6][0xfffffffb]<[0x6]`[0x3]Sd[0xffffffb7][0xffffffe5]34[0x1c][0xffffff98][0xf][0xffffffca][0xffffffee]c[0xffffffb3][0xffffffdc][0xffffffd1][0xffffffdc]i[0xffffff86][0xffffffd3]r[0xffffffeb][0xffffffb3][0xffffff88][0xffffff99][0xffffff8b][0xffffffe3][0xffffff91]~nk[0xffffffc8][0xffffffac]$[0xffffff9a][0xffffffcd]F[0xffffffa9][0xffffff83][0xffffffcc][0xffffffb5][0xffffff99]J[0xffffff90])[0xffffffdc]}[0x13][0xffffffc4]T;[0xffffffdf][0x2]b[0xffffff90][0xffffff81][0xffffff89][0xfffffff8]k[0xfffffffb]"3[0xffffffa5]Z[0xffffffe1][0x7]42&9[0xffffff90][0xfffffff6][0xffffffa7])[0xffffffb7][0xfffffffa]I[0xffffff80][0xffffffe5][0xffffffa8]Pp"[0xffffff9d][0x9][0xffffffe3][0xffffff9e]u[0xffffff86]XS[0xffffffe0][0xffffffa9]a[0xffffff8a][0xffffff86][0xffffffd1][0xffffffb3][0x0][0xffffffc1]&v9[0x7f][0xf][0xffffffcf]#[0xffffffc6]([0xffffffa6][0x1a][0xffffffac][0x7f]pB[0x13][0x11][0xffffff99][0xffffff9c][0xffffffa4][0xffffffec][0xffffffd0][0xffffff94][0x2][0xffffffc1][0xffffffa5][0xffffffd0][0xffffffcc][0x7f][0xffffffc8][0x12]M:'[0xffffffc1][0xffffffc6][0xffffffed][0x1c][0xffffffd8]Z[0xffffffcc][0xffffffff][0xffffffdf][0x1f][0xffffffe7][0xfffffff5][0xffffffb3][0xffffffa1]U_f[0xe][0xffffffcd]Vbf6K[0x1d]f[0xffffffae][\r]U[0xffffffc6][0xffffffcc][0xffffffb9][0xffffffb1][0xffffffe6][0xffffffdb]o[0x2][0xffffff9a]j[0xffffffff][0xffffffbb][0x3][0x1a]C[0xffffff80][0xffffffd1][0xffffffbc]3C[0xffffffed]+A[0xfffffff2]7[0xffffff89][0x9][0xffffffcd][0x1e][0xffffffbe][0xffffffd9]$[0xffffffa6][0xffffffac][0x14]D[0xffffffeb][0xffffff85][0xffffff87]dD[0x7]@[0xc][0x9][0xffffffb6]3t[0xffffffff]~[0x18][0xffffffa7][0xffffffa4]x[0xffffff8d][0x4]5f[0x1e][0xffffff9d][0xffffffc9]*[0xfffffffe][0xffffffce][0xffffffd3][0xffffffa0][0xffffffb1][0xffffffd4]42o[0xfffffff8][0xffffffc1][0xffffffd0][0xffffffec][0xffffff90][0xffffffda][0xffffff9a][0xffffff9d][0xffffff93]B[0xfffffffb][0xffffffbb][0xffffffa0][0xffffff81]h[0xffffffc6][0xffffffb4][0x19][0xffffff9a]K"[0x12]k-<3[0x7][0xffffffb7]9[0x1c]g[0xfffffffe][0xe]m[0xffffff84]F[0xffffffef][0xffffffcc][0xffffffb1][0xffffff99][0xffffffb9]nn[0xffffffe6][0xffffffcc](u[0xffffff90][0xffffffb9]6[0xffffffd3]=[0xffffffc8]\[0xffffffde]}[0x1b][0xffffffc8][0xffffffd4]z[0xffffffdf][0x1d][0xffffffc8]dQ[0xffffffa3][0xffffffe6][0xffffff90]![0xffffffa7][0xffffffa7][0xffffffa8]4F[0xffffffaf][0xffffff86][0x11]*[0xffffffb3]#[0xffffffc3][0x17]N[0xffffff8c][0xffffffe8][0xffffffce][0xc][0xffffff94][0xffffff9c][0x7]Etm[0xfffffff4][0xffffffa0];D[0x2]x[0xffffff87]z[0xffffffa6][0x1]:C[0xffffffa8][0xffffffa6][0xffffffa0]t*t[0xffffff9d]j[0xffffffb2][0x19][0xffffff98][0x4][0xffffff8c][0x11]<H4;[0xfffffffa]B&[0xfffffffb][0x14][0xffffff87][0xffffffcd][0xffffff88][0xffffffcc][0xffffffde]0@PO[0xffffffd5][0xffffff8c][0xfffffff2]\f[0xffffffc1][0xffffffdc][0xffffff87][0xc][0xffffffb3][0xfffffff3][0xffffffb9]jF[0x5][0xffffffbd]mk&[0xffffffae][0x1c][0xffffff9a][0xffffffc1][0xffffffd6]o6i[0xffffff83][0xffffff98][0xffffffd9]Jw[0x11]sq[0xfffffff5]M[0x10]S[0xffffffed]|[0xb][0xffffff88]A[0xffffff9e][0xffffff89],[0xffffffc2][0xffffffb6]G[0xc][0x1d][0xffffff8e].Nxnd[0xffffffee]2[0x19])[0xffffffbd][0xffffffeb]h[0xffffffc2][0xffffff8c][0xffffffe8][0xfffffffd][0xffffff81][0x16]g![0xffffffc7][0x18][0xb]\[0xffffff92][0x1f][0xffffff98][0xffffff9e][0xfffffff1]n[0xffffff82][0xffffff8f][0xffffff86]B[0x0]u[0xffffffb6][0xffffffce][0xe][0xffffffb1]{[0xffffff9e]1[0xffffffc3]<[0x3]3[0xffffff93][0xffffffd4][0xffffffaa][0x1f][0xffffffcb]e[0xe][0xffffff88][0xffffffc9][0xffffffba]f4u[0xffffff8a][0xffffffed][0x7f][0xfffffff7]AB7[0xc]Y[0xffffffa2])O[0xb]0}[0xffffff9a][0xffffffc7][0xffffff9f][0xffffff8b][0xffffff88][0xffffffb9]8[0x1e][0xffffff99][0xffffff81]k[0x1f][0xffffff99][0xffffffad][0xffffffe4]3[0xffffffcf]fi[0x1][0xffffff9a]sC[0xffffff95]@S[0xffffffba][0xfffffffd]&[0xffffffa0][0xffffffa9][0xfffffff6][0xffffffbf];[0xffffffa0][0xffffff81]F[0xffffffdc][0xffffffbe]9[0xffffffd3]G[0xffffffb8]d$b[0xffffffe4]+z0D0~[0xffffff8c][0xffffffa3][0xffffffa0][0xffffffbd]I[0xf][0xffffffd0]@[0xffffff9d]1[0xffffff83]v[0x1d][0xffffffa2][0xffffffb4][\n]"
16:09:28.338 [main] DEBUG org.apache.hc.client5.http.wire -- http-outgoing-0 << "[0xfffffff2][0xffffffd5]@([0xffffffd5][0xb][0xfffffffe]&[0xffffff94][0xffffffb3]1[0xffffffa5][0xffffffcc]4[0xffffffcb][0xffffffbc][0xfffffff6][0xffffffa7][0xfffffff9][0xffffffcc][0xffffffb0][0xffffffa3]][0xffffffd6][0xffffffd0]y[0xffffffa4][0xffffffd2][0xffffff8c]`[0xffffff9d][0xffffffcb]|f-=c[0x11][0xffffffa5]t[0xffffffe6][0xffffffe8][0x7][\n]"
16:09:28.338 [main] DEBUG org.apache.hc.client5.http.wire -- http-outgoing-0 << "uZE;[0xffffffd3][0xffffffc2][0xffffffca]^[0x1][0xffffff9a][0xffffffc3]q/[0xffffffe0]q7[\n]"
16:09:28.338 [main] DEBUG org.apache.hc.client5.http.wire -- http-outgoing-0 << "[0xffffffcc]N5[0xffffffb3][0xffffff95][0xffffff90][0xfffffff1][0xfffffff6]h[0xffffff94]:[0xffffffc8]\[0xffffff9b][0xffffffe9][0x1e]d.[0xffffffee][0xffffffbe][0x9]b[0xffffffaa][0xffffff9d]o[0x1]1[0xffffffa4][0xffffff85]h@[0xffffffc6][0xfffffff6][0xffffff94][0xffffff99]<[0xffffffbc][0xffffff8c][0xffffffd4]lO:[0xffffff9d][0xffffffba][0xffffff94]s[0xfffffffe][0x1e]1[0x0][0xffffffe4]g&[0xffffff84][0x0][0xffffffa8]*{f[0xffffffff][0xffffff83][0xffffff8f][0xffffffb6]Gu6[0xfffffff9][0xffffffd1][0xfffffff2][0xffffffd0][0xfffffff8][0xffffffce][0xffffffc8][0xe]F[0xffffffa5][0xffffff9c][0xffffff90][0x9][0xffffffa8]@[0xffffff8c][0xffffffe2][0xb] [0xffffffcd]S[0xffffffb9][0xc][0xffffffba][0xffffffcb][0xffffffde][0x2][0xffffffe2][0x12]b[0xffffffec][0x7][0x19][0xfffffff7][0xffffffb3][0xffffff99]j?[0x1][0xffffffc0]T[0xffffffda][0xffffffd2]l[0xffffffa6]x[0x7f][0xffffffdc][0xffffffa3][0xffffff8d][0xffffff9d][0xffffffc5]i[0xffffff9a][0xffffffa8][0x0][0x1c]r[0xffffff99][0xffffffb8][0xffffff92][0xffffffca][0xffffffec]O6[0xffffffa9][0x3][0xffffffcc][0xfffffff1]1[0xffffff9e][0xffffffad]T[0x2]L[0xffffffe9][0xffffffea][0xffffff9b] [0xffffffa6][0xffffffda][0xfffffff9][0xffffff96][0x10][0x3][0xffffffc7][0xffffff8b]p[0xffffffe1]'t3[0x5]L1K~big[0xffffff8e][0x1d][0xffffff8d][0xfffffffd][0xffffffac]3[0xffffffe3]5/[\r]#4P0Q[0x5][0xffffff80][0xffffffda],'[0xffffffc6][0x2][0x10]v[0xffffffec][0xffffffa4][0xffffffc7]U[0x11]=[0xffffffe6]}[0x9]Co+[0xffffffb4]3qL[0xffffffe2][0xffffffc0]|[0xffffffa5]G[0xffffffde][0x18][0xffffffaa][0xffffffa7][0xffffff8c][0xffffff8e]A[0xc][0xffffffb6]V[0xffffff94]Kf{?[0xffffffc8][0x15]f@[0xffffffe3]w$kJ.[0xffffffa5]2[0xffffffef][0xffffff8f][0xffffffd3][0x0]s[0xffffffed][0xffffffab][0xffffffcc][0xffffffeb][0xffffffb8][0xffffffcc][0xffffffcc]4[0x1c][0xffffffad]R[0xffffff87][0xffffff99]k;-b[0xffffffe6]d[0xffffffab][0xfffffff9][0xfffffff2][0xffffff9b]`[0xffffff86][0xffffffe8][0xffffffba][0xffffffce][0xfffffffd][0xffffffee]`F[0x6][0xfffffff5][0x13][0xffffffe2][0xffffffb2][0xffffffc0][0xffffffec][0x9][0xffffffa2][0xfffffffe]Q[0xffffff8e][0xffffff9d]@z)[0xffffffd7][0xffffff90][0x5]d[0xffffff98][0x18]F5[0xffffffa1][0xffffff87][0xffffffc7]#3%[0xffffff9a][0xffffff99]#D[0x0]5[0x6]F6m?"[0x13][0xffffffd0]3[0xffffff9c]I[0xffffffe9][0xffffffac][0xffffff82][0xffffffcb]L[0xffffffa8][0xffffff84][0x10]lx[0xffffffb0][0xffffffcc]|[0xfffffffc]~Re[0x16]g[0xffffffe2][0xffffffe3][0x17][0xffffffa4][0xffffff99]#[0x8][0xffffff98][0xffffff99][0xffffffa1][0xfffffff1][0x19])D[0xffffffc9]%[0xffffff9a][0xffffffd9][0xfffffff9]qH[0xffffffc7][0x6]%[0xffffffdd][0xffffffb9][0x18][0xffffffd7][0xffffff8a]5[0xffffffb3][0x12]4[0xffffffb3]Y[0xffffffea]@sm[0xffffffa8]{[0xffffffa0][0xffffffc9][0xffffffc6]:[0xffffffbf][0xfffffffd]&[0xffffffa0]a[0xffffffd0][0xffffffa4][0xffffffce][0xffffffff][0x16]@[0xffffffc3]6[0xb][0xffffff96]M[0xfffffffc][0xffffff84][0xffffff99][0xffffff99]NLL[0xffffffd3][0xffffffd3][0xffffffdb][0xffffffef][0xffffffc9]P[0xffffffc8][0xfffffff0][0x7]R[0x4][\n]"
16:09:28.338 [main] DEBUG org.apache.hc.client5.http.wire -- http-outgoing-0 << "[0xffffffb8]h[0x1][0xffffffee]{[0xffffff96][0xc][0xffffff94]![0xffffffa3][0xffffffa1][0xffffffe9][0xffffffc3]X[0xffffff9e] z1#][0xe][0xffffff83][0xffffffc6][0xffffffa6]C[0x12]pT[0xffffffc3][0xfffffff4]th[0xffffff86]#[0xb][0xffffffde][0xffffffab][0xffffffe7][0xffffff98]fn'=[0xffffffd2];[0xffffffa5]A3a[0xfffffff6][0xffffffab]6L[0xffffffd6][0xb][0xffffffc8][0xc][0x0][0x9][0xffffffab]w![0xffffff97]y[0x7f][0x1a][0xffffff9d][0x3][0xffffffda]`m#[0xffffffb3]u4[0xffffffb3]3[0xffffff93][0xffffffb4][0x0][0xffffffcc][0xffffffb9][0xffffff91]J[0xffffff80])]}[0x13][0xffffffc0]T[0xfffffffb][0xffffffde]2`x[0x8]D[0xfffffffb]f&=[0x17][0xffffffd4]+[0xffffffa5][0xffffffef][0xffffffc9]gL[0x18][0xfffffff2][0xffffffb7][[0xffffffd8][0xffffffa1][0x3][0xc]NRCfh[0xffffffd9]!2c[0xffffff91][0xffffffd1][0xffffffb4][0xffffff9a]g[0xffffff88]*4[0x19][0xe][\r]P[0xffffff99][0xffffffb4][0xffffff8e]D<O[0x3][0xffffffc6][0xffffff90]d[0xffffffa3][0xffffffd5][0xfffffffe][0xffffffa8]D3i-[0xfffffff9][0xffffff89]B[0x13][0xffffffd6][0xffffffc2][0xffffffec])[0xffffffe5]2G?[0x10]T[\n]"
16:09:28.339 [main] DEBUG org.apache.hc.client5.http.wire -- http-outgoing-0 << "[0x2]:3[0xffffffb9]x[0xffffffb1][0x2]1[0xffffff87][0xffffffe3],:0[0xffffffb1]U[0xffffffc9][0xffffffec][0xffffff94][0xfffffffe][0xffffffaf][0x1b][0x0]8[0xffffffb3]J[0x1d]f[0xffffffae][0xffffffed]t[0xf]3[0xffffff97][0xffffff97][0xffffffdf][0x4]3[0xffffffd5][0xffffffee]w[0x7]3([0xffffffe6][0xffffffb5][0xffffffc7][0xffffff8c]R42[0xffffffc9][0xfffffff4];[0xffffffed][0xffffffd1],[0xffffffcf][0xffffffdd]g8[0xffffff8f]}[0xffffffea][0xffffffd1]_[0x1a][0x12][0xffffff8e]i[0x18]eF[0xffffffca],[0x13]e[0xffffffac]1[0xc][0xffffffce][0xc][0x12][0xffffff9e][0xffffffa6]S[0xfffffffd]d[0xffffffd1]@[0xffffff9f][0xffffffaa][0xffffffe8][0xffffffcc][0xffffff94][0x15][0xffffffa8]7<[0xffffff96][0xffffffcd][0x1c][0x2][0xe][0xfffffffa][0xffffff93][0xffffff8c][0xffffffe9][0xffffff9b]"[0xffffffcd][0xffffffec][0xffffff80][0x19][0xffffffba]2[0xffffffd0]k[0xffffffc4][0xffffff8e][0xffffffd1][0xffffff86][0xffffff85][0xfffffff5][0x19]0l[0xffffffde][0x1f]G;[0xffffff94]FN[0xffffffa3]Wf&[0x0][0xffffffac][0x4][\r][0xffffffdf][0xffffffaf]7[0xffffffb3][0xffffffd4][0xffffff81][0xffffffe6][0xffffffda]P[0xffffffcb][0xffffffa0]9[0x1a]k[0xffffffbe][0xfffffffd]&[0xffffffa0][0xffffffa9][0xfffffff6][0xffffffbf][0x5][0xffffffd0][0xffffffe4]\[0xffffff99]([0xffffffa6]}[0x9][0xffffffc0][![0xffffffe4]0[0xffffffd0][0xffffffa6][0xffffffcc]}[0xffffffcc][0xffffff91][0xffffff99][0xffffffe6] ;[0xffffff8d][0x8][0x0]T[0xffffff99][0x18]R[0x18][0xffffffd0]1[0xffffffeb][0xffffff90][0xffffffcb]P[0xffffffcc][0xffffffff]3[0xffffffe4][0xffffff8b][0xfffffffa]_T[0xffffffda]C[0xffffffb2][0xffffffa1][0xfffffff9][0xffffffe9][0xffffffa4][0xffffffa9][0xffffffe8]f[0xfffffff2][0xffffffc6][0xffffffe4][0xffffffdf][0xffffffe1][0xffffffa9][0xffffffde][0xffffff8c]c[0xfffffff5][0x12][0xffffffef]\[0xffffff91][0x0][0xffffff90][0xfffffff7][0xffffffa0]e[0xffffff9e][0x19][0xffffff9c]4[0x8][0x0][0xffffffdc][0xffffffc9].[0xffffffc9]f[0x0][0xffffff9a][[0xffffffc7][0xffffff9b][0x14][0xffffffcd]f[0xffffffd0][0xffffffac][0x1c][0xffffffce][0xffffff9c][0xffffffcd][0xffffffd2][0x6]4[0xffffffb3][0xffffffa1][0xffffffca][0xffffffa0][0xffffffb9]}[0xfffffffb]M@S[0xffffffed][0x7f][0xb][0xffffffa0]A[0xffffff9a][0xffffff9b]PF[0xffffffb5][0xffffff97][0xffffffce][0xffffff84]3F[0x16]f[0xffffffd9]4[0x18]&T[0xffffff98]@[0xffffff8c]B[0xffffffa8][0x19]}[0xfffffff3][0x9]%[0x18]E[0x19]Z:[0xffffff9d]7[0x0][0xffffffb8][0xffffffd1][0xfffffff3][0x10][0xffffffa1]q[0xffffffc6]#[0x3]wq[0xffffff98]4y[0xffffffce]8V[0xffffff80][0x6][0x1a]?[0xfffffff2]][0xffffffcf][0xffffffa5]3~'[0xffffffd9]|[0xffffffa4][0xffffff8a][0xffffff95]f[0xffffffbd][0xffffffd7]hF[0xffffffd6][0xb][0xffffffaa][0xffffff99]A7[0xffffff83][0x1][0xffffffe5][0xffffffa5][0xffffffba][0xffffffd9][0xfffffffb][0xffffffe3]T[0xffffffa5][0x19]Rl[0xfffffff4][0xffffffd2][0xffffff9c][0xffffffa2][0xffffffb3][0xffffff95][0xffffff98][0xffffff99][0xffffffad][0xffffffd2][0x2]3[0xffffffe7]v*a[0xffffffa6]t[0xfffffff9]M0S[0xffffffed]~e[0xffffffcc][0xffffffb0]j[0xffffffd1][0xffffffee]}[0xffffffbb]9m[0xffffffc6]e[\r][0x19]%[0xffffffa9][0xffffff80]![0xffffff85][0xffffff91][0xffffffe4][0xffffff88][0xffffffcc][0xffffff9f][0x1b][0xffffff8c]I[0x12][0xffffffc2]0[0x2][0xffffff9a]#_sF[0xffffff98][0xffffffa1][0xffffff9c][0x11][0xffffffa6]ADC[0xffffffeb][0xffffffcb]8[0xffffffaa][0xffffffd1]fdzF"[0xffffffed][0xfffffff4]tFc[0xffffff99]2vP[0xffffffa4][0x1f][0x1c][0xffffffcf]<[0x4][0x1d][0xffffffd4][0xffffff8f]Qv*[0xf]4[0xffffffe7][0xffffff88]k[0xffffffaf][0xffffffd1][0xffffffcc][0xffffffbf][0xffffffc8]h[0xfffffff2]B[0xffffffc3][0xffffffa5][0x1a][0xffffffc0][0xfffffffb][0xffffffe3][0xffffffc8][0xffffffcd]"l[0xffffffde][0x8]3o[0xffffffdd][0xffffff99]u#[0x0]g6i[0xffffff83][0xffffff98][0xffffffd9]Je[0xffffffc4][0xffffff9c][j[0xffffffbe][0xfffffffa]&[0xffffff88][0xffffffa9]v[0xffffffbe];[0xffffff88]A[0xffffffef][0xffffffba][0xffffffbd][0xffffffd0][0xffffff8c]L[0xc]_[0xffffffd2]gA[0x4]#y[0xffffffd3][0xfffffff5]1)=2[0xffffff81])`l[0x2][0x19][0xffffffd4][0xffffffff][0xffffffb5][0xffffffec][0xffffffc7][0x11]YYr[0x2][0xf]H"tz[0xffffff86][0x0][0x4][0xffffffdd][0xffffff9a][0xffffffa1][0xffffffaf][0x19]h[0xffffff86][0xffffffa3][0xffffff9d][0xffffffe5][0xffffff9f][0xffffff9f]R[0xffffffcd][0xfffffff0][0xc]4#[0xffffffee]T[0xc][0xffffffcd]N[0x10]@d[0xffffffd3]B[0xffffff9b]1[0x0]}[0xffffffa1][0x6]pq<[0xffffffb2]B[0xffffffae]-`V[0xffffff92][0xffffff99]g[0xffffff93][0xffffffb4][0x1][0xffffffcc]l[0xffffffa4][0xffffffbb][0xffffff80]9[0x18][0xffffffea]x[0xfffffff3]M[0xfffffff0]R[0xffffffed]z[0xb]x![0xffffff97] *s8Wc[0xffffff95][0x19][0xffffffe2]0Vc[0xe][0xffffffd9][0xfffffffb][0xffffff86][0xffffff90][0x6][0x8]g[0xfffffffb]Q[0xffffffcc][0xffffff84]"`n[0xffffffea][0xffffffc1]8KBu[0xffffffd4]sG[0xffffffed][0xffffff99][0xffffffdc]dE(b[0xffffffcd][0xffffffbc]4=Z[0xffffffcd][0xffffffcc][0xfffffff0]<[0xffffffff][0xffffffc2][0xffffffd0][0xffffff9a][0xe]{[0x19][0xffffffbf][0xffffffc7][0xfffffff2][0x7f][0xffffff9b][0xffffffb7][0xffffffc8]Zd0`[0xffffffc6][0xffffffe5][0xffffff95][0xffffff98]7E3[0x5][[0x0][0xffffffe8][0xffffffff][0xffffff93][0xffffffca]P_[0xb][0xffffffbb][0xffffff80][0xffffffde][0xffffff91]][0xffffffd8][0x2]pq[0x1c]z[0x10][0xffffffd9]Z#[0xffffffc0][0xffffff9c][0xffffffa2][0xffffffb2]ud[0xffffffe6]3[0xffffffab][0xffffffd4]A[0xffffffe6][0xffffffda]N%[0xffffffc8][0xffffffbc][0xffffffb7][0xffffffd5]|[0xfffffff9]M0S[0xffffffed]~w0[0x3]e[0xffffffa6]=gF[0xffffffb3]R[0x6][0xffffffbd]2Mm9)[0xffffffd5][0x11][0xffffffc3]w[0xffffffd6][0xffffff8c](f[0xffffffc2]Y[0x1e][0xffffffe0][0xffffff9a]E[0xffffff9a][0xffffff96][0x11]yf[0xfffffffa] [0xffffffb0][0xffffff97][0xffffffed][0xffffff84][0xffffffd8]9dN[0xfffffff6][0xffffff9f]wH[0x7][0xffffffd4][0xffffffd5][0xffffffcc][0xffffff98][0x7f][0xffffffa4][0xe][0xfffffff7] [0x3][0xffffffe0][0x10][0xffffff95][0xffffffb1][0x11][0x13][0xffffffca][0xffffffa8][0xffffffb9][0xffffff8b][0xffffff99]<iF[0xffffffa9]@[0xfffffff3][0xfffffff1]^[0xffffffca]d[0xffffff8e]ns8[0xffffff8e][0xffffffb2][0x1]`n[0xffffff84][0xffffff99]9[0xfffffffd]_[0x9][0x1a][0xffffff96][0xffffff98][0xffffffbe][0xffffff99][0xffffffa5][0xe]4[0xffffffd7][0xffffff86][0xffffffba][0x7][0xffffff9a][0xffffffcb][0xffffffdb]o[0x2][0xffffff9a]j[0xffffffff][[0x0][\r][0xffffffdb][0xffffffec]t[0xffffffa6][0xffffff9a]5[0x7f]h[0x6][0xffffff96][0xffffffbe][0xffffff92]G[0xffffffc7][0xffffffbc]aF[0xffffffb0]x[0x19][0xffffff9e][0x1]K[0xffffffcc]G4[0xffffffcb][0x1c][0xffffff84]2[0xffffffea]i[0xffffff82][0xffffffc4][0xffffff9f][0xffffffee][0xffffff8c][0xfffffff6]y[0x9]e[0xffffffcf][0xffffff88]3RN[0xffffffd3]4*[0xffffffe8][0x2][0xffffff9d][0xffffffaf][0xffffff99][0xffffffcd][0xffffffcc]%@[0xffffff96]A?H[0xffffffcd]<[0xfffffffa][0x2][0x7f]L[0xffffff90]]zh[0xffffffd8][0xffffff88]I[0xffffffcd][0xffffff8c][0xffffff8f][0xffffffad]G9s[0x7][0x8]t[0xffffffee][0xffffffe9][0x17][0xfffffff9][0xffffffcc][0xffffffef][0xffffff8f][0x1b][0xffffffa3])M[0xffffffb7][0x6][\r][0xffffffbc][0xffffffea]U[0xfffffffa][0xffffffcc][0xffffffb3]Y[0xffffffda][0xffffff80]f6T[0x9]4[0xffffffa5][0xffffffdb]o[0x2][0xffffff9a]j[0xffffffff][[0x6][\r]-[0xfffffff3][0xffffffd8][0xffffffbe]fF<F/[0xffffff93]v[0xffffffc4][0xffffff84]D[0xffffff86]c[0xffffffed][0xc][0xffffffba][0xffffffe6][0xfffffff4].[0xfffffff3]@[0xffffff99][0xffffffa0][0xffffffa1])[0xffffffd8]w[0xffffffa6]("Q0[0xffffffa3][0xffffffda][0xffffffec]:[0xffffffb8][0x1][0x11]Y[0xffffff9a]D[0xffffffde][0xffffffc3][0xffffff8c]@J[0xffffffcf]S[0x0][0xffffff88]C[0xfffffff8][0xc][0xffffffa0][0xffffffd1][0xfffffffc]pt[0xffffff86][0xffffff84],[0x1c]e!HR[0xffffffee][0xffffff81][0xffffffc6] [0xffffff9b]i[0x18][0xffffff9b][0xffffffc9]{@W[0xffffff80]&[0x1f][0xffffffcf][0xffffffb4][0xfffffff9][0xffffff86][0xffffffcb][0xffffffcd][0xffffff8f][0xffffffd1][0xffffffd9]Z[0xffffffcc][0xffffffcc]V[0xffffffa9][0xffffffc3][0xc][0x1f][0xffffff8c][0xb];[0xffffffdd][0xffffffc3][0xffffffcc][0xffffffe5][0xffffffe5][0xffffffb7][0xffffffc1]L[0xffffffad][0xfffffffb]-`&[0xffffff8f][0xffffffed]E[0x18]P[0xffffffcd][0x1f][0xffffff9a][0xffffffbc][0xffffffa2][0xffffff8c]*[0x19][0xffffffa0][0xfffffff1]l+[0xffffffd7]z[0xffffffb4]c[0xffffffd6]hFc[0xffffffdf][0xffffffc8][0xffffff9e][0xffffffaa]2[0xffffffa2][0xffffff99][0xffffffc4]l[0xffffffcc]u[0xffffffa1]9k[0x12][0x1][0x19][0x4]hd[0xffffff9c]%:[0x1b][0xffffff8a][0xffffffd4][0xffffffa6]bp[0x6][0xffffffc9]L[0x1e][0xffffffb2][0xffffffdc]oz[0xffffff84][0xffffff9f]yxh[0x18][0xffffff86][0xffffffc9][0x12][0xffffffef][0xffffffb7]W4[0xffffffa9][0xffffffbc][0xffffffd7],3[0xffffff9a][0x11][0xffffffcd][0xffffffa4][0xffffffd4][0xffffffac]i[0xffffffe4][0xffffffe4][0xfffffff9][0xffffffad][0x12]f[0xffffffae][0xffffff8e][0xffffffb3]l3W[0xffffffa5][0xffffff9b][0xfffffff4]f[0xffffffde]Jfk'[0x0]N&[0xffffffa9][0x3][0xffffffcc][0xffffffb5][0xffffff91]n[0x2][0xffffffa6]|[0xfffffff3]M[0xfffffff0]R[0xffffffed]z[0xb]xA[0xffffffcb][0xffffffdc]#0[0xffffffd1][0xffffff9e][0x1][0xffffffd0]9[0xffffffdc]nH[0xfffffff0][0xffffff94]{$[0xfffffffe]`[0xffffff94][0xffffffc1]'c[0xfffffffa][0x1f][0xfffffff6]L[0xffffffca][0xffffffdb]3[0xffffffd9][0xffffff9f][0xffffffc1]\3,L[0xffffffe8]e[0xffffff88][0xffffff82][0xffffffb2]J[0xffffff83][0xfffffff0][0x10]iM[0xffffff9c][0xffffffdd]O[0xffffffc8]V[0xffffffd4]0[0x0][0xffffff84]R[0xffffffce]<W1[0xffffff8b];CZ[0x1f][0x17][0xfffffff0][0xffffff82]43[0x1c]][0xffffffe8][0xffffff86][0xffffffe8][0xffffff88]C[0xffffff83][0x11]yG[0xffffffd9][0xffffffed][0xffffffc0]l[0xffffffef]5[0xffffffe7][0xffffffc7][0x19][0xffffff8f]d^[0xffffffa8][0x11]`N[0xffffffd9][0xffffff8c]X9[0x4]`Nfi[0xffffff83][0xffffff99][0xffffffd9]Pe[0xffffffcc][0xffffffdc][0xffffffbe][0xfffffffd]&[0xffffffa0][0xffffffa9][0xfffffff6][0xffffffbf];[0xffffffa0][0x11]H]5[0x7f]dF9[0xffffffa0][0xffffff9a][0xffffffa9];[0xffffffd6][0xffffffc7][0xffffffe6][0xffffff9e][0xffffff8b]D[0xffffff85][0xffffffd9]u[0xffffffa4])V[0xfffffff4][0xfffffffc][\r][0x4][0xffffffce]X[0xffffffca]<L[0xfffffffd][0xffffff94][0xffffff97][0xffffffd1]P-@t[0xffffff86][0xffffffef][0xffffffb5]F'pp[0x14][0xffffffd2][0xffffffa6][0xfffffff4]tc[0xffffff86][0xffffffc6]h[0x14][0xffffffbc][0xffffff9b][0xf][0xffffff96][0xffffff99]-k[0xffffffcd][0xffffff99][0x3][0xffffffd8][0xffffffe5][0x17]7[0xffffff97][0xffffff8e]o[0xffffff94][0xffffffcd][0xffffffce]P[0x0][0x3][0xffffff80]]3[0xc][0xffffffcd]0[0xffffff8f][0xffffffb2][0x2]4[0xffffff87][0xffffffe3][0xffffffd6]8J[0x6][0xffffffcd]A[0xffffffb3][0xffffff8e][0xffffff9f]yf[0xffffff96]:[0xffffffd0]\[0x1b][0xffffffea][0x1e]h.o[0xffffffbf][0x9]h[0xffffffaa][0xfffffffd]o[0x19]49FjO[0xffffff9b]a[0x9]3[0xffffffa8]PzH[0xffffff8e][0xffffffd8]L0t[0xffffff86][0xffffffd2][0x7f]g[0xffffffe9][0xffffffab][0xffffffc1]ia[0xffffffb7][0xffffffac]e33Ct0[0xffffffd0][0xffffffe0]7[0xfffffff3][0x10]![0xf][0x8][0xf]-wkD[0xffffff9f][0xffffffab][0xffffffdf][0xffffffcf][0xffffff83]&W[0xffffff87]X[0x2][0xfffffff3]x[0xffffffad][0xffffff99][0xffffffb8]#[0xffffffec][0xffffffd8][0xfffffff1][0xffffff86] [0xffffffda]=[0xffffffd0][0x0]0[0xffffff84]i[0x1c][0xffffffe3][0xffffffcf]e[0xffffffda][0xffffffcc][0x19][0xffffffc6][0xe][0xffffffc7]=[0xffffff90]iE5;%3+[0xffffffdf][0xffffff99][0xffffffd9]([0xffffffb5][0xffffff90]A[0xfffffff9][0xffffffed][0xffffff9d][0xffffff99][0xffffffee]A[0xffffffe6][0xffffffe2][0xffffffee][0xffffff9b] [0xffffffa6][0xffffffda][0xfffffff9][0x16][0x10][0xffffffa3][0xffffffa9][0x11]![0xffffffcf][0xffffffdf]>[0xffffffff][0xffffffef]Y[0x18][0xffffffd3]9D[0xffffff98]"[0xffffffe9][0xffffff8a][0xffffff94]H[0xffffffc9][0xffffffa2][0xffffff80]'[0x1c][\n]"
16:09:28.340 [main] DEBUG org.apache.hc.client5.http.wire -- http-outgoing-0 << "3}[0xffffffce][0x16]$[0x1c][0x1a][0xffffffe6]4Q.[0x1b][0xffffffa9][0xffffff92]1[0x19]4@[\n]"
16:09:28.340 [main] DEBUG org.apache.hc.client5.http.wire -- http-outgoing-0 << "@[0xfffffffa][0xffffffd6][f[0xffffff84][0xffffff90][0xffffffae][0xffffffac][0xffffff90]g[0xffffffca]R[0xffffffb3]l[0xffffffce][0xffffffa0]x[0xfffffffe]`.#[0xffffffb3][0xffffffb6][0x5][0xffffffb3]wL,[0xffffff94][0x10][0xffffffc3]:[0xffffffc8][0xffffff90][0xffffffbb]3[0xffffff99]3cw[0xffffffcc]oAj^xf[0xffffffde][0x1f][0xf]$vY[0xffffff98][0xffffffa6]e2[0xffffffb3]rhf[0xffffffb6]I[0x1d]`@[0xffffffcb][0xffffff85][0xffffff95]J[0xffffff80])]}[0x13][0xffffffc4]T;[0xffffffdf][0x1d][0xffffffc4][0xfffffffc][0xffffff94][0xffffffc5][0xffffff99][0xffffff88][0xffffffe3]Ly[0xffffff9c]L[0xffffffb2]p[0xffffffb6][0xffffffeb][0xfffffff4][0xffffffc4]b[0xc]A[0xffffff81][0xffffffa9][0xfffffff7]aB;B[0xffffff8c]S@[0x13][0xffffff90]<[\r]5[0x1a][0xffffffea][0xffffffcc][0xffffff94][0xffffffce]`k:[0xffffffe4][0xffffffff],Lg[0xffffff8d]X[0xffffffe0][0xfffffff3]o[0xffffff8c][0xffffff85][0xffffffc5][0x6]{[0xffffffed]qj[0xffffffe6][0xffffffde][0x17][0xffffffd8][0xfffffff4]I[0xffffffe5][0xfffffffd].bhk#[0xffffffb1][0xffffff99][0xffffffab]k[0xffffffc5]23o[0xffffffcc][0xffffffc9]m[0xe][0xffffffc7][0xffffff81][0xffffffa2]n<[0xffffffcf][0xffffffbc][0xffffff92][0xffffffcc]<[0xffffffdb][0xffffffa4][\r]bf+[0xffffffdd]E[0xffffffcc][0xffffffc5][0xffffffd5]7AL[0xffffffb5][0xfffffff3]- [0x6][0xffffffca][0x17][0xfffffffd][0x7f][0xffffffd5][0xffffffbe]1[0xffffffd3][0xffffffc3]- [0xffffffe1][0x1d][0x2]O[0xffffffd8]4E[0xfffffffe][0x13][\n]"
16:09:28.340 [main] DEBUG org.apache.hc.client5.http.wire -- http-outgoing-0 << "[0xffffff80]VA[0xffffff89][0xffffffa1]a[0xffffff83][0xffffffda]?[0xffffffa2][0xffffff80][0xffffffce][0xffffffe9][0xffffff84],@[0xffffffe7][0x18]BC?[0xffffff83][0xffffffd1][0xffffffe0][0x9][0x1c]QBsH[0xffffffb8]?[0xffffff8f][0x18][0xffffffa6][0xffffffd9]h[0xffffff8f]>*4K[0xffffff84][0xffffff9e]u[0xffffff84]w[0x14][0xffffff8d]cam&[0x10]`[0x17]d[0xffffffd8][0xb][0xffffffcd]0<[0xffffffe2][0xffffff99][0xffffffcd]D[0xffffff9c]c)[0xffffffff]??N[0xfffffff8]da[0x0][0xffffffb4]B[0xffffffcc]),[[0xffffff99][0xffffffc9][0xffffffcc]V[0xffffffa9][0xffffffc3][0xffffffcc][0xffffffb5][0xffffff9d]J[0xffffff98])]~[0x13][0xffffffcc]T[0xffffffbb][0xffffffdf][0x2]f[0x18][0xffffff8a][0xffffffcc][\n]"
16:09:28.340 [main] DEBUG org.apache.hc.client5.http.wire -- http-outgoing-0 << "[0x13][0xffffffed][0xffffffc5][0xffffff99][0x8][0xfffffff8][0xffffffe8][0xfffffff9][0xffffff93][0xffffff85]+[0xffffffe6]b"[0xffffffeb][0xffffffcc][0xfffffffa][0xffffff9e]=F[0xffffff84]`j[0xffffffca][0xffffffe1][0xffffff89][0xffffffcf][\r]K[0xffffffcd]:[0xffffff80][0x18]z)[0xffffffd8]0[0xffffffa3][0xffffffe9][0xffffffdc]0[0x5]@[0xfffffff2]#y[0xffffff8a]jV[0xffffffcd]2e[0xffffff90][0x1f][0xffffffb4][0xffffffc7][0xffffffd7][0xffffff99][0xfffffff1][0xffffffca][0xffffffc8][0xffffffcc][0x1c]#[0xffffffae]+[0xffffffbd]2[0xffffffe2]m4Sq[0xffffffd6][0xffffffb0]/P[0xffffffc6][0xffffffcc]{.[0xffffffd6][0xffffffcc][0xffffffde][0x1f]Wl[\n]"
16:09:28.340 [main] DEBUG org.apache.hc.client5.http.wire -- http-outgoing-0 << "9[0x1b][0xffffffc8]i4[0xffffffcf][0xc][0x13]aU3s6K[0x1d]h[0xe][0xffffffa1][0xffffffd9][0xffffffb9][0xffffffa1][0xffffffca][0xffffffa0]9[0xffffffcc][0xffffffb1][0x1e][0xffffff8c]5[0xffffffdf]~[0x13][0xffffffd0]T[0xfffffffb]_[0x19]4[0xffffff8a][0xfffffff4][0xffffff81]oelO5c$S[0xffffffc0][0xffffff81][0xffffffa1][0xffffffa6][0xffffffc4]&@[0x5][0xffffffb1]9[0xb][0xffffffe6][0xffffffd0][0xfffffffb]W#[0xffffff94][0xffffffe5][0xffffffa0]Y[0x11][0x10][0x1c][0xffffff90][0xffffffa1][0xffffffc2]l[0x8][0xffffffd7]zH[0x2]([0xffffffd2]$gXI[0xffffff9b][0x15][0x1]+[0xffffffc6]3![0x14][0xffffffa0]l[0xffffffa3][0x1f][0x17][0x1][0xffffffd8][0xffffff83][0x6][0xfffffff9][0x18]"[0xffffffbb][0x2]h[0xfffffff2][0xfffffff2][0x18][0xffffff84]3[0xffffffb2][0xffffffd0][0xffffffec]^k[0xffffff96][0xfffffff4]$[0xffffffcf][[0xffffff96]@sq[0xffffff9c][0x1c][0xffffff8b]I[0xffffffeb][0xffffffb6][0xffffffc9][0xffffffcc]J[0xfffffffa][0xffffffff]l[0xffffff93]6[0xffffff88][0xffffff99][0xffffffad]T@L[0xfffffff1][0xffffffea][0xffffff9b] [0xffffffa6][0xffffffda][0xfffffff9][0xffffffee] F[0xffffff93]d4[0xffffffaf]2[0xffffff83][0x11]Z[0xfffffffb][0xffffff9d]f[0xffffffb9][0x1f][0xfffffff4][0xffffffcf][0xffffffc8][0xffffffff][0xffffffb1]i[0xffffff96]a[0x0]Ts)"[0xffffffc3][0xffffffbe][0xffffff8c][0xffffffa3]A[0x1d][0x0]1f[0xffffffc1][0xffffffd0]?[0x1d][0x1a]m[0x2]r[0x1a][0xffffffb2]O[0xffffff9a][0xffffffff][0xffffffd9]X![0xffffff9b][0xffffffc1][0xffffffa7][0xffffff9c][0xffffffa1][0xffffffe9][0xffffffbc]=[0xfffffff7][0xffffff91][0xfffffff4][0x1f][0xffffffd1][0xffffffe1][0xfffffffd][0xfffffffa]X[0xfffffffe]t[0xffffffaa] 5[0xffffff93]icG[0xffffffc4][0xffffffa0][0x0][0xffffff80][0xfffffff4][0xffffff99]"[0xffffff9d]YHf.[0xffffff8e]3X[0xffffffc0][0xffffffa6][0xffffff8d]F[0xffffff88]9[0xffffff85]f+_[0xffffff99][0xffffffd9]*u[0xffffff98][0xffffffb9][0xffffffb6][0xffffffd3]][0xffffffcc][0xffffffec]m5_~[0x13][0xffffffcc]T[0xffffffbb][0xffffffdf][0x12]f[0x10][0xffffff87]g[0xffffffbe][0xffffffb0]};3[0xc][0xffffff91][0xffffffce]~[0xffffffcf][0xffffffb2]e[0xffffffc3][0xffffffb7][0xffffffb8]gwYp[0xffffff9e]b[0xffffff98]b>[0xffffff87]$&[0xffffff8f]\[0x11][0xffffffa1]A[0xfffffff9][0xffffffa7][0xfffffff4][0xffffff8a]\3[0xffffffe3][0xffffff9a][0xffffffa3]G[0x3] [0xffffff85][0xffffffce]v[0xffffffac]l[0xffffffaa][0xffffff90]g[0xffffff82][0xffffffb9][0xffffffc6]"[0x10][0xfffffffb]T[0x1]@[0xffffffef],[0xffffff9c][0xffffffe3],[0xffffffeb]w[0xffffffb3]3[0xffffff93]A@;3d[0xfffffff2][0xffffffb3]@0[0x0]~[0xffffffe9]=[0xffffffcc][0xffffff9c][0x1d][0xffffffd7][0xffffffb0][0x5][0xfffffff2]:[0xffffffa7]&%[0xffffffb3][0xffffffb9][0xffffff9d][0xffffffb9]r[0x8]`6K[0x1d]h[0xe][0xffffffa1][0xffffffd9][0xffffffb9][0xffffffa1][0x16]@s[0xfffffff3][0xfffffff6][0xffffff9b][0xffffff80][0xffffffa6][0xffffffda][0xffffffff][0x16]@[0x3]^[0xfffffff0]U[0xffffffd5]>4[0xffffff93][0xffffff88]J[0xffffffb1][0xffffff88][0xffffffc9][0xffffffb1][0xffffffd0][0xffffff9c]W$s[0x1][0x2][0xffffffc5]1[0xffffffd1]MyI[0x6]K5[0xffffffa9][0x2]X[0xffffffb6]7%E[0xffffffdb]?[0xfffffff6]=[0xffffffcc][0xffffffb2]`Y[0xffffff80][0xffffff86][0xffffffee][0x19][0xffffff99][\r][0xffffffe3]f[0xffffffcf][0xffffffd7][0x0][0xffffffa0][0x19]S[0xffffffdb][0xfffffff6]O[0xffffffe5]3[0xfffffff0]`plU[0xffffffaa][0xffffff9a][0x1][0xffffff9a]<[0x5]`[0xffffff91][0x0][0xffffffcc][0xffffff8b]3ye[0xffffffe8][0xffffff9c].[0xffffff86]f[0xffffffe7][0xffffffc7][0xfffffff3]>[0xffffffcf][0xffffffc6][0xffffff91][0xffffffd9]J6[0xfffffff3]l[0xffffff92]6[0xffffff80][0xffffff99][0xffffff8d]T[0x6][0xffffffcc][0xffffffcd][0xffffff9b]o[0xffffff82][0xffffff97]j[0xffffffd7][0xffffffbb][0xffffff83][0x17][0xffffffc2][0xffffffa1][0xfffffff6][0x13][0x0][0x6][0xffffffed][0xb]6[0x0][0xfffffff2]tdML[0xffffffc4]0xN&@[0xffffff83](`[0xffffffe4][0xffffff95][0xffffffa1]<60[0xffffffeb][0xffffff9f][0xfffffff7][0x3][0xc][0xffffffd4][0xffffff9b][0x11]jB9[0xffffffc3][0xffffff8e][0xffffff81][0xfffffff4]'omv[0x15]:[0xffffffb3][0xffffffa4][0x17]F[0xfffffff9][0xfffffff0][0x14]^[0xffffffe0]l[0x1][0xffffffb6][0xffffffac]QVzd[0xe]n[0xffffffa0][0xffffffa1]'[0xffffffda][0x1d][0xffffff9a][0x6]95Y[0xffffffc8]d[0xffffffce]O[0xffffffd3][0xffffffef]Aj[0xffffffa6][0xffffffd1][0x1b]s[0xffffffe0][0xffffff98][0xffffff85][0xffffff95]D[0xffffffe6][0xffffffd9]$-[0xfffffff0]rn[0xffffffa4]{x9[0x18]j[0xffffffbe][0xfffffffa]&[0xffffff80][0xffffffa9][0xfffffff6][0xffffffbd]%[0xffffffc0][0xffffffd0][0xffffff8b][0xffffffa3]-[0xffffffd3]>[0xffffff93]A[0xffffff9d][0xffffffbc][0x1b][0xffffffc8][0xfffffff9][0xffffffd9],[0xffffffcb]_IR[0xfffffff8][0xffffffc7][0x10][0xfffffff0]@aNt[0xfffffffd][0x1d][0xb][0xffffffcc]'[0xffffff88][0xffffffbd]=j[0xffffffe7]lbF[0xffffff86][0xffffff96][0xffffffa2]Z[0xffffff9f][0xffffffa7][0xffffff9c];[0xffffffcd][0xffffffee]YH+[0xffffffcf]?0[0xffffffac]![0xffffff86]/[0xfffffff3]h&s[0x8]6[0xc]k[0xfffffffd]h[0xffffffe7][0xffffffdf]}`[0xffffffe0]e2[0xffffff92]FV[0xffffff86]p[0xffffffe1][\n]"
16:09:28.341 [main] DEBUG org.apache.hc.client5.http.wire -- http-outgoing-0 << "[0xffffffc4][0xffffffbc]?[0xffffffde]$*;e2+[0xffffff83][0xffffffb2][0xffffffd9]*m03[0xffffffdb][0xffffffe9][0x1e]f./[0xffffffbf][0x9]f[0xffffffaa][0xffffffdd]o[0x1]3[0xffffffc8][0xfffffff5][0xffffffc0][0xfffffff6][0xfffffffa][0x9][0xffffff98]a{[0x19]{e'z,[0xffffff9d][0xffffffdb][0xffffffe7]3P[0xfffffffd][0xffffffe5]`[0x12][0xffffff99][0xffffffcb][0xffffff88]fsD[0xffffff9d][0x9][0xfffffffd][0x7f]C[0xffffffbe]C[0x19][0xffffff9a]I[0xffffff99]AJ[0xffffffea]T[0xffffff88][0xffffff9d][0xffffffd3][0xffffffa3]q[0xffffffe8][0x2]>[0xffffff8f][0x19][0x9][0xffffffb3][0x0][0xffffffd8]<>1[0xffffffb3]/[0x1c]3c[0x16][0xffffff8a]D[0xffffffe6][0xffffffbc][0xffffffd2][0xffffffcf][0xffffffff]&e[0x1e][0xfffffffe]g[0xffffff8f]3[0xfffffff5]y6[0xffffffda].`[0xffffffe6][0xfffffffd]q[0xffffff98][\r][0xffffffd4][0xfffffff1][0x1a][0xffffffbd]2s&[0xffffffb3][0xffffff92][0xffffffcc]<[0xffffff9b][0xffffffa5][\r]hfC[0xffffff95]@S[0xffffffba][0xfffffffd]&[0xffffffa0][0xffffffa9][0xfffffff6][0xffffffbf][0x5][0xffffffd0][0xffffffb0]1[0x14]6[0xffffffb1]j[0xffffffcf][0xfffffffe][0xf])[0xffffffab][0xffffffbd]R.[0xffffff83][0xffffffdd][0xffffffaf][0xffffffa6][0xffffff89]6^V[0xffffffff][0xffffffef]G[0xffffffd4][0xffffffcb][0xffffffa9][0xffffffa2]e[0xfffffffd]r8[0xffffffce][0xc][0xffffff97]E6e$;L[0xfffffff0]|{6[0x5]R[0xffffff8c][0xffffffe8]EL[0xfffffffa][0xfffffff9][0xffffffdd]L[0xffffffe8][0xffffffec]y[0xffffffd4]m[0x1e]U[0xffffff99][0xffffffc9][0x12][0x18][0xffffffaf]J[0xffffffef]"[0xffffffda][0xffffffcc][0xffffffee][0xfffffff6][0xffffff98][0x19]%[0xffffffb3][0xffffffb0][0xffffffa7]'kZ[0xffffff99]Y/[0x10][0xffffffc5]a[0xffffffc4]9[0x16]As~[0x1c]n[0xffffff92]?{[0xffffffc3][0xffffffea]:3[0xffffffa7][0xffffff87]f%ff[0xffffffab][0xffffffd4]a[0xffffffe6][0xffffffda]Ne[0xffffffcc][0xffffffdc][0xffffffbe][0xfffffffc]&[0xffffff98][0xffffffa9]v[0xffffffbf]%[0xffffffcc]P[0xffffff91][0xffffffe5]'[0xffffffd9]>[0xfffffffb][0x17][0xffffffec][0xffffff90]UI[0xffffffe7]V%s[0xffffffcd][0xfffffff4]1GJg[0xffffffb0][0x0][0xffffffd0][0xffffff98][0x1d][0xffffffa2]AM[0x13][0xffffffb6][0x9]d{[0xffffffc1][0xffffffb0]b"[0xffffffbf]as[0xfffffff1][0xffffffc8]h3l[0x1][0x16][0xffffffce](F6+[0x1e][0x1a][0x1f][0xfffffff8][0x10][0xffffffc8][0x7][0xffffffc9][0xffffffcc]y[0xffffff87][0x10][0xffffffe4][0xffffffb1][0x1d][0xffffffd2][0xffffffce][0xffffff88][0x8][0xffffff94][0xffffffb2][0x19]vA[0xffffffd2][0xffffff98]aeF[0xffffff9e][0xffffffce][0xffffffdc][0x5][0xffffffd6]@[0xffffff97]Uf[0xffffff80][0xffffffd8][0xfffffffb][0xffffffe3]y[0xffffff8c].[0xffffffb4]/[0xffffff99][0xffffffad]$[0xffffff9a][0xffffff91]I[0xffffffbe][0xffffff99][0xffffffa5][0xe]4[0xffffffd7][0xffffff86]*[0xffffff81][0xffffffa6]t[0xfffffffb]M@S[0xffffffed][0x7f][0xb][0xffffffa0][0xffffffb1][0xffffffec][0xffffff9a]u>[0xffffffcf]16[0x16][0xffffffce][0xffffffe8][0xffffffd1][0xffffff93][0xffffff85][0xffffffe6][0xffffffcf][0xffffffb2][0xffffffd9]D[0xffffffb5][0xffffff99]&f[0xffffff8c][0xffffffa8][0xffffffff][0xffffff91][0xffffffcc]hd[0xffffffff]S[0xffffff84]q%[0x5][0xffffffd3][0xffffffcd][0x13][0xffffffc4][0x0]*I[0xffffffec]r[0xffffff86][0xffffff81]<[0xffffffa2]t[0xffffffce]LZ?@{y[0x1e]4[0xffffff86]f7[0xffffffbb][\r][0x1e],[0x1][0xffffffd0]sPY[0xffffffda][0x1f].[0x18][0xffffffcf][0xffffffe3][0x2]h[0xffffffdc]"
16:09:28.342 [main] DEBUG org.apache.hc.client5.http.headers -- http-outgoing-0 << HTTP/1.1 200 OK
16:09:28.343 [main] DEBUG org.apache.hc.client5.http.headers -- http-outgoing-0 << date: Wed, 13 Mar 2024 16:09:28 GMT
16:09:28.343 [main] DEBUG org.apache.hc.client5.http.headers -- http-outgoing-0 << content-type: application/json
16:09:28.343 [main] DEBUG org.apache.hc.client5.http.headers -- http-outgoing-0 << transfer-encoding: chunked
16:09:28.343 [main] DEBUG org.apache.hc.client5.http.headers -- http-outgoing-0 << content-encoding: gzip
16:09:28.343 [main] DEBUG org.apache.hc.client5.http.headers -- http-outgoing-0 << x-ratelimit-limit: 180
16:09:28.343 [main] DEBUG org.apache.hc.client5.http.headers -- http-outgoing-0 << x-ratelimit-reset: 1710346228
16:09:28.343 [main] DEBUG org.apache.hc.client5.http.headers -- http-outgoing-0 << x-ratelimit-remaining: 180
16:09:28.343 [main] DEBUG org.apache.hc.client5.http.headers -- http-outgoing-0 << x-trace-id: 1cc1b03b9203b81c0ef11640dc9702c2
16:09:28.343 [main] DEBUG org.apache.hc.client5.http.headers -- http-outgoing-0 << server: nginx
16:09:28.343 [main] DEBUG org.apache.hc.client5.http.headers -- http-outgoing-0 << x-frame-options: deny
16:09:28.343 [main] DEBUG org.apache.hc.client5.http.headers -- http-outgoing-0 << x-content-type-options: nosniff
16:09:28.343 [main] DEBUG org.apache.hc.client5.http.headers -- http-outgoing-0 << x-xss-protection: 1; mode=block
16:09:28.343 [main] DEBUG org.apache.hc.client5.http.headers -- http-outgoing-0 << strict-transport-security: max-age=31536000
16:09:28.345 [main] DEBUG org.apache.hc.client5.http.impl.classic.MainClientExec -- ex-0000000001 connection can be kept alive for 3 MINUTES
16:09:28.359 [main] DEBUG org.apache.hc.client5.http.wire -- http-outgoing-0 << "[0xffffff9e][0xffffff9a][0xffffff99][0xffffff8f][0xffffffa3]Q[0xffffff8e][0x10][0xffffffde]R[\r][0x0][0xffffffb7][0xffffffb9]q[0xffffffbc]mF[0xffffffb3][0x12]3[0xffffffb3]Uj1si[0xffffffa7][0x5][0xffffffcc][0xffffffdc][0xffffffbc][0xfffffffc]&[0xffffff98][0xffffffa9]v[0xffffffbf];[0xffffff98][0x9][0xffffff88]l5[0xffffffc7][0xffffff8c][0x17][0xffffffd2][0xffffffb1]\FjT[0xffffffca]2![0xb][0xffffffb5][0xffffffbf]A[0xffffffe4][0xffffffd4][0x6][0xffffffae][0x19][0xfffffff4][0xfffffffc][0xffffff81][0xffffff96][0x7f]f0[0xf][0xffffffa8][0xffffff9b][0xffffffb1]<[0x13]qfv[0xffffff9b]3[0xffffffcd][0xc][0xffffffb2]|[0x8]@[0xffffffe9]y[0xffffffcc]P7[0xffffff87][0xffffff99][0x1f][0x1e][0xffffff97]3#[0xffffffa3]a[0xffffffe7]2[0xfffffff5][0xffffff88][0xffffffbc][0xffffffa7][0xfffffffc]v[0xffffffd9][0xffffffcc]C[0xffffffb8][0xfffffffc][\r]J[0xffffffbb][0xffffffe4][0xffffffad]a[0xffffffd4][0xffffff8c][0xffffff88]2[0xffffffaf][0xffffff8f]-[0xffffffd6][0xffffffcd][0xffffffde][0x1f][0xffffffd7]0[0xffffff82]D[0xffffffab][0x9][0xffffff80]9[0xffffffa3]Y[0xffffffc9][0xffffffcf][0xffffff9c][0xffffffcd]R[0x7][0xffffff9a]C[0xffffffb9][0xffffffe4][0xffffffdc]Pe[0xffffffd0][0xffffff9c][0x1b]k[0xffffffbe][0xfffffffd]O[0x0][0xffffffcd][0xffffff82][0xffffff87][0xffffffe7][0xffffff88][0x18][0xffffffc9][0xffffff89][0xfffffff6]sa[0xffffff82][0xffffff95][0x15][0x1a][0xffffff8d]VV[0xffffff8d][0xffffffa7][0x1c]-[0xfffffff5]LQ[0xffffff8e]=[0xffffffc2]+[0xffffffca];[0x6][0xffffffc2][0xffffff98]/[0x1e]%b[0xffffffe4]x|Ol[0xffffff85][0xc][0x19][0xffffff9c]Nv[0xffffff90][0xffffffb1][0x13][0xffffff93][0x1e]%J~5[0x1e][0xffffffce]zW[0xffffffba][0xffffff9c][0xffffff8f]u[0xffffffec][0xffffff8f]?8[0xffffffcb][0xffffffd8]@[0xffffffd9][0xffffffc3][0xffffffdd][0x7]%[0xfffffff6][0x1e][0x1e]_[0xffffffa5][0xffffffdf]i[0x18][0xffffff8a]v[0xffffff81][0xffffffb0]/[0xffffffde][0x1f]g[0xffffffc3][0xffffff9f][0xb][0xffffffad][0x8][0xfffffffb][0xffffffb3][0xffffff87][0xffffffaf][0xffffffa4][0xffffffb9][0xffffffb0]6[0xfffffff1][0xffffffcd],m<|6T[0xffffffc9][0xffffffc3]K[0xffffffb7][0xffffffdf][0xffffffdc][0xffffffc3][0xffffffb3][0xffffffe8]I{[0xffffffea]#[0x1f][0xffffffb7][0xffffffbc][0xfffffffc]8[0xffffffab][0xffffffb5][0xfffffff0][0xffffffa9][0xffffffa3][0xffffffb1][0xffffff91][0xffffffe0]ott=2[0xffffff95]i[0xffffffa0][0xfffffff0][0xffffffc3][0xffffffce]=$[0x1a] [0x3][0x12][0x19][0xffffffe9][0xffffffbc][0x1c][0xffffff87][0xffffffe4][0x13][0x1d]$o[0xfffffff0]z:[0xffffffd1][0xffffffcf]{8[0xffffff82][0x14][0xffffffac][0xfffffff4]{T[0xffffff92][0xffffffe2][0xffffffe8][0xffffffe1][0x14][0xffffff91][0xffffffe1]6[0xffffff97][0xffffffbe][0xffffffe1][0xffffffa7][0x1f][0xffffff9a][0xffffffde][0xffffffaf]JbY[0xffffffd3][0xffffffd2]H[0xffffffca][0xffffffec][0xffffffe1][0xfffffffb][0xffffffe3][0xffffffd0]][0xfffffff8][0xffffffb3]5[0xffffffaa]J[0xffffffbd][0xfffffff5]>V[0xffffffce]p[0xffffffcd]6i[0xffffffe3][0xffffffde][0xffffffb3][0xffffff95][0xffffffee][0xffffffba][0xfffffff7][0xffffffc5][0xffffffd5][0xffffffb7]uo[0x18][0xffffffeb][0xffffffc8]9[0xfffffffc][0x4][0xfffffff7][0xffffffee]zL[\n]"
16:09:28.360 [main] DEBUG org.apache.hc.client5.http.wire -- http-outgoing-0 << "[0xffffffe9]0A[0xffffffb0]B[0xffffffbb] IBm[0x6]zIR[0x11]ZeZ[0xffffff9d][0xffffffad]_[0xffffff90][0xffffffaf]&[0xffffff97]g[0xffffff96][0xffffffc8][[0xfffffff8][0xffffffd4]#Ol[0xffffffc6][0xffffff91]O[0xffffff9c]g)X[0x5][0xffffffe5][0xffffff8a][0xffffffd5]-[0xffffffc8]:[0xffffffd8][0x7][0x15]W[0xfffffff6]a[0xffffff87][0xffffff92];v[0xffffffb6][0xffffffe6]o[0xfffffff2][0xffffffed][0x8][0xffffffc5]~[0xffffffd0]D([0xffffff84]'|[0xffffffbf][0xffffffc5].K0[0xffffffe7]-*[0xffffffc5][0x8][0xffffffe5][0xfffffffd]q' [0xffffffcf][0xffffffb4]R):[0xffffff95][0xffffff8f]V[0x6]([0xffffffb3]Q[0xffffffea][0xfffffffc][0xfffffffb][0xffffffca]L%[0xfffffff7].[0xffffffdd]}[[0xfffffff7][0xffffff86][0xffffffe3][0x1][0x1f][0xfffffff6]'[0x10]=P[0xffffffd8][0xffffffa6][0xffffffb0][0xffffff81][0xffffffd4][0xffffff88]G[0x10][0xffffff9b][0xffffff91][0xffffffc2][0xffffff81][0xfffffff5]A.[0xfffffff4]y[0xffffffe9][0xffffff80][0x1e][0x13]U[0x1e]([0xfffffff3][0xffffff94]Cqn[0xffffffd2]fd [\r][0xffffffe4][0xffffff8f][0xffffffbc]O[0xffffffc5][v[\n]"
16:09:28.360 [main] DEBUG org.apache.hc.client5.http.wire -- http-outgoing-0 << "[0xffffff8d][0xffffffb1]*[0x2][0xffffffcf][0xffffffa2][\n]"
16:09:28.360 [main] DEBUG org.apache.hc.client5.http.wire -- http-outgoing-0 << "YX[0xffffffec][0x11]F[0xffffffe1][0xffffffe1][0xffffffeb][0xffffffed]v[0xffffffb0][0xffffff92]i[0xffffffe2][0xffffff95][0xfffffffd][0xffffff9b][0xffffffa0]2O[0x13][0xffffffa2][0xffffff8f]"r[0xffffffa9][0x7]5[0xffffffcb]E[0xffffffff][0xffffffbe]u[0xffffffbc]I[0xffffffd6]:[0xffffffc7]'+[0xffffffc9][0x1e]y[0xfffffff1][0xffffffeb][0xffffffc1],u[0xe]~m[0xffffffa8][0xffffffb2][0xffffff87][0xffffffdf][0xffffffbe][0xfffffffd][0xffffffe6][0x1e][0xffffff8e][0x3]f[0x1e]C[0xffffffe3][0xffffffba][0xc][0xffffffeb][0xffffffeb][0x18][0xffffffeb]c[0xffffff81][0x7][0xffffffa2][0xfffffff1][0x9]e[0xffffffd3][0xffffff81][0x9][0xffffffa3][0x1c]p[0xffffffa3][0xffffff90]-'4M[0x13][0x1f][0xffffffef].uS[0xffffffc7][0xffffffac][0xffffff93]Cc[0xe]&z[0xffffffa6]:1[0xffffffcd]4![0xffffff84][0x1a]*[0xffffffc6][0xffffff99]x8[0xffffffa2][0xffffffdc]k[0x1a]?[0xffffffe2][0xffffffe1][0xfffffff6]U[0xffffffa3]k[0xffffff85][0xffffff87][[0xffffffaf][0xffffff8b][0xffffffb5]LV[0xffffffc7][0xffffffed]U[0xffffffe6][0xffffffa9]e21kY[0x0][0xffffffb1][0xffffff98]b[0xffffffbe]?[0xffffffce]l=[0xffffff93]\m[0xffffffc3][0xffffff93][0xffffff95][0xffffff84][0xffffffd9][0xffffffd9]$u[0xffffffde]}e[0xffffffa4]e[0xffffffe7]>[0x1a]j[0xffffffbe][0xfffffff9][0xffffffb6][0xffffffce][\r]e[0x0]m[0xffffff9a]<[0xffffffd8][0xffffffd6][0xffffffd8][0xffffffb9]'?[0xffffffe9]A[0xffffffc8]>[0x10]tO[0xffffffc3][0xffffffe0][0xffffff87]L[0x4]O[0xffffff9d][0x9],[0xffffffd4]bU[0x1c][0xffffffff][0xffffffd0][0xffffffde][0xfffffff5][0xffffff88][0xffffff94]![0xffffff9a][0xffffff80][0xffffff82][0xffffffa2][0x10]c[0xffffffdf][0xffffffc1][0x19][0xffffffec]C7 [0xffffffee][0xffffffcb][0xffffffee][0xffffff9e][0xffffffe7][0xffffff83]o4N[0xffffff98]y[0xffffffca]{[0xffffffee][0x1f]q[0xffffffee][0xffffffc3][0xffffffe6]&&V[0xffffff89]k[0xffffffca]4[\n]"
16:09:28.360 [main] DEBUG org.apache.hc.client5.http.wire -- http-outgoing-0 << "[0xfffffffb]A[0xffffffb0][0x14][0xffffff9e][0xfffffff5]VH[0xffffff94][0xffffffc8][0x1d]b[0xffffffbd][0xffffffa4][0xffffffcf][0xffffff8b][0xffffff9f][0xffffffef][0xfffffff3][0xffffffe3]HI[0xfffffff8][0xffffffe6][0xffffffa3]z+[0xffffff93][0xffffffcb][0xffffffd9](u[0xffffffee]}m[0xffffffa6][0xffffffb2][0x7f][0xffffffdf][0xffffffbc][0xfffffffb][0xffffffcf]vo[0xffffffde]m[0xffffffa4][0xffffffa0]q[0xffffffe7][0xfffffff1][0xffffffe5][0xffffff95]M[0xffffffd4]y[0xe]5[0xffffffb4]/[0xffffffa9][0xffffffb3]>'[0xffffffe9]a[0x18]Y[0xffffff96][0xffffff93][0xffffff9d]w[0xffffffe8][0xffffffd0][0xffffff9a]rb[0xffffffc8][0xfffffffb]][0xffffff93]b[0xffffffa7][0xffffffce][0xffffffd0][0xffffffb9].g[0xffffff9d][0xffffffac]q[0xffffff87]d[0xffffffd7][0xffffff93]zRO[0xffffff84][0xffffffba]mF[\n]"
16:09:28.360 [main] DEBUG org.apache.hc.client5.http.wire -- http-outgoing-0 << "[0xffffff8b]:[0xffffff99][0xffffffe7][0xffffffbd][0x1b][0x12][0x2][0xffffffcd]/[0xfffffffd]T[0xfffffff1][0xffffffc4]C[0x12]"[0xfffffff8].[0xffffffc5]&[0xffffffec][0xffffff96]R96[0xffffff81][0xffffffb9][0xffffffad][0xffffff89][0x9][0xffffffb2][0xffffff84][0xffffffd7]Ru[0xfffffff0][0xfffffffd]q[0xffffffbe][0xffffffdc],[0xffffffba][0xffffffba][0xfffffffe]t[0x1f][0x7f][0x1e][0x7f]v[0xffffffdf][0xffffffbe][0xffffffff][0xfffffffe][0xffffffd6][0xffffffd0][0xfffffffd][0xfffffffd][0xffffffc7][0xffffffb7][0xfffffff4][0xfffffff5]S[0xfffffff7]Wzy}[0xfffffff9][0xffffffbb][0xfffffffb][0xfffffff4][0xffffffb1][0xfffffffb][0xfffffff2][0xfffffff9][0xfffffff3][0x1f][0xffffff98][0xffffffe4][0xffffffed][0xffffff97][0xffffff8e][0xffffff91]I\[0xffffffc9][0xffffffaa][0xffffff9b]MR[0xffffffe7][0xffffffdb][0xffffff87][0xffffffc0][0xffffffe4][0xffffffcc]H%[0xffffffd7].[0xffffffdd]|[[0xffffffdf][0xffffffa6][0xffffff84][0xffffffc6]PV[0xfffffffb][0xffffffd2][0xfffffff7]4[0xffffffc2][0xffffffd9]G[0xffffffd9][0xffffff86]e[0xffffffd0]T[0xffffffb9][0xffffffa7][0xffffff80]`[0xffffffc7][0xffffffa8]YM[0xb][0xffffffc5]-[0x13]D[0xffffffe3]`[0xfffffff9]b[0xffffffab][0xffffff8e][0xffffff95]jq[0x14][0xffffffac][0xfffffff5]H[0xffffffac][0xffffffc6]A[0xffffffe4][0xffffff83]y8[0xffffffe3][0x6][0xffffffc8]8[0xffffffcf][0xfffffffb]6[0xffffffc4][0x4]f[0xffffffb3][0xfffffff4][0xffffffe3][0xffffffaa][0xffffff84]{[0xffffffd6]t~`[\n]"
16:09:28.360 [main] DEBUG org.apache.hc.client5.http.wire -- http-outgoing-0 << "{[0xffffffd6]i[0xffffff9a][0xffffffea][0xf]z_[0x18][0xffffff84][0xffffff9a] [0xffffffa9][0xfffffffe][0xffffffe6][0xffffff9e][0xffffffe9][0x12]/[0xffffffe1][0xfffffffd]q+[0xffffffb2][0xffffffa9][0xffffff9b]8[0xfffffff7])[0xffffffad]\[0x19]u[0xffffffcf]6i[0xffffffe3][0xffffffdc][0xffffffb3][0xffffff95]J[0xffffffde]][0xffffffba][0xfffffffa][0xffffff96][0xffffffde]M[0xffffffbd]$[0xffffff90][0xffffffe9][0xfffffffd][0x4]e'[0xffffffca]}[0x2][0xffffffde][0xffffff99][0xffffffa6][0xffffffc0][0xffffffad]a[0xc][0xffffffa4]~R[0xffffff99][0xffffff87]3D[0xffffff82][0xffffffeb][0xffffff98]g:#[0xffffffc2]N|[0xffffffce]=[0xffffffab][0x5][0xffffffa8][0xffffffae][0xfffffff4][0xffffffc3][0xffffffa8][0xffffffe0][0xffffffe7][0xffffffb0][0xffffffd6]V+$[0xffffffd3]\EZ[0xffffffc9][0xffffffce][\r]2Z[0xfffffff7]TZ[0xffffffe9][0xffffffd1][0xffffff9e]Q[0xffffffae]X5a][0x11]25[0xfffffffb][0xffffffb7][0xffffff99][0xffffffac]R9[0xffffffbf]_[0x5]][0xffffffac][0xffffff9a][0xffffffbc]?[0xffffffae][0xffffffa1][0xffffffb5][0xffffff9d]q[0x13]N[0xffffffa4][0xffffff9b]'[0xffffffbe][0xffffffdc]o[0x15][0xffffffc1][0xffffff95][0xffffffcc][0xffffffce][0xffffffd9] m\[0xfffffffb]d[0xffffffa2][0xffffffb2]g[0xffffff9f][0xffffff9b]i[0xffffffbe][0xfffffff7][0xffffffb6][0xffffff9e][0xffffffcd]:H[0xffffffd6][0x8][0xffffffb5]g[0xfffffffa]k\[0x19][0x12]r[0xffffffe8]2[0xffffffd7][0x7f][0xffffff80](Cw_[0xfffffff8][0xffffffc4][0xffffffc2]L[0xffffff85]nY[0xfffffffe][0xffffff82][0xffffffb1]G[0xffffffd6]FF[0xffffffff][0xffffff91][0xffffffc8][0xffffff8c][0xffffff9c]a[0xfffffff1][0xc]B[0xffffff80]p[0xffffffce][0xffffff86][0xfffffffc][0xffffff85][0xffffffaf]`[0xfffffffa]K[0xffffff97][0xffffffd5][0xb][0xffffff9e][0xfffffff5]l[0xffffffd8][0xffffffa1][0xfffffff4]LKA[0xffffff89][0xfffffffe] [0xfffffffd]o[0xffffff82][0xfffffffd][0x18][0xffffff8c][0xffffff93][0xffffffb1][0xffffffea][0xf][0xffffffbd][0xffffff8b];[0xffffffdf][0xffffffed][0xfffffff9]8<g[0xffffffa4]A[0xfffffff5][0xffffff8d][0xffffff82][0xffffffe0][0x13][0xffffffae]}[\n]"
16:09:28.360 [main] DEBUG org.apache.hc.client5.http.wire -- http-outgoing-0 << "JV[0xffffff96][0xffffffbb]g[0xffffff9b][0xffffffb4]q[0xffffffee][0xffffffd9]Je[0xffffffef][0xffffffbe]}[0xfffffff5]m[0xffffffbd][0x1b]J#[0xffffffc3]K?![0xffffffe2][0xffffff8e]2[0xffffffb3][0xffffffed][0xffffff91][0x16]c[0xffffffb3]X[0xffffffcf][0xffffffc6][0xffffffb0][0x11]&~v]j#[0xffffffda] [0x7][0xffffffc3]`[0xffffffb1][0xffffff86]8[0xffffffd9][0xffffffc3][0xffffff87][0xffffff8a][0xffffff91][0x4]0[0xffffffef]P[0xffffffa2]@[0xffffff98][0xffffffe5]`[0xffffffd1][0xffffffef][0xffffffab][0xffffffa0][0xffffffe5][0xffffffe7][0xffffffef][0x4][0xffffffdb][0xffffffcd][0x1f][0x1e][0xffffff96]Dh_[0x19]h[0xffffffc3][0xffffff86]?O[0xffffffd9][0xffffffbb]a[0x0][0xffffffe6]j[0x9][0xfffffff2]/|5!w[0xffffffaa]%[0xffffff8a]1[0xffffffdb][0xffffff92][0xffffffce][0xffffff8e]K[0x1d][0x11]Nk[0x19][0xffffff95][0xffffffac][0xffffff8d][0xffffffb8]g[0xffffff93][0xffffffd4]:[0xfffffff7][0xffffffa5][0xffffff91][0xffffffca][0xffffffce]}[0xfffffffb][0xffffffe6][0x1b];7[0xffffffb4]vB[0xffffffe3][0xffffffe6][0xffffffc5][0x12][0xffffffb8][0xffffff89][0xffffff8a][0xffffffb2]vb[0x12]kH[0xffffffc3][0xffffff80][0xffffffa8]$[0xffffffd5][0xffffff93][0xffffffac]L[0xffffffc7][0x1e]c/[0x8][0xffffffb0]Co[0xfffffff9][0xffffffba]{[0xffffffa4][0xffffffc2]X[0xffffff9c][0xffffffc7]_[0xffffffba][0xffffff9e]b[0x9]GF[0xfffffff4][0xfffffff6][0x10][0x4]{>[0xffffffe4]ff[0xffffff92][0xffffff9c][0xfffffff0][0xffffffb9]t2[0xffffffb0][0xffffffae][0xffffff98][0xffffffa4][0xffffffaf][0xffffff98]O[0xffffffee]w{[0x1d][0xffffffd8]&[0xffffff84][0xffffffe7][0xfffffffc][0xffffffe9]9[0xffffffbd][0x18][0xffffff95][0xffffff9c][0x1f][0xffffffd7][0xffffffb9]KucJ[0xffffffeb][0xffffff89]O[0xfffffff7][T[0xffffffb2][0xffffff92][0x6]<[[0xffffffa4][0xffffffd6][0xffffffb7][0xffffffb3]t[0xffffffde][0xffffffb9][0xffffff8d][0x16]|[0xfffffffb][0xffffffcc]N[0xfffffff3][0xffffffc5][0xffffffb7][0xfffffff5]m[0xffffffe4][0xffffff87]Xq[0xffffffd4]~[0xffffff9e][0xffffff8a][0xffffff8d]][0x14]K[0xffffffcc][0x18][0xffffffe1]O[0xffffffe5]M\[0xffffffd4][0x15]z![0xffffffd8]xg[0xfffffff4][0x8][0xffffff8d][0xffffffc4]2[0xffffff8c][0xffffffa8]Y[0xffffffea][0xffffff85]S[0x7][0xffffffc7][0xffffffa4]"[0xb][0xffffff89]F[0xffffffe7][0xffffff91]]adq[0x14][0xffffffba]fm7c(4[0xffffff8b][0xffffffcc]S[0x1]w[0xffffffd8][0xffffffc1][0xffffffb3]We[0xffffffdf]F[0xffffffb7][0xb][0xffffffd1].[0xfffffff8][0xffffffba]D[0xffffffdc][0x8][0xffffffe2][0xffffffc3]v^[0xffffffac][0xffffff95][0xffffffbc]?[0xffffffae][0xffffff99][0xffffffec][0xffffffbf]5[0xffffffe5][0xfffffffe][0xffffff84]o[0xffffff9f][0xffffffc2][0xffffff92][0xffffff95][0xffffff92]][0xffffffb3]M[0xffffffda]x[0xfffffff7]l[0xffffffa5][0xffffff92]w[0xffffff97][0xffffffae][0xffffffbe][0xffffffad]w[0xfffffff3][0xffffffb4][0x12][0xc][0xffffffb7]/[0xffffff96][0xffffffd0]b[0xffffffef][0x19][0xfffffffe][0xffffff8b]#[0xffffffc2]&[0xffffff83][0xffffffa0][0xfffffff5][0xffffff98][0xffffffc4][0xffffffc8]P[0x11][0x11][0x7][0x13][0xffffffe8][0xffffffd3]@[0xffffffc7][0xffffff8c]EZ[0xffffff9a][0xffffffd9][0xffffffda][0xffffffc8]W[0xffffff9d]M[0xffffffa8][0xffffff91][0xffffff95][0xffffffd8]y[0x3]T`V[0x10]i[0xfffffffa][\n]"
16:09:28.360 [main] DEBUG org.apache.hc.client5.http.wire -- http-outgoing-0 << "um6[0x5][0xffffffa3]zm[0x1f],[0xffffff96][0x10]j[0xffffffec]=6[0x7f]][0xffffffcb]A7[0xfffffff5][0x12][0xffffff95][0xffffffbb][0xfffffff0]L[0xffffffc0]e[0xffffff9e]`[0xffffffa0][0xffffffc9][0xffffffba]4[0xffffff8e]~[0xfffffffb][0xfffffff8]e[0xffffff97][0xfffffff2][0x9][0xffffffef]~+[0xffffff96][0xffffffc4][0xffffff95]1[0xfffffff7]l[0xffffff92]:[0xffffffe7][0xffffffbe]6R[0xffffffd9][0xffffffb9]o[0x19][0xffffffea][0xffffff97][0xffffff97]M[0xffffff9d][0x1b]&[0x13][0x2][0xffffff87]?[0xffffffa1][0x5][0xffffffcf][0xffffffa6][0xffffffb8]\[0xffffffe1][0xffffffce][0xffffff9b][0xffffffd8]e[0xffffffdf]iA'R[0xffffffa9][0x14]Y}m[0xfffffff9][0xffffffe5]<x1[0xffffffb1][0xffffffa5]4"[0xffffffbf][0xffffffc6][0xffffffe4][0x12][0xffffffcc]@[0x15]G[0xffffffc5][0xffffffa8][0xffffff92]UcR[0x14]Q*[0xffffffc6][0xfffffffa][0x8]J[0xffffffd8]&[0xffffffac][0xffffff9f][0xffffffd2][0xfffffff4][0xffffffa5]j[0xc]k$[0xffffffcc][0xffffffb1][0xffffffc3][0xffffff97][0x1f][0xffffffdf][0xfffffffe][0xffffff80][0xffffffaf][0xfffffff8][0xfffffffa]B?[0x0]We[0xffffffb7][0x13]=[0x1c][0xfffffff8]%[0x8][0x0][0xffffffb1][0x8][0xffffff8b]:[0xffffffd3][0xffffffe2][0xffffff84][0xffffffd2][0xffffffed][0xffffffe3][\r][0xffffff9c][0xfffffffb]-,YI[0x1a][0xffffff9f]-R[0xffffffe7][0xffffffdb][0xffffff87]"[0xfffffff7][0xffffffb9][0xffffff8d]J[0xffffffbe]][0xffffffba][0xfffffff8][0xffffffb6][0xffffffbe][0xffffff8d]X[0x15][0xffffffd9]F[0xfffffffb]j[0x9]\mc![0xffffffb6]fmD[0xffffffd9][0xfffffff5]PHX-[0xffffffc2][0xffffffbf])[0x9]"[0xffffffb1][0xffffff8b]g[0x7][0xffffff86][0xffffffed][0x2][0xffffff9a][0xffffffd5][0xffffff84]E[0x1d][0xffffffea]!}d[0xffffffcf]h[0x1e]2[0xffffffe2][0xffffffef]1[0xffffffda]ZQ[0x7]$m[0xffffffdb]+[0xfffffffb]<[0xffffffd6][0xffffff9f]<[0xfffffffe][0xffffffdc][0xffffffb4][0xffffffa2]ZW[0xffffffcc]'[0xffffff91][0xffffffd3][0xffffffdd][0xffffff87][0xffffff92]TK[0xffffffc8]')[0xffffffc8][0xffffffb3]Vv![0xffffffe4][0xffffffbe]}[0xffffffbc][0xffffff81]o[0xffffff9f][0xffffffc2][0xffffff92][0xffffff95][0xffffffdd][0xfffffff7][0xffffffd9]&m[0xffffffbc]{[0xffffffb6]R[0xffffffd9][0xffffffbb]oYj[0xffffffeb]/7tk[0xffffffca][0x17][0xffffffed][0xffffffe7][0xffffffe4][0xffffffc6][0xffffffd4][0xffffffd3][0xffffffa7]Q[0x13]J[0x6][0xffffff94][0xffffffae]#=[0xfffffff6]4[0xffffff90]M[0xffffffd2])[0x13][0x8]~ [0xffffff9a][0x1b][0xffffffc7]Q[0xffffffa1]$E[0xffffffc1][0xffffffd0][0xffffffb8]>[0xc][0xffffff93][0xffffff8c][0xffffff8c][0xfffffffd][0xffffffc0]81i[0xffffff80][\n]"
16:09:28.360 [main] DEBUG org.apache.hc.client5.http.wire -- http-outgoing-0 << "[Q[0xb][0xffffff84][0xfffffff1]A[0xfffffffd][0xffffffd9]?[0xffffffc8][\r]<z7;v[0xffffffce][0xfffffff7]?]}[0xffffffb9][0xffffffb3][0xffffff8e][0x7]Y[0x15][0x1f]o6[0xffffffb7][0xffffffb1][0xffffffec]P.UK[0xffffffe4]^T[0xffffffe7][0xfffffff2]x[0x3][0xffffffef]>[0xffffff86]%+c[0xffffffee][0xffffffd9]$m[0xffffff9c]{6R[0xffffffd9][0xffffffb9]o[0xffffffdf]|[0xffffffdb]O7s[0xfffffff9][0xffffff82][0xffffffce]Y[0xfffffff3]j[0x9]{[0x6])`[0x1b][0xffffffd4]6S[0xffffffa2][0x1b]>[0xffffffc0][0xffffff8f]BF[0xffffffd0] [0xfffffff4]D[0xffffff9c][\n]"
16:09:28.360 [main] DEBUG org.apache.hc.client5.http.wire -- http-outgoing-0 << "[0xffffffa3][t[0xffffff8c]6[0xffffff88][0x1][0xffffff96] b[0xffffff9a][0xffffffb4]*Y[\n]"
16:09:28.361 [main] DEBUG org.apache.hc.client5.http.wire -- http-outgoing-0 << "E[0x18][0xffffffde]w[0xc][0xfffffff2][0xffffffc0][0xffffffe3][0xffffffea]+xS[0xffffffd0]l[0x11][0xffffff9a][0xffffffcd][0xffffffb5][0xfffffffb][0x7][0xffffffa9]%[0xffffff84][0x1a][0x10]_[0xffffffa1]z[0xffffffe5]8[0xfffffffa][0x6][0xfffffff3][0xffffff95][0xf]1y[0xffffffd2]~[\r][0xffffff94][0x11][0xffffff90][0x3]w4V]Y[0xffffffa1][0xffffffa3]x[0xffffffbc][0xffffff81]s[0xffffff9f]>[0xffffffdd]+[0xffffffbb]8[0xffffffb3]M[0xffffffea][0xffffffbc][0xffffff9b][0xffffffee][0xffffffd5][0xffffff85][0xffffff95]nz[0xfffffff7][0xffffffc2][0xffffffd5][0xffffffb7][0xfffffff5]nT[0xffffff92][0xffffff89][0x19][0xffffffda]g[0xffffff94]xIB[0xfffffff4]Ogm3|[0xffffffd8][0xffffffb2][0xffffffba]9th[0xffffffff]1[0xffffffa4][0xffffff83][0xffffffb4][0xffffff99][0xffffffe2]sMk'[0xffffffb0]5[0xffffff90])a[0x18][0xffffffaf]l[0x7][0xffffff80][0x15][0x8]m[0x10][0xffffffba][0x6]To[A-[0xffffff81][0xffffffc9]+[0xffffffb3][0xffffffc8][0xffffffc5]c[0xffffffde][0xffffffbd][0xffffffff]t[0xffffffc3][0xffffffd5][0x6][0xffffffea][0x5]U[0xffffff80][0xfffffffd][0xffffff8f],[0x7f][0xffffff90][0xffffffe8][0xffffffbe][0xffffffbb][0xffffffbc][0xffffffae][0xffffff89][0xffffffe0][0xffffff9e][0x16]A).)[0x1e]o[0xffffffe0][0xffffffdc]o1[0xfffffff7]JJ[0xfffffff7]l[0xffffff90]:[0xffffffd7][0xffffffbe]2Q[0xffffffd9][0xffffffb3]o[0xffffff99]i[0xffffffe3][0xffffffa0][0xffffff84]>![0xffffffe5])[0xffffffd9]~[0x1e][0x7]2[0x16]5[0xffffffed]0[0xffffffc5][0xffffffbe]c[0xffffffd4][0xffffffac][0xffffffd3]][\n]"
16:09:28.361 [main] DEBUG org.apache.hc.client5.http.wire -- http-outgoing-0 << "T[0x6][0xffffff99][0xffffffbe][0xffffff91][0xffffffa3][0xffffffeb][0xfffffff8]'[0xffffff86][0xffffffc8][0xfffffff8][0xffffff99][0xffffffa7][0x5]?A[0x5][0xffffffb4]p`Q[0xffffff90][0xffffff85][0xffffffcf][0xffffffef][0xffffff99][0xffffffae][0xfffffff4][0x14][0xffffffc6]+[0xffffff88]%[0x10][0xfffffff5][0xffffffa8]m>[0xffffffba][0xffffffee][0xfffffff2][0xfffffff8]E[0xffffffd2][0xc]f[0xffffff99][0xffffffdb][0xffffff8c]n|[0xffffff95][0x7f][0xffffffd1][0xffffffa0][0xffffffdc][0xffffffbb]6[0xfffffff2][0xfffffffd]L[0xffffffee][0xffffffe7]m[0xffffffb2][0xffffffb7][[0xffffffef][0xffffffa5][0xffffffd3][\r][0x1c][0xfffffffb][0x18][0xffffff92][0xffffffac][0xffffff8c][0xffffffb7]g[0xffffff83][0xffffffd4]y[0xfffffff6][0xffffffb5][0xffffff89]J[0xffffffae]}[0xffffffd3]L[{6[0x13][0xffffff8c]t[0x6][0xffffffdb][0xffffffcf]RN[0xffffff86][0xfffffff5][0x13][0x8][0xffffff81]y[0xffffffda][0xffffffcd]L[0xffffff98][0xffffffb1][0xffffff9c][0x12]r[0x9][0xffffffbc])fB[0xfffffff2][0xffffffb2][0xffffffa5][0xffffffbc][0xffffff96][0xffffff82]R[0xffffff89]B[0x1d][0xffffffb9]#[0xffffff80][0xffffffb0]P[0xffffffaf][0xffffffa3][0xffffffc3][0xffffffe5]'[0xffffffa6][0xffffff86]G?[0xffffffe8][0xffffff8a]o[0xffffffb6]d([0xffffff97][0xffffffa6][0xfffffff8][0xffffff83][0xffffffea][0xffffffc7][0xffffffc7][0xf][0xffffff92]A[0x1b][0xffffffe3]l[0xffffffdd][0xffffffea]y[0xffffffb8][0xffffffbd][0xfffffff7]UA[0xffffff8d][0x1b][0xffffffc1]0&[0xffffffec][0xffffffa9]q[0xffffffe7][0xffffff9d]1[0xffffffc5]Y[0xffffff9c][0xffffffe2][0xfffffff1][0x6][0xffffffbe]}[0xffffff8a]HVvpf[0xffffff9b][0xffffffd4]9[0xfffffff7][0xffffffb5][0xffffff95][0xffffffca][0xffffffce]}[0xffffffcb]R[0xffffff9b]{74%2[0xfffffffe][0xffffffe6][0xfffffff1]6[0xffffffcd][0xffffff9b][0xffffffa1][0xf]4[0xffffffdc]G=D[0xffffffd6]z[0xffffff8f][0xffffffd3][0x0][0xffffffdd]5o[0xffffffc6]c<g4=:y!Lv`4[0xffffff9e][0xffffffdc][0xffffff91][0xffffffa6][0x9][0xffffff93][0xffffffac][0xffffffec]*[0xffffff8e]f`/c0[0x15][0xffffffdf]m[0xffffffa6]{[0xfffffff0][0xffffffed][0xfffffff8]`[0xffffffbc]}[0xfffffffc][0xffffffb9][0xffffffa1][0xffffff98]L[0xffffff8d][0xffffffbc][0x14]o[0xffffffe3][0xffffffdd]|[0xffffffb7][0xffffff99]H#[0xffffffde]F[0xffffffaf]:[0xffffff86]`[0xffffff8b]l[0xffffffd7][0xffffff83]w[0xffffffdf]8[0xffffffde][0xffffffc0][0xffffffbb][0xffffffdf]B[0xffffff92][0xffffff95]<[0xffffffee][0xffffffd9]"m|{[0xffffffb6][0xffffffd1][0xffffff82]o[0xffffffdf][0xffffffbc][0xfffffff8][0xffffffa6][0xffffffd1]63[0xffffffae][0xffffff8c][0xffffff81]ei[0xffffffc4][0xffffffc6]c[\n]"
16:09:28.361 [main] DEBUG org.apache.hc.client5.http.wire -- http-outgoing-0 << "t&[0xffffff95][0xffffffce][0xffffffd2][0xffffff8e]:o[0xffffffa4][0xffffffb3][0xc][0x1f] M[0xffffffcf]v[0x7][0xffffffc4][0xffffffea][0x19][0xffffff82]g[0xffffffcf][0xffffffb6][0xffffff83][0x4][0xffffff8d]T6[0x7][0x6]:[0xffffffed]#[0xffffff9b][0xffffffed][0xfffffff8]+[0xffffffab][0x10][0xffffffc7]~[0xffffffa2][0xffffff8a]W[0xffffffb3]R[0xffffff98][0xffffffae]>-[0xffffffcf][0x7][0xffffff89][0xffffffdc]{m[0x14][0x6]y[0xffffff99][0xffffff81]g[0xffffffc2][0xffffffb3][0xffffffe4][0xffffffdb][0xffffffac][0xffffffc9][0xffffffd1][0xfffffffb]p{[0xffffffbf]Z[\n]"
16:09:28.361 [main] DEBUG org.apache.hc.client5.http.wire -- http-outgoing-0 << "b.[0x1f][0xfffffffa][0xffffff85][0xffffffa0][0xffffffe4][0xfffffff6][0xfffffff1][0x6][0xffffffbe]}[0xffffff8c]JV[0xffffffa6][0xffffff92][0xffffffe6]d[0xffffff92]:[0xffffffe7][0xffffffbe]6R[0xffffffc9][0xffffffb9]K7[0xffffffdf][0xffffffd6][0xffffffb9][0x15]^[0xffffffc5]g[0xffffffb3][0xffffffb9]s[0xffffffa3][0xfffffff6][0xffffffab][0xffffffc6]0 _[0xffffffd2][0xffffffb3][0xffffffd1][0x17][0xfffffff1]jJ[0xffffff8d]y@2[0xffffffaa][0xe][0xfffffff2]H[0xffffffef][0xffffffa9][0xffffffa2][0xffffffd0]xgk[0x3][0xffffffba][0xffffffd8][0xffffffd4][0xffffffb9]Yt[0xffffffea]Y[0xffffffdb][0xffffffc0][0xffffffb4][0xe][0x14][0xfffffff0]q[0xffffffb0][0x15][0xffffffce][0xffffff9d]G[0x14][0xffffffc8][0xfffffff1][0x1e][0xc]K[0xe]?[0xffffffb7][0xffffffbc][0xffffffce][0xfffffff7][0x1d]#[0xfffffff5]",a[0xffffff99][0xffffff8f][0xfffffff9][0xffffff8d]Qb$[0x1e][0xffffffe8][0xffffffdf][0xffffffa0][0xffffff98][0xffffffc4][\n]"
16:09:28.361 [main] DEBUG org.apache.hc.client5.http.wire -- http-outgoing-0 << "[0xffffffac]E[0xffffffe7][0xffffffbe]u[0xffffffbc][0xffffff81]s[0xffffff9f][0xffffffc2][0xffffff92][0xffffff95][0x1d][0xffffff9c][0xffffffd9]&-[0xffffffbc][0xfffffffb][0xffffffdc]Je[0xffffffef][0xffffffbe]}[0xfffffff5]m[0xffffffbd][0x1b]Y+[0xffffffbe][0xffffffa1][0xffffffed][0xffffffbd][0xffffff9b]t[0x11][\r][0x1e][0xffffffc6]~'[0xffffffcd]f[0xffffffeb][0xffffffe8][0xffffffa6]N[0xffffffa2]f[0xffffffc5][0xffffff87]9&[0xffffffa6][0x1b]S[0xfffffff6][0xffffffc0]Q[0x5][0xfffffff4]E[0xfffffff9][0x7f][0xffffff84]+[0x14][0x6][0xffffffdd][0xffffffa4]M[0xffffff8f][0xffffff90][0xc][0xffffffb1]K4[0x15][0xffffffad]w%t[0xffffffde][0xffffffbb][0xfffffffe][0xffffffe0][0xffffff84][0xffffffd9]!,[0xffffffc9][0xb][0xffffff9b][0xffffffdc][0xffffffd9],[0xffffffc1][0xffffff95]s[0x13]If&7c80[0xffffffb9][0xffffffe9][0xffffffe0][0xffffff94][0x7][0xffffffcc][0xffffff88]JD[0xe][0xffffffd1][0xffffffaf][0xffffff8e]7p[0xffffffee][0xffffffb7][0xffffffa8]d[0xffffffe5][0xffffff90][0xffffffc2]l[0xffffff90]:[0xffffffd7][0xffffffbe]2Q[0xffffffd9][0xffffffb3]o[0xffffffdf]{S[0xffffffcf]f[0xffffff92][0x11][\r][0xffffff91][0xffffff9f][0xffffffc0][0xffffffe4][0xffffffa6][0xffffffee][0xffffff81]K3[0xffffff93][0xffffff90][0x6][0xffffff88][0x17][0xfffffff4]l[0x10][0xffffffde][0xffffffb1]}[0xffffffcf][0xffffff98][\r]B[0xffffff87]v$[0xffffffa8]eE([0xffffffb1]-j[0x7]l[\r]1[0x8]A0[0xffffffc6]@?[0xffffff87][0xffffffb2][0xffffffe1]8[0xffffffc0]9y[0xffffff9e][0xe][0xffffff88][0x6]&O[0xffffffc2]S;[0xffffffdb][0xffffffa4][0xffffffe4][0xffffffbb][0xffffff9d][0xffffffb7]q[0x17][0xffffff82][0xffffff92][0xffffffbc][0x18][0x4]9][0xffffffb4]t[0x9][0xffffffb8]#[0xffffffdd][0xffffff9b]H[0xffffffb1][0xffffffa7][0xfffffffc][0xffffffdd].[0x1c]o[0xffffffe0][0xffffffda][0xffffffc7][0xffffffa0]de69[0xffffff9b][0xffffffa4][0xffffff8d]o[0xffffffcf]F*8w[0xfffffff1][0xffffffe6][0xffffffdb]:7[0xffffffdb][0xffffffbe][0xfffffff3]tc[0xfffffff3][0xffffffa0][0x4]?e[0xffffffe4][0xffffff98][0xffffffe9]1[0xffffffea]$[0xffffffd6][0xffffffd1][g[0x12][0xffffff9d]Z[0xfffffffa][0xffffffa4]-[0xffffffbf]d[0xffffff87][0xffffffc4][0xffffffe2]hF[0xffffffe0][0xffffff91]Z[0xffffffcb]k[0xffffffba]zd[0xffffffd5][0xffffffa8]v#[0xffffffe2][0x9][0xffffffdd][0x15][0xffffffb5]2$q[0xffffff9f]wn[0xffffff86] ([0xffffff96][0xffffffd8][0x7]#[0xffffffee][0xffffffe3]7[0xffffff89]@C[0x14][0xffffffbf][0xffffffdb][0xfffffffc][0xffffffcc]$[0xffffffa4][0xffffff92][0xfffffffd]x[0xffffff99]R,[0xfffffff1]d[0xffffff84]n[0xffffffa1][0xc]X8[0xffffffde][0xffffffc0][0xffffffb9][0xf][0xffffffdf]m[0xffffffbf]vr[0xfffffff2]d[0xffffff91]6[0xffffffbe]=[0xffffffdb][0xffffffa8][0xffffffec][0xffffffdb][0xffffffb7][0xffffffec][0xffffffb4]q[0xffffffa5][0xffffff84]),[0xffffffc5][0xffffffae][0xffffffcd][0xfffffff6][0xffffffa4][0xffffff92][0x1][0xffffffa9]6[0xffffffaa][0xffffff80]|[0xffffff8c][0x19][0xffffffb0][0xffffff81]W[0xffffffe2][0xffffffba].[0xfffffffb][0xffffffb8]B,[0xffffff90]^[0xe]s[0xffffffc2]P[0xffffffb5]P-av[0xffffff98][0xffffffd6]hnc2[0xffffffc3]`)[0xffffffab][0xffffffe5][0x1e]%[0xffffffec][0xffffffd8][0xffffff9a]: [0xffffffc9]$[0x13][0xffffff9a][0xf]*:[0x1c]};s[0x10][0xffffff8a]u[0xffffffc0][0xffffffec][0xffffffac][0xffffff8c]NR[0x7][0xffffff8c][0xffffffd9][0xffffffb7][0x11][0xffffffef][0xffffffc9][0xffffffd3]b[0xffffffa5][\n]"
16:09:28.361 [main] DEBUG org.apache.hc.client5.http.wire -- http-outgoing-0 << "[0xfffffff7][0xffffffed][0xffffffd3][\r]<[0xfffffffb][0x14]n[0xffffffaf]l[0xffffffde][0xffffff90]S[0xffffffbd]Y[0xffffffa4][0xffffff8d]o[0xffffffcf]6Z[0xfffffff0][0xffffffed]k;[0xfffffffd][0xffffffff]pmX%[0xffffffcd]?[0xffffffdb]Sb[0xffffffeb]rLy[0xffffff9e][0xffffffdd]L0GP[0xfffffffd]e[0xffffffcb][0xffffffb2][0xffffffd6][0xffffffe8][0xfffffffd][0x13][0xffffff91] [0xffffffa5][0xffffffe6][0xffffffd8]-[0xffffff8b][0xfffffffa][0x14];[0xffffffcd][0xfffffffd]8 [0xffffffaf][0xffffffe6]([0xffffff99]@5A[0x7]"[0xffffffeb][0xffffff98]T[0xffffffc4]$[0xffffff9a]W[0x8]a[0xffffffbc][0x7][0xffffffdb][0xffffff92][0xffffffe4][0xffffff92][0xffffff87]U[0x17][0xffffff82][0xffffff98][0xffffffe4][0xfffffff6][0xffffffe0]d[0xffffffe6][0xffffff87][0x1c]];[0xffffffeb]p[0xffffffec][0xffffffa4][0xffffffb0][0xffffffcc]3[0xffffffac][0xfffffff1][0xffffffed]w[0xffffffc7][0x1b]8[0xfffffff7]1&Y[0xffffff99]J[0xffffffce]&[0xffffffa9][0xfffffff3][0xffffffed]k#[0xffffffdd][0xfffffff5][0xffffffed][0xffffff8b][0xffffff9b]o[0x1b][0xffffff93]8[0xffffff91]w[0xfffffff1][0xffffffb5][0x17]+Il[0xc][0xffffff8f][0xffffff93][0x13][0x4][0xfffffff3][0xfffffff8][0xffffffeb][0xffffffc8][0xffffffd4][0xffffffbb][0x19]$e[0xffffffef][0xffffffa4]%[0xffffff9f]n[0xffffff8a]%[0xffffffe3]@[0xffffffb5]-[0xfffffff5]r[0xffffffb4],x%[0xffffff88][0xffffff90]L[0x9]{[0xffffff81][0xffffffdc][0x1a][0xffffffab],[0xfffffff8][0xffffffae]W[0xffffffc5]$[0x14][0xffffffb8][0xffffffb3]R[0xfffffffa]#[0xffffff8c][0xffffff92][0xffffffc3]w[0xffffff9b][0xffffff8d][0xffffff94][0xc]Qd[\n]"
16:09:28.361 [main] DEBUG org.apache.hc.client5.http.wire -- http-outgoing-0 << "[0xffffffd4][0xffffff9b][0x7][0xffffffbe][0xffffffcf]%q[0xffffffee]C[0xffffff85][0xffffff9b][0xfffffffe]<[0xffffffce][\r];[0x17])[0xfffffff4]E[0xffffffe7][0xffffffbe]u[0xffffffbc][0xffffff81]s[0xffffffbf][0xffffffc5]$+I[0xffffffdc]Dio[0x16][0xffffffa9][0xfffffff3][0xffffffed]k[0x1b][0xffffff95]}[0xfffffffb][0xfffffff6][0xffffffc5][0xffffffb7][0xfffffff5]m[0xffffffc6][0xffffffb0][0xffffffe8][0x1a][0xffffffb6][0x1f][0xffffff9c][0xffffff84][0xffffff8f][0xffffffcd]&m[0xffffffe3];K;[0xffffff92],[0xffffff92][0xffffffce][0xffffffa4][0xfffffff5][0xffffffe8][0xffffffbb]"[0xffffff87]O[0xffffff87][0xffffffdd][0xffffff85][0xffffff81][0xffffffda]#;v[0xffffffc2][0xffffff84][0xffffffc0][0xffffff94]fD"[0xffffffc1][0x9]D[0xffffffad][0xffffff87][0xffffffa9][0xffffff9d]IL[0x4]3[0x15][0xffffffbe][0xffffffcd]t[0xffffffa2][0xffffffd0]y\[0xffffffee][0x11][0xffffffdf]f[0xffffffe4]`[0x1f]g[0xffffffb0][0xb][0xffffffa9][0x1c][0xffffff92][0xffffff84][0x1c]n[0xffffffe7]}yP][0xffffffd9][0xffffffff][0xffffffcd][0x10][[0xffffff9e][0x15]+[0xffffffc6]$[0xffffffb7][0xffffff8f]7p[0xffffffed]SP[0xffffffb2][0xffffffb2]}[0x3]Y[0xffffffea][0xffffffcd]$u[0xffffffce]}e[0xffffffa4][0xffffff92]o[0xffffff97]n[0xffffffbe][0xffffffa9]o[0x13][0xffffff8f][0xfffffff0][0xffffffc1][0xffffffcc][0xffffffba][0x1e][0xffffff8d][0xffffffbb]7[0xffffffe8]I[0xffffff8d][0xffffff94][0xfffffff2][0xffffff90][\n]"
16:09:28.361 [main] DEBUG org.apache.hc.client5.http.wire -- http-outgoing-0 << "d[0xffffff8b]0[0x12][0xe][0xffffffdd][0xffffff80][0xffffffa0][0x1a]Z$[0x4]+t)[0xffffffd9]t[0xffffffd7]1*[0xffffff9c][0x18]rG$[0xffffff90]_[0xffffffe2][0xffffffbb][0xffffffad][0xffffff98][0x2]B[0xffffffee][0xffffff8a]D[0xffffff92]/}[0x5][0xffffff89][[0xffffff91]Gj[0xffffffba][0xfffffffb][0xffffff8f][0xfffffff9][0xfffffff6][0xfffffff1][0xffffff9b][0xffffffc4]d[0xffffffa3]3[0xffffffc5]B[0xffffffc9][0xfffffff1]g[0xffffff96]U[0xffffffba][0xfffffff7][0x1a][0xffffff81]q)[0xffffffde][0xffffffbe]y[0xffffffba][0xffffff81]k[0x1f]C[0xffffff92][0xffffff95][0xffffffe1][0xfffffff6]l[0xffffff90]:[0xffffffcf][0xffffffbe]6[0xffffffd1]=[0xffffffd7]~g[0xffffffa6][0xffffff8d][0xffffffc3]mt[0x1c](f[0xffffff98][0xfffffff6]}[0xffffffc9][0xe]Eb[0xffffff83][0xffffff93][0xffffffa2][0xffffffe6][0xffffffc0]l;[0xffffffa1][0xffffff89]C[0xffffffdf]U[0xffffff89]~[0x10]j[0xffffffe4][0xffffffff]g[0xffffff99]<[0xffffffe6][0xffffffcc]X[0xb][0xffffff8c]RIV4[0xffffffb6]#K[0xffffffea][0x7][0xffffffdf][0xffffffa1][0xffffffce][0xffffff8d][0xffffffca]H[0xffffffac](n[0xffffffc3][0xffffff9e][0xffffffe0]![0xfffffff2]O[0x15][0xffffffb7][0xfffffff9]j[0xffffffb3]@B[0x17]=[0x1b]Ay[0xffffffe6][0xffffffd7][0x15][\n]"
16:09:28.361 [main] DEBUG org.apache.hc.client5.http.wire -- http-outgoing-0 << "<[0xffffffd0]\[0xffffffe9]a:[0xffffffeb][0xffffff96]\[0xfffffffb][0xfffffff6][0xfffffff1][0x6][0xffffffbe]}[0xfffffffa]l[0xffffffaf][0xffffffac]o[0xffffffcf]6i[0xffffffe3][0xffffffdc][0xffffffb3][0xffffff95]J[0xffffffce]][0xffffffba][0xfffffffa][0xffffffb6][0xffffffdf]m[0xffffff8b]N[0x12]-[0xffffff88][0xffffffe6][0xffffffdf]mj[0xffffffd9],[0xffffffb4]f[0xffffff93]O[0xffffffd6][0x8][0x14][0xffffffd6]vPE[0xffffff84][0xffffffe6][0xffffffdf]h6[0xffffffe8][0xffffff8e][0xffffffbf]0[0xffffff9d]00[0x10][0xc][0xffffffe3][0xffffffd5][0xffffffb1][0xffffffe8]z[0xffffff8a][0xffffff88][0xfffffff1]0[0xffffffcc]+[0xfffffff8][0xffffff9f]A[0x1c][0xffffff9d]*[0xffffffc4][0x1c][0xffffff90][0xffffffe5]@[0x4][0xfffffffc]9[0xffffff8e]+[0xfffffff2][0xffffffd9]y[0xffffffd8][0xfffffffe][0xffffffb6]T[0x9][0xffffffc9]$[0xffffffca][0xffffffdc]t[0xffffffdd][0xffffffd1][0xffffff97][0xffffff8a]y)i[0xffffffcc]z[0xffffffee]E[0xffffff89][0xffffffa9][0xffffffe2][0xfffffff1][0x6][0xffffffde][0xfffffffd][0x16]o[0xffffffaf][0xffffff9c]N[0xffffff98]-[0xffffffd2][0xffffffc2][0xffffffb7][0xffffffcf]mT[0xfffffff2][0xffffffed][0xffffffdb]v[0xffffffda][0xfffffffa][0xffffffcb]M[0xffffffd5]9[0xfffffff7]V[0xffffff9a][0xfffffffb]6c5l[0xffffffce][0xffffff99][0xffffffa2][0xffffff80][0xffffffde][0xffffff8a][0xffffffaa][0xe][0xffffff8d]HeC[0xffffffec]4[0xffffffbf]D[0x1][0xffffff9b][0xffffffd1][0xffffffc4]Q[0xffffff8d]C[0xffffffc7]n[0xffffffc4][0xfffffffc][0xffffffcb][0xffffff88]J[0xffffffb1][0x1e][0xffffff85][0xfffffff9][0xffffffc9][0xfffffffd][0xffffff8a][0xfffffff9][0xffffffbe]s[0xffffffa6][0xffffffa2][0xffffffe9][0xffffffce];[0xffffff94]s[0xffffffd2][0x7][0xffffffd9]R$[0xfffffff4][0xffffffb0]Dh'[0x13][0xffffff9b][0x16][0x9][0xffffffdc][0xfffffff8]v[0xfffffffe]rC[0xfffffff4][0xffffffe6][0xffffffcb][0xffffffcd][\n]"
16:09:28.362 [main] DEBUG org.apache.hc.client5.http.wire -- http-outgoing-0 << "8([0xffffff87]yQB1[0xffffffe0][0xffffffbe]}[0xffffffbc][0xffffff81]o[0x1f][0xffffffa3][0xffffff92][0xffffff95][0xfffffff1][0xfffffff6]l[0xffffff92]:[0xffffffe7][0xffffffbe]6R[0xffffffd9][0xffffffb9]o[0x19]jk[0xffffffe7]&[0xffffff9f][0xffffff83]{[0xffffffd7][0xffffffbe]y#!E1[0x1f][0xffffffe9][0xffffff87][0xffffffd4][0xffffffeb][0xffffffdc][0xffffffd7][0xffffffef]iH[0xffffffd2][0xffffffcd]&[0xfffffff2][0xffffffa0][0xb][0xffffff89][0xffffff96][0x14][0xb]y[0xffffffe1][0xfffffffe][0x9]7EE9[0x1b]_T[0xfffffffc]2[0xffffff8a][0xffffff97][0x10][0xffffffbd]Ys8T[0xffffffa8][0xffffffba][0xffffffc2]T[0xffffff8d][0xffffffd4]s[0x1f],p[0xffffffb3][0xffffff87]P[0xffffff92]$[0xffffffee][0xffffffe8]s[0xffffffd0][0xffffffd6],[0x15]J\.[0xffffff94]0[0xe][0xffffffac][0xffffff99][0x15]cW[[0xffffff96][0x16]/NM[0xffffffee]?[0xffffffdc][0xffffffb7][0xffffff8e]7p[0xffffffee]cX[0xffffffb2]v[0xffffff9d][0xfffffff4]l[0xffffff93]:[0xffffffef][0xffffffbe][0xffffffb6]R[0xffffffd9][0xffffffbb]o_}[0xffffffd3][0xffffffb0][0xffffff84][0x5]L[0xffffffb8][0xffffffde]OH'[0xffffffe1][0xffffffb0][0xffffffa2][0xffffffc7][0x1d][0xffffff82][0x12]S[0xffffffe0][0x3][\r]k[[0xc][0x6][0x5][0xfffffffa]adO[0xffffffe7][0xffffff80][0xffffffa4][0xffffff9a][0xffffffa3][0xffffffa9][0xffffff90]u.[0xffffffa9][0xffffff81]3[0xffffffff]n[0xffffff99][0xffffffa9][0xffffff84][0xffffffda][0xffffffe2][0xffffffd9]?[0x8][0x17][0xffffff85]rEE[0xffffffa9][0xffffffc4]1[0xffffff86]Lh[0xfffffff1]X:y[0xfffffff8][0xffffffb9][0xffffff85][0x1d][0xffffffe5][0xf]s&[0x4]uQ[0x6]D[0xffffffb3][0x18][0xffffffef][0xffffffa6][0xffffffe9][0xffffffce][0xffffff80][0x2]+[0x15][0xc][0x7f][0xffffffd0][0xffffffa5]Z[0xffffffc9][0xffffffed][0xffffffe3][\r][0xffffffbc][0xfffffffb]-,Y9[0xffffffa1][0xffffff80]9[0xffffffde],[0xffffffd2][0xffffffc2][0xffffffb7][0xffffffcf]mT[0xfffffff2][0xffffffed][0xffffffd2][0xffffffc5][0xffffffb7][0xfffffff5]m[0xffffffd2]7[0xffffff8a][0x14]?[0xffffff81]-[0x5]_u[0xffffffca][0xffffffec][0x11][\r][0xffffff9b];[0xffffff8d][0xffffff93][0xfffffff1][0xffffffa3][0xffffffa7][0xffffffe8]7[0xffffffc4]0&D[0xffffffd4][0xffffff98][0xffffffa8][0xffffff9c]r[0xffffffb4][0xffffff8d][0x1b]#[0xc]h[0xffffffa9]+#f<[0x11][0xffffff89][0xf]y[0xffffffd3][0x2][0xffffffcb][0xffffff9d]+|[0xffffff9b]m;([0xffffffb3]>[0xffffff95]P[0xffffffc2][0xffffffd1][0xffffffc8]SC[0xffffffa5][0xffffffe1][0x1b]a[0xfffffff6][[0xfffffffd]H(U[0xfffffff6]m[0xffffffd4][0xfffffffe][0xffffffd0][0xffffffa6]_[0x8]Kn[0x1f]o[0xffffffe0][0xffffffdb][0xffffffa7]/[0xfffffff7][0xffffffda]"[0xfffffff7][0xffffffc9]&u[0xffffffde]}[0xffffffa8][0xffffff96][0xffffff9c][[0xffffffa9][0xffffffe4][0xffffffdd][0xffffffa5][0xffffffab]o[0xffffffeb][0xffffffdd][0xffffffc8]O[0xffffffa2][0xfffffff9][0xffffffde][0xffffffde][0xffffffbb][0xffffff87][0xfffffffc][0xffffffe9][0x16][0xffffff89]}[0xffffffc9][0xc][0xffffff8a]eY[0x1c][0xffffff84][0x0][\r][0xffffffdb][0xffffffc5][0x19][0x1f]C[0xffffffb0][0xffffffa1]#[0xffffff91][0xffffffa4])I[0xffffffc2][0xffffff99]G[0xffffff83];RJ>[0xffffffe8],[0xffffff86][0xffffffca]q[0xfffffff9][0xffffff94][0x17][0xfffffff6]U[0x14][0xffffffb9][0xffffff91][0xffffffa3]d;[0xffffff84]|8[0xffffffe8][0xffffffb6][0x4][0xffffffdd][0xffffff88][0xffffffa2][0xffffffc1][0xffffff8c]t[0xffffffc5][0x6][0xe]:[0xffffffd3][0xfffffffb][0xffffffb5][0xffffff8d][0xffffffc8]_[0xffffffb2]vAB[0xffffff81]/[0xffffffaf][0xffffffb8]$.[0xffffffb9]}[0xffffffbc][0xffffff81]w[0x1f][0xffffff83][0xffffffee][0xffffff95][0xffffffd5][0xffffff92][0xffffffd9]$u[0xffffffce][0xffffff8d][0xffffffba][0xffffffd6][0xffffff85][0xffffff91][0xffffffca][0xffffffce]}[0xffffffcb]P?'[0xffffffe8][0xfffffffe][0xffffffb7][0x7f][0xfffffffe][0xffffff8f][0xffffffff][0x7][0xfffffff8]y][0xfffffff2]$3[0x1][0x0][\r][\n]"
16:09:28.362 [main] DEBUG org.apache.hc.client5.http.wire -- http-outgoing-0 << "0[\r][\n]"
16:09:28.362 [main] DEBUG org.apache.hc.client5.http.wire -- http-outgoing-0 << "[\r][\n]"
16:09:28.372 [main] DEBUG org.apache.hc.client5.http.impl.classic.InternalHttpClient -- ep-0000000001 releasing valid endpoint
16:09:28.373 [main] DEBUG org.apache.hc.client5.http.impl.io.PoolingHttpClientConnectionManager -- ep-0000000001 releasing endpoint
16:09:28.373 [main] DEBUG org.apache.hc.client5.http.impl.io.PoolingHttpClientConnectionManager -- ep-0000000001 connection http-outgoing-0 can be kept alive for 3 MINUTES
16:09:28.374 [main] DEBUG org.apache.hc.client5.http.impl.io.PoolingHttpClientConnectionManager -- ep-0000000001 connection released [route: {s}->https://hub.docker.com:443][total available: 1; route allocated: 1 of 5; total allocated: 1 of 25]
16:09:28.375 [main] DEBUG org.apache.hc.client5.http.impl.classic.InternalHttpClient -- ex-0000000002 preparing request execution
16:09:28.377 [main] DEBUG org.apache.hc.client5.http.impl.classic.ProtocolExec -- ex-0000000002 target auth state: UNCHALLENGED
16:09:28.377 [main] DEBUG org.apache.hc.client5.http.impl.classic.ProtocolExec -- ex-0000000002 proxy auth state: UNCHALLENGED
16:09:28.378 [main] DEBUG org.apache.hc.client5.http.impl.classic.ConnectExec -- ex-0000000002 acquiring connection with route {s}->https://hub.docker.com:443
16:09:28.379 [main] DEBUG org.apache.hc.client5.http.impl.classic.InternalHttpClient -- ex-0000000002 acquiring endpoint (3 MINUTES)
16:09:28.379 [main] DEBUG org.apache.hc.client5.http.impl.io.PoolingHttpClientConnectionManager -- ex-0000000002 endpoint lease request (3 MINUTES) [route: {s}->https://hub.docker.com:443][total available: 1; route allocated: 1 of 5; total allocated: 1 of 25]
16:09:28.379 [main] DEBUG org.apache.hc.client5.http.impl.io.PoolingHttpClientConnectionManager -- ex-0000000002 endpoint leased [route: {s}->https://hub.docker.com:443][total available: 0; route allocated: 1 of 5; total allocated: 1 of 25]
16:09:28.380 [main] DEBUG org.apache.hc.client5.http.impl.io.PoolingHttpClientConnectionManager -- ex-0000000002 acquired ep-0000000002
16:09:28.380 [main] DEBUG org.apache.hc.client5.http.impl.classic.InternalHttpClient -- ex-0000000002 acquired endpoint ep-0000000002
16:09:28.380 [main] DEBUG org.apache.hc.client5.http.impl.classic.MainClientExec -- ex-0000000002 executing GET /v2/repositories/selenoid/vnc/tags?page=2&page_size=100 HTTP/1.1
16:09:28.380 [main] DEBUG org.apache.hc.client5.http.protocol.RequestAddCookies -- ex-0000000002 Cookie spec selected: strict
16:09:28.380 [main] DEBUG org.apache.hc.client5.http.impl.classic.InternalHttpClient -- ep-0000000002 start execution ex-0000000002
16:09:28.380 [main] DEBUG org.apache.hc.client5.http.impl.io.PoolingHttpClientConnectionManager -- ep-0000000002 executing exchange ex-0000000002 over http-outgoing-0
16:09:28.380 [main] DEBUG org.apache.hc.client5.http.headers -- http-outgoing-0 >> GET /v2/repositories/selenoid/vnc/tags?page=2&page_size=100 HTTP/1.1
16:09:28.380 [main] DEBUG org.apache.hc.client5.http.headers -- http-outgoing-0 >> user-agent: Apache-HttpClient/5.0
16:09:28.380 [main] DEBUG org.apache.hc.client5.http.headers -- http-outgoing-0 >> accept-encoding: gzip, deflate, br
16:09:28.380 [main] DEBUG org.apache.hc.client5.http.headers -- http-outgoing-0 >> cache-control: max-age=0
16:09:28.380 [main] DEBUG org.apache.hc.client5.http.headers -- http-outgoing-0 >> connection: keep-alive
16:09:28.380 [main] DEBUG org.apache.hc.client5.http.headers -- http-outgoing-0 >> Host: hub.docker.com
16:09:28.380 [main] DEBUG org.apache.hc.client5.http.wire -- http-outgoing-0 >> "GET /v2/repositories/selenoid/vnc/tags?page=2&page_size=100 HTTP/1.1[\r][\n]"
16:09:28.380 [main] DEBUG org.apache.hc.client5.http.wire -- http-outgoing-0 >> "user-agent: Apache-HttpClient/5.0[\r][\n]"
16:09:28.380 [main] DEBUG org.apache.hc.client5.http.wire -- http-outgoing-0 >> "accept-encoding: gzip, deflate, br[\r][\n]"
16:09:28.380 [main] DEBUG org.apache.hc.client5.http.wire -- http-outgoing-0 >> "cache-control: max-age=0[\r][\n]"
16:09:28.380 [main] DEBUG org.apache.hc.client5.http.wire -- http-outgoing-0 >> "connection: keep-alive[\r][\n]"
16:09:28.381 [main] DEBUG org.apache.hc.client5.http.wire -- http-outgoing-0 >> "Host: hub.docker.com[\r][\n]"
16:09:28.381 [main] DEBUG org.apache.hc.client5.http.wire -- http-outgoing-0 >> "[\r][\n]"
16:09:28.554 [main] DEBUG org.apache.hc.client5.http.wire -- http-outgoing-0 << "HTTP/1.1 200 OK[\r][\n]"
16:09:28.555 [main] DEBUG org.apache.hc.client5.http.wire -- http-outgoing-0 << "date: Wed, 13 Mar 2024 16:09:28 GMT[\r][\n]"
16:09:28.555 [main] DEBUG org.apache.hc.client5.http.wire -- http-outgoing-0 << "content-type: application/json[\r][\n]"
16:09:28.555 [main] DEBUG org.apache.hc.client5.http.wire -- http-outgoing-0 << "transfer-encoding: chunked[\r][\n]"
16:09:28.555 [main] DEBUG org.apache.hc.client5.http.wire -- http-outgoing-0 << "content-encoding: gzip[\r][\n]"
16:09:28.555 [main] DEBUG org.apache.hc.client5.http.wire -- http-outgoing-0 << "x-ratelimit-limit: 180[\r][\n]"
16:09:28.555 [main] DEBUG org.apache.hc.client5.http.wire -- http-outgoing-0 << "x-ratelimit-reset: 1710346228[\r][\n]"
16:09:28.555 [main] DEBUG org.apache.hc.client5.http.wire -- http-outgoing-0 << "x-ratelimit-remaining: 179[\r][\n]"
16:09:28.555 [main] DEBUG org.apache.hc.client5.http.wire -- http-outgoing-0 << "x-trace-id: ed9b7821253741d26164123cfa580108[\r][\n]"
16:09:28.555 [main] DEBUG org.apache.hc.client5.http.wire -- http-outgoing-0 << "server: nginx[\r][\n]"
16:09:28.555 [main] DEBUG org.apache.hc.client5.http.wire -- http-outgoing-0 << "x-frame-options: deny[\r][\n]"
16:09:28.555 [main] DEBUG org.apache.hc.client5.http.wire -- http-outgoing-0 << "x-content-type-options: nosniff[\r][\n]"
16:09:28.555 [main] DEBUG org.apache.hc.client5.http.wire -- http-outgoing-0 << "x-xss-protection: 1; mode=block[\r][\n]"
16:09:28.555 [main] DEBUG org.apache.hc.client5.http.wire -- http-outgoing-0 << "strict-transport-security: max-age=31536000[\r][\n]"
16:09:28.555 [main] DEBUG org.apache.hc.client5.http.wire -- http-outgoing-0 << "[\r][\n]"
16:09:28.555 [main] DEBUG org.apache.hc.client5.http.wire -- http-outgoing-0 << "2956[\r][\n]"
16:09:28.555 [main] DEBUG org.apache.hc.client5.http.wire -- http-outgoing-0 << "[0x1f][0xffffff8b][0x8][0x0][0x0][0x0][0x0][0x0][0x0][0x3][0xffffffc5][0xffffff9d][0xffffffeb]r[0x1b]W[0xffffff96][0xffffffa5][0xffffffff][0xffffffcf]c[0xfffffff0][0xffffffef]X[0xfffffff0][0xffffffb9]_[0x18][0xffffffd1]1/[0xffffffe1]_=[0xffffffd3][0xffffffa1]8[0xffffff97][0xffffffcc]6gdIAQ[0xffffff8a][0xffffffaa][0xffffffee][0xffffffa8]w[0xffffff9f][0xffffffef][0xffffff80][0x4][0x12]"[0xffffff91]T[0x2]y[0xffffff90][0xffffffae]pW[0xffffffdb]2[0xffffff8a][0xffffffd2]N.[0xffffffee][0xffffffdc][0xffffff97][0xffffffb5][0xffffffd6][0xfffffffe][0xffffffef][0xffffffbb][0xfffffff2][0xffffffe5][0xfffffffb][0xffffffe7][0xffffffa7][0xffffffbb]{[0xffffffe5][0xffffffc2]ow[0xffffff9f][0xffffff87][0x7f][0xfffffff0][0xffffffb7]w[0x7f]>=}[0xfffffffd]v[0xffffffff][0xfffffffb][0xffffffef][0x7f]~[0xffffffcf][0xffffffbb][0xfffffffa][0xffffffa5][0xfffffffc][0xffffffbf][0xffffffe1]qW[0xffffffbe][0xfffffffc][0xfffffff5][0xfffffffb][0xf][0xfffffff5][0xfffffffb][0xffffffe3][0xfffffff0][0xfffffff5][0xffffffcb][0xffffffb7][0xffffff87][0xffffffa7]/[0xffffff8f][0xf][0xffffffc3][0xffffffb7][0xffffffdf][0xffffffbf][\r][0xffffff9f][0xffffff86][0xffffffcf]_[0x1e][0xffffffea][0xffffffef]?>[0xffffff97][0xffffffdf][0xffffff9f][0xffffffd2][0x7f]~[0xfffffffb]__[0xffffffd3][0x7f][0xe][0xffffffff][0xffffffa6][0xffffffff][0xffffffcf]w![0xffffff94]k[0x7f][0xffffffff][0xfffffff1][0xffffffdb][0xffffffc3][0x7f][\r][0xffffffff]&[0xffffff85][0xffffffb8][0xfffffffb][0xffffffed][0xffffffee][0xffffffeb][0xffffffe3][0xfffffff0][0xffffffe3][0xffffffe1][0xffffffcb][0xfffffff7]o[0xffffffab][0xffffffbf][0xffffffbe]<[0xffffffff][0xfffffff5][0x1f][0xffffff87]o[0xffffffdf]?=[0xfffffff1][0xffffffe5][0xffffffff][0xfffffff7][0x7f][0xffffffdf][0xffffff95][0xffffffc7]![0xfffffff1][0xffffff87][0xffffffbc][0xffffffbb][0xfffffff7]Z[0xffffffb8][0x10][0x7f][0xffffffbb]{[0xffffffa8]w[0xfffffff7][0xffffffd2]hm[0xffffff9c][0xffffffb0][0xffffff8a][0x7f][0xfffffffc][0xffffff8b]?[0xffffffdc][0xfffffff3]G[0xffffffd3]c[0xfffffff9][0xfffffff3][0xffffffe1]i(O[0xffffffdf][0x1f][0x7][0xfffffffe]h[0xffffffe9][0xffffffaf][0xffffffea][0xc][0x7f][0xffffffda][0xffffff91]/[0xffffffc0][0xffffffaf][0xffffffb4]?-[0xffffffff][0xfffffff4]#=>[0xffffffa4][0xfffffff6][0xffffff94]>[0x7f][0xffffffff][0xfffffff4][0xffffffe9][0xffffffb7][0xffffffbb][0xfffffffa][0xffffffc0][0xffffffff][0xffffffba]=[0xffffffa8]o[0x7f]&e[0xffffffdd][0xffffffbd][0xffffffc8]CL[0xffffffd6][0xffffffea][0xffffffc1][0x5]_[0xfffffff4][0x10]kM[0xffffffa3]/[0xffffffb2]V#[0xffffff95][0xffffff8e]2[0xffffffba]2[0xffffffa4][0xffffffe8][0xffffffa2][0xffffffe6][0xffffffdf][0xffffffa5]dKJ[0xffffffc1]:[0x1d][0xffffffbc]1[0xffffffd9][0xffffff8e]VX[0xffffffc7][0xffffffef][0xfffffff0][0xffffffa5][0xfffffffd]N[0xffffff9f][0x1e]>[0x7f][0xffffffff][0xffffffc7][0xfffffffe][0x1f]>[0xfffffffe][0xfffffffc][0xfffffffb][0xfffffff3][0xb]?[0xffffff86][0xffffffc7]o[0xf]_>[0x1f][0xfffffffe][0x8][0xffffffed][0xffffffc1][0xffffffde][0xffffffdd][0x1b][0xffffffe9][0xc]_[0xffffffcb][0xfffffff2][0xffffffad][0xfffffffb][0xfffffff6][0xffffffc4][0x1f][0xffffffb8]}[0xffffff91]T[0xffffff9e][0x1e]~[0xc]|[0xffffff95]O[0xffffffe9][0xffffffdb][0xffffffd3][0xffffffc7][0xffffffaf][0xfffffffc][0xffffff81][0x7][0xffffff82][0xffffffbf]SB[0xffffff99][0xf]B[0x7f][0xffffff90][0xfffffffa][0xf][0xffffffa9][0xffffffee][0xffffff85][0xffffffe4]q[0xffffffec][0xffffff8c][0x8]Z[0xffffff87][0x7f][0xffffff9f]>[0xfffffffb][0xffffffed][0xffffffcf][0xffffffc3]ge[0xfffffffb][0xffffffac][0xffffff8a][0x7f][0xffffff88]po4[0xffffffe0][0xffffffd8][0xfffffff9][0xffffffa0][0xffffff84][0xfffffff6][0xffffffff]~[0xfffffff7][0xffffffaf][0xffffffff]x[0xfffffff9][0xffffffca][0xffffffdf][0xffffffbf][0xffffffd6][0xfffffff4][0xfffffff4][0xffffffcb][0xffffff8f][0xffffffff][0xfffffff4][0xffffffe1][0xffffff93]o[0xffffffc8][0xfffffffe][0xf][0xfffffff7][0xfffffffc]%[0x1e]?~[0xffffffff]6<~N[0x7f][0xffffffb5][0xffffffe7][0xffffffff]#}~H_[0xffffffbf]|[0xfffffff9][0xffffff93]?[0xffffffd4][0xffffffcb]/}[0xfffffff9]:<[0xffffffa6][0xffffff8f][0xffffffde][0xffffffee][0x1a][0xffffff8a][0xffffff8e][0x0][0xfffffffc]'[0xffffffdf]P+ul[0xffffffdf][0xffffffdd][0xffffff91] [0xfffffff7]P[0xfffffffb][0xffffffe9][0xffffff89][0xfffffffc]Pw[0xfffffff7]O[0xffffff8f][0xffffffdf][0xffffff87][0xffffffdf][0xffffffee][0xffffffc0][0xffffffe6][0xffffffc7][0xffffffb7][0xffffffcf][0xffffffa7][0xfffffffd][0xffffffea]%[0xffffffcf][0xffffffe8][0xffffffe4][0xfffffff3][0xb][0xffffff9e][0xffffffd3]ow[0x7f][\r][0xfffffff5]!}|[0xfffffffa][0xffffffe7][0xffffffd7]=[0xffffffae][0xffffffbe]~[0xfffffffd][0xfffffff4]P[0xffffffd2][0x13][0xffffffdf]B~\[0xffffffea][0xfffffff4]c[0xfffffff5][0xfffffff9])=|[0xffffffe6][0x7]l[0xf][0xffffffc9][0xffffffdd][0xf][0xfffffff9]?[0xffffffff][0xffffffef]7[0xffffffbe][0xffffffcb][0xffffffbf][0xfffffff1]c[0xfffffff9][0xfffffff9]i[0xfffffff8][0xfffffffc]t[0xfffffff8][0xffffffdf][0xffffffef][0xffffffff][0xfffffff5][0xffffffdd][0xffffffbf]~[0xffffff9b][0xffffffc7][0xffffffb6][0xffffff88][0xffffffd2][0xffffffa8][0xfffffffe][0xffffffd8].2[0xffffffa7]j[0xffffff85],[0xffffffc5]J[0xffffffab]S[0xffffffb4]itI[0xffffff86]P[0xffffff9c][0xfffffff6]1[0xffffffba][0xffffffd1][0xffffffab][0xffffffac][0xffffff84][0xffffffd3][0xffffffb1]hcB[0xffffffd5][0xffffffbe][0xffffffe6][0xffffff98][0xffffff9d][0xffffff95]B[0xffffff8d]~[0xffffffe0]#~[0x5][0xffffffb6][0xffffff95][0xffffff91][0xffffffc1]iw[0x19][0xffffffb6][0xffffffcd][0xffffffbd][0x10][0xfffffff7]V[0xffffffed][0xffffffbc][0xfffffff2]Z[0xffffffbe][0xffffff87]m[0xfffffff7][0xffffff87][0xffffffe0][0xffffffb3][0xffffffee]^[0xffffffdb]][0xffffffd0]![0x18][0xfffffff5]>[0xffffffb6][0xffffffcf]|[0xffffffbc][0x3][0xffffffb6][0xffffffc7][0xffffff87][0xffffffc7]a[0xfffffffc][0xfffffff2][0xffffff8f][0xffffff8f][0xffffffc1]/D[0xfffffff7][0xfffffff1][0xffffff99][0xffffffac]C[0xfffffff7][0xffffffdb][0xffffffa7][0xfffffff4][0xe][0xffffffba][0xffffffcf][0xffffff86][0xffffffbe]-[0xffffffba][0xffffff85][0xffffffb7]Qz[0xffffffdb]=s[0x17]G6[0x1e][0xfffffff3]`[0x6][0xffffffab][0x6][0xffffffc5]_&[0xfffffff8][0xffffffe8]E*V[0x14]9[0xffffffc8]2[0x1a]/-[0x10][0xffffff8f][0xffffffa6][0x6][0xffffff95][0xc][0xffffff98][\n]"
16:09:28.556 [main] DEBUG org.apache.hc.client5.http.wire -- http-outgoing-0 << "[0xffffffc9][0xffffffaa][0xffffff9c]2[0xffffffff]$}no[0xffffff8a]k3[0xffffffb7][0xffffff94][0x11][0xffffff80][0xffffffca][0xffffffcb][0xffffffd0]}[0xffffffc8][0xffffffdc]Q+e[0xffffffc8][0xffffffc6][0xffffffc7],[0xffffffff]*#I[0xfffffff1][0xffffff87][0xffffff88][0xfffffff7][0xffffffda][0xffffffdd]+[0xffffffb1][0xffffffb3][0xffffffda][[0x17][0xffffffdf]E[0xfffffff7][0xffffffb9][0xffffff8f][0xfffffff7]D[0xffffffb7][[0xffffff88][0xffffffee][0xffffffe3]3Y[0xffffff87][0xffffffee][0xffffffb7]Oi[0x1e][0xffffffdd][0xffffffe7]C[0xffffffdf][0x14][0xffffffdd][0xffffffbc][0xffffffc4][0xffffff8c]P[0xffffffd1]wG[0xffffffb7][0xffffffa8]J[0xffffffd8]lD[0xffffffa5][0xffffffdc][0x18]L[0x9]V[0xffffffa6](r[0x1a][0xffffffc3][0xffffffa0]r)[0xffffffc6]$[[0xffffffab][0xffffff8b]r[0xffffffd4][0xffffffa2]h/[0xffffffdd][0xffffffe0]k[0x12][0xffffffde][0xffffffc8]a[0xffffffb4]#[0xffffff95]K[0xffffffad][0xffffffd7][0xffffffa3][[0xb][0xffffffa5][0xffffffa9][0x18].[0xffffffce][0xffffffdd][0xffffff86]bJ[0xffffffee](U[0xffffff82][0xffffff9b][0x7][0xffffffb7][0xffffffa0][0xffffff84]1[0xfffffff7][0xffffffda][0xffffffdf][0xb][0xffffffb3][0xffffff8b][0xfffffffc]G[0xffffffc8]w[0xffffffc1]}[0xffffffee][0xffffffe3][0x1d][0xffffffc0]][0xfffffffe]|[0xfffffffc][0xfffffff2][0xffffffd7][0xfffffff0]1[0xffffffc4]e[0xffffffd8][0xffffff9e][0xffffff9e][0xffffffc8]:l[0xffffff9b][0xfffffffb]W[0xffffffcf]h[0x1e][0xffffffda][0xffffffe7][0x3][0xffffffdf][0x16][0xffffffda][0xffffffde]J'][0xffffffff][0xffffffc4][0xffffff9d][0xffffffa8]gm[0xfffffff1][0xffffffda][0xffffffa5][0xffffffc1][0x8]00[0xfffffff8][0xffffff98][0xffffff84]1>*Y[0x6][0xffffff97][0xffffff83]$[0xffffff95][0xffffffc4]a[0xffffffc8]#o[0xfffffff6]1[0xffffffe7][0xffffffa8][0xffffffa9]umuRH[0xffffffa9][0x1c][0xffffffe8][0xffffffbe][0x1e][0xffffffda]R[0x1b][0xffffffc5][0xffffffef]xU[0xffffffc9]mw[0xffffffa6]u!s[0xffffffd0]V[0x1f][0xffffffa4][0xfffffff9]C[0xffffffda]{a[0xffffffef][0xffffffb5][0xffffffe0][0xffffffa3][0xffffffc2][0xffffff88][0xfffffff7]*[0xffffffee][0xfffffff3][0x1f][0xffffffef][0x0][0xffffffed][0xffffff97][0xffffff8a][0xffffffdb],C[0xfffffff6][0xfffffff4]@[0xffffffd6]![0xfffffffb]9k[0xffffff9f]<[0xffffffa2]9d[0xffffffcf][0xffffffc5][0xffffffbd]-[0xffffffb2][0x1d]u[0xffffff82]n[0xffffff9d]W[0xffffffe7]f[0xffffffd2][0xffffffd9][0xffffffea]M&M[0xfffffffb]0[0xffffff8c]b[0xffffff88]N+K[0xffffff89]-\%Yk[0xffffffab][0xffffffc7][0x1a]s[0xffffffb4][0xffffffa3][0xffffff90][0xffffff94][0xffffffd9][0xffffffa3][0xffffffe3]W[0xffffff86]L[0xffffffa1][0x12][0xffffff8a][0x1e][0xffffff87][0xffffffd1][\r]&[0xffffffaf]@[0xffffffb6]p[0xffffff96][0xffffffcc][0xffffffab][0xffffffaf])I[0xffffffec][0xffffffce])[0xffffffeb][0x5]E[0xfffffff4][0xfffffff9][0xffffff92][0xffffffe4][0xfffffff9]{[0xffffffa6][0xffffffef]u[0xffffffbc][0xffffff97]q[0xffffffa7]=][0xfffffff9][0xffffffaf][0xffffffa1][0xfffffffd][0xfffffffa][0xffffffe3][0x1d][0xffffffa0]},[0xffffffb8][0xffffff97][0xffffffb6][0xffffff93][0xffffffc7]g[0xffffffd2][0x7][0xffffffdc][0xffffffd3]Sz[0x1f][0xffffffdd]oC[0xffffffdf][0x16][0xffffffdd]::o[0xffffffb5][0xffffffe8][0xffffff8e][0xffffffee][0x0][0xffffffaa][\r]I:[0xffffffd7][0x1a]K[0x1a][0xffffffcd][0xffffffa8]KI[0x19]T[0xffffffe7]X[0x2][0xffffffe3][0xffffff88][0xffffff9a][0xffffffec]P[0xffffffaa][0xffffffa2][0xffffff93][0xffffffac]R[0xffffffe4][0xffffffc0][0xffffffe4][0xffffffa4][0x14]!k[0xffffffd1][0xffffffd6]kU[0xffffff86][0xfffffff1]jtk[0xffffffe7]A[0xffffff9d]u[0x17][0xffffff96]$[0xffffff96])[0xffffffc3][0xffffffbd][0xffffffb1];^'v[0xffffffbe][0xffffffe0][0xffffff96][0x1f][0xffffff94][0xfffffff8]C[0xffffff8a][0xfffffff6]Y[0xffffffa9]w[0xffffffce]+#[0xffffffa8]_fG%[0xffffffe7]?[0xffffffde][0x1][0xffffffdd][0xffffff87][0xffffff9a]$,[0xffffffca][0xffffffdc]'[0xffffff8f]d[0x1d][0xffffffb8][0xffffffdf]>[0xffffffa4]9p[0xffffffcf]E[0xffffffbe]1[0xffffffb8][0xffffff85]fR[0xffffffd7][0xffffffbf][0xffffffde]v[0x14][0x19][0x3][0xffffffa5][0xffffffab][0xffffffd6]5[0xffffffdb]*[0xffffffbd]SEi[0xffffffeb][0xffffff84][0xffffffd7][0xffffffa9]DQ[0xffffffbd][0xffffff94]b,)[0x6][0xffffff97][\r][0xfffffff3]A[0x15][0xffffffd3](M[0xffffffa5][0xffffff8e]IC,Y[0xffffffab][0xffffffb8][0x2][0xffffffdc]T7[0xffffffc2]+~^[0xffffffdf][0xffffffce][0xffffffb9]~5[0xffffffe3]r;i[0xffffff83][0xfffffff0][0xffffffb3][0xffffffb3][0x12][0xffffffd9]f[0xffffff86]t[0xffffff93][0xffffff8c][\r][0xffffff8d][0xffffffdc][0xffffffc9][0xfffffff6]cd[0xffffffde][0x5][0xfffffff7][0xffffffb9][0xffffff8f]w[0x0][0xfffffff7]KU[0xffffffa2][0x17]b[0xfffffffb][0xfffffff8]D[0xffffffd6]a[0xfffffffb][0xffffffb9]*9}F[0xfffffff3][0xffffffd8]>[0x1f][0xfffffff8][0xffffffb6][0xffffffd8]f[0x18][0xffffffc7]8[0xffffff8e],[0xffffffd7][0xffffffb9],[0xffffffc9][0xffffffd5][0xffffffb9]4[0xffffffaa][0xffffffa8][0xffffff83][0xffffffa5]&[0xffffff89]E&[0xffffffca][0xffffff91]!d*[0x14]&[0xffffffde][0xffffff9e][0xffffffb1][0x9][0xfffffff3][0xffffff99][0xffffff90][0x19][0xffffff81][0xffffff9b][0x10][0xffffff84][0x12][0x3];[0x0]&$J[0xffffff94]jt[0xffffffb2][0xffffffd7][0xffffffcf][0x1][0xffffffb5][0x15]"0[0x8]4[0xffffff97]b[0xffffffdb]PH[0xfffffffb]}Y[0x12][0xffffff99]~[0xffffff9c]/K[0x18]s[0xffffffdb]?[0xffffffe4][0xfffffffe]e[0xffffffcb][0x1c]0[0xffffffaa]`~[0xffffff81][0xffffffed]s[0x1f][0xffffffef][0xffffff80][0xffffffed]cY[0xffffffb2][0xffffffac][0xffffffe6]>y&k[0xffffffd1][0xfffffffd][0xfffffffa])[0xffffffcd][0xffffffa3][0xfffffffb]|[0xffffffe8][0xffffff9b][0xffffffa2][y[0x13][0xffffffad]R[0xfffffffd]3[0xffffffb7] [0xffffffad]1[0xffffffec][0x1b][0xffffff82][0xffffff89][0xffffffd2]E[[0x6][0xffffff9f][0xffffffc4]8F[0xffffffe5]}[0x16][0xc]N[0xffffffc6]\%[0xffffffd3]m[0xfffffffe][0xffffffb2]&g:[0xffffffcc]1[0xffffff8c][0xffffff92]B%3,L[0xffffff92][0x7f][0xffffffb8]>s[0xffffffdb]([0xffffffac][0xc][0xffffff9e][0xffffffc1][0xfffffffd]5[0xffffff99][0xffffff9b][0xffffffff][0xffffffb5][0xffffffd6][0xfffffff6],[0xffffffba][0xffffffc5][0x7][0xffffffc9][0xffffffdb][0xffffff96]~[0xffffffd2][0xffffffdd][0xfffffff3][0xffffff97][0xffffff89][0xffffffbb] [0xffffff95][0xffffffb7]|[0xfffffff6]|Y2[0xfffffffb][0xfffffff1][0xe][0xffffffe8]~[0xffffffc9][0xffffffdc]jY[0xffffffe6][0xffffff9e][0xffffff9e][0xffffffc8]Zl[0xffffffb7]-[0xffffff97][0xffffffdb]M[0xffffffcf][0xffffffe8],[0xffffffb6][0xffffffdf][0x9]|[l;k[0xffffffd5]-[0xffffffaa][0xffffff92][0xffffffa4][0xffffff86][0x1a]D[0xffffff8a][0xffffff86]ys[0xffffffa9]6[0xc][0xffffffd1]J5[0x1a]a[0xffffffc2][0xffffff98]Fv4&[0xffffff87][0xffffffcc]00Hj[0x12]1J[0x6][0xffffffdb][0xc]ND[0x15]2[0xffffff9a]P[0xffffff84]XS[0xffffff95][0xffffffd0]#;'/[0xffffffc4][0xffffffb6][0xffffffb9]g[0xffffffa5]j[0xffffffc5][0xffffffce]I[0xffffffc3][0xffffffc0]}[0x1e][0xffffffdb]2[0xffffffb4]1[0xffffffa0]U[0xffffffad][0xffffffa1][0xffffffb4][0xffffffc6][0x5]7[r[0xffffffef][0xffffffbf][0xffffffc5][0xffffffe7]>[0xffffffde][0x1][0xffffffdb][0xffffff87][0xffffff92]{[0xffffffd9][0x2]G[0xffffffbb][0xffffffe3]#Y[0x7][0xffffffee][0xffffffb7][0xf]i[0x1e][0xffffffdc][0xffffffe7]#[0xffffffdf][0x1a][0xffffffdc][0xffffff86][0x15][[0xffffffff][0xffffffb2]d[0xffffffac][0xffffffa3][0x1d]X[0xffffffd0][0xffffff88][0xffffffd8]V[0xffffffd9][0xffffffde][0xc]ca[0xffffffdc]G;i[0xffffffc7][0xffffffec]G[0xffffff92][0xffffffb3][0xffffffa4]m[0x4][0xffffffd0]y[0xffffffb0]6[0xffffffa8][0xffffffec]s[0xffffffc9]R[0xffffffd7]8h[0xffffffb0][0x1d][0xffffffa2]J[0xffffffd7]'n[0x13][0xffffff9d]5F3[0xffffffda][0xffffffbc]<q[0x3][0x16]![0xffffffb5]??[0x8]<A[0xffffffab][0xffffffa6][0xfffffffa][0xffffffa4][0xfffffff7]4[0xffffffde][0xffffffab][0xffffffd9][0x5][0xffffffce][0xffffffec][0xffffffc7];[0xffffff80][0xfffffffb]X[0xffffff96],,[0xffffffba][0xffffffa7]g[0xffffffb2][0xe][0xffffffdd][0xffffffcf]E[0xfffffff7][0xffffffe9]S[0xfffffffa][0x15][0xffffffba][0x7f]~R[0x1b]/[0xffffffdf][0xffffff95][0xffffff8a][0xffffffc2][0xffffffc9][0x1b]LK[0xffffffc6]b[0xffffffa4][0xffffffb4]c[0xfffffff4][0xffffffb0]sxyS[0xffffff80][0xf][0xffffffcc][0x5]u[0xffffffac][0xffffffa4]i[0xffffffa5]\[0xffffffd5]Q[0xffffff8d]V[0xffffffb1][0xffffffa8][0xffffffd4][0xffffff83][0x1e][0xffffffbd][0x1c]@[0xfffffffa][0x18]45w[0xffffffb1][0xffffff94][0xffffffcc][0xffffffe3][0xfffffff5][0xffffffc4][0x12][0xffffffcd][0xffffffcb]B[0xffffff93][0xffffffaa][0xffffffae]ZO[0xfffffffa][0x1d]M[0xffffff88]5[0xffffffb3]e[0xffffff89][0xfffffff8][0xffffffa0][0xffffffd8][0xffffffe0]04[0xffffffd8]/{[0xffffffe0][0xffffff95][0xffffffbc]W[0xffffff94][0xffffff9c][0xfffffffb]pOd/,J[0xffffffa6][0xffffffe7][0xffffffd1][0x7][0xffffffd9][0xffffffd3][0x13][0xffffff9a]C[0xfffffff6][0xfffffff9][0xffffffc0][0xffffffb7][0xffffffcd][0xffffffda][0xffffff92]f[0xffffffd2][0xffffffb6][0xffffff81]p[0xffffffe7]f[0x12][0xffffffae][0xffffff88][0xffffffc8]#[0xffffffb9]x[0xfffffff4][0xffffffd1]Ru[0x8][0xffffffe5]a[0xffffff96][0xfffffff8][0x8]#J[0xffffffe7]Q[0xffffffbb][0xffffffca][0xffffffee][0xffffff90][0xc]-c[0xffffffaa]e[0x1c][0xffffff85]K[0x2][0xffffffee][0x11][0xfffffff9]6[0xffffff83]xi[0xffffff86]r}[0xffffffd6][0xffffffb6]^z[0xffffffbe][0xffffffee][0xffffff95][0xffffffb8]6[0xffffffda][0xffffffe8]p~[0xffffffc6]M[0x1a][0xffffffe6]/[0xfffffff5][0xffffff87][0xfffffff4][0xfffffff7][0xffffffd6][0xffffffb7][0xffffffb2][0xffffffd3][0xffffffa9]h[0x1c][0x19]~[0xffffffb6][0xffffffdc]>[0xffffffff][0xfffffff1][0xe][0xffffffd8]~)[0xffffffb7][0xffffffd9][0xffffffa3][0xfffffff2][0xffffff9c]~E[0xffffff98]b[0xffffffb0]zx"}[0xffffff90]==[0xffffffa3]yd[0xffffff9f]{N[[0xffffffe7]l)lt[0xffffffa2]q[0x3][0xfffffffb][0xffffff92][0x1][0xffffff99]R3[0xfffffff9][0xffffffcb][0xffffffb1]F8$ed[0x14][0xffffffec][0xffffff99][\n]"
16:09:28.556 [main] DEBUG org.apache.hc.client5.http.wire -- http-outgoing-0 << "2[0xffffffe1][0xffffff83][0x1a]E[0xffffff85][0xffffffcd][0x8][0xffffffc5]WQ[0xffffffc6][0xffffffa1][0xffffffc4][0xffffffcc]~'+[0xffffffa8]'&[\r]C[0x1a][0xffffff8a][0x9]p[0xffffffa7][0x1a]s[0xffffffef]:J[0xffffff89][0xffffffa6][0xffffff81]p[0xffffffbc][0xffffff8a].[0x1e][0xffffff94][0xffffffb4]6[0xffffffa9][\r]J[0xffffffa2]Ql[0xffffffd2][0xffffffcf][0xc]JN[0xffffffb0]m[0xffffff98][0x3]2[0x4]4![0xffffffba]Y[0xffffffc2][0xffffffd4][0xffffffec][0xffffffc7];`[0xfffffffb]Pn/c[0xffffff94][0xffffff9c]<[0xffffff92]>[0xffffffe0][0xffffff9e][0x1e][0xffffffd2][0xffffffaf][0xffffffc0][0xfffffffd][0xfffffff3][0xffffff83][0xfffffffa][0x1b][0xffffffc0][0x1d]X[0xffffffe0]t[0x7][0xffffffb7]-5[0xffffff85][0xffffffea][0xffffff8a][0xffffffb4][0xffffffaa]$[0xffffff86][0xffffffdb]d[0xffffffe7]A[0xffffff95][0xffffffb6][0x1a]i[\r][0xffffffa5][0xffffffb2][0xffffffb4][0xffffffb0][0xffffff89][0xffffffee]Qj[0xffffff9b][0xffffffc8][0xffffffd5]e[0xffffffa8][0x3][0xffffff95]8[0xffffffcb]w[0x1d][0x18]w[0xfffffff3][0x7f][0xffffffd7][0xffffff83][0xffffff9b][0xffffffc1][0xc][0xfffffff3][0xfffffff3]K[0xffffffd7]7[0xffffff87]B2XE=[0xfffffff3]Kp[0xfffffff3]q&[0xffffffbd]0J[0xffffffc4]{[0xffffffe5][0xfffffff6]!q[0xffffff9b][0xffffff9f]>[0xffffffde][0x1][0xffffffdc][0xffffffc7]r{a[0xffffffea][0xffffff9e][0xffffff9e]I[0x1f]tOO[0xffffffe9][0xffffff97][0xffffffe8]~[0x15][0xfffffffa][0xffffffa6]e[0x9][0xffffffe0][0xffffffa3][0xffffffe0][0xffffffbe]A[0xffffffb9]M[0xfffffffe][0xffffffab]j[0x18]F[0xffffffe9]Y[0xffffffbc][0xffffff97][0x11][0xffffffae][0xffffffab][0x1e]i[0xffffffd3]@8)[0xffffff9a]yw$G[0xffffffa7]6[0x17][0xfffffff1][0xffffffaa]*)t[\r][0xffffffa0]^[0xffffffcb][0xffffffcc]"[0xffffffc7][0xffffff8f][0xffffffa3][0xf][0xffffffd7][0xffffffa3][0xffffffdb][0x19][0xffffffc9][0xfffffffe]F0[0xffffffd8][0xffffffbc][0xffffffa4][0xffffff99]l4[0xffffff91]{[0xffffffa1]w[0xffffffb4][0x0][0xfffffff1][0xfffffffc][0xfffffffa]F|[0x10]q?[0x4][0xfffffff4][0xfffffff7]J[0xffffffb7]q8-[0xffffffab][\n]"
16:09:28.556 [main] DEBUG org.apache.hc.client5.http.wire -- http-outgoing-0 << "[0xffffffef]T%3[0x1f][0xffffffef][0x0][0xffffffee]C[0xffffffe6]^[0xffffffb6]x[0xffffffd7][0xffffffd3][0x13]Y[0xffffff87][0xffffffed]7[0xffffffcf]h[0x6][0xffffffda][0xffffffb3][0xffffff81]o[0xc]m[0xffffff92][0x1c]5q[0xfffffff7][0xffffffc4][\r][0xffffffc1]o[0xffffffd0][0xffffffc2][0xffffffc8][0xffffffb1]d[0xffffffa5][0xfffffff4]([0xffffff92][0x6][0xffffffd0][0xffffffa6][0xffffffd4][0xffffffc1][0xfffffff8][\n]"
16:09:28.556 [main] DEBUG org.apache.hc.client5.http.wire -- http-outgoing-0 << "y[0xffffff84]J;[0xc][0xffffffb9][0xffffffb0][0xffffffb9][0xfffffff6]|.[0xffffffca]*Ave[[0xffffffe9]e[0xffffff92]d[0xffffffee][0xffffffeb]Y%[0xffffff94][0xfffffff1][0x6].[0xffffffa0][0xffffffba][0xffffff8a]/[0x15]v[0xffffffe0][0xffffff80]?[0xfffffff6][0xffffff9b][0xffffffc4][0xffffffdd]t[0x18]s[0xffffff85]5[0xffffffdf]IA[0x1d]NQ#[0x1b][0xfffffffd][0xffffff95]bL[0xffffffc4][0xffffffa9][0x17]}[0xffffffd1][0x1c]L[0xffffffd2][0xffffff90][0xb][0xffffff94][0x8][0xffffffc7][0xfffffffc],[0xffffff96][0xffffff95][0xffffffd6]S[0xffffffe8][0xffffffeb]0[0xfffffffc][0xfffffffc][0x16];}[0x18][0xfffffff3] >[0x1f][0xfffffffa][0xffffffc6] nUh[0xffffffd3][0x13]u.[0xffffffad]a[0x12][0xffffffaa][0x8][0x1d]D[0xffffffa1][0xffffff9e]Q[0x5][0xffffffda][0xffffffd3][0xffffffc8][0xffffffb0]ZB[0xffffff90]b[0xffffffd1]^[0x18]s[0x17]V)[0xffffff86][0xffffffad];[0xffffff9a][0x1c][0x1f][0xffffff87][0x18]$L[0xffffffaa][0xffffffc2][0xffffffc2]F[0xffffff8f][0xffffff8c][0xfffffffe][0xffffff8a]Y[0xffffffd3]6[0xfffffff2][0xffffff9b][0x8][0xffffffb6][0xffffff9c][0xffffff97][0xffffffe5][0xffffffe7][0xffffffc3][0xfffffff7][0xffffffcd]F[0xffffffab][0xffffffed][0xffffffdb][0xffffffd2][0xfffffffa]][0x10][0xffffff87][0xffffffbd][0xfffffffa][0xffffffa6][0xffffffb1][0xffffffa5][0xffffffee]5[0xffffffd3]7[0x1f][0xffffffec]I[0xffffff8a]_[0x3][0xffffffe2][0xffffff97][0xffffffee]p![0xffffff84]a[0xe][0xffffffbf][0x4][0xffffffde][0x7][0xffffffc2][0xffffffd3][0xffffffa3][0xffffff98][0xffffff83][0xfffffff0]\[0xffffffe0][0xffffffdb]B[0xffffff98]]Y[0xffffff8c][0xffffff9e]V[0xffffffaa]3[0xffffff84][0xffffffab]a[0xffffff84][0xffffff87]P[0xffffffcc][0xffffffc3]yJM6[0xffffff96][0xffffffb3][0xffffffd7]6[0xffffff8f][0xe][0xffffffa4][0xffffffee][0x17]_[0x5]:[0xffffffb6][0xffffff82][0x4][0xffffffc5]l[0xffffff9a][0x6]u[0xffffffc8][0xffffffb9][0xc][0xffffff82]i[0xffffff9e]6[0xfffffff0][0xffffffa0][0xffffffe0][0xfffffffa]]_bP[0xffffffb4][0xffffffb0]P[0xffffffb1][0x17][0xfffffff2][0xffffff9f][0xe][0x10][0xe]Q[0xb][0xfffffffb]v^[0xfffffffd].[0xffffff84][0xfffffffd][0x7]-[0x1b]+J[0xffffffa9][0xffffffb6]\g[0xffffff94][0x4]o[0xffffffe0][0xffffff98][0xffffffc9][0xffffffd7]@[0xfffffff8][0xffffff90][0xffffff87][0xfffffffd]2[0xffffffee][0xffffffb5][0xffffff9e]B[0xffffffef][0x3][0xffffffe2][0xffffffe9]a[0xffffffcc][0xffffff81]x.[0xfffffff4]MA[0xffffff8c]"[0xffffff8c][0xfffffff5]Gc*w[0x6]qa[0xffffffd7][0x2][0xffffff8d][0xffffff99]d[0x1b][0xffffff8c]F[0xffffffde]X3[0x1b][0x16][0xffffff8b][0xffffff98] [0xffffffc1]{sVg[0xffffffc9][0xffffff80][0xffffffda][0xffffffd6]"[0xffffffc3][0xffffffe0][0xffffffc6]8[0xffffffa2][0xffffff9a]1[0xffffff8d][0x11][0xffffff97][0xffffffb2][0xffffff93]%I}=[0xfffffff9]Z;R?$[0xffffffd5][0xb])[0xffffffaa]p[0xffffffe6][0xffffffd5][0xffffffbd][0xffffffa2][0xfffffff8][0xffffff95]@[0xfffffff0][0xffffffc2]b[0xffffffc2][0x7f][0xffffff90][0xffffffbe])[0xffffffc5][0xffffffda][0xffffff82][0xffffffc1]P[0xffffff8e][0xffffffd0][0xffffffea]N[0x3][0xffffffc0]5 >[0xffffffd4][0xffffffc3][0xb][0x19][0x1f]S[0xffffffe4][0xffffffeb]0[0xfffffffc][0xfffffff6]Y[0xffffffcc]c[0xfffffff8]|[0xffffffe4][0xffffffdb]b[0xffffffd8][0xffffff93][0x1e]E[0xffffffdb]Ct[0xffffffc6]0=^B[0xffffffe7]%[0x3]9[0xffffff96][0xffffffdc][0x1b][0xffffffd9]x[0x3]\[0xffffffc3]F/[0xffffff8e]F[0xffffffb1]/l)7ADU>W[0x14]a&[0xf]%y[0x9][0xffffffc1][0xffffffc9]zS[0xfffffff3][0x1a]>[0x13]s[0x12][0xffffffd8]z[0x17]n[0xffffffc5][0xffffff9f][0x13]1[0xffffffd4]i[0xfffffff6][0xfffffff8][0xfffffff2][0xffffffed][0x8][0xfffffffa][0x17][0xffffff89]X[0xffffffb0]+[0xffffff97][0x14][0x12]mxG[0x15]5[0xffffffd5]"k[0x10][0xfffffffc]\I[0xffffffb8][0xffffff85]I[0xffffffd8][0x1e][0xffffffc3]^[0x7][0xffffffe0][0xffffffb7][0xf]b[0x1e][0xffffffc0][0xffffffe7][0xffffffc2][0xffffffde][0x18][0xffffffbe],[0xfffffff0][0xffffffd8][0xffffffd2]u[0xffffff87]oV[0xffffff80][0xffffff95][0x5][0xffffffb6]V[0xffffff83][0xffffffa5][0xffffff83][0x1b][0xffffffa0]'[0xffffffa3]@[0xffffff8f]to[0xffffffe4]^O[0xffffffc3][0x13]l[0xffffff89])V[0x1][0xffffffac][0xfffffffd][0xffffffa8][0xffffffa5][0x1a]$[0xffffffcb]oT[0xffffffba][0xffffffa1][0xffffffa0]d[0xfffffff4]k[0x6]q[0x8][0xffffffd9][0x11][0xfffffff5]\[0x8][0xffffffdf]}[0xffffffda]1a[0xffffffe7][[0xffffffb5][0xfffffffe][0xffffff96][0xffffffd4][0xfffffff1]+[0xfffffff8]"A[\r]m[0xffffffd8]a[0xffffffc4][0xffffff8e][0xffffffc5][0x10]"[0xffffffd8][0xffffffbe]u[0xffffffc4]B[0xffffffbe][0xffffffb4]9[0xffffff86][0xffffffbe][0xe][0xffffffc2]o[0x1f][0xffffffc6];[0x10]>[0x1b][0xfffffffa][0xffffffb6] 6[0xffffff8d][0xffffff98]d[0xfffffffa][0xffffffaf]J([0xffffffcc][0xffffffe0]B[0xffffffc3][0xffffff98][0xffffffce]PG[0x7]d[0xffffffe6]n[0x14][0xffffffd5][0xffffffa0][0x1e]W[0xffffffe8][0x2][0xffffffd8]<[0xffffffc6]b [0xffffffe2][0xffffffa1]$W[0x3][0x19][0x18][0xffffffd5][0xffffffa2]p04kVlTb[0x18][0xffffffaf][0xffffffd7]'[0xffffffb2][0x7f][0xffffffb4]"[0xffffffa0][0xffffffa0][0xffffffbd][0xffffffac][0xffffff9f][0xffffffdb]+[0xffffffb3][0x18][0xffffffa2]a[0xffffffe9][0xffffffc0][0xffffff94][0xffffffe6][0xffffffb2][0xffffffa1][0xffffff84][0xffffff83][0xffffff83][0xffffffd4][0xffffff98][0xffffffa6][0xffffff8d]E[0xffffffcd][0xffffff82][0xffffffdc][0xffffffa3][0xfffffff9][0xffffff9c][0xffffffe6][0xffffffd1]k[0xffffffb2][0xfffffff0][0xffffffb1][0x18]^[0xffffffc8]@[0xffffff9a]B_[0x7][0xffffffe2][0xffffffb7][0xf]c[0xe][0xffffffc4]s[0xffffffa1]o[0xb]b[0xffffffc9][0xffffffc4]V[0xffffffda][0xfffffffe][0xffffff93]5[0xffffffe6][0xffffffc1]%'[0xfffffff4][0x4],9[0xffffff82][0x10]"[0xffffff9b]jG[0xffffffac]?[0xffffff82][0xffffffd7]d\[0xfffffffa]v[0xffffffa0][0x16]e*[0xffffffb5][0xffffff8e][0xffffffe8][0xffffffc8][0xffffffe9][0x7f][0xffffff8d]SH`[0xffffffb0][0xb]a[0xffffffe5]W[0xfffffff3][0xffffff8a][0xffffffa1][0xffffff84][0xffffff83]9[0xffffffc1]8[0xfffffff7][0xffffffc2]}[0x1f]r[0x16][0xffffff86][0xffffffc6][0x1e][0xffffffd3][0x3]j[0xffffff9f][0xffffffb7][0xffffffc4][0xffffffe8]w3[0xffffffb1]m:[0xffffff97]&,[0xffffff87]t[0xffffff87]m[0xffffff82][0xffffff80][0xffffffdd]7[0xfffffff5][0xffffff84]k@|([0xffffff86][0x17][0xfffffff2][0xffffff8c][0xffffffa6][0xffffffc8][0xffffffd7]b[0xfffffff8][0xfffffff5][0xffffffb3][0xffffff98][0xffffffc3][0xfffffff0]\[0xffffffe4][0xffffffdb]b[0xffffff98]1[0x10]B[0xfffffff1][0x1b][0xfffffff0]1[0xffffffe8][0xffffffaa][0xffffffc0][0xffffffb0]+[0xffffff8e][0xffffffb9]o[0xffffff86][0xffffffd4]Vse0L[0xffffffcb][0xffffff8f][0xffffffa6][0x16][0xffffffd1][0xffffff94][0xffffffe6];=[0xffffff88][0xffffff90]Y[0xffffffeb]A}[0xe][0xffffffec]*P[0xffffffd5][0xffffff86]X}[0xffffffdb][0xffffffef][0xfffffff9]5[0xffffff89][0x18]g[0xffffff82][0xffffffe0][0xfffffff1][0xffffffc0][0xffffffb9]4[0x11][0xffffffb7][0xffffffc5][0xffffff87][0xffffffa1][0x16][0xffffffc0][0xffffffdf][0xffffffe7][0xffffffc2][0xffffffc1][0xffffff9a]mLP[0xffffffaa][0xffffff89][0xffffffe6][0xffffffdb][0xffffffc3][0x10]L2[0xfffffff3][0xffffffee]RL[0xffffffbc]T[0xffffffc3][0xb]K[0xffffff89])[0xffffffee][0xffffffb5][0x8]~[0xfffffffd]$[0xffffffe6][0x11]|6[0xffffffee]-[0x1][0x1c][0x1b][0x7][0xffffff99]qb[0xfffffff7]j[0xffffffd8]0U[0x0][0xffffff86]#[0xffffff96]K![0xffffff95]d[0xffffffa0][0xffffffcc]a[0xffffffd9]a[0x1b][0x15][0xffffffa5][0xffffffe2][0xffffffa4]444;[0xffffff9d][0xffffff91][0x4][0xffffffa5][0xffffffe2]E[0xffffff81]u[0xffffffe1][0xfffffff9][0xffffffff]U[0xffffffe0][0xffffff86]0[0xffffffb8]"[0xffffffd6][0xfffffff0][0xffffffe4][0xffffff8c][0xffffffb7][0xffffff94]#[0x17][\n]"
16:09:28.556 [main] DEBUG org.apache.hc.client5.http.wire -- http-outgoing-0 << "[0xffffffaf][0xffffffe0][0xffffffbe][0xffffff81]_[0xffffffc5]6[0xffffffce][0xffffffaa][0xffffffb7]4[0xffffffb9]_[0xffffffa4][0xffffffe0][0xffffffd6][0xffffffd4]P[0x9][0xffffffd3][0xffffffce][0x5]*[0x11][0xffffffef]b[0x1f][0xfffffffc][0x1e][0xffffffeb][0xffffff88][0xffffff85][0xffffffd4][\n]"
16:09:28.556 [main] DEBUG org.apache.hc.client5.http.wire -- http-outgoing-0 << "[0xffffffc4][0xfffffff6]/[0xffffff91][0xffffffaf]E[0xfffffff0][0xffffffab]g1[0xf][0xffffffe0][0xfffffff3][0xffffff91]o[0xffffff8a][0xffffffe0]V[0xffffff9d]BW[0xffffffeb][0xffffff8e][0xffffffe0][0x11][0xffffffb9]+[0xfffffff4][0xffffffce]Ls[0x1f][0xffffff92][0x1c]D[0x1c][0x1d][0xffffffe5][0xffffffb0][0xfffffff7]HN[0xffffffc8][0xffffffbb][\n]"
16:09:28.557 [main] DEBUG org.apache.hc.client5.http.wire -- http-outgoing-0 << "[0xffffffe3][0xffffff8e] Fk[0x18][0x10]{[0xffffff98]CN$?[0xffffff8c]m?'F[0xffffffd8]l[0xffffffa3][0xffffffb7][0xffffffd7][0xffffffcf][0xffffff85]-[0xffffffab][0x1a][0xffffffc7][0xffffffce][0xffffffe4][0xffffffb2][0xc][0xffffffbc][0xffffffef][0xffffffc2][0xffffffd9][0xffffffae]a[0x1f][0x12][0xffffffe3][0xffffffc5][0x19]X[0xfffffff8][0xffffffbd]Z64[0xfffffffe][0xffffffa7][0xe][0x14]H}J[0xffffffe1]C[0x15][0xffffffb1][0xffffff90]>1E[0xffffffbe][0xe][0xffffffc1]o[0xffffff9f][0xffffffc5];[0x10]>[0x1b][0xfffffff9][0xffffffa6][0x10][0xffffffc6][0xffffffcc][0xffffff8b][0x1]@[0xffffffff][0xffffffa9]pe[0xffffffb2]@[0xffffffb2][0xffffff95][0x5][0xfffffff5]k[0xffffff8d]H[[0xffffffc7][0x11]T[0xffffffa3][\r][0xffffffc4]k&[0xc]m[0xffffff91][0xffffffec][0xfffffff1]*[0xffffffc0]q[0x9]B>\[0x7][0xffffffea][0xffffffdf]B),[0x10]v[0xffffffcb][0xffffffb6][0xffffffda]X[0x1]a[0xffffffc3]D[0x3]G[0xffffff8e][0xb][0xb][0xffffffe1][0xffffffc3][0xffffffb7][\r]I[0xfffffffa][0xffffffc5]Sa[0x3][0xffffffdb][0xfffffff3]e$[0x1][0xffffff84]!Pb![0xffffffd6][0xffffffa5][0xffffff8a]8f[0xffffffe1][0xffffff85]4[0xffffff89])[0xfffffff4]>[0x18][0xffffff9e][0x1e][0xffffffc6][0x1c][0xffffff86][0xffffffe7]B[0xffffffdf][0x14][0xffffffc3][0x8][0xffffffb8][0xffffffb1][0x4][0xffffffeb][0xffffffdf][0xffffffcc][0x1][0xffffffdf]L[0xffffffb5][0xffffffe0][0xffffffd5][0xffffffd8][0xffffffcc][0xffffffbf]r[0xffffffce]a[0xffffffd0]^[0x18]8[0x13][0xffffff98][0x14][0xffffffe0]r[0xffffffa7][0xffffff98]b[0xffffffca][0x1][0xffffffb8][0xffffffa1]r[0xffffffd5][0xffffffb0][0xffffff82][0xffffffdc][0x8][0xffffffd9][0xffffffcd][0xffffffe8]f[0x8][0xffffff86][0xffffffb9][0xffffffa3]Z[0xffffffd1][0xffffffcc]Q[0xffffffa0][0x18]4![0x17][0x16][0xffffffc2][0xffffffcf][0x18]&[0xffffffdf]5[0xffffff9a][0xffffffc4][[\n]"
16:09:28.557 [main] DEBUG org.apache.hc.client5.http.wire -- http-outgoing-0 << "[0xffffffd0][0xffffffbb][0xffffff95][0x4]v[0xffffff90][0xffffffcc][0xffffff96]h[0xffffffe6]0Rb0'4[[0xffffff9d][0xffffffbe][0x18]^[0xffffffb8][0xffffffda][0xffffff98]B[0xffffffef][0xffffff81][0xffffffe1][0xffffffd3][0xffffff87]1[0xffffff8f][0xffffffe1][0xfffffff3][0xffffffa1]o[0xffffff89]a[0xffffff9a]o[0x14][0x1d]m[0x4][0xffffffd5]y[0xffffffb3][0x1][0xffffffbb][0xffffffa7][0xffffffb9][\r][0xffffffc0]e[0xb]60[0xffffff96][0xffffffa8]@[0x1a][0xffffffe3][0xffffffd3][0xffffffea][0x2]-[0xffffffdb][0x10][0xffffff86][0x1a][0x3]Z([0x16]qX[0xffffffdc][0xffffffa5][0xffffff9a][0x1a][0xffffffe1]^[0xffffffc0][0xffffffd8],L[0xffffff8a][0xffffffd1][0xffffffb7][0xffffffd6][0x15][0xffffffa3]a[0xffffffe6][0xffffffcf]4[0xffffff87]mk~[0x9][0xffffff8b][0xffffffed][0xffffff80]a[0x5][0xffffffad][0xffffffaf][0xffffffe9]S_[0x11][0xffffff90][0xffffffdf][0xffffffc5]0~[0xffffffa6][0xfffffffb]<l[0xffffffa9]&[0x1a]-[0x19]UL[0xffffff9f]j[0xfffffff8][0xffffffa5][0xffffff9b][8S[0xffffff9b][0x2][0xffffffef][0xffffff83][0xffffffe0][0xffffffe9]Q[0xffffffcc]!x.[0xfffffff0]M[0x11][0xffffff8c]A[0xc]=@[0xffffffff],[0x1c]D[\r][0xffffffa5]-[0xffffffe2]J[0x1d][0xffffff99][0xffffffa3][0xffffff8d][0x15][0x18]G&[0x14][0xffffff8c][0xffffff87][0xffffffb3][0x1c][0x0]4[0xffffffe5][0xffffffc4]P[0xffffff82][0xffffffc7]}4[0xc]E[0xffffffb3][0xffffffa4][0xffffffcb]P[0x7f]2[0xc] [0xffffffd7][0xffffffc0]|[0xffffffbd]+#b[0xffffff88]foq[0xffffff85]o[0x1d]S][0xffffffbd]C[0xffffffc2][0xffffff82][0x2][0xffffffee]R[0x4][0xb][0xffffffd3][0xffffffb2]0[0x8]Vh[0xffffff91][0xffffff98]F[0xffffffc8]>$[0xffffff89]C1[0xffffffbc][0xffffff94][0xffffffe8]s[0xffffff8c]|[0x1d][0xffffff84][0xffffff9f]w[0x1b][0xffffffa7][0xffffffcf]b[0x1e][0xffffffc2][0xffffffe7]#[0xffffffdf][0x14][0xffffffc2][0x1e]C8[0xffffffc8][0xffffffb3][0xffffffdd][0xffffff93]0[0xfffffff6].[0xffffffec][0xffffff90]s[0xffffff86][0xffffffc5]#}[0xffffffc2]{h,[0x11]B<[0x15]p[0xffffffb1][0xffffffac]=`X[0xffffff8e][0xffffff89][0xffffffc2][0xffffffa2]"[0xffffffd7][0xffffffd3][0xfffffffb]U3,[0x9]Y[0x13]*([0xffffffa8]A[0xffffffd9][0xffffffac][0xffffffe0][0xfffffff9]h[0xffffff8d][0xfffffff0][0xffffffc4][0xffffffea][0xb])[0x12][0xffffffb0]%c[0xffffff9b]H`[0xffffff90]}[0xffffff86]'[0xffffffff]n[0xe][0xffffffc6][0xffffffda][0xb][0xffffff86]D[0xffffffd3][0xffffff85]4.2[0x4]<[0xffffffb4][}[0xffffffeb][0xffffff88][0xffffff85]S[0xffffffe1])[0xfffffff2]u[0x10]~[0xfffffff3],[0xffffffe6][0x10]<[0x17][0xfffffff9][0xffffffa6][0x8][0xffffffc6]X[0xffffffb2]-t[0xffffffbb]#8f~2T[0xffffffc4][0xfffffff5]E`[0xfffffffb][0xffffff8c]j:[0xffffffec][0xffffff89]i[0xffffff95][0xc]U[0xffffff9a][0xffffffc4][0x9][0x10];7[0x16]~[0x9][0x13]s<[0xffffff9f][0xffffffe5][0xffffffd8]8[0xffffffc4]X{[0xffffffb5]O3[0xffffff98]X1[0xffffff91][0x8]*[0x8]H[0xffffffc8][0xffffffd7][0xffffff95][0x11]A[0xffffffb1][0xffffffac][0xffffffbc]p"[0xffffff81];[0xffffffc0]3[0xffffff84][0xfffffff1][0xffffffca]0;j[0x18][0xffffffb2]B[0x17][0x8][0xffffffbf][0xffffff94][0x11][0xb]Gj([0xffffffd4]_[0x2]_[0x7][0xffffffe0]CE5=[0xffffff8a]9[0x4][0xffffffcf][0x5][0xffffffbe])[0xffffff82][0xffffffa9][0xffffffd9][0xfffffff4][0xffffffbe][0xfffffff3][0xffffffe9]\[0x8][0x17]W[0x15][0xfffffffb][0xffffffb6][0xffffffa1]z[0xffffff87]D[0xffffffc9]2fp[0xffffffce](VuR[0xffffffd3][0xffffffbb][0xffffffb5][0xffffff85]G[0xffffffdb]y[0xffffff90][0xffffff84][0xfffffff9][0x14]/^[0xffffffe6]`[0xffffffc8][0xfffffff3]4~[0xffffffe6][0xffffffa9]Ys[0xffffffd5][0x15][0xffffffc6][0x17][0xffffffac]%p[0xffffffe6][0xffffff8f][0xffffffd7]p-[[0x11][0xffffff80][0xffffffb6][0xffffffe5]d[0xffffffaf][0xfffffff6][0xfffffff5][0xfffffffb][0xffffffb3][0xffffffb9][0xfffffff3][0xffffffbb]I[0xffffff98]o$[0xe]thO[0xffffff99][0xffffffca][0xfffffff1][0x15]d[0xffffff9b][0x1c]vA[0xfffffff0]q [0xffffffb1]P(=[0xffffff85][0xffffffde][0x3][0xffffffc3][0xffffffa7][0xf][0xffffffe3][0x1d][0xc][0xffffff9f][\r]}K[0xc]3~[0xffffff82][0xffffff9f]m[0xfffffffb]7s[0x5][0xffffffb5]2.C[0xffffffa3]B[0xffffffcf][0xffffffaf][0xfffffff1][0xffffff95]C[0xffffffc1][0xffffff91]+[0x12];[0xffffffba]9 [0xffffffab][0xffffffd1][0xffffff8d]6[0xffffffea];[0xffffffec][0x1f][0x8][0x12][0xffffffaa]b[0x0][0x0][0xffffffe5]]3@[0xffffffae][0xffffffd8][0xffffff81]b[0xffffffe0][0xffffffb8]B[0xffffffb7][0xffffff81][0xffffff96][0x14][0xffffff92]Bc[0xfffffff1]_[0xffffffde][0xffffffcc][0xffffffa9]]3R[0xffffffbf][0xffffff84]/,#[0xffffffe2][0xffffffe9][0xf][0xffffffd2]5[0xffffff8a][0xffffff84]j[0xffffffee][0xfffffff4][0xffffffd8][0xfffffff6]`[0xffffffbf][0xffffffd4]'[0xb][0xffffffbf][0xffffff94][0xffffffc2]K[0xffffffe9][0xffffffc2]S[0xffffffe4]} <=[0xffffff8b]s[0x10]~/[0xfffffff2]m![0xffffffec]![0xffffffa1][0xffffffcb][0x1b]0-)[0x1e][0xffffffe0]^`[0xffffffea][0xffffff8d]I[0xfffffff3]8Z[0xffffffd6]oL[0xffffffcd][0xffffffd0]#Y[0xffffffa8]`[0xfffffff8][0xffffff8c][0xffffffc3][0xffffffe8]a[0xffffffec]&p(bw7z[0xffffff94][0x1b][0xc].[0xffffff94][0xffffff86][0xfffffff2]#[0x13][0xffffff8a][0xffffffe8][0x15][0xffffff85][0x4][0xffffffed])b=wa)[0xfffffffc][0xfffffffc][0xfffffff6]l[0xffffffa5]0n[0xffffffa1][0x17]ts/[0xffffffdf][0xffffffc8][0xfffffffd]}[0x15][0xffffffdc]-[0x14]~r[0xffffffcc]xD[0xffffffe7]Zx[0xffffffe1]nc[\n]"
16:09:28.557 [main] DEBUG org.apache.hc.client5.http.wire -- http-outgoing-0 << "[0xffffffbd][0xf][0xffffff86][0xffffffa7][0xffffff87][0xfffffff1][0xe][0xffffff86][0xffffffcf][0xffffff86][0xffffffbe])[0xffffff86][0xffffff9d][0xffffffc7]n[0xffffffea][0x6]t[0xffffffcb]a[0x18][0xffffffd8][0x16][0xffffffc9][0xffffff90][0xffffffb1][[0xfffffff1][0xffffffad][0x18][0xffffffce]0"[0xffffffc6][0xffffffe2]rQUPa[0xffffffe0][0xffffffd0][0xffffffcc]H[0xffffffd8][0xffffffc3][0x16]n5[0x17][0xffffff96][0xffffff9f][0xffffff98]W`[0xffffffaf][0x15][0xffffffd1][0xffffffa9][0x6][0xffffffc3][0xffffffc4][0xffffffe2][0xfffffffa]b[0xffffffd8]a[0xffffffa3][0xffffff88]t[0xfffffff9][0xffffffc2][0x5][0xfffffff3][0x1][0xffffffc3]HJ[0xffffffa9]f[0xffffff97]O$[0x1a][0xffffff86])%P[0x1e]q[0x18][0xffffff85]%[0xffffffb3][0xffffffd9]A[0xffffffc3][0xffffff83][0xffffffe6][0xffffffdf][0xffffffa5][0xffffff94]x)[0xffffff86][0x17]n6[0xffffffa6][0xffffffc0][0xfffffffb] xz[0x14]s[0x8][0xffffff9e][0xb]|S[0x4][0xffffffe3]L[0xffffff8b]X[0xffffffac]?E[0xffffffa2][0xffffff86][0xffffff98]LH[0xffffffc9][0xffffff8c][0xffffff82])/[0xffffffb7][0x1e][0xffffffb0][0x7f][0xffffffe3][0xffffffba]I[0xffffffac]N[0xffffff8c][0xffffffac][0xffffffce]R[0xffffffe4]\[0xffffffcf]0[0x18][0xffffff97]p[0xffffffd6]G[0xffffffd0][0xffffff9c] [0xb][0xffffffb3][0xffffffed]`y[0xffffffd7][0xffffffea][0xffffff89][0xffffff9c]V[0x14][0xffffffc3]6D([0xffffffd0][0xfffffff6]B[0x4][0xffffff93]@[0xffffffa1]H[0xffffffc8][0xffffff96]CO[0xffffff88][0xffffff92][0xffffffbf][0xffffffac][0xffffff85][0xffffff9f][0x1][0xffffffcc]t[0xffffffbf]M#[0xfffffff6][0xffffff86][0xffffffb5][0xffffffe8][0xffffff9d]9|[0xffffffd1][0x5][0xffffffc0][0xffffff87]:b)[0xffffffc7][0xffffffe7][0x18][0xfffffff8]:[0x4][0xffffffbf]y[0x14][0xfffffff3][0x0]>[0x1f][0xfffffff8][0xffffffa6][0x0][0xffffffc6][0xffffffef][0xffffffc4][0x5][0xffffffdd][0xffffffbf][0x12][0xffffffb6]d[0xffffffdd][0xffffffa2][0x2]""[0xfffffff2]+D[0x1f][0xffffffcf][0xffffffe9][0xffffff87][0x11][0xfffffff6][0xffffffb0][0x16][0xffffffc9][0xffffff8d][0xffffff96][0xffffffd9][0x1a]2eJe[0xffffffc8][0xffffffc4]{[0xffffffe7]e[0xffffffdc]:[0x11]tpW%q[0xffffffe6][0x4][0xfffffff2][0xffffffcf][\n]"
16:09:28.557 [main] DEBUG org.apache.hc.client5.http.wire -- http-outgoing-0 << "[0xffffffa7]7[0x0][0xffffffac][0xffffffb9]5v[0xffffffd5]<[0xffffff82][0xffffff81][0x18][0xffffffd7])Nto[0xffffff8b][0x10][0xffffff8c][0xfffffff7][0x13]$[0xffffff9f][0xffffffbd][0xffffffad]v[0x13][0x1d]y[0x18]r}[0xffffffca][0xffffff88][0xffffff97][0x14][0xffffffbc]p17[0x5][0xffffffbe][0xe][0xffffffc0][0xffffffcf]o[0xffffffa3][0xffffffd3]G1[0xffffff87][0xffffffe0][0xffffffb9][0xffffffc0]7E0)[0x18][0xffffff8f][0xffffff84][0xfffffffe],K [0xffffff89][0xffffff81][[0xfffffff1][0xc][0xffffffd1][0x10][0xffffffd5][0xffffffa3]$k[0xffffffe6][0xffffffb1]L[0xffffffd2]pIF[0xffffff8a][0xffffffc4][0xffffff90][0xffffffb8][0x14][0xffffff84][0xffffffcc][0xffffffce]q$[0x10][0x3][0xffffff92][0x4]Y8c[0xffffffa7]"[0xfffffff0][0x13][0xffffff8f][0xffffff88][0xfffffff3][0xfffffff5][0xffffff9a][0xffffff99][0xffffffb0][0xffffffe0]-[0xffffffee].[0xffffff95][0xffffffcd][0x1d][0xffffffbe]m0t[0xffffffb8]UuY[0x11][0xffffffc1]7[0x12][0xffffffd7][0x9][0xffffffd5][0xffffffd6][0x1a][0xffffffa8]>([0xffffffe7]QOw[0xffffffc9][0xffffffc1][0xffffffc7]y[0xffffffc4][0xffffffc2][0xffffffbd][0xffffff86]>[0xffffff86][0xffffffde][0x7][0xffffffc3][0xffffffd3][0xffffffc3]x[0x7][0xffffffc3]gC[0xffffffdf][0x12][0xffffffc3][0xffffff90][0x2]Qf[0xfffffffa][0xfffffffe]~[0xffffff9b][0x18]Hx[0x1c]7[0xfffffff1][0xffffffdb][0xffffffe4]<[\r][0xfffffff6]Vx[0xffffffb2][0xfffffff1]D[0xffffffb4][0xffffffc7][0xffffffcb]*E[0xffffff8e]98[0x18][0xfffffff0][0xffffff9c][0xb]D[0xffffffd6]1V[0xffffff8b][0xffffff92][0xffffff8e]VN[0x0]x[0xffffff88][0xffffff8e][0xffffffe8][0xffffffef][0xffffffd9][\r]__[0x8][0xffffffa3][\n]"
16:09:28.557 [main] DEBUG org.apache.hc.client5.http.wire -- http-outgoing-0 << "aJx[0xffffffd5]u[0x12][0xffffffc5]M[0x6]IM~[0x1][0xffffffdb][0xffffff9d]:[0x2][0x1f][0xffffff89][0xffffffe6][0xffffff9c][0xffffffca]6[0xffffff80][0xffffff83][0xffffff82][0x14][0xffffffc2]T[0xfffffff6]}[0xb][0xffffffe1][0xffffff85]k[0xffffff8d])[0xfffffff0]>[0x8][0xffffff9e][0x1e][0xffffffc5][0xc][0xffffff82]g[0x3][0xffffffdf][0x14][0xffffffc1][0xfffffff4]-[0xfffffffc]I[0xfffffffb]+[0xfffffff0][0xffffff81]j#[0x3]sw[0xffffffa1][0xfffffff9][0xffffff9f]0[0x1a][0x6][0xffffffad]2Q[0x9][0xffffffe3]T[0x2]o[0x18][0xffffff81]q[0xffffffe1]V[0xffffff9a][0xffffffb2][0x3]UF[0xffffffc4][0x1b][0xffffffb9][0xffffff99]I`[0x6]D)[0xffffff8c][0xffffff80][0xffffff91]u[0xffffffdd][\n]"
16:09:28.557 [main] DEBUG org.apache.hc.client5.http.wire -- http-outgoing-0 << "[0x4]3[0xffffffb3][0xffffffc3][0xffffffae][0xffffffe2]B[0xffffff8a][0xffffffcf]~[0xffffffa1][0xffffffaa][0x19]G[0xffffffb4][0xffffffcb]U[0x17][0x8]?_[0x10][0xffffffcc][0xffffffe9][0x6][0xffffffdc][0xffffffbf][0xffffff99][\n]"
16:09:28.557 [main] DEBUG org.apache.hc.client5.http.wire -- http-outgoing-0 << "c[0x13]D=[0xffffffd4]I9w[0xffffffa8][0xffffff84][0xffffff97][0xfffffff2]#[0xffffff8e][0xffffff91][0xffffffaf][0xffffff83][0xfffffff0][0xffffffdb]g[0xfffffff1][0xe][0xffffff84][0xffffffcf]F[0xffffffbe]-[0xffffff84][0xffffffb1]P[0xffffff8d][0xffffffbe][0x7f]![0xffffff91]![0xffffffec][0xffffff80][0xffffffd7][0xffffffc4]Z[0xffffff83][0xffffffc1][0x4][0xffffff8a][0xffffffb9]F[0x1b][0xffffff8e]l[0xffffffdd],V[0xffffffde][0x16]T[0x17]v[0x1d]Za[0xffffffa6][0xffffff99][0xc][0xffffffa2]|f[0xffffffd3]B[0xffffffa3][0xffffffc3][0xffffffc7][0xffffffef]P![0xffffffff]T[0xffffffab]&j0$[0x10][0xffffff97]^3[0x14][0xffffffa6][0xffffffe8][0xffffffc4][0xffffff92][0xffffffee][0x12][0xffffff86][0xffffffcf]3[0xffffff84]El[0x1e][0xfffffff6]\hh[0xffffffba]9t[0x7f]}*[0xffffffe1]C[0x1d][0xffffffb1]T[0xffffffbe][0xffffff8c][0x16][0xffffffe6]%[0xfffffff2]u[0x10]~.[0xffffffaa]N[0xffffff9f][0xffffffc5]<[0xffffff84][0xffffffcf]F[0xffffffbe])[0xffffff82]QP[0xffffffc0]l[0xffffffed][0x7f][0x6][0xffffffaa][0xffffffc0]3[0xffffffa3]^[0xfffffff0][0x1c][0x15][0xffffffe6][0xfffffff2][0xffffff93][0xffffff97][0xffffff82][0xffffffeb]"[0xffffff9c][0xffffffa5]t{A[0x11][0xffffffbd][0xffffff9b]K,[0xfffffff3][0xffffffd9][0xffffffc1]Q3[0xffffffe0]A[0xffffffcf][0x10][0x18][0xffffffea]D[0xffffffc5]P[0xffffffc2][0xffffffe5][0xffffffe6]Q[0xffffff9f]W [0x18][0xffffffde]([0x14][0x7]qU3G+[0xffffffa6][0xffffffa4][0xb][0x17][0xfffffff0],[0x1b][0xffffff82][0x3][0xffffffa7][0xffffffb4][0xfffffff7]w[0xffffffb4]Q0[0xffffffc3]Qk[0xffffffaf][0xfffffff3][0xffffffae][0xfffffff3][0xffffffb4][0xffffff85][0xffffff8b][0xffffffb9])[0xfffffff0]>[0x0][0xffffff9e][0x1e][0xffffffc5][0x1c][0xffffff80][0xffffffe7][0x2][0xffffffdf][0x16][0xffffffc1][0x12][0xfffffff3][0xffffffec][0x1b][0x18][0xffffffcf][0xb][0xffffffe1][0xb][0xfffffff7]%Y[0xffffff99][0xffffff88]&%[0xffffff82][0xe][0xffffff91][0x1d]&[0xffffff81]#[0xfffffff2]t[0xffffff8f]*[0xffffff93][0x7f][0xffffff85]z[0xffffffb9][0xffffffe2]|[0xffffffc2]T[0xffffff82];O[0xfffffff4]|m[0x13]=[0xffffffe0]p[0xffffffcc]a[0x11]L[0xffffff80]V[0xffffff94][0x11][0xffffff94][0xfffffff6][0xffffffcd]w[0xffffffe5][0xffffffba][0x1c][0xffffffcc][0xffffffa2][0x10][0xffffffc7][0xffffff96][0xffffff8b][0xffffff9a][0xffffffb9][0xffffff86]`[0xffffffb4][0xffffffcb][0xffffffd4][0x10][0xffffffbe]5s[0xffffffb4][0xffffffc6][0xffffffb4][0xffffff92]][0xffffff9a][0xffffffb9]C[0x19][0xffffffb1][0xffffff94][0x1f]q[0xffffff8c][0xffffffbc][0xf][0xffffff84][0xffffffa7]g[0xfffffff1][0xe][0xffffff84][0xffffffcf]F[0xffffffbe])[0xffffff84]y[0xffffffb5]c[0xffffffa8][0xffffffd6][0x7f]1G[0xffffffab][0xffffffa6][0x5]g[0xffffffc7][0x18][0xffffffa2]y[0xffffffcf][0x11][0xffffff9b]V[\r][0xffffff8b]24[0xffffffb3][0xffffffed][0xfffffff6][0x17]l[0x1e][0xffffffae]L[0xffffff8f]t|[0xffffff88][0xffffffdd]E[0xfffffff3]\C'[0xffffff91][0xffffffd9][0xffffffef]c[0xfffffff4][0xffffffd3][0xffffffae][0xffffffe1][0xffffffac]H[0xffffffc2]*b'[0xffffffc5][0xffffffcf][0xffffffc6]u[0x10][0xffffff86][0xffffff9e][0xffffffc3]b[0xffffffef]2[0x8]c[0xffffffe3][0xffffff83]' [0xffffffc3][0x8][0xffffffdd][0xffffffae][0xfffffff9])[0xffffff87][0xffffff84][0xffffffb5][0xf][0xffffff84][0xffffff8f]u[0xffffffc4][0xffffffc2][0xffffffa1][0xfffffff0][0x14]z[0x1f][0xc]O[0xf]c[0xe][0xffffffc3]s[0xffffffa1]o[0xffffff89]a[0xe][0xffffffcc][0xffffffb5][0xfffffff7]^[0xffffffff]B"8[0xffffffec][0xffffffa7][0xffffffaa]p[0x1]Gm=[0x0]Ll[0xffffffa7][0xffffff9a][0xffffffe0][0xffffff93])[0x1b][0xffffffc6][0xffffffc3][0xffffffd5]pg[0xffffff92][0xffffff89]E[0xffffffc5]d[#[0xfffffff6][0xffffffc4]#[0xffffff85]m[0x6][0xffffffe9]X[0xffffffe3][0xffffff9a]b[0xfffffff8]V[0xffffffac][0xffffff9a]G0k[0xffffffc6]i[0xffffffe5][0x1a][0xc][0xffffffb3][0x2]k[0xfffffffe][0x0][0x17][0x16][0x12][0xfffffffe][0xffffffe0]k[0x9][0xffffffcd]'[0xffffffec][0xc]R[0xffffffc0]NF>[0xffffff87]4[0xffffffbc]p3[0xffffffc7]o[0xfffffffc][0x12]y[0xf][0x8][0xffffff9f]>[0xffffff8b]y[0x8][0xffffffbf][0xffffffd8]Z[0xffffffbe][0xffffff8a]|S[0x8][0xffffffa3][0xffffffd5][0xffffffa0][0xffffff94][0xffffffe8][0xffffffbf][0xffffffd8][0x18][0xffffff80]$[0xffffffd5][0xffffff83][0xffffffb4][0xffffff8d][0xffffffa5][0x6][0xffffffff][0xffffffac][0xffffff99][0xffffff96][0xffffffc3][0xffffffe9]!'c$[0xffffffc1]Qk[0xffffffdc]}[0xffffffb9][0xffffff8a][0xffffff80][0xffffffab][0xffffff8f]e[0xffffffd8][0xffffffc6][0xffffff85][0xffffffb2]Zxo![0x10]E[0x6][0x1a][0xffffffb3][0xffffff95]+6s[0xfffffff0]khP[0xffffffc3][0xffffffa9][0xb][0xffffffca][0xffffffc3][0xffffffe7]T[0xffffff9e][0x1e]~[0xffffffb4][0xfffffff2][0xffffffe4][0xffffffa7][0xffffffbb][0xffffff91][0xffffff8d]|[0xffffffb6]T[0xffffff98][0xffffffd1][0xffffff8a]^[0xfffffffc][0x12]T#[0x5][0xb][0xffffff96]xMe[0xffffff8f]7Q[0xffffffe7]|[0xffffffbb]p[0xfffffff4]0[0xffffffc5]8[0x3][0xffffffd6][0xffffff93][0xffffff88]O[0xffffffe0][0xfffffff7][0xffffffe9][0xffffffd3]P[0xffffffef][0xffffffee][0xffffff9f][0xffffffa3][0xffffff9e]C[0xffffffe5]\[0xffffff8c][0xffffff9b][0xffffffa2][0xffffffb2][0xffffffc9]g[0x11][0xfffffff9]t'O&to[0xffffff95]k[0xffffff8f] [0xffffffa4][0xffffff99][0xfffffff8]![0xffffff88][0xffffffe3]05Z[0xffffffe3][0xffffff9c][0xffffffc7][0xffffffc8][0xffffffd8]!)[0xffffff83][0x15][0xffffffb6][0xffffffa9][0x1a][0x5][0x1c][0xb][0xc]D[0xffffff9d][0x1c]y[0xffffff84]6[0xffffff89][0xffffff9a]^[0xffffffb5][0xffffff8b]y+[0xffffff88]g[0x6][0xffffffd2][0xc][0x5][0xffffffcf]iq[0xffffffd0][0xf][0xffffff95][0xfffffff2][0xfffffff9][0xffffffdc]#y[0xffffffc4][0xffffffec] [0xffffffaa]#}[0xffffffee]Z[0xffffffc8].\[0xffffffac]M![0xffffffde][0x0][0xffffff94][0xffffffe7]C[0xffffffdc][0x16][0xffffff94][0x1a]W^[0xffffffd1][0x7f][0xfffffffb][0xffffffc0]^7C[0xffffff85][0x1c]([0x1f][0xffffffdb][0xffffffed][0xffffff8e]X[0xffffffc3][0xffffffc0][0xffffffe9][0xffffffc4]1)[0x1c]'[0x19]z[0x5]d[0x14]8"@J[0xffffffe7][0x14][0xffffff92][0x1a]y[0xffffffc7][0xffffff92]<YT$x[\r][0x1]_[0xffffff93][0x15][0xffffffd2][0xffffffb6][0xffffffc8][0x17][0xffffffc0]1[0xffffffea][0xffffffb4][0xffffffe9][0xffffffea][0x5]J[0xfffffff3]A[0xffffffd1]c0[0xffffffe3]E[0xffffffc6][0xffffffd6][0x14]@[0x16][0xffffff81]v[0x17]P[0xffffffbe],{[0x17].[0xffffffca][0xffffffa6][0x8][0xffffffbb]cr.[0xffffffc2]M1[0xffffffc9][0xfffffff1]e[0x5]7[0xffffffac]{[0xffffffa2][0xffffff8c][0xffffffb0]o[0xffffffb1]vrd[0xffffffc4][0xffffff94]2[0xffffffa0]k[0xffffff97][0x1][0xffffffac][0xf][0xffffffc5]1:[0xffffff93]&s[0xffffffba][0x1c][0xffffffa7][0xffffffea][0xffffffac][0xffffffe9][0xfffffffd][0xffffff93][0xffffffc4][0xffffff87][0xffffffda][0xffffffd1][0xfffffffc][0xffffffdb][0x1][0xffffffdb]&tm[0xffffff9c][0xffffffac][[0xffffff91]([0x1d][0xffffffac][0x4]n[0xffffffa9][0xffffffdf][0xffffffe2][0xfffffff5][0xffffffad][0x1b][0x1][0xffffffa1][0xffffffa9][0xffffffd2][0xffffffe0][0xffffff9e][0xfffffff8][0x1d]nUHI[0xffffffbb]`[0xfffffff2][0xffffffd8].-l[0xfffffff9][0xffffffa7][0x18][0xffffffbb][0xffffffa3]r.[0xffffffc6]-Q[0xffffff89]F@ [0xffffffb9][0xffffffea][0xffffff8f][0xffffffca]1[\n]"
16:09:28.558 [main] DEBUG org.apache.hc.client5.http.wire -- http-outgoing-0 << "[0xffffffc5]$[0x15]b[0xffffff8c]Q[0xffffff88][0xffffffcc]0[0xfffffff4]g[0xffffffc8][0xffffffca][0xffffff8f][0xffffff80][0xffffff91]tDX[0xffffffff]7[0xb]'[0xffffff88])%[0xffffff97][0x11]E[0xf][0xffffff98][0xfffffff4][0x8][0xffffff86][0x3][0x13][0xffffffad]0[0xffffffee][0xffffffb9][0xffffffba][0xffffffd7][0xffffff8f][0xffffffa7][0x2]52[0xffffffbf][0xffffffcf]mP[0xffffffc9][0xffffff85]mv[0x1][0xffffff88][0x1c][0xffffffb4][0xffffffdf][0xfffffff1]cF[0xffffffce][0xffffffea][0xffffff82][0xffffffca]C[0x3][0xffffffb4]p#;[0xffffff85]x[0x3]P[0xffffff9e][0xf]qSP[0xffffffee]{c[0xffffffd3]_[0x14][0xffffff89][0xffffffab]#[0xfffffff6][0xffffffe6]C[0xffffffe2]`x,#[0xffffffec][0x1][0xffffff98][0xffffffde][0x3][0xffffffd7][0xffffffb0]4[0x16][0xffffff8f][0xffffffc9]a[0xffffff80][0xffffffc3][0xffffffb4]I[0xffffffda],\[0xffffffe6][0xffffffb7][0x17][0xffffffb9]Rx[0xffffffe2]#[0xffffff8d][0xffffffe9][0xffffff8d]7[0xffffff89][0xfffffffe]hE[0xffffffb3]N&[0xffffffc6]+O[0xffffff9f]6[0xffffffeb][0xffffffbd]^[0xffffffdf][0xfffffffa]Cs[0xffffffb3][0xffffffe1][0x1e]+W[0xffffffc4]q'[0xfffffff5][0xffffffbd][0x1a][0xffffff9d][0x3]&[0x17][0xffffff8e][0xfffffff7][0xffffffa7][0x8]o[0xffffff80][0xffffffc9][0xffffffb3][0x11]n[0xb]I[0xffffffe4]5[0xffffffc1][0xfffffff4]os[0x10][0xffffffff]B!,[0x0][0xffffff8c][0xffffffc3][0x12][0xffffffde]rl[0xffffffd3][0xffffffd3]][0xffffff93]8=[0xffffffd6][0xffffffd0][0xffffff96]d[0xffffffe9][0xffffffbd]g[0xffffffe1][0xffffff84][0xfffffff3][0x1d]'[0xffffffdd]pV[0x8][0xffffffbe]:[0xffffff98][0xffffff85][0xffffffdc][0xffffff9a][0xffffffe0][0xffffffc0]=[0xfffffffb][0xffffffd6][0xffffffeb][0xfffffff3]d[0xffffff93][0xffffffb7][0xffffffc0][0x7]8e[0x3][0xfffffff4][0xffffff82][0xffffffa4][0xfffffffa][0xffffffa0][0xfffffff6]6C[0xffffff8a][0x17][0xffffffb8][0xffffffdf][0xffffffb1][0xffffff9a]@[0xffffffc9][0xffffffd9]%O>W[0xffffff94][0xc][0xffffff9f][0x16]][0x16][0xffffff9c]"[0xffffffec][0xe][0xffffffc9][0xffffffb9][0x8][0xffffffb7][0xffffffc5]$w[0xffffffc2][0xffffffe0][0xffffff8e]t[0xffffffaf](q[0xffffff9d]![0x17]R([0x16][0x17]M;[0xffffffff][0xffffff80][0xffffffdf][0xffffffbe][0xffffff87][0x1f][0xffffffc8][0xfffffff5])n[0xffffffd3][0xffffff87][0xffffffec]('[0xffffffad][0xffffffa2][0xffffffe1][0xffffffc1][0xffffff96]F[0x15]F[0xfffffff8][0xffffffd0][0xffffffba]+^[0x8]P`[0xffffff9b][0x3][0xfffffff4][0xffffff8a][0xffffffb9][0xffffffbc]kd[0x17],[0xffffffbd]Nf[0xffffff9a][0xfffffffd]0[0xffffffd9]vH[0xffffffe4]H[0xffffffd8]([\n]"
16:09:28.558 [main] DEBUG org.apache.hc.client5.http.wire -- http-outgoing-0 << "[0xffffffeb]P[0xffffffde]/] y,([0x17][0xe]/[0xffffffa7][0x10]o[0x0][0xffffffca][0xffffffb3]!n[0xffffff8a]I[0x16]E[0xffffff8a][0xffffff81]PwL:[0x11] R[0xffffff8f][0xffffffa4]C-[0xffffffa8]%[0xffffffc9][0x7f][0xffffff98]n[0xffffff90][0xffffffff][0xffffff9a][0xffffffc9]-[0xfffffff7][0xffffffb4][0xffffff9b][0xffffffc1]x[0xffffffc2][0xffffff88][0xffffff83]s<[0xffffffd0][0xffffffae]I[0xffffff94]J[0xffffffb4][0xffffffe6][0xffffff87][0xffffffb5]'[0xfffffff6][0xfffffff9][0xffffffcd][0xffffff9a][0xffffffe3][0xfffffffa]<[0x9][0xb][0xffffff8b]L[0xffffffd9][0xffffffaa][0xffffff91][0xffffffa3][0xe][0xffffffb1][0x17]&%[0x1c][0xffffffbf]=&Y[\n]"
16:09:28.558 [main] DEBUG org.apache.hc.client5.http.wire -- http-outgoing-0 << "[0xffffff85][0x1d][0xffffffcc],6[0xffffffb7]}A[0xffffffb9]p[0x1e]4[0xffffffc5][0xffffffd8][0x1d][0xffffff94]s1n[0xffffff8a]J.[0xfffffff6][0xffffffd9][0xffffffd8]^u[0xffffff9d][0x15][0xffffffde][0xffffff95][0xffffff86][0xffffff9e].Z[0xffffff8c][0xffffff86][0xffffffcb][0xffffff90]$CnS[0xffffffe6][0xffffffd6]^[0x1b][0xffffffc9]M3[0xffffffca][0xffffffc6][0xffffff91][0x1][0x10]Sr[0xffffff96][0xfffffff0][0xfffffffc]w[0x19]|3[0xffffff9c][0xffffffb3][0x18]'[0x1a][0xf]g[0xffffff8a][0xffffffd7][0xffffffef][0xfffffff5][0xffffffa8]l*[0x7][0xffffffcf][0xffffffef][0xffffffd8][0x1b][0xffffff95][0xffffffa1][0xffffffc9]`[0xffffff85]m|[0xffffff91]F[0xfffffffe]G[0x6][0xffffffab][0xffffff84]:[0x11][0xffffffd2]v0Y[0xfffffff6][0xb]%[0xffffff84]S[0xffffff88]}A[0xfffffff9]N[0xffffff88][0x1b][0xffffff83][0x12]X[0xffffffea][0xfffffffe][0xffffffa9][0x12]2Sn[0xffffffc2]V[0xffffffc0][0xffffffc6][0xffffffab][0xffffff94][0xffffff8d][0xfffffff9]hG[0xffffff8e][0xffffff87][0xffffffe0]4KV$[0xffffffc7][0xffffffa0]Oa)[0x11] 6[0xffffffe1][0xffffffc8][0xffffff95][0xffffffc6][0xffffff84][0xffffff94][0x10]ZsL[0x16][0xffffffb7][0x18][0xffffffc5][0x19][0xffffffc9][0xffffffeb]A[0xffffffc9])g[0x14]/[0xffffffcd][0xb][0xffffffa4]o[0xffffffaa]<~[0xffffffc7]H[0xffffff95][0xffffff88]R[0xffffffe2][0xe][0xffffffeb][0xffffff8f][0xffffffd3][[0xffffffc1]k@[0xfffffff9]RR.[0xffffffdc][0xffffffe6]L[0x11][0xffffffde][0x8][0xffffff93]o#[0xffffffdc][0x12][0xffffff93](}[0xffffffc8]L7[0xffffffe0][0xffffffdb][0xffffffa1][0xffffffec][0xffffffe3][0xffffffa8][\r][0xffffffc7]B[0xffffffaa][0xffffffcb][0xfffffffc][0xffffff85]q,j[0xffffffd5][0xffffffe6][0xffffffef][0xffffffed][0xffffffa8][0xfffffff7][0xffffffb0]u[0xffffff89][0xffffffdc][0xffffffb6]a[0xffffff8e][0xffffffe9][0xffffffbc]`[0xffffffd7][0xffffffc3][0xffffffa2][0xffffff91][0xffffff95]#[0x14]&[0xfffffffc][0xffffffb6][0x18][0x5][0x5]|[0xffffffe2][0xffffffae][0xffffffc7]$[0xffffff95][0x1e]'[0xffffffdb][0xffffffdb]E[0xffffffcb][0xffffffee][0xffffff98][0xffffff94][0x1f]4[0xffffffe6]o[0xfffffff8][0x5][0xffffffc0][0xe]u[0xffffffb4]9[0xffffffb8][0xffffffe9][0xfffffff5]y}[0x1f]Z[0xffffffef][0xffffff85][0xffffff93][0xfffffff3])[0xffffffc4][0xffffffee][0xffffffa0][0xffffff9c][0xb]qSP[0xffffffb2]^T79[0xffffffb7][0xb](%[0xffffff86][0xffffffb0]l[0x15]96[\n]"
16:09:28.558 [main] DEBUG org.apache.hc.client5.http.wire -- http-outgoing-0 << "[0xffffff85].[0xffffffd3][0xfffffff1]H[0xffffffcc][0xffffff8f][0xffffff91][0xffffffa0][0xffffffea][0xffffff91]3/[0xffffffb5][0xffffffb0][0x7]l;G[0xffffffc6]QC[0xffffffc1]8[0xffffff8b][0xfffffff7][0xfffffffc][0xffffffc8]bI[0xffffffe6][0xffffffdc]l[0xffffffb5][0xffffffae][0x7]%[0xfffffff4][0x1f]\g[0xffffffe5][0xffffffa9]1@[0xffffff97][0xffffff9a][0xffffff92]D)[0xfffffff6][0xffffffa0][0xffffffc4]U[0xffffff93]1[0xffffffa5][0xffffffe3][0xffffffa8]:C[0xffffffa7]>[0xffffffbd][0xfffffff7][0xffffffb1][0xffffffd1]Y8[0xffffffa4][0xffffff9c]b[0xffffffec][0xffffff8e][0xffffffca][0xffffffb9][0x18]7E%[0xfffffff6][0xffffffee]\[0x1b][0xffffffbf][0xffffffc1]D[0xffffff88]k[0xffffffb7][0xfffffff4]5m[0xffffffea][0x3][0xffffff99]H[0xffffffb0][0xffffff88]Nf[0xffffffff]Z[0xffffff85][0xffffffec][0xffffff89]M[0x5],[0xffffffb8][0xffffff94][0xffffffa0]_[0xffffff86][0xffffffd4][0xffffffa8][0x13]HI0[0xffffffcd][0xffffffe4][0xffffff9e]GSP[0xffffffc3][0xffffffb1]g[0xfffffff0]}=*[0xffffffa9]([0x5][0xffffffc4][0xffffffba]S[0xffffffa1]t?T[0xffffffb6][0xffffff9a]rO[0xffffffc7]h[0xffffffaf]o[0xfffffff8]o[0xffffff9d]\[0xffffffe3]_R[0xffffffe5]R[0x16][0xfffffffd][0x14][0xffffffe2][\r]@y>[0xffffffc4]MA[0xffffffd9][0xffffffae][0xffffffa5][0xffffffca][0x1b][0xffffff8c][0xffffff84][0xffffffc6][0xffffffc4][0xffffffae][0xffffffd0][\r]\[0xffffff92][0xffffffc9][0xfffffff4].[0x19][0xffffff85](lM[0xffffff86]5[0xffffffe8]9[0xffffff8c][0xffffffa2][0xffffff8c][0x14][0xffffffec]t[0xffffffb2]*![0xffffff89][0xffffff81]V<[0xffffffe2])[0xffffffc8][0x2][0xffffffd2][0xffffffe3][0xffffffa0]I[0xffffffea]&y[0xffffffae][0x18]Sz[0xffffffc8][0x18][0xffffffb4]n[0xffffffdd][0xffffffdb]o8[0xffffffc5]\&[0x7f][0xffffffbe][0xffffffc4][0x11][0xffffff98]T[0xffffffb6][0xfffffff6][0xffffff9b]#[0xe]][0xffffffda][0xffffffef][0xffffff97][0xffffff9a]r[0xffffffe1][0xffffff8a]q[0xffffff8a][0xffffffb0]7&g#[0xffffffdc][0x14][0xffffff93][0xffffffec]=8[0x14][0xffffffd7][0xffffffdf] [0xffffff90]{[0xffffff88][0xffffffb5][0xffffffdd][0xffffff9d]k[0x16]k[0x1c]ND[0xfffffff0][0xffffffc9][0xffffff9b][0x1c]As[0xffffffa0][0xffffff94][0x1c][0xffffffb8] [0xffffff83][0x13]<[\r][0xfffffff9]@[0xfffffffb][\r][0x17][0xffffff83][0xffffffd3]^[0xffffffb5][0xfffffff1]3[0x6]V[0xffffff8d][0x1c]>[0xffffffca]A[0xffffffac]h[0xffffffbe][[0x17][0xffffff80][0xffffffa4][0xfffffff4][0x6]}N[0xffffff93]>2:o[0xffffff87][0x9]8O[0xffffffc0]m[0x2][0x6][0xffffffb1]}0y|}/[0xffffffdc][0xffffffe7]L1[0xffffffde][0x0][0xffffff95][0xffffffe7]c[0xffffffdc][0x14][0xffffff95][0xffffffc8][0xffffffde]#t[0xfffffff3][0xffffffee]#[0xffffffa1][0x6]Jx[0xffffffbd][0x19][0xffffffad].9[0xffffffb0][0xffffffd9][0x6]K[0x4]r[0xffffff82][0xffffffbe]jT5[0xffffffc1]9[0xffffffe7][0xffffff9c]h[0xffffffd1][0xffffffa5][0x14]N[0xffffffd1]f[0xffffffb8][0xffffffc3][0xffffffed]t[0xffffff8c][0x8]#[0xffffffbe][0xffffffab][0xffffff83]bl[0xffffffb9][0xffffffc2][0xffffffc1][0xffffffdd][0xffffffe3][0xffffffd2][0x3]#[0xffffffa3][0xfffffffb][0xffffff8e][0xffffff91]LI][0xffffff89][0x12][0xffffff99][0xffffffe3]q[0xffffff9a]5#[0xffffffbc]5[0xffffff9e]\[0xffffff97]Dyx{/\[0xffffffe8]L[0x11]v[0xffffffc7][0xffffffe4]L[0xffffff84][0xffffff9b]BRk[0x16][0xffffff80][0xffffff8d][\r][0xffffffdb]yJ[0xffffff89]S_N[0x1a]$[0x6][0x6]?[0xffffffdc][0xffffffd3]R[0xffffffc3] [0xffffffb2]0\[0xffffff9f][0xffffffb5][0xffffffdc][0xffffffc2][0xffffffc0][0xffffff9a]$r:[0x3][0x7]JM[0xffffff93]C[0xffffffd7][0xffffffc3]E[0xffffffad][0x1][0xffffffc3]4[0xb][0xffffffa5][\r].[0x18][0xffffff9a][0xffffffcd][0x15][0x15]%[0xffffffcc][0xe][0xffffff83]l[0xffffffa3][0x7f][0xfffffff3][0xfffffffd][0xc]I*J[0xffffff85][0xffffffcf][0xffffff8e][0xffffffdd]12[0xffffff90]'[0xfffffff7][0x7]:[0xc][0xffffff84][0x16][0xffffffae]s[0xfffffffc]1[0xffffffc2][0xffffffdb]@[0xfffffff2]L[0xffffff84][0xffffff9b]b[0xffffff92][0xb]l[0xffffffd0]i[0xfffffffa][0xfffffff3][0xffffff83][0xffffffd0]H[0xfffffff0]VF[0xffffffea]CMY[0x18][0xffffffff][0xffffffb8]*[\n]"
16:09:28.558 [main] DEBUG org.apache.hc.client5.http.wire -- http-outgoing-0 << "[0xffffffef]o[0xffffff96][0xffffff8c][0x12]/[0x12][0xffffffb8]A[0x1c][0xffffffdb][0xffffffe4]^[0x0][0xe]f[0xffffffec][0x1b][0xffffffc9][0xffffff96][0xfffffff8]W3[0xffffffc2][0x14]h[0xffffffdd]p[0xffffffdb][0xfffffff1]q[0xffffffc5]>[0xffffffa7]Q[0xffffffd6][0xfffffff0][0xfffffff6][0xffffffba]EA[0xffffff89]@[0xffffff82][0xffffff8b][0x16][0xffffff88][0xffffffd4] [0xffffff9d][0xffffffe3]6[0xffffff83][0x5][[0xffffff9f]4y|w/[0xffffff9c][0xffffff9c]O!v[0x7][0xffffffe5]L[0xffffff88][c[0x12][0xffffffd9]A[0xffffffff]mN,![0xffffff92]([0x7]@[0xffffffd8][0xffffff94][0xffffffeb]Qa-[0xffffffe2][0xffffff91]F[0xffffffe0][0xfffffffc]4RKf$[0xf],[0x13]99[0xffffffc9][0xffffffad][0x13]x[0xffffffe7][0x2][0x2]:sKN[[0xc]XO[0xffffffa7]qEAI[0x12]i[0xffffff86][0xffffff89][0xffffffdd])[0xffffffe7][0xffffffbc][0xffffffba][0xf][0xffffffdf][0xffffffb0][0xfffffffd][0xffffff91][0xffffff8a]&[0xffffffda][0xffffff89][0xffffffd3][0xffffff89][0xffffff8b][0xe]ir[0xffffffe1][0xffffff82]q[\n]"
16:09:28.558 [main] DEBUG org.apache.hc.client5.http.wire -- http-outgoing-0 << "[0xfffffff0]f[0xffffff88]|[0x15][0xffffffe0][0xffffff96][0xffffff88]d[0xffffff9d][0xffffffc2]H[0xffffffe3][0x6][0xffffff8e]M[0xffffffb9] -[0x13][0x1c]w[0x1a][0xffffff84]fy[0xffffffc8][0xffffffed][0x14][0xffffffa8][0x7f]I[0xffffff8b][0xffffffdc],m[0xffffffaa][0xffffffe4][0xffffffbc][0x15][0xffffffa6][0xffffffe8][0xfffffff8][0xffffffa3][0xffffffe3][0xffffffeb][0xffffffaf][0xffffffa1]e[0xffffff90]M[0xfffffff1]>[0xffffffe7],[[0xffffffc4]j[0xffffff9a]U[0xffffffe4][0xffffff8a]77r[0xffffffb5]F[0xffffffee][0xffffffed][0xffffffce][0xffffffc4][0x0][0xffffff91]n/[0xffffffcd]a[0xffffffe5][0xffffffcd][0xffffffd8][0xffffff9c][0xffffffc2][0xffffffaf][0xffffff9d]4[0xffffffea][0xffffff9c]&[0x17][0xffffffce][0xffffffcd][0xffffffa7]"
16:09:28.559 [main] DEBUG org.apache.hc.client5.http.headers -- http-outgoing-0 << HTTP/1.1 200 OK
16:09:28.559 [main] DEBUG org.apache.hc.client5.http.headers -- http-outgoing-0 << date: Wed, 13 Mar 2024 16:09:28 GMT
16:09:28.559 [main] DEBUG org.apache.hc.client5.http.headers -- http-outgoing-0 << content-type: application/json
16:09:28.559 [main] DEBUG org.apache.hc.client5.http.headers -- http-outgoing-0 << transfer-encoding: chunked
16:09:28.559 [main] DEBUG org.apache.hc.client5.http.headers -- http-outgoing-0 << content-encoding: gzip
16:09:28.559 [main] DEBUG org.apache.hc.client5.http.headers -- http-outgoing-0 << x-ratelimit-limit: 180
16:09:28.559 [main] DEBUG org.apache.hc.client5.http.headers -- http-outgoing-0 << x-ratelimit-reset: 1710346228
16:09:28.559 [main] DEBUG org.apache.hc.client5.http.headers -- http-outgoing-0 << x-ratelimit-remaining: 179
16:09:28.559 [main] DEBUG org.apache.hc.client5.http.headers -- http-outgoing-0 << x-trace-id: ed9b7821253741d26164123cfa580108
16:09:28.559 [main] DEBUG org.apache.hc.client5.http.headers -- http-outgoing-0 << server: nginx
16:09:28.560 [main] DEBUG org.apache.hc.client5.http.headers -- http-outgoing-0 << x-frame-options: deny
16:09:28.560 [main] DEBUG org.apache.hc.client5.http.headers -- http-outgoing-0 << x-content-type-options: nosniff
16:09:28.560 [main] DEBUG org.apache.hc.client5.http.headers -- http-outgoing-0 << x-xss-protection: 1; mode=block
16:09:28.560 [main] DEBUG org.apache.hc.client5.http.headers -- http-outgoing-0 << strict-transport-security: max-age=31536000
16:09:28.560 [main] DEBUG org.apache.hc.client5.http.impl.classic.MainClientExec -- ex-0000000002 connection can be kept alive for 3 MINUTES
16:09:28.562 [main] DEBUG org.apache.hc.client5.http.wire -- http-outgoing-0 << "[0x18][0xffffffbb][0xffffff83]r.[0xffffffc6]MQ[0x19]Z[0xffffff9a]j[0x6][0xffffffca][0xffffff9d][0xffffffeb][0xffffffc9]T0E[0xc]L[0xffffffc2]k[0xffffffa6][0xffffffd5]1mw[0x3]e[0xffffff8d][0x3][0xffffffc3]h[0xffffffc6][0x12]n[0xffffffe7][0xffffffc3][0x8]"[0xffffffd9]"5[0xffffffc6]F[0x18][0x11][0x9]&v[0xffffff82]\[0xffffffb3]2[0xfffffffc][0xffffffea]:_s[0xfffffff6][0xffffff99][0xffffffac][0xffffff8b][0xffffffda][0xffffffce][0xffffffb4][0xfffffff7]2[0x7][0xffffffc1][0xffffff98][0xffffff96][0xffffffed][0xffffffdd][0xffffffdd]hk[0xffffff86]<[0xffffffc9]-[0xffffffa0]>[0x4][0xffffffa1]C[0xffffff8f][0xffffffb3]p[0xffffffc3]8[0xffffff85][0xffffffd8][0x1d][0xffffff94]s!n[0xb]JD[0x10]l[0xffffff9f][0xffffffbb][0xffffff83]R[0xf]L[0xffffffcb]qaD[0xffffff9f][0xffffffc3][0x1d][0x13][0x6]4[0xffffffe4]I[0xffffff84][0xffffffb6][0xffffffdc]F[0xffffffc3][0xfffffffd]9[0xffffff8b]b1[0xfffffff1]h[0xffffffba].[0xffffffee][0xffffffa2]4j:[0xfffffffe]5[0xffffff94][0xffffff93][0x1c]M[0xffffffb3]c[0x1][0xffffff98]n[0xffffff85]C[0xffffffae][0xffffffd7]p$p[0x6][0xffffffbb][\r]([0xffffff9f]7[0xffffff8c]8[0xffffff89][0xffffffda][0x1d]^[0xf]8[0xffffff9d]ui[0xffffffbc]_&[0xffffff94][0xb]W9S[0xffffff84][0xffffffb7][0xffffffc0][0xffffffe4][0xffffffd9][0x8]7[0xffffffc5]d[0x1b][0xffffff9c]`[0xffffffb6][0xffffffdd][0x1d][0xffffff93]u[0x1c]1[0xffffff9f]C[0x14]6[0xffffffd0][0xffffffde]p$[0xffffff85][0xffffffeb][0xe][0x15]G$[0xffffffa6]'[0xffffff86][0xfffffff3][0xffffffc0][0x19]}[0xffffff84][0xffffffe1]fI[0xffffffe5][0xffffffe4]*[0x8]B[0xfffffffc][0xffffffc0]I[0x1e][0xffffffdc][0xffffffc2][0xffffffd1]B[0xffffffa4]![0xffffffd6][0xffffff94]Wxtp[0x7][\n]"
16:09:28.562 [main] DEBUG org.apache.hc.client5.http.wire -- http-outgoing-0 << "[0xffffffea]G[0xb][0xffffffa9]{[0xffffffa2]DL[0xffffffc5][0xffffffb9][0xffffff83][0x3][0xffffffb9][0x17]K[0x6]L[0xffffffa6][0xffffffbb]`[0xfffffff2][0xffffff90]([0xffffff97]v[0xffffffde][0xffffffc7][0x10][0xffffffbb][0xffffff83]r.[0xffffffc4]MA[0xffffffc9]1[0x16][0xffffffbc]~n0[\r][0x2]o[0xffffffdc]1[0x1b]5[0xffffffad]@[0xffffffa3][0xffffffef][0x2]H%[0xffffff86][0xffffffe2][0x6][0xffffffe6]4[0xffffffb8][0x1d]YN.[0xfffffff0][0xffffffd3][0x0][\n]"
16:09:28.562 [main] DEBUG org.apache.hc.client5.http.wire -- http-outgoing-0 << "[0x15][0x3]u[0xc]8J[0xffffffcc]j[0x8][0xfffffff8][0xffffff8c]G[0xffffffa4]e[0xffffff9c][0xfffffffb][0xffffffbc]~[0x1a][0xffffffe4][0x2][0xffffffec]#[0xffffffbe][0xfffffff8]-A[0xffffffd9]<k[0xffffff91]{[0xffffffc3]A[0xffffffed][0xb][0xffffffca][0xffffff85][0xffffffbb][0xffffff9c])[0xffffffc4][0xffffffdb][0xffffff81][0xfffffff2]U[0xffffff88][0xffffff9b][0xffffff82][0x12][0xf][\r][0xffffffe4][0x9][0xfffffffd][0x1d][0xffffffe5][0x4][0x15][0xffffffe5][0xffffffc8][0x1e][0xffffffd1][0xffffff8d]&5BF[0xffffffb5][0xfffffff8]la[0x2][0xffffffa3]([0xfffffff7][0xfffffff0][0xffffffd5]`X[0xe])=[0x4][0xffffffce][0xfffffff9][0xffffffe2][0x7]oq[0xfffffff5][0xffffffe4][0xffffffcf]!9>[0xffffff82][0xffffff81][0x17][0xffffff93][0xfffffff3][0xffffffbc][0xffffff82][0xffffff8a][0xffffffc1]L[0x19]s[0xffffffd9][0xffffffe6]Tz[0xffffff83]L)[0xffffffa1][0xffffff9c][0xfffffffb][0xffffffbd]m[0x11][0xffffffc7][0x18][0xfffffff8][0xffffffa1][0xffffffea][0xffffffc3][0xffffffc4]8$[0xffffffca][0xffffffa5][0xffffffbd][0xfffffff7]1[0xffffffc2][0x1b]`[0xfffffff2]l[0xffffff84][0xffffffdb]B2[0xffffffe2][0xffffff9d]y[0xb][0x1e]F[0xffffff83][0xffffff85]a[0xfffffff6][0x3]'R*[0xffffffc4]9[0xffffffd0]2J[0xffffffb6][0xc]%e[0xffffffbb][0x18][0xffffff8e]ar[0xffffffa5][0xffffff96]4[0xffffffd8][0x1a][0x1a][0xffffff9f][0xffffffa0][0xffffffbd]g[0xffffffdc][0xffffffec]1#@6[0xffffff86][0x1b][0xc]Wy[0xffffffaf][0xffffffce][0xffffff93][0x18][0xffffffc6]{[0xffffffd8][0xffffffc4][0xffffffb7][0xffffffe0]a[0x8][0xffffff8e]'[0x1f] [0xffffffc9][0xffffffa1]1~[0xffffff9a]U[0xffffffa7][0x11][0xffffffe5]KA[0xffffffb9]l@y[0x12][0xffffffe1]-![0xfffffff9]S[0xffffff84][0xffffff9b]b[0x12][0xffffffb3][0xffffffeb]V[0xffffffd4]u/([0x5][0xffffffb5]![0xc] [0xffffffd7][0xffffff94][\r][0x1c]m[0xffffff84]C[0x16]KA[0x13][0xffffff86][0xffffffb9][0x1b]6C[0x1c][0xffffffbf][0xffffffe3]~#wJ[0xffffffe1][0xffffffa4][0xffffffe3][0xffffffac]"[0xffffffd1][0xffffffe2]P[0x7]";g[0x17][0xffffff8e]ul[0xffffffd6][0xffffffab][0xffffffb8]A[0x1c][[0xffffff85][0x1a]z[0xffffffcb]4[0xffffffc9]<H5U-;[0xffffffa7].[0x5][0xffffffe5][0xb]&[0x17].[0xffffffbc][0xffffffbd];Dx;L[0xffffffbe][0xffffff8a]pSL[0xffffffd2][0xffffffa1][0xffffffa2][0xffffffc4][0xffffffeb][0xffffff8f]I[0x14]6h[0x1a][0xffffffa4][0xffffffc0]^[0x0][0xffffffeb] [0xffffffdd]lZ[0xffffffe0][0xffffff9a][0xffffffe7]F[0xffffffe8]5[0xffffff94][0xffffff97][0xffffff98]qG[0xffffff84];xg{[0xffffffcb]q[0xfffffff3][0xffffff84][0xffffffaf]<[0xffffffbe]-[0xffffff85]+6[0xffffff85][0xfffffff3]^[0xffffffbe][0xffffffac][0xffffffd8][0xffffffe4][0xfffffff0]>[0xffffffe5]Xm;zv[0xffffffbb]W7[0x7][0x19][0xffffff9b][0xfffffff5][0xffffffb1][0x11][0xffffff9d]o[0xffffff93]/[0xffffffd5]0N1[0xffffffde][0x12][0xffffff95]?[0xffffffc5][0xffffffb8])*[\r]I[0xffffff85]#E[0xffffffdd]3%[\n]"
16:09:28.563 [main] DEBUG org.apache.hc.client5.http.wire -- http-outgoing-0 << "[0xffffff81],[0xffffffda] [0x8]SL[0x16][0xffffffdb]I[0xffffffd0][0xfffffff2]04[0xffffffd7][0xfffffff8][0x7]a[0xffffffc7][0xffffffc2]K[0xffffffdb][0x16][0xffffffce]5[0xf]#[0xfffffffa][0xffffff88][0xffffffc6]][0x1b][0xfffffff1][0xffffffb5][\n]"
16:09:28.563 [main] DEBUG org.apache.hc.client5.http.wire -- http-outgoing-0 << "9;[0xffffff9d]9~C[0xffffffb7][0xffffffb3][0xffffffc2][0xffffffd4][0xffffff8a][0xffffff9e][0x9][0xffffffda][0xffffffce]O[0xffffffb7][0xe]:[0xffffffb1]([0xffffffa7][0xffffffb7][0xfffffff7][0xffffffb3]^[0xffffff8c][0x1d]}[0xffffffa7][0xffffff9d][0xfffffff7]a[0xffffffc1]h[0xffffffe3]2e[0xffffffed][0x14][0xffffffe3][0xffffffed]P[0xfffffff9]*[0xffffffc6]-Q[0xffffff89]M[\n]"
16:09:28.563 [main] DEBUG org.apache.hc.client5.http.wire -- http-outgoing-0 << "W[0xffffffe1]B[0xffffffff][0xffffff81][0xffffff90][0xffffffa7]~[0xffffffd4][0xffffffdc][0xffffffd9][0xffffffc0]"[0xffffff9b]vztb[0x8][0xffffffac]q*}[0xfffffffe][0xffffffd8][0xffffffac][0xffffff83]p[0x16][0xffffffc2]c[0x1d][0xffffff97]@[0xffffff96][0xffffff8f][0xffffff92][0xffffff9d][0xfffffff7][0x0].9[0xffffffb2]hB[0xffffffdc]_[0xffffffcf][0xffffffc8][0xffffffee][0xffffffea][0xffffff9a][0xffffffb2][0xfffffff1][0xffffff82]8[[0x13]o[0xffffffc1][0xffffffc4][0xffffffe0]l[0x15][0xffffffa6]VX[0xffffffa3][0xffffffa3]][0xffffffc1]_[0x18][0xffffffc2][0xffffffb9][0xffffffe8][0xffffffb3]b<[0xffffffa2]r[0xffffffe1][0xffffffe8]|[0xffffff8a][0xffffffb1];*[0xffffffe7]b[0xffffffdc][0x14][0xffffff95][0xffffff8e][0xffffffdd]3[0xffffff9e]#[0xffffffdd]se@'[0xffffff86]Y%[0x16][0xffffff80][0xffffffc5][0xffffffda][0xffffff84][0xffffffbd]:G[0xffffff94][0xffffff91][0xffffff83]1[0x17]G`[0xffffffc8][0xffffffbd]Z[0xffffffef]Y[0xffffffea][0xffffffa0]j[0xffffff84][0xfffffff0][0xb][0x7f][0xffffff88]]xm\[0xffffffb5][0xffffffcc]a[0xffffff8d]f[0xffffffff].[0xffffffc6][0x15][0xffffffa8]t[0x14]][0x18][0xffffffc0][0xffffffde][0xffffffe0][\r]~[0xfffffff2][0x1d][0xffffff93][0x2].[0x6][0xffffff8b][0xffffffaa]>U[0xffffffe5][0x11][0xffffff95][0xb]GB(C_b[0xffffffbc]%*[0x7f][0xffffff8a]qST[0x1a][0xfffffff6][0xffffffc4]8[0xffffff86]uG%^k[0x1c][0xffffff8c][0xffffff83]S[0xffffffce][0xffffffac]G[0xffffffa4][0xffffff8a][0xffffffea]{[0xffffffa4]r[0xffffffc4][0xffffff93][0xffffff85][0xffffffdb]/0[0xffffff84]<l[0xffffffb9]A[0xffffffb9][0xffffffc6][0x1d]J[0xffffff95][0xffffffd3][0x2]h$[0xffffffb8]?[0xffffffab]G[0xffffffd4]:[0xffffff9a][0xffffffae][0xffffffd6][0xffffffae] R[0xfffffff2][0xffffff95]0[0x1b]nw[0x13][0xffffffba][0xffffffd7][0xffffff95]GTr[0xffffff99][0xffffff88]^[0xffffff99][0xffffffdf][0xffffffa9][0xffffffb3][\r][0xffffffb0]]8=[0xffffff9f]b[0xffffffbc][0x1d]*_[0xffffffc5][0xffffffb8])*e[0xc]B[0xffffffdd][0xffffffe0][\n]"
16:09:28.563 [main] DEBUG org.apache.hc.client5.http.wire -- http-outgoing-0 << "[0x1c]B[0xffffffee][0x11]#>v[0xffffffdc][0xe]G+[0xffffffd2] [0xffffffcb][0xffffffcc][0xffffff8a][0xffffffb6];[0x9][0xffffffab]r[0xffffffe1][0xfffffff6][0xffffffbc][0xffffffac]b[0xffffffc0]FH3H[0xffffffe7][0x2][0x6][0xffffffea][0xffffffb1][0xffffffb6][0xf][0xffffffe7][0xffffffd6],{[0x1e]5[0xffffff9a]5op6[0xffffffed][0x1a][0xffffffa5][0xffffffee]mQ[0xffffffa9][0xffffff99][\n]"
16:09:28.563 [main] DEBUG org.apache.hc.client5.http.wire -- http-outgoing-0 << "[0xffffffc1][0x19][0xfffffff0][0xffffffd3][0xffffffa1][0xffffff97]5$[0xffffffa1]c[0xffffffae]\8[0xffffffaa]D[0xffffff88][0xfffffff7][0x12][0xffffffe3]-Q[0xfffffff9]S[0xffffff8c][0xffffffdb][0xffffffa2][0xffffff92][[0xffffffaa][0xffffffd1][0xfffffff6][0xffffff97]Bp3[0x1e]Vo#Qb[0xffffffcc][0xffffff82][0xffffffdc]!A0[0xffffffe7]o1[0xfffffff4]MP[0xffffffcf]i[0xffffffbe]3[0xffffffb2][0x1d][0x6][0xffffffe7][0x15]kS;8[0xffffffb8][0xffffffb2][0xffffffb2]Q[0x7f][0xffffff99][0x17]%[0xffffffdd][0xfffffff2][0xffffffea][0xffffff8a]7x[0xffffff9b][0xffffff85][0xffffffc2]2[0xffffffb9]-*[0xffffffd1][0xffffff8c][0xffffffa1][0xffffffb5][0xffffffeb][0xffffffb3][0xfffffffa]>br[0xffffffe1][0xfffffff2]{?[0xffffffed][0xffffffdd]GxKL[0xffffff9e]D[0xffffffb8]-"[0xffffffb9][0x15][0x1][0xffffffb7][0xffffffac][0xfffffffb][0xffffffdb][0x1b][0xffffffaa][0xf][0xffffffa2]0.[0xffffffab]0[0xffffffcd][0xfffffff3][0xffffffac][0xffffffbd]m[0xffffffb5]8[0xffffffac][0x5]0:[0xffffffa2][0x1e][0xffffffc0]A[0xffffffba][0xffffffb0][0x2]O[0xffffffcc][0xffffffce]U[0xffffffc2][0xffffffc7][0xffffffa5][0xffffffb4][0xffffff93][0xffffff99][0x1][0xffffffa7][0xffffffb5][0xffffffea]3gaK[0xffffffb2]+[0x10]I[0xffffffc3][0xffffffd4][0xffffff8e][0xffffffc6][0xffffffdc][0x16][0xffffff91]\[0xffffff86][0xffffffe5][0xffffff98][0x10]7}[0xffffffbb]L*[0xffffff8f][0xffffff98]\8[0xffffffab][0xffffff94][0xffffffc7][0x18]o[0xffffff89][0xffffffc9][0xffffff9f]b[0xffffffdc][0x12][0xffffff95]X[0xffffff8e][0xffffffe0]4u[0x3][0x1b][0x2][0xffffffb8][0x18]0|[0xffffffb3][0x1b]I[0xffffff88]4[0xffffffc4]U[0xffffffa0]|[0xffffff80][0x17][0x4][0x11][0xffffff9d]Ko[0xffffffb2][0xffffffd2][0xffffff8a]p[0xffffffe7]"PG"[0xffffffa2][0xffffffa4][0xffffffa8],[0x1c][0xffffffd6][0x16]rdi[0xffffff9d][0xffffff9a]G[0xffffff9b]\[0xffffffe1]l[0xffffff85][0xffffffac][0xffffff96][0xffffff85][0xffffff80][0xffffffbd][0x5][0xffffffc3][0x17][0xffffff87][0x1d]X[0xffffffe7][0xfffffff8][0xffffffb5]01Q;g[0xffffffd9]O[0xfffffff5][0xffffffd9]}[0xffffffbf][0xffffffcc][0xffffffcf][0x17][0xffffffb2])[0xffffffa7][0x8]o[0xffffff80][0xffffffc9][0xfffffff3][0x11]n[0xffffff89]I[0x19][0xffffffdb][0xffffffe1][0xffffffa6]v[0xffffff84][0xffffffb7];[0xffffff9b][0xffffffb2]]?[0x19][0xffffffdb][0xffffffa5][0xffffffab][0xffffff82][0xfffffffb][\n]"
16:09:28.563 [main] DEBUG org.apache.hc.client5.http.wire -- http-outgoing-0 << "z[0xffffffc5]*$[D[0xffffff9c][0xffffff85][0xffffffa0]L[0xfffffff2][0xffffffeb]>[0xffffffa1][0xfffffff1]&[0xffffffa3])[0xffffffc1];[0x1d][0xffffffb6],^[0xffffffbf][0xffffff96][0xffffffe3]([0xffffff88]U[0xffffff87]h[0xffffffcc][0xffffff9a]>[0xffffff87]x0[0xfffffff7][0xffffffef][0xffffff8e][0xffffffc9]v[0xfffffff0][0xffffffa3][0xffffff99]R[0xffffffa2]]1[0xffffff90][0x15][0xffffffe4][0xe][0xffffffb9]:[0x3][0xffffffac].[0xffffff99][0xfffffff2][0xffffffb0][0xfffffffb]^[0xfffffffa][0xfffffff2]>[0xffffff86][0xffffffd8][0x17][0xffffff94][0xffffffef][0xffffff84][0xffffffb8])([0xffffffe9][0xffffffbd]q[0x6][0xffffffe8][0xffffffff][0xfffffffa][0x16][0xffffffcc]yZ[0x17]3@[0xffffffd5][0xffffffe4][0xffffffba]5[0xffffffbc][0xffffffc3][0xffffff8c]C/[0xffffffea][0xffffffda][0xffffffcc][0xffffff94][0xffffff88][0xffffffb3][0xffffffaa]xJ[0xffffffb3][0xfffffffe][0xffffffc6]U[0xffffffa8] n[0xffffffc4]IU[0xffffffe1][0x5]h[0xffffff8a][0xffffffe1][0xffffffe6][0xffffffea][0xffffffc8][0xffffffb6]g[0xffffffcd][0xffffff91]J[0x14][\n]"
16:09:28.563 [main] DEBUG org.apache.hc.client5.http.wire -- http-outgoing-0 << "8[0xffffff9d][0xffffffbb][0xffffffee][0xffffffcd][0xfffffff7][0xfffffff3]w[0xffffff8c][0x1b]<[0xffffffb8]Z![0xffffff85][0xffffffc0][0xffffffbe][0x17][0xffffffb5][0xffffff9d][0xffffffea]C[0xffffffc8]xN[0xffffff94],Qd[0xffffffeb][0xffffffef][0x1e][0xffffff87][0xffffffaf]_[0xffffffbe]=<}y[0xfffffffc][0xffffffe7][0x1d]d$[\n]"
16:09:28.563 [main] DEBUG org.apache.hc.client5.http.wire -- http-outgoing-0 << "[0xfffffffe][0xffffffa6][0x7f][0x1b][0xffffffb9]_[0xfffffff1][0xfffffff1][0xffffffdb][0xffffffc3][0x7f][\r]w[0xfffffff7]z[\n]"
16:09:28.563 [main] DEBUG org.apache.hc.client5.http.wire -- http-outgoing-0 << "[0xfffffff1][0x16][0xffffffa0]<[0x1b][0xffffffe2][0xfffffff6][0xffffffa0][0xffffffd4][0xfffffffd][0xffffffa7][0xffffffe7]40[0xffffffdc][0x2][0xffffffe4][0xffffff82]u[0xffffffd5]X[0xfffffff2]q[0xffffffd1][0xffffffcc][0x3]A][0xffffffb9][0xffffffc9][0xffffffc8])[0x12][0xffffffe8][0xffffffbf]P[0xffffff84]l2[0xe][0xffffffb7][0xffffffca][0x11][0xfffffffb] [0xffffff8f]e%[0xffffffa4]K[0xffffffc3]0[0xffffffc7]+[0xfffffff8][0xffffffe9][0xffffffe6]zF[0x6][0xffffffe6][0xffffffbd][0x6][0xffffffdd]dk[0xffffffdc][0xfffffffa]N[0xffffff84][0xffffff8e][0xffffffa0][0xffffff84]N[0xffffffc9]y3[0xfffffffc]Z[0x1a][0xffffffb1][0xffffffa9][0xffffffef][0xffffffa1][0xffffff92]6gZ[0xffffff82][0xffffffca])[0xffffffc6][0x1b][0xffffffa1][0xfffffff2]m[0xffffff8c][0x7f][0x3]*[0xfffffffb][0xfffffff7][0xffffffde][0xffffff9c][0xffffff96][0xffffffca][0x5][0x7f]z[0xffffff93]<[0xffffffe4][0xc][0xffffff9c][0xffffff8a][0xffffffb8][0xffffff9f][0xffffffde][0xffffffe6][0x18][0xffffff99]eN[0xffffff95],yR[0xffffffdb][0xfffffff4]`V[0xffffff80][0xffffffb1][0xffffff90]b[0x1f][0xffffffd9][0xffffff86]B#Y[0x12][0xffffffda][0x10][0x12]3[0xffffffb1][0xffffff82][0xffffffba]F[0x17][0xf]SHw[0xffffffb7][0xffffffb6]:A%k[0x1d][0xffffffd1][0xffffffac]1[0xffffffb0][0xfffffff1][0xffffffe8][0xffffff8c][0xffffffca][0xffffff85]U[0xffffffe5][0x14][0xffffffe3][0xffffffcd]P[0xfffffff9]:[0xffffffc6][0xffffffed]Qy[0xffffff8b][0xffffffab][0x10]L[0x1b]+[0xffffffd2][0xffffffb1][0xffffff91]W2[0xffffffae][0xfffffffa]"!Q[0xffffffc4]'([0xffffffd2][0xffffff93][0xffffff97][0xffffffc6][0xffffffee][0xffffffdd][0xffffffbb][0xfffffff8]"[0xffffffb9][0xffffffad][0xffffff8c][0xffffffef]S[0xffffffce][0xffffff91]}[0xffffffa4]g[0x9]4[0xffffff8e][0xffffffd0][0xffffffd1][0xffffff95][0xffffffa8]+[0xffffffb4][0xffffff8c][0xffffff94][0xe][0xffffffcc]>mw[0xffffffe5][0xffffffd8][0x9]*y[0xffffff81][0xffffffa3][0xffffffaf]m[0xffffffac][0xffffffbf][0xffffffbe][0xffffff8b]F[0xffffffb3]p[0xfffffffd]=[0xffffff85]x3P[0xffffffbe][\n]"
16:09:28.563 [main] DEBUG org.apache.hc.client5.http.wire -- http-outgoing-0 << "[0xfffffff1]o[0xffffffc0]d[0xffffffff][0xffffffa2][0x12][0x1a]%M[0xffffffb6]5[0xffffffb4].a[0xffffffb4]X[0x7]!g[0xffffffe4]?[0xffffff8c][0xffffffd2][0xfffffff1][0x5][0xfffffff4]2[0xffffffa3]'[0xffffffe3][0xffffffd0][0xffffffe3][0xffffffa0][0xffffff82][0x2][0xffffffaf][0xffffffed]*D[0xffffffa8][0xffffff90].9@FE[0xffffffc8][0xffffffe9][0xffffff88][0x15][0xffffffef]ot?[0xffffffdc][0xc][0xffffffed][0x7f][0xffffffd2][0xffffffe9][0x14][0xffffff93][0xffffffbc][0xffffffbf][0xffffffed][0xe]s[0xffffff8f][0x18][0xfffffffa][0xffffff98][0x0][0x1e]fB8[0x3]/z[0x7f]O1[0xffffffde][0xe][0xffffff94][0xffffffaf]b[0xfffffffc][0x1b]P[0xffffffd9][0xffffff9f]z[0xffffffee]sB,[0xffffff80][0x4]Bj[0x16][0xffffffe0][0x15][0xffffff9e]/[0xffffffd6]k5c[0xffffff97][\n]"
16:09:28.563 [main] DEBUG org.apache.hc.client5.http.wire -- http-outgoing-0 << "[0xffffffdd][0x11]z[0x6][0xffffffb7][0xffffffee][0xfffffff8][0x7]:[0xfffffff2][0xffffff92]0[0xffffffd2][0x18],[0xffffffd5][0xffffffa7][0xffffffe4][0xffffffe4]cFT&`[0xc][0xffffffae][0xffffffc8][0xffffff94][0xffffffb4][0xfffffff4]m@[0xffffffda][0xffffff9d][0xffffffbf][0xfffffff6][0xffffff8c]Jx[0xffffffbe][0xfffffff8]Z[0xffffffb5]s[0xffffffdf][0xffffff9c][0x1b]e|[0xffffffd0][0xffffffa5][0xfffffffd]>[0xffffff82]r!%c[\n]"
16:09:28.563 [main] DEBUG org.apache.hc.client5.http.wire -- http-outgoing-0 << "[0xfffffff1][0x16][0xffffffa0]<[0x17][0xffffffe2][0xffffffc6][0xffffff98][0xffffff84][0xffffffec]r[0xffffff83][0xffffffb7][0xffffffb7]be[0xffffff83][0xffffffa1]9[0xffffffc2]Y[0xffffff98][0x18]:[0xffffffe9][0xffffffc0]Ir.[0xffffff91]4[0xffffffd7]T[0x16][0xffffff8c][0xffffff8c][0xffffffc9]5[0x4]K:[0x7f][0xfffffffc][0xffffffac][0xffffffc0][0xffffffa6][0xffffffa9],uJ[0xffffffe6],[0x4][0xffffffa4][\r][0xe][0xffffffe5][0xffffffe6][0x15][0xfffffffb][0xffffff9c]v[0xffffff92][0xe]W[0xffffffcc][0xffffffee]<[0xffffffa1][0x13]Lr@G[0xffffff85][0x1d][0xffffffdc]dh&}A[0xffffffb9][0xffffff90][0xffffff91]1[0xffffffc5]x3P[0xffffffbe][0xffffff8e][0xfffffff1]o@e[0xffffffff][0xfffffffe];[0xffffffbb][0xffffffa0][0xb]h[0xffffff83][0xffffff80][0xffffffd1]f[0xffffffd9][0xffffffdc]p[0xffffffca][0xffffffdc][0xffffffb1]%[0x5][0xfffffff2]~[0xffffffce][0x11]7rv[0xffffffe0][0xffffff9c]`L[0xffffffb8][0xfffffff7]b([0xffffff8d]4<[0xffffff8f][0xffffffc0]T'd_[0xffffff80][0xffffffd3][0xffffffad][0xffffffc9][0xffffff94][0x2]K[0xffffffc1][0xfffffffd]E[0xffffffa0][[0xfffffff4][0xffffffdf][0xfffffffb]4[0xffffff82][0xffffffa2][0xffffffb1][0xffffff99][0xfffffff8][0xffffffd2][0xffffff97][0xffffff85]>[0xffffffba][0xffffffef]c[0xffffffaa]\[0xffffffc8][0xffffffc8][0xffffffc0][0xffffffc5][0xfffffff7]%[0xffffffc6][0xffffffdb][0xffffffa1][0xfffffff2]U[0xffffff8c][0x7f][0x3]*[0xfffffffb][0xfffffff7][0xffffffdf][0xffffffb5]][0xffffffb8][0xffffffc7][0xffffffd4][0xffffff9c][0xffffffc6][0xffffffc5][0xffffffd5][0xffffffc4]U[0x12][0xffffffc0](2$6<S[0xb][\n]"
16:09:28.563 [main] DEBUG org.apache.hc.client5.http.wire -- http-outgoing-0 << "pv[0xffffff8b]V[0xffffff93]3[0xffffff91][0xffffff86][0xffffffb3][0xffffff8c][0xc]#w[0xffffffc6][0xffffff98][0xc][0x19]W[0xffffffb1]nq.[0xffffffaf][0xffffff98][0xffffff9f]7[0xffffffa6]\[0xffffffa3]J[0xffffffdc][0x10][0xffffff95][0xffffff82][0xfffffffe][0xffffff9b][0xffffffaa][0xffffffb2][0xffffffd9][0xffffffb5]wnu[0x16]22[0xffffffa6][0x18]o[0xffffff86][0xffffffca][0xffffffd7]1[0xfffffffe][\r][0xffffffa8][0xffffffec][0xffffffcf]?[0xffffffc7]q[0xffffff9c][0xffffffbe][0xffffff9a]9[0xf]M*F[0xffffffa8]j[0xffffffe0][0xffffffd6]X,[0xffffff8a][0xffffffdb]v[0x18][0xffffffa4][0xffffffd2][0xffffff93]+[0xffffff84];m8[0xffffff8c]!?[0xffffffb2][0xc][0x1c][0xffffff85][0x14][0xffffffd3][0xffffffcb]TP[0xfffffff1]T[0xffffffa8][0xffffffe8]n[0xffffffc5][0xffffffa6][0x11][0xffffffbf]j[0xffffffbe]l3[0xffffffa3][0xffffffb9]Q[0xffffffae]l7[0xffffffb0]9Y[0xffffff82]z[0xc][0x1]R[0xffffff9f]M[0xffffffe3]1W.\[0xffffffeb]L1[0xffffffde][0x8][0xffffff95]oc[0xffffffdc][0x1e][0xffffff95][0xffffffb2][0xffffffff][0x1b][0x1c];?[0xffffff85][0xffffffb1][0xffffffbe]c[0xffffff99][0xffffff83][0xf]j[0xffffff86][0xffffffbf][0xffffff80][0xffffffb4][0xffffff96][0xffffff8c][0xffffff99]q@@8[0xffffffc6]f[0x1c][0xffffffd3]J[0xffffffbe][0xffffffab][0xe][0xffffffa1]#f[0xffffffd3]4<[0xfffffff4][0xffffffcd][0xffffff90][0xffffff8e]=F[0xffffffd3][0xffffff8a][0xfffffffb]%[0xffffffd7][0xffffffb3]2[0x2][0xffffffc4]#[0xffffff8e][0xffffffe6][0xffffffde][0xffffffae][0xffffffae][0xffffffe4];&[0x1a][0xffffffa7][0xffffffb2][0xffffffd9][0x11][0xffffffb8][0xffffffce][0xffffffcd][0xffffffce]BV[0xffffffc6][0x14][0xffffffe3][0xffffffed]P[0xfffffff9]*[0xffffffc6][0xffffffbf][0x1][0xffffff95][0xfffffffd]7[0xffffffe0][0xffffffbc][0xffffff8f]9[0xfffffff6][0xffffff9d],[0x7]s8[0xffffffe2][0xffffffb4][0xffffff97]u[0xffffffb3]q[0xffffffc4])[0x8][0x7]=9[0xffffffa0]"[0xffffff8b]4A[0x6]s[0xffffff97]Z[0xffffffe9]s[0xc];q[0xffffffcb][0xffffffe9][0xffffff88]0X[0xffffffcf][0xfffffff9]Fnp^[0xffffff8f]J<2[0xffffff9a][0xffffffda][0xfffffff0]vop[0xffffff94][0xffffffdf][0xffffffbc][0xffffffc1][0xffffffcd][0xe]UQ[0xffffffef]fg[0xffffffe1]Zg[\n]"
16:09:28.564 [main] DEBUG org.apache.hc.client5.http.wire -- http-outgoing-0 << "[0xfffffff1]f[0xffffffa0]|[0x15][0xffffffe2][0xfffffff6][0xffffff98][0xffffffbc][0xffffffc1][0xfffffffd][0xffffffda][0xffffffe6][0xffffff8b][0xffffffa1]"[0xffffffb7][0x16][0x13][0xffffffb2][0x19][0xfffffffe][0xffffff96]$[0xffffff99][0xffffffb8]U[0xffffffcb][0xffffff99]12#[0xffffffd7][0xffffffbd][0xffffffc9][0xffffff90][0xffffffdc][0xffffffd1]A[0xffffffff][0xffffffd0][0xffffff86][0xffffff93][0xffffffc9]b[0xffffff89][0xffffffc5]}'[0xffffffd6]@8Z[0xffffff8e][0x3][0x1b][0xffffffdf][0x15][0xffffff98][0x14][0x16][0xffffffbb][0xffffffec][0xfffffffe][0xffffffe6][0xffffffd2][0xffffffc7][0xe][0xffffffdc]s[0xffffffbc][0xffffffb6]][0xfffffffa]f[0xe][0x1b]:[0xfffffff3][0xffffffd7][0xffffffcc][0xffffffc2][0xffffffad][0xe]/[0xffffff83][0xffffff97][0x18]o[0x6][0xffffffca][0xffffffd7]1[0xfffffffe][\r][0xffffffa8][0xffffffec][0xffffffff][0xfffffffe][0x16][0x16][0x19][0xe]]6[0xffffffdf]7[0xffffff8a][0xffffffca][0xffffff81][0xffffffe5][0xe][0xffffffe4][0xfffffff3][0xffffff8c][0xffffffd3][0xffffff9f][0x1e]=[0x7][0x19]9[0xffffffab][0xffffff8c][0xffffff9d]/%$[0xfffffff2]F[0xffffff8f]`[0xffffff82][0x19][0xffffffd1][0xffffff80][0xffffff83][0xffffff86]a[0xffffff82]T[0xb][0xffffff92][0xffffff9e][0x15][0x13][0xfffffff4][0xffffffa6][0xffffff9f]A[0x14]w[0xffffffbb][0xe][0x1c]T[0xffffffca][0xfffffff6][0xfffffffe]&[0x1d][0xffffffe3][0x18][0xffffffdc]u.[0xffffffa4][0x17][0xffffffae]u[0xffffffa6][0x18]o[0xffffff87][0xffffffca]W1[0xffffffde][0x2][0xffffff95][0xffffffff][0xfffffff1][0xffffffaf][0xffffffff][0xfffffff1][0xffffffff][0x1]C[0xffffffc4][0x15][0xffffff97]V[\r][0x1][0x0][\r][\n]"
16:09:28.564 [main] DEBUG org.apache.hc.client5.http.wire -- http-outgoing-0 << "0[\r][\n]"
16:09:28.564 [main] DEBUG org.apache.hc.client5.http.wire -- http-outgoing-0 << "[\r][\n]"
16:09:28.565 [main] DEBUG org.apache.hc.client5.http.impl.classic.InternalHttpClient -- ep-0000000002 releasing valid endpoint
16:09:28.565 [main] DEBUG org.apache.hc.client5.http.impl.io.PoolingHttpClientConnectionManager -- ep-0000000002 releasing endpoint
16:09:28.565 [main] DEBUG org.apache.hc.client5.http.impl.io.PoolingHttpClientConnectionManager -- ep-0000000002 connection http-outgoing-0 can be kept alive for 3 MINUTES
16:09:28.565 [main] DEBUG org.apache.hc.client5.http.impl.io.PoolingHttpClientConnectionManager -- ep-0000000002 connection released [route: {s}->https://hub.docker.com:443][total available: 1; route allocated: 1 of 5; total allocated: 1 of 25]
16:09:28.565 [main] DEBUG org.apache.hc.client5.http.impl.classic.InternalHttpClient -- ex-0000000003 preparing request execution
16:09:28.566 [main] DEBUG org.apache.hc.client5.http.impl.classic.ProtocolExec -- ex-0000000003 target auth state: UNCHALLENGED
16:09:28.566 [main] DEBUG org.apache.hc.client5.http.impl.classic.ProtocolExec -- ex-0000000003 proxy auth state: UNCHALLENGED
16:09:28.566 [main] DEBUG org.apache.hc.client5.http.impl.classic.ConnectExec -- ex-0000000003 acquiring connection with route {s}->https://hub.docker.com:443
16:09:28.566 [main] DEBUG org.apache.hc.client5.http.impl.classic.InternalHttpClient -- ex-0000000003 acquiring endpoint (3 MINUTES)
16:09:28.566 [main] DEBUG org.apache.hc.client5.http.impl.io.PoolingHttpClientConnectionManager -- ex-0000000003 endpoint lease request (3 MINUTES) [route: {s}->https://hub.docker.com:443][total available: 1; route allocated: 1 of 5; total allocated: 1 of 25]
16:09:28.566 [main] DEBUG org.apache.hc.client5.http.impl.io.PoolingHttpClientConnectionManager -- ex-0000000003 endpoint leased [route: {s}->https://hub.docker.com:443][total available: 0; route allocated: 1 of 5; total allocated: 1 of 25]
16:09:28.567 [main] DEBUG org.apache.hc.client5.http.impl.io.PoolingHttpClientConnectionManager -- ex-0000000003 acquired ep-0000000003
16:09:28.567 [main] DEBUG org.apache.hc.client5.http.impl.classic.InternalHttpClient -- ex-0000000003 acquired endpoint ep-0000000003
16:09:28.567 [main] DEBUG org.apache.hc.client5.http.impl.classic.MainClientExec -- ex-0000000003 executing GET /v2/repositories/selenoid/vnc/tags?page=3&page_size=100 HTTP/1.1
16:09:28.567 [main] DEBUG org.apache.hc.client5.http.protocol.RequestAddCookies -- ex-0000000003 Cookie spec selected: strict
16:09:28.567 [main] DEBUG org.apache.hc.client5.http.impl.classic.InternalHttpClient -- ep-0000000003 start execution ex-0000000003
16:09:28.567 [main] DEBUG org.apache.hc.client5.http.impl.io.PoolingHttpClientConnectionManager -- ep-0000000003 executing exchange ex-0000000003 over http-outgoing-0
16:09:28.567 [main] DEBUG org.apache.hc.client5.http.headers -- http-outgoing-0 >> GET /v2/repositories/selenoid/vnc/tags?page=3&page_size=100 HTTP/1.1
16:09:28.567 [main] DEBUG org.apache.hc.client5.http.headers -- http-outgoing-0 >> user-agent: Apache-HttpClient/5.0
16:09:28.567 [main] DEBUG org.apache.hc.client5.http.headers -- http-outgoing-0 >> accept-encoding: gzip, deflate, br
16:09:28.567 [main] DEBUG org.apache.hc.client5.http.headers -- http-outgoing-0 >> cache-control: max-age=0
16:09:28.567 [main] DEBUG org.apache.hc.client5.http.headers -- http-outgoing-0 >> connection: keep-alive
16:09:28.567 [main] DEBUG org.apache.hc.client5.http.headers -- http-outgoing-0 >> Host: hub.docker.com
16:09:28.567 [main] DEBUG org.apache.hc.client5.http.wire -- http-outgoing-0 >> "GET /v2/repositories/selenoid/vnc/tags?page=3&page_size=100 HTTP/1.1[\r][\n]"
16:09:28.567 [main] DEBUG org.apache.hc.client5.http.wire -- http-outgoing-0 >> "user-agent: Apache-HttpClient/5.0[\r][\n]"
16:09:28.567 [main] DEBUG org.apache.hc.client5.http.wire -- http-outgoing-0 >> "accept-encoding: gzip, deflate, br[\r][\n]"
16:09:28.567 [main] DEBUG org.apache.hc.client5.http.wire -- http-outgoing-0 >> "cache-control: max-age=0[\r][\n]"
16:09:28.567 [main] DEBUG org.apache.hc.client5.http.wire -- http-outgoing-0 >> "connection: keep-alive[\r][\n]"
16:09:28.567 [main] DEBUG org.apache.hc.client5.http.wire -- http-outgoing-0 >> "Host: hub.docker.com[\r][\n]"
16:09:28.568 [main] DEBUG org.apache.hc.client5.http.wire -- http-outgoing-0 >> "[\r][\n]"
16:09:28.735 [main] DEBUG org.apache.hc.client5.http.wire -- http-outgoing-0 << "HTTP/1.1 200 OK[\r][\n]"
16:09:28.736 [main] DEBUG org.apache.hc.client5.http.wire -- http-outgoing-0 << "date: Wed, 13 Mar 2024 16:09:28 GMT[\r][\n]"
16:09:28.736 [main] DEBUG org.apache.hc.client5.http.wire -- http-outgoing-0 << "content-type: application/json[\r][\n]"
16:09:28.736 [main] DEBUG org.apache.hc.client5.http.wire -- http-outgoing-0 << "transfer-encoding: chunked[\r][\n]"
16:09:28.736 [main] DEBUG org.apache.hc.client5.http.wire -- http-outgoing-0 << "content-encoding: gzip[\r][\n]"
16:09:28.736 [main] DEBUG org.apache.hc.client5.http.wire -- http-outgoing-0 << "x-ratelimit-limit: 180[\r][\n]"
16:09:28.736 [main] DEBUG org.apache.hc.client5.http.wire -- http-outgoing-0 << "x-ratelimit-reset: 1710346228[\r][\n]"
16:09:28.736 [main] DEBUG org.apache.hc.client5.http.wire -- http-outgoing-0 << "x-ratelimit-remaining: 178[\r][\n]"
16:09:28.737 [main] DEBUG org.apache.hc.client5.http.wire -- http-outgoing-0 << "x-trace-id: 04edf6d8eae8b102997b5e5282160cb3[\r][\n]"
16:09:28.737 [main] DEBUG org.apache.hc.client5.http.wire -- http-outgoing-0 << "server: nginx[\r][\n]"
16:09:28.737 [main] DEBUG org.apache.hc.client5.http.wire -- http-outgoing-0 << "x-frame-options: deny[\r][\n]"
16:09:28.737 [main] DEBUG org.apache.hc.client5.http.wire -- http-outgoing-0 << "x-content-type-options: nosniff[\r][\n]"
16:09:28.737 [main] DEBUG org.apache.hc.client5.http.wire -- http-outgoing-0 << "x-xss-protection: 1; mode=block[\r][\n]"
16:09:28.737 [main] DEBUG org.apache.hc.client5.http.wire -- http-outgoing-0 << "strict-transport-security: max-age=31536000[\r][\n]"
16:09:28.737 [main] DEBUG org.apache.hc.client5.http.wire -- http-outgoing-0 << "[\r][\n]"
16:09:28.737 [main] DEBUG org.apache.hc.client5.http.wire -- http-outgoing-0 << "17F1[\r][\n]"
16:09:28.738 [main] DEBUG org.apache.hc.client5.http.wire -- http-outgoing-0 << "[0x1f][0xffffff8b][0x8][0x0][0x0][0x0][0x0][0x0][0x0][0x3][0xffffffc5][0xffffff9d][0xffffffdb]n[0xffffff9c][0xffffffcb]q[0xffffff85][0xffffffef][0xfffffff3][0x18][0xffffffbc][0xffffff8d][0xfffffff6][0xffffffa8][0xffffffcf][0xffffff87][0x1][0xffffff8c][0xffffffbc][0xffffff84][0xffffffaf][0xffffff92][0x18]B[0x1f]-&[0xffffffda][0xffffffa4]@R[0xffffff82][0x1d][0xffffffc3][0xffffffef][0xffffff9e][0xffffffaf])j[0xffffff86][0xffffff9c][0xffffffbd][0xffffffed][0xfffffffc][0xffffffe1]t[0xffffffcf]@7[0xffffffe4][0xfffffff0] [0x16][0xffffffff][0xffffffc5][0xffffffea][0xffffffae]U[0xffffffab]V[0xfffffffd][0xffffffed][0xffffffa6][0xffffffdc][0x7f][0xffffffbb]{[0xffffffba][0xffffffd9]+[0x17]>[0xffffffdc][0xffffffdc][0xffffffb5][0xffffffbf][0xfffffff0][0xffffffe6][0xffffffdd][0xffffffb7]/_>[0xffffffdc]|}h[0xffffffdf]o[0xffffffef][0xffffffbf]=[0xffffffde][0xffffffec]o>?=}}[0xffffffdc][0x7f][0xfffffffc][0xfffffff8][0xfffffff9][[0xffffffde][0xffffffd5][0xfffffffb][0xfffffff2][0xffffffdf][0xffffffed]aW[0xffffffee][0x7f][0xfffffffd][0xfffffff8]]}|h_[0xffffffef][0x1f]o[0xffffff9f][0xffffffee][0x1f]n[0xffffffdb][0xffffffe3][0xffffffc7][0xffffffc7][0xfffffff6][0xffffffa5][0xffffffdd][0xffffffdd][0xffffffdf][0xffffffd6][0xffffff8f][0xffffffdf][0xffffffef][0xffffffca][0xffffffc7][0xffffffa7][0xfffffff4][0xffffffe7][0xffffffc7][0x7f][0xfffffffb][0xffffff9a][0xfffffffe][0xffffffdc][0xfffffffe][0xffffffa0][0xfffffffe][0xfffffff3][0xffffff9b][0x10][0xffffffca][0xffffff8d][0xffffffb7]?=[0xffffffde][0xfffffffe]O[0xfffffffb][0xffffff83][0x14][0xffffffe2][0xffffffe6][0xffffffc3][0xffffffcd]C{[0xfffffffc][0xfffffff6][0xffffffe5][0xffffff89]o[0xffffffff][0x1f][0x7f][0xffffffbb])[0xf]-[0xfffffff1]Mn[0xfffffff6]^[0xb][0x17][0xffffffe2][0xffffff87][0xffffff9b][0xffffffdb]z[0xffffffb3][0xffffff97][0xffffffd2][0xffffffea]([0xffffff84][0xffffffe1][0xffffffbd]_[0xfffffff9][0xffffffda][0x1f][0xffffff9f][0xffffff99][0x1e][0xffffffca][0xffffffe7][0xffffffdb][0xffffffa7]V[0xffffff9e][0xffffffbe]=4~[0xffffffb2][0xfffffff4]ku[0xffffff86]o[0xffffffd6][0xfffffff9]z^[0x19]?,[0xffffffef]}O[0xf][0xffffffb7]i[0x4][0xfffffff5]#[0xffffff92]z[0xffffffcb]W[0xfffffff3][0xffffffde][0xffffffcd][0xffffffe3][0xffffffe7][0xffffffa4][0xffffffac][0xffffffdb][0xffffff87][0xffffffc6]wu![0xffffffa7]h[0xffffff92][0xffffff91]![0x19]o[0xffffffab][0xc][0xffffffbe][0xffffff8b][0xffffffda]lQ[0xffffffd1]'Ut[\n]"
16:09:28.738 [main] DEBUG org.apache.hc.client5.http.wire -- http-outgoing-0 << ")[0xffffffc9][0xffffff96][0xffffffbb][0xfffffff4][0xffffffdd]i[0x1d][0xffffff9d][0xffffffb0][0xffffffd5]hm[0xffffffa5][0xffffffae]^[0xfffffff1]?[0xffffffdc][0xffffff8f][0xffffffff][0xffffffe9][0xffffffcb][0xffffffed][0xffffffdd][0xffffffb7][0xffffffbf]<[0xffffffbf][0xfffffff3][0xffffffe9][0xffffffed][0xffffffff][0xffffffcf][0xb][0xffffffdf][0xffffffdb][0xffffffc3][0xffffffe3][0xffffffed][0xfffffffd][0xffffffdd][0xffffffcf][0x1f]a[0xffffffc4]}[0xffffffb3][0xffffffd7]!D[0x1f][0xffffff9d][0xfffffff7][0x1f]n[0x1e][0xffffff9f][0xfffffff8][0xffffff81][0xffffffc7]7[0xffffffb9][0xffffffbd]K[0xffffffe5][0xffffffe9][0xfffffff6]{[0xffffffe3][0xfffffffb]|I[0xffffff8f]O[0xffffff9f][0xffffffbe][0xfffffff2][0xffffffcb]oD[0xffffffff][0xffffffe3]G[0x7f]y[0xffffffe9][0xfffffff1][0xfffffff3][0xffffffcf][0xffffff97][0xfffffffe][0xfffffffe][0xffffffa7][0xffffff97][0xffffffcf][0xfffffffb][0xfffffff6][0xffffffb5][0xffffffa6][0xffffffa7][0xfffffff1][0xffffffea][0xffffff8d][0x12][0xffffffd2][0xffffffff]"[0xffffffd5]/B[0xfffffffe]Qz[0xffffff9e][0xffffffe3]^[0xffffff98][0xffffff9d]W[0xffffff8e][0x18][0xffffffff][0xfffffffd][0xffffffe7]7[0xfffffffd][0xfffffff1][0xffffffc9][0xffffffaf]~[0xffffffbf][0xffffffcf][0xffffffdf][0xfffffff7][0xffffffe5][0xffffffd5]O[0xffffffdf][0x1e][0xffffffdb][0xffffffc3]][0xfffffffa]u[0xfffffffc]>[0xffffffbf][0xffffffa7][0xffffffbb][0xffffffdb][0xfffffff4][0xfffffff5][0xfffffffe][0xfffffffe]3_[0xfffffff9][0xfffffff2]R[0xffffffbf]}h[0xfffffffd][0xfffffffe]/[0xffffff9f]t[0xffffffd8][0xfffffffd]xl/O[0xfffffffc][0xffffffaf]<!~[0x1f]q<[0xffffffae][0xffffffce][0xf][0xfffffffd][0xfffffffc]l[0xffffffdf][0xffffffc4][0xfffffff8]][0xffffffdd][0xffffffec][0xffffff9f][0x1e][0xffffffbe][0xffffffb5][0xf]7[0xffffff80][0xffffffe1][0xffffffd3][0xffffffef]E<^[0xffffffff][0xffffff9d][0xffffffa8]_[0xffffffbd][0xfffffffc]#[0xfffffff2][0xffffffff]#[0xffffffc6]_[[0xffffffbd]M[0xffffff9f][0xffffff9e][0xfffffffe][0xfffffffa][0xfffffff5][0x19][0x12]_[0xffffffbf]~[0xffffffb9]-[0xffffffe9][0xffffff89][0xffffffdf]>@[0xffffffac]G[0xffffffc0][0xffffffde]=[0xffffffa5][0xffffffdb];[0xffffffa0][0xfffffffb][0xffffff8c][0xffffffa6][0xffffffdd]w[0xfffffff9][0xffffffaf][0xffffffff][0xfffffff5][0xffffffc8][0x3][0xfffffffa][0xffffffc0][0x1f][0xffffffc0][0xffffffdd]S[0xffffffbb]{[0xfffffffa][0xfffffff9][0xfffffff5][0xffffffcf][0x1f][0xffffffbe][0xfffffff9][0xfffffffb][0xffffff87][0x7f][0xffffff8e]J5[0x1d][0xffffff95]M[0xffffffd8][0x16][0xffffff8d]v[0xffffffb2][0xfffffff5][0xffffffe6][0xffffff9a]w[0xffffffa1]%[0x15][0xffffffb3][0xffffffcd]Q[0xfffffff5](\N[0xffffffc6][0x9][0xffffffe7][0xffffffa5][0xffffffcd][0x16][0xffffffc4]&eDN[0xffffffa9][0xffffffa9]$C[0xffffffb7][0xffffffd1]4[0xffffffe9][0xffffffe2]Y[0xffffffa8][0xc]B{B[0xfffffffa][0xffffffbd]g[0xfffffff4];[0xffffffcf][0xffffffe7][0xffffffff][0xffffff8f]J[0x19][0xfffffff7]6[0xffffffee][0xffffffac][0xffffffe6][0xffffffcf]L[0xffffffcd]E[0xffffffa5][0xffffffdf][0xffffff8c][0xffffffca][0xffffff97][0x18][0xffffff97][0xffffffa1][0xfffffff2]4[0xffffffc6]+[0xffffffa0]RNGe.&I[0x13]DH1[0x1b]P[0x17]kS[0xffffffd5][0xffffffa6][0xffffff90]c[0xffffffd2][0xffffffb1][0xffffff8b][0xffffffee][0xffffff9c]#[0xffffff85][0x6][0xffffffeb][0x1b][0x0]U[0xffffffb6][0xffffffe9][0x1a][0xffffff8d] k[0xffffffca][0xffffffae][0xffffff9c][0x9][0xffffffce][0xffffff9e][0xffffff81][0xffffffca]([0xffffff94][0xffffffd6][0xffffff92][0xffffffec][0xffffffb2][0xe][0xffffff95]z[0xffffffaf][0x14][0xffffffa8][0xffffffe4][0xffffffd0][0xffffff99][0xffffff9c]+[0xffffffdd]FT[0x1e]b\[0xffffff87][0xffffffca][0xffffff93][0x18]/[0xffffff8d][0xffffffca][0x10][0xffffffe3]8[0xffffffcf][0xffffffe7][0xffffff9e][0xffffffe0]R[0xffffff9a][0x14][0xffffffbd][0xffffffe8][0xffffffa5]de[0xffffff8a]M[0xffffffcd][0xffffffd9],k[0xfffffff3]Eu[0xffffffe3]j[\n]"
16:09:28.738 [main] DEBUG org.apache.hc.client5.http.wire -- http-outgoing-0 << "Q[0x15]#[0xffffffbb][0xffffffd6]I[0xffffffda][0xffffffe8][0xffffff9d]6[0xffffffb9][0xffffffda]PK[0xffffffe4][0x13]dwI[0xffffffc9]3P[0x19][0xffffff94][0xffffff88] f!*[0xffffff85][0xffffffdb][0x1b][0xffffffbd][0x1b]g[0xffffffab][0xffffff9a][0xffffff9c]+[0xffffffed]FT[0x1e]b\[0xffffff86][0xffffffca][0xffffffb7]1[0xfffffffe][0xffffffd3][0xffffffc3][0x16][0x0][0xffffffd9][0xffffffe9][0x0][0xffffffb2]=([[0xffffffba][0xffffffca]"[\n]"
16:09:28.738 [main] DEBUG org.apache.hc.client5.http.wire -- http-outgoing-0 << "[0xf]>D[0x1e]y[0xffffffcb][0x1a][0x1f][0xffffffad]s[0xffffffad][0xffffffa5][0x1c][0xffffff9b][0xffffffab][0xffffffb5]W[0xffffffae][0xffffff89][0xffffffb2][0xfffffff4][0xffffffdc]C[0x17][0x1c][0xffffffbb]V[0xffffffba][0xffffffec]K[0xc][0xffffffa1][0xffffff9e][0x1] [0xffffffef][0xffffffb5]wq)[0xffffff80][0xffffffc4]^[0xfffffffa][0xffffff9d][0xffffff95]J[0xffffffdb][0xffffffc9][0x0]2[0x1b][0x1]t[0xffffff88]q[0x1d][0xffffff80]Nb[0xffffffbc]BZ[0xffffff9b][0x7f][0xffffffd8]R_[0xffffffd4][0xffffffd4][0xffffff8a]s[0xffffffd5]Y[0xffffffee]v[0xffffffb6]P[0xffffff90][0xffffffe8][0xffffffa2][0xffffffb2][0xffffffce]*[0xfffffff7][0xffffffa4]K[\n]"
16:09:28.738 [main] DEBUG org.apache.hc.client5.http.wire -- http-outgoing-0 << ""[0xffffffd5][0xffffffa4][0xffffffb4][0xf][0xffffffd2]6[0x1b][0xffffff82][0xfffffff6][0xffffffa6][0xffffffd4][0xffffffd2]B[0x12][0xffffffd9][0xffffffb5].[0xffffffd3][0x19][0xffffffa8]4[0xffffffc6]x[0x13][0xffffffd7]][0x1][0xffffffdd][0xffffffde][0xffffffea][0xffffffbd][0xffffff96];%[0xffffffbd][0xffffffb7]q[0xffffffee][0x15]PoD[0xffffffe5]![0xffffffc6]E[0xffffffa8][0xfffffffc]m[0xffffff8c][0xffffff97]Ge[0xffffffa0][0xffffffb6][0xffffff9c]|[0xffffffd8][0xffffffe6],[0xffffff8c][0xfffffff2][0xffffffc9]X[0xffffff93][0xffffff9d][0xffffffb7]B[0x3][0xffffffce]Nr[0xffffffe4][0x6]X[0xffffffa8]X[0xffffff94][0xffffffd5][0x1][0x10][0xffffff82][0xffffffdc] J1[0x14]/"E [0xffffffec][0xffffff9d]h[0xffffff86]Z[0xffffffd7][0xfffffffa]3P[0xffffffa9][0xffffffb5][0xfffffff2]J[0xffffff8a]e[0xffffff87]-'[0xffffffad][0xffffff87]g Wrc[0xffffffb5]sQ[0xffffffa9]6[0xffffffa2][0xfffffff2][0x10][0xffffffe3]2T[0xffffff9e][0xffffffc6]xyTz[0xffffffb8][0xffffffa5][0xffffffc9][0xffffffa8]T[0xffffffd1]*iL[0xffffffd5][0x1d][0xffffffb4])[0xfffffffe][0xffffffe5][0xffffffde]8Ye[0x3][0xffffff84]<M[0xffffffe7][0xffffff92][0xffffffcf][0xffffffa5][[0xffffff99][0xffffffa4][0xffffffb0]9[0xffffff8c][0xffffffd2][0xffffff9a][0xffffffb7][0xffffffb3]r>[0xffffffc7][0xffffffce][0xffffffb9]x[0xe][0xffffff89]#([0xffffff87][0xffffffa8][0xffffffd4][0x17][0xffffffa2]R[0xffffffc7][0xffffffbd]4[0xffffffbb][0xffffffe0][0xffffffb8][0xffffff8f][0xfffffff8][0xffffffb9][0xffffffa8][0xffffff94][0x1b]Qy[0xffffff88]q[0x19]*Oc[0xffffffbc][0x2]*[0xffffffdd]tTv[0xffffff93][0xffffffa5][0x16][0xffffffdd]We[0x5][0xffffffa9][0xffffffd2]*[0xffffffb2]$[0xffffff95][0xffffff8a]5T[0xffffffcb]M[0xfffffffa][0x8][0xfffffffd][0xffffffa7]r[0xffffff8e]^[Me[0xffffffd2][0xffffff84]*[0xffffffae]Q@w[0xffffffa9][0x1c]_[0xffffffea][0xffffffcb][0xfffffffb]s[0xffffffa5][0xf]":[0xffffffa3][0xffffffb9]*/*[0xffffff97][0xffffffdd]^[0xffffffab][0xffffffbd][0xc];[0xffffffee][0x9]B[0xffffff84][0xffffffb9][0xffffffa8][0x14][0xffffffdb]Py[0xffffff8c]q[0x1d]*Ob[0xffffffbc][0x2]*[0xffffffe7]W;[0xffffff8e]B[0xffffffb9]p[0xffffff99][0xffffffcc]A&[0xffffff9d][0xffffffb4][0xffffffcc]='[0xffffffb2]b6[0xffffff91][0xffffffc2][0xffffffa7][0xffffff9b][0xffffffa2][0xffffff9a][0xffffffe8][0xffffffd4][0xffffffc7][0xffffffce][0xffffffc4]P[0xffffffa4][0xffffffc9][0xffffffa6][0xfffffffb][0xffffffd2][0xffffffbb][0xf]z|[0xffffffb6][0xffffffa5][0x18]:[0x3][0xffffff95]^8)[0xffffffdc]:[0x12][0xffffffc7][0xffffffed][0xffffff95][0xffffffd9]k[0xffffffbf][0x3][0xfffffffd][0xffffffd0][0xfffffff4]SQ[0xffffffa9][0xffffffe2]FT[0x1e]b\[0xffffff86][0xffffffca][0xffffffd3][0x18][0xffffffaf][0xffffff80][0xffffffca][0xfffffff9][0xffffffd5]NPQD[0xffffffdf][0xffffffb3][0xffffff94][0xffffff94][0xfffffff8]>u[0xfffffffe][0xfffffff9]f[0xffffffc7]U2[0xffffffd6][0xffffffaa][0xffffff84][0xffffffc9][0xffffffd6][0xffffffb6]*S[0xffffffac][0xffffffd1][0xffffff96][0xffffff9c][0xffffff94][0xffffffef][0xffffffc5]ZK[0xffffffa6]TY[0x15][0x1a]4[0xffffffe7][0xffffffa0]R[0x4]+[0xffffff82]&[0xfffffffd]/[0xffffffcb][0xffffff95][0xffffff92]tiw[0xffffff9c][0x2]Q[0xffffffba][0xffffffb9][0xffffffa8][0xffffffdc][0xffffffd8][0xffffff86][0xfffffff1][0xffffff87][0x18][0xffffff97][0xffffffa1][0xfffffff2]4[0xffffffc6][0xffffffcb][0xffffffa3]r[0xfffffff4],'[0xffffffdf]+[0xffffffb9][0xffffff8e]K[0xffffff95][0x3][0xffffffb0][0xffffffec][0xffffff94]:*[0xffffffd6][0xffffffcc][0xffffff81][0xffffffa7][0xffffffe0][0xffffffa1][V[0xffffff89][0x14])m[0xffffff8f][0xffffff86][0xffffffbb][0xffffffa4]6[0xffffffdd][0xffffffc4][0x16]bW[0x1e][0xffffff96][0xffffffda][0xffffffd0]E[0xffffffe4]N[0xffffff98][0xffffffd5][0x19][0xffffff84][0xffffffb7][0x17][0xffffffda]x[0x1f]V[0xffffffd6][0xffffffe0]R[0xffffffec][0xffffff8d][0xffffffdb]qM[0xffffffa6][\r]:[0x17][0xffffff95][0x1b][0xffffffdb]0[0xffffffc7][0x18][0xffffffd7][0xffffffa1][0xfffffff2]$[0xffffffc6]+[0xffffffa0]rA[\r]nb[0xffffffec]17[0xffffffce][0xffffffeb][0xffffffa0][0xffffffe3]@[[0xffffffe3]}[0xffffffd1][0xffffffbb][0xffffffe9]%[0xffffffe5][0xffffffd6]8e[0xffffffbd]ME[0xffffffeb][0xffffffe0][0xffffffb8]Lzz[0xffffffdb][0xffffffbd][0xffffff84]^[0xffffffe8][0x1b][0x16][0xffffffca]v[0xffffffab][0xffffffdf][0x7f][0xffffff82];[0xfffffff8]{[0x19][0x16][0xffffffb6]a[0xffffffe8]W[0xffffffeb][0xffffffbd]P;[0x7]*[0xffffffc3][0xffffffdc]6[0xffffff8c][0xffffffda][0xffffffd8][0xffffff86]9[0xffffffc6][0xffffffb8][0xc][0xffffff95][0xffffffa7]1^[0x1][0xffffff95][0xfffffff3][0xffffff85][0x14][0xffffffb2][0xffffffd1]s[0xffffffd1][0xffffffa5]ZY\[0xffffffae]2[0xffffff87][0xffffffd2]i[0xffffffb7][0x4][0xffffffe5][0xffffff8b][0xffffff83][0x14]rB[0xffffffa1][0xffffffac][0xffffffd0]Nt[0xffffffed][0xffffffb5]s[0x16]m[0xffffff87][0xffffffe5]!s[0xffffffa6][0xb]iC[0xffffffd4][0xffffffee][0xffffff8c][0x1a][0xffffffdc]E#[0x5][0xffffffb5][0xffffffd4][0xffffffb2][0x13][0xffffffdc][0xffffffee]-[0xc][0xffffffb3][0xffffffdb])[0xffffffe5][0xffffff8d][0xffffff99][0xffffff9c]+7[0xffffffb6]a[0xffffff8e]1.B[0xffffffe5]oc[0xffffffbc][0x2]*![0xfffffff7]&[0xffffff9f][0xffffffe0][0xffffffd2][0xffffff94]Xr+Q[0xffffffd3][0xffffffc1]i[0xffffffda]S[0xffffffc1]8[0xffffff9d]9[0xfffffff2]T[0x11][0xffffffa8]|[0x2][0x14]{hA[0xffffffd1][0x9][0xffffffa4][0xffffffd2]q[0xfffffff0]HIU][0xffffff8a]o[0xffffff9d][0xffffff8c][0xffffffda][0xffffffea][0x19][0xfffffff7]J[0x17][0xffffffd0][\n]"
16:09:28.739 [main] DEBUG org.apache.hc.client5.http.wire -- http-outgoing-0 << "[0x5][0xffffffc3][0x1f][0xffffffda][0xffffffa2]{[0xffffffa5][0xffffffdd][0x1b][0xffffffea]SM[0xffffffb5][0xffffff83][0xffffffbe]g._[0xffffffa9]6[0xfffffff6]v[0xffffff8e]1.C[0xffffffe5]i[0xffffff8c][0xffffff97]G[0xffffffa5][0xffffff9d][0x7f][0xffffffaf][0xc][0xffffffd1][\n]"
16:09:28.739 [main] DEBUG org.apache.hc.client5.http.wire -- http-outgoing-0 << "[0xffffffd7][0xffffffad][0xffffff97][0xffffff92][0xfffffffa][0xffffffdb][0xffffffb6][0xffffffd6]C,6[0xffffffd0][0xffffff8d]vJr[0xffffffe7],[0xffffffc5][0x15][0x13][0xffffffab]1p[0xffffff94][0xffffff95]>[0xffffff90]1[0xffffffa2][0xffffff9a]D[0xffffffee])5[0xfffffff5]Z[0xfffffff5][0x19]-k[0xffffffc7][0xffffffb9]*[0xffffff84][[0xffffff99]+[0xffffffa9][0x4][0xffffff84][0xffffffd8][0xffffff91][0xffffffdf][0xffffffa3][0xffffff9e]{[0xffffffad][0xffffffdc][0xffffffd8][0xffffffda]9[0xffffff86][0xffffffb8][0xc][0xffffff94]'!^[0x1][0xffffff93][0xfffffff3]y[0xffffffa1][0xffffff80][0xffffffb4][0xffffffcc][\n]"
16:09:28.739 [main] DEBUG org.apache.hc.client5.http.wire -- http-outgoing-0 << "[0xffffffa3]K[0xffffff86][0xffffffa9][0xffffff84][0xc][0xffffffca][0x19][0xffffffd6][0xffffff87][0xffffffea]Fu[0x15]UR[0xffffffce]r[0xffffffd1][0xffffffcc][0x5][0xffffffaa][0xffffff88][0xffffffbc][0xffffff86][0xe][0xffffffb2][0xffffffa0][0xffffffe7][0xffffff91][0x1][0xfffffff9][0xffffff8f][0xffffffa1][0xffffffe5]([0xffffffab][0x1f][0xffffff9a][0xffffffc5]w[\n]"
16:09:28.739 [main] DEBUG org.apache.hc.client5.http.wire -- http-outgoing-0 << "!i[0xf][0x5][0xffffffca][0xffffff90]u[0x1c][0xffffffba][0xffffffd9][0x1b][0xffffffb9][0x17]v[0x17][0x3]?[0xffffffbd][0xffffff9c][0xb][0xffffffca][0xffffff8d][0xffffff9d][0xffffff9d]c[0xffffff8c][0xffffff8b]@[0xfffffff9][0xffffffdb][0x18][0xffffffaf][0xffffff80][0xffffffca][0xfffffff9][0xffffffb7]J( [0xffffffaa][0xffffff98][0xffffff92]E[0xffffffea][0xfffffff4][0xffffffb4][0x1b][0xfffffff7]I[0x15]<)[0xffffffd3]']mI[0xffffffc9][0x17]0*a[0xffffff84][0xffffffe8][0xffffffea][0xffffffe8]d[0xffffff84][0xffffff8e][0xffffff94][0xffffffdf][0x14][0xffffffec][0xffffffb4][0x1a][0xffffff81]f<[0xffffffa3][0x2]w.[0x18][0xffffff8b][0xffffffe8]x[0xffffffd9][0xfffffff9]m[0xfffffff6]R[0xffffffed][0x5]l[0xffffffa5][0xffffff8e]zv[0x5][0xffffffbe][0xffffffb1][0xffffffb3]s[0xffffff8c]q[0x19]*Oc[0xffffffbc][0x2]*[0xffffffe7][0xffffffcb]s[0xffffffab][0x9][0xffffffb6][0xffffffe8][0xffffff9e])t [0xffffff9a]i[0xffffffe5]8![0xffffff85].[0xffffffa2][0xffffffb9][0xffffffce][0xffffff89][0x1d][0xffffffe1],m[0xffffffcb][0x5][0xffffffb9]$7Hx[0xffffffa0][0xc]u^[0xffffff93][0xffffff93][0x19]z[0xffffffc8]F[0xffffffd4][0xffffffbb]g[0xffffffe4]J[0xffffffeb][0xffffffa8][0xffffff9f][0xffffffcc][0xffffffba].[0xffffffb8][0xffffffda][r[0xffffffa5][0xffffffa0][0xb][0xffffffae][0xffffffa5][0xffffff9b][0xffffff9c]+7vv[0xffffffdc]![0xffffffc6]E[0xffffffa8][0xfffffffc]m[0xffffff8c][0xffffff97]G[0xffffffa5][0xffffff99][0x7f][0xffffffab][0xffffff94][\r]j[0xffffffa6][0xffffff92][0xfffffff7]P[0x5]Ah[0xb]z[0xffffff8f][0xfffffff0]=[0xffffffd5]R[0xffffff82][0xffffffcb]([0xffffffc1][0xffffffa5][0xffffffea]P[0xffffffd0]9[\n]"
16:09:28.739 [main] DEBUG org.apache.hc.client5.http.wire -- http-outgoing-0 << "[0xffffffd8][0xffffffc9].[0xffffffe0][0xffffff83]hE[0xffffffea][0xffffff80][0xffffff82]#J^[0xffffffb2][0xffffffe7]T[0xffffffe0]48]t[0xffffffeb]8t[0xffffffb5]W~[0xffffffaf][0xfffffff5]n0[0x7]si![0xffffffb9][0xffffffb1][0xffffffb1][0xffffffe3][0xe]!.[0x3][0xffffffe5]I[0xffffff88]W[0xffffffc0][0xffffffe4][0xfffffffc][e3[0xffffffb2][0xffffffc9]L[0xffffff9d]X[0xffffff95][0xffffffb1][0xffffffbe][0xffffffa7]$ [0xffffffd2][0xffffff91][\n]"
16:09:28.739 [main] DEBUG org.apache.hc.client5.http.wire -- http-outgoing-0 << "U[0xffffffe0][0xffffffd8]3[0xffffffe5]1M[0xffffff9e][0xffffffcc][0xffffffbd]3[0xffffff85]@'2[0x8]x[0xfffffff4][0xffffffcc]'tYk[0xffffff92][0xfffffff9][0xffffffac][0xfffffffa][0xffffffdb]x[0xffffffad][0xffffffa2][0xffffffa6]U[0xffffffb5][0xffffffa8][0xfffffffe][0xffffffe6][0xfffffff0][0xffffffd6][0xffffff83]A[0xffffff97]$[0xfffffff5]0W[0xffffff99]Ag}[0xffffffd3]x[\r][0xffffff9a][0xffffff90][0xffffff97][0x18][0xffffff97][0xffffff81][0xfffffff2]4[0xffffffc6]+[0xffffffa0]r[0xfffffffe][0xfffffff9][0xffffffad][0xffffffb4]Q[0xfffffff5][0x19][0xffffff8c][0xffffff92][0xffffffae]#[0xffffff93]5[0xffffffde][0x0]A[0xffffffd5][0xffffff80][0xffffffe8][0xffffff98][0xfffffffd]*[0xffffffe3]C[0xffffffd9]u[0xffffffc7][0xffffffed][0xffffffb3]W[0x6][0xffffffbe][0x6][0xffffff89][0xffffffa9][0xffffffe0]5[0xffffffd1][0x17])[0x17][0xffffffeb][0x19][0xffffffca][0xc][0xffffff87][0xffffff8e][0xffffffdb][[0xffffffb7][0xffffffee][0xfffffffc][0xffffff96]{[0x13][0x6]W[0xffffffc9]-XM[0xffffff96][0xffffff8c][0xffffffa3]#[0xffffffde][0xffffff86][0xffffffca]C[0xffffff8c][0xffffff8b]P[0xfffffff9][0xffffffdb][0x18]/[0xffffff8f]J=[0xffffffbf][0xffffffaf]#[0x0][0xffffff98][0xffffffae][0xffffffa2]+jn[0xffffff9a][0xffffff8e][0xffffff9a][0xffffffc2][0xffffffdb]{/[0xffffff93]G%d;B[0xfffffff4][0xffffff81][0xffffffc6]:D[0xffffffe8][0x5][0xe]G[0xffffffa6][0xffffffe0]H[0xffffff9c][0xffffffad])[0xffffff93]Pg[0xfffffff4]v[0xe]W)[\r][0xffffffba][0xffffff8c][0xffffffb0][0xffffff8e][0xffffffab][0xffffffe4][0xffffff89][0xffffff89][0xffffffbd]"[0xffffffab][0x19][0xffffffe6][0xffffff80][0xffffffe6][0xffffffea][0xffffff85][0xffffffc0][0xfffffffa]6T[0x1e]b\[0xffffff87][0xffffffca][0xffffff93][0x18][0xffffffaf][0xffffff80][0xffffffca][0xfffffff9]'[0xffffffb8][0xffffffd0][0xffffffca][0xffffff84]&#[0xffffffd2] [0xffffffdf]h&rmL[0xffffff9a][0x14])[0x10]a[0x4][0x4][0xffffff96][0xffffff8e][0xffffffd9]X9[0xffffff86][0x11]}[0xffffffe3][0xffffffb0]7J[0xffffffca][0x1e]Q_"[0xffffffd4][0xffffff90][0xffffff8d]\w[0xe]W[0x9]&[0xffffffe5][0xfffffff3][0xffffffc4][0xffffffd0][0xffffffa2][0x13]\"a[0x1b][0xffffff8a]_[0xffffffcd]p[0xffffffb1][0xffffff9f][[0xffffffeb][0xffffffc8][0xffffffad]}[0xffffff9d]C[0xffffff8c][0xffffffcb]Py[0x1a][0xffffffe3][0x15]P9[0xffffffff][0x4]g[0xffffffc6][0xffffffa1][0x15]4[0xffffffbf][\r][0x9]F[0xffffffaf][0x19][0xffffff85]P[0xffffffd3][0xffffffc5][0x17]f[0xffffffb7][0xffffffb9]8j&#[0xffffffb4][0xffffffcf][0xffffff8c]~[0xffffffe5][0x10]B[0xfffffff6][0xffffffbe]kxt[0xffffffb8][0xffffffbf](([0xffffffd7][0xffffffad]cV[0xffffffe2][0xfffffffd][0x15][0xffffffb8][0xffffff8d]N3[0xffffff96][0xffffffbe][0xffffffee]^I[0xfffffff9]mF[0xf][0x1c][0xffffffe9][0x9]c[0xffffff93]S[0xffffffd9]Jt[0xffffffc4][0xffffff9b]r[0xffffffe5]1[0xffffffc6]e[0xffffffa8]<[0xffffff8d][0xfffffff1][\n]"
16:09:28.739 [main] DEBUG org.apache.hc.client5.http.wire -- http-outgoing-0 << "[0xffffffa8][0xffffff9c][0xffffffdf]m[0xffffffe4]v[0xffffffe8]][0xffffffb3]6[0xffffffe4][0xffffff8c][0xfffffff6][0xffffffdc][0xffffff8c]6#[0xffffffbd][0xffffff9b][0xffffffa8]1[0x11]0[0xffffff88]/[0xffffff92][0xffffffef]p[0xffffff95][0x10][0xffffff98][0xe]Tr[0xffffff8e][0xffffffe7][0xffffffda][0xffffff8d][\r][0xffffff86][0xffffff8e][0xffffff8c][0xb]E[0xffffffc7][0x18][0xffffffce]A[0xffffffa5][0xc][0xffffff82]~[0xffffffd2][0xffffffb2]\)[0xfffffff6][0xffffff96][0xffffffe9][0x8][0xffffffb3]S[0xffffffd1][0xffffffa1]x[0xffffff9f][0xffffff8b][0xffffffca][0xffffff8d][0xffffff8d][0x1d]x[0xffffff8a][0xffffff97][0x18][0x17][0xffffffa1][0xfffffff2][0xffffffb7]1^[0x1e][0xffffff95]j>/[0xffffffc4][0xfffffff4]u"O[0xffffff92]%[0xffffff93]Q[0xfffffff0][0xffffffe2]>[0x15][0xffffffae][0xffffff94][0xffffffbe]wZ[0xffffff8e]|[0xffffffa8][0xb][0xffffffef]`[0xffffffd3][0xffffffe1].[0xffffff95]([0xffffff81][0xffffff8c][0xffffff99][0x1a]@[0xffffffd5][0xffffffda][0xffffffc5].[0xffffffa1]8[0xffffffcf]C[0xffffffa5][0xffffffe2]O`[0xffffff8c]l.:[0xffffffc1][0xffffff91]w[0xffffff85]aqa[0xffffffcc][0xfffffff8][0xfffffff3][0xffffff99][0xffffff8b][0xffffffca][0xffffff8d][0xffffff9d][0x1d][0x1b][0x7f][0xffffffc6][0xffffffb8][0xc][0xffffff95][0xffffffa7]1^[0x1][0xffffff95][0xfffffff3][0xffffffa7]#[0xfffffff2][0x0]dd8;[0xffffffd6][0xffffffce][0xffffffd5][0xffffffd1]u[0xffffffc4]k[0xffffffa9]T[0xffffffd3]|[0xffffffa6][0x3]^uC[0xffffffa1][0xffffff9e]C[0xffffffe3][0xffffffda][0xffffff89]a[0xc][0xffffffd3][0xffffffdd][0xffffffe4]Lf [0xffffffad]'[0xffffffb3][0x1a]fx[0xffffffce]`+ak,c[0xffffffdb][0xffffffeb][0xffffffaa][0x1d][0xffffff81][0xffffffb9][0xffffffcb][0xffffffe0][0xffffffd0][0x19][0xffffffa2]D[0xf]:[0x17][0xffffff95][0x1b];;[0xffffffc7][0x18][0xffffff97][0xffffffa1][0xfffffff2]4[0xffffffc6]+[0xffffffa0][0xffffff92][0xffffff96][0xfffffff1]d[0xffffffbd][0xffffff90][0xffffffa6][0xffffffd4]f[0x1c]G[0xffffff82]>2[0x1f][0xfffffff0]K[0xffffffa8]k[0x18]xd[0xffffffca][0xffffff96]W[0xffffff82][0xffffffc8]^d[0xffffffe9][0xffffffd0][0xffffff8b]w[0xffffffce]x|[0x6][0xffffff9c]D^[0xffffffa4]<o;n[0xffffff96][0xfffffff2][0xffffff9c][0x13]<P<[0xffffffd1][0xffffffda]Y[0xffffff98]+[0xffffff99][0xffffffd9][0xffffffd1][0xffffffa8][0xffffffd8][0x2]v@[0xffffff93][0xfffffff9][0xffffffca][0xffffff8d][0xffffff9d][0x1d][0xffffffba][0xffffffef]/1[0xffffffae]C[0xffffffe5]I[0xffffff8c]W@[0xffffffe5][0xfffffffc]{[0xffffffa5]I[0xffffffae]J[0xffffffca][0x1b]&[0xffffffc1]iwW[0xffffffed]J[0xfffffff3][0xffffffc6]eF[0xffffffaf][0xffffff86][0xffffffa0]!G[0x1c][0xffffff81][0xffffff82][0xffffff91][0xffffffaa][0xffffffd3][0xffffffeb][0xffffffc9]EU[0x4][0x1a]\'[0xffffff83]e6[0xffffffd7][0x7][0xffffffd4]E[0xffffffe3][0xffffffce][0xffffffff]Nm[0xffffff86][0xffffffb5][0xffffff8e][0xffffff89][0xffffff8c]a[0xffffffeb][0xffffffb4][0xffffffec][0x4]W[0xffffffcf]OL[0xffffffc2][0xb][0xfffffff9][0xffffffb9]*[0xffffffb6][0xffffff8d][0xffffff9d][0xffffff9d]c[0xffffff88][0xffffffcb]@y[0x1a][0xffffffe2][0xffffffe5]A)[0xffffffe7][0x1f][0xffffffe0]4[0x11]C7[0xffffffc2][0xffffff88][0xffffffe6][0x11][0xffffff95]y[0xffffffc8][0x1e]8"[0xfffffffc][0x7f][0xffffffc6][0xffffff9c]D[0xffffffa5][0xffffffea]i5![0xffffffca]5[0xffffffb8][0xffffffb6][0xffffffa1][0xffffffca][0x8][0xffffff92][0xffffffb6]dCgY[0xffffffb0][0xffffffa7]2[0xffffffa2][0xffffffb4]zF[0x13][0xffffffdc][0xffffff8e][0xffffff91][0xb][\n]"
16:09:28.739 [main] DEBUG org.apache.hc.client5.http.wire -- http-outgoing-0 << "[0xffffffa7][0xffffff85][0xffffffa0][0xffffff94][0xffffffb4]v[0x18][0xffffffd9]A[0x3]2ydgcg[0xffffffe7][0x18][0xffffffe2]2P[0xffffff9e][0xffffff86]x[0x5]P[0xffffffce]?[0xffffffbf][0xffffffbb]Fj^`$[0xffffffbd][0xffffffeb]>aF[0xffffffd0][0xfffffff0]F[0xffffffeb][0xffffffbe][0xffffffa3][0xffffffc7]`[0xffffffce][0xffffff91][0xffffff81]Fcu[0xffffffcd][0x5][0xffffffa4]*[0xffffffbc][0xffffff80][0xffffffbc][0xffffffe1][0xffffffc3][0xffffffb8][0xffffffb9][0xffffffe0]w[0xffffffd1][0xffffff95][0x6][0xffffffac][0xffffffee][0xffffff8c]L[0xffffffa9][0x19][0xffffffcb][0xffffffc0]@f!(1[0xffffffca][0xffffffd1]f[0xffffff87][0x15][0xffffff90][0xffffff99]KVn[0xffffffec][0xffffffeb]pe~[0xffffff89]p[0x19]&O"[0xffffffbc]<$[0xffffffc5]|H[0xffffffba]&[0xffffffab](\!i[0x14][0xffffffd3]h[0xffffff94][0xffffffd8][0xffffffb8][0xffffffb4][0xffffffea]Jd[0xffffff80][0xffffffd1]9[0x5]=[0xffffffc9]<D3Z[0x16][0xffffffec][0xfffffffd] .U#qZ[0xffffff94][0x19]y[0x18]VEu[0xffffff86][0xffffffb0][0xffffffd2][0xffffff8e][0xffffffe6]0[0xffffffa4][0xffffffe7]*H[\n]"
16:09:28.739 [main] DEBUG org.apache.hc.client5.http.wire -- http-outgoing-0 << "[0xffffff8c][0xfffffffc][0xffffffc2][0xffffff90]e0[0xffffffe6][0xffffffee]'K[0xffffffd0]7vu[0xffffff8e]![0xffffffae][0xffffffc1][0xffffffe4][0xffffffef][0xffffff84]xqPr[0xffffffff][0xffffff9a]^[0xffffffe7] [0x15][0xffffffc2][0xffffffbc][\n]"
16:09:28.740 [main] DEBUG org.apache.hc.client5.http.wire -- http-outgoing-0 << "[0xffffff81][0xffffffb9][0xffffffe6][0x12][0xffffffa9][0xffffff9d][0x17][0xffffffa2][0xffffffd0][0xfffffff0]6[0x1c][0xffffffd2]5`&[0xffffffc4][0xffffffb4][0xe]9[0xffffffd4][0xffffffd2]$[0xffffffc7]F[0xffffffa0]x[0xffffff86]yp[0x1b]B[0xffffffe1]6[0xffffffec][0xb][0xffffffc2][0xffffffb0]~9#O[0xffffff8e][0xfffffffe][0xffffffb7][0xffffff97][0xffffffcb][0xffffffd4][0xffffffbe]<1[0xffffffd4][0xffffffbe](([0x14][0xffffffe9]|r[0x7]|cS[0x7][0xffffffc5][0xffffffd5]K[0xffffff88][0xffffffcb]@y[0x1a][0xffffffe2][0x15]@9[0xffffffbf][0xffffffd5]h[0xffffffb3]g[0xffffffac][0xffffff91]R[0xffffff86]Yp[\n]"
16:09:28.740 [main] DEBUG org.apache.hc.client5.http.wire -- http-outgoing-0 << "[0xfffffff1]FF[0xffffffa4][0xffffffc5]X[0x1d][0xffffff92]6[0xffffffb4]m[\r]j[0xffffff88][0xffffff8f]![0xffffffd4]`D"[0xffffffe4][0xffffffa2][0xffffffc3][0xffffffb8]\[0xfffffff2][0xffffffba]f[0xffffff90]T{[0x6]n[0xffffffcf][0x0]%[0xffffffb2][0xf]a[0x7][0xfffffff7][0xffffffba][0xffffffa6][0xffffffcc][0x1][0xffffff94][0x1a][0xffffffcb][0xffffffab]0[0x6][0x1b][0xffffffe9][0xffffff94]N[0xffffffa5][0xffffff84][0xffffffb6][0xfffffff6]t[0xe]!.[0x3][0xffffffe5]i[0xffffff88][0xffffff97][0x6]%[0xffffffb7][0xffffffaf][0xfffffff9][0xffffffb5]7[0xffffffc3][0xffffffde][0xffffffb5]KT[0x19][0x2][0xffffffaf] [0x1f][0xc][0xffffffe6]jb[0xffffff88]4[0xffffffb2][0xffffffc0][0xffffff9c]`[0xffffff8c]xYA[0xffffffc3][0x1b]X[0xffffffaa]Q[0xffffffa2]Ce&[0x17]SC[0xffffffbc][0xffffff81][0xfffffff2][0xffffffb2]Is[0xffffffc6][0xffffffb4][0xffffffad][0xffffffa1]Q[0xffffff84][0x11][0xffffffe1]2U%[0xffffffa0]T[0xffffff80][0xffffffd2]3[0xffffffab][0xffffff83]G[0xffffffdf]\[0xffffffbf][0xc][0xffffffa4][0xffffff9a][0xfffffffc]5[0x1e][0x1c][0xffffffc1][0xffffffff][0xffffff91]?[0xfffffff4]1[0xffffffc4]e[0xffffffa0]<[\r][0xfffffff1][0xffffffa2][0xffffffa0]D[0xffffff98][0xffffff83][0xfffffff4]v[0xffffffbe]][0x6][0x17][0xffffffbb][0xffffff88][0xffffffed][0x1f]E[0xffffffb7][0xffffffe3][0xffffff8c]fX[0xc][0xffffff95][0xffffff90][0xffffffaf][0x12]C[0x2][0xffffff92]c[0xffffffc2][0xc][0xffffffb5]2[0xffffffd3][0xffffff88][0xfffffffd][0xffffff90][0xffffffc2][0xf][0xffffff8b][0xffffffb1]Gd[0xffffffbf][0xfffffff4]~b[0xffffffd1][0xffffffc6]%[0xffffffca]ps[0x6]!$[0xffffff91]T[\n]"
16:09:28.740 [main] DEBUG org.apache.hc.client5.http.wire -- http-outgoing-0 << "t[0x1e][0xb]2[0xffffffa5][0xfffffffc]E[0xfffffff9]?J[0xffffffb3]W[0x3][0xffffff97][0xffffff80]R[0xffffffcd][0xffffff92]U[0xffffffde][0x7f]m[0xf][0xffffffe9][0xffffff93][0xffffffd9][0xffffffc8][0x7][0x1d]#[0xffffff9c][0xffffff8e][0xffffffc9][0x7f][0x14][0xffffffe1]E1[0x9][0xffffffa1][0x7]m=_[0xffffff92][0xffffff81][0xffffffbe]*[0xe][0xffffffca][0xffffffc7][0xffffff9a][0x1e][0xffffff93][0xffffff85][0xfffffffa][0xffffffc1]V[0xffffffa5]d[0xffffffc9][0xffffffcc]b[0xffffffe4]U[0xffffffdd]d[0xffffffaf][0x1c][0xffffffd2][0x15]~[0xffffff9d][0xffffffa4]&[0xffffffe9][0xffffff8d][0x18][0xffffffac][0xffffff88]D[0xffffffa4][0xffffffa6][0xffffffc4][0xffffffeb][0x2][0xffffffee][0xfffffffc][0xfffffffd][0xffffffa7][0xffffffb7][0xffffffc3]KK+[0xffffffbb][0xffffff82][0xffffffa4]|[0xfffffff5][0xffffffc4]D[0xffffffdc][0xffffffe1]$[0xffffffe7][0xffffffcc][0x1c][0x1b][0xffffffd5][0x17]Ln[0xffffffa4][0xffffff83][0xffffff8e][0x11][0xffffffae][0xffffffc4][0xffffffe4][0xffffff9b][0x8]/[0xffffff8a]I[0xffffff8d][0xffffff81][0xffffffb3]T[0xfffffff3][0xf]o[0xffffffe8][0x1d]S[0xb][0xffffffde][0xfffffff9][0xffffffcd]T[0xffffffbc][0xffffffa0][0xffffffe1][0x7f]0c[0xffffff8b][0xffffffa6][0xffffffa0];/[0xffffffc3][0xffffff9a][0x1c][0xfffffff5][0xffffff95]H[0xffffffb4][0x1e][0xffffffa9][0xffffff93][0xffffffb9]cbV[0xffffffd0][0x14][0xffffff96]/[0xffffffbd][0xffffffe0]K[0x1a][0xffffffc8][0xffffffab][0xfffffffd][0xc]L"[0x18]V[0xffffffe4][0xfffffffe][0xffffff95]y2[0xffffffec]-[0x6].P[0xffffff85]z*&7[0xffffffd2]A[0xffffff90][0x17]/[0x11][0xffffffae][0xffffffc3][0xffffffe4]I[0xffffff84][0x17][0xffffffc5]$H[0xffffffa0][0x3]8[0x7f][0xffffffa4][0xffffffd1]QXc[0xffffffb3][0xffffffe6][0xffffff95][0x10]T[0xffffffdf]A[0xffffffb4]L[0xffffff8b][0x1b][0xffffffb9][0xffffffb6][0xfffffff5][0x9][0xffffffab][0xffffffe9]D[0x1d][0xffffffce]H[0x19]B[0xffffffa1][0xffffffde]h[0xffffffe6]xJ[0xffffffd8][0xffffff90]Q[0xffffffcd]V[0xffffffc7][0x18]$[0xffffffa6][0xffffffe5][0xfffffff6][0xc][0xffffff8a][0xffffff92][0xffffffec][0xffffff85][0xf][0xffffffc7][0x12][0x3][0xffffffb6]C[0xffffff9e][0xc][0xffffffc3][0xffffffaf][0xffffff9c]{[0xffffffc8][0xffffffa4][0xffffffd9][0xffffffb1][0xffffff97]4[0xffffffb9][0xffffff91][\r]:[0x6][0xffffffb8][0x12][0xffffff92][0xffffffaf][0x3][0xffffffbc]("[0xffffffc1][0xffffff8d][0x1]=[0xffffffd3][0xffffffc9] \[0xfffffff9][\n]"
16:09:28.740 [main] DEBUG org.apache.hc.client5.http.wire -- http-outgoing-0 << "[0xffffffcb]DDA[0xffffffb4][0xffffff9b][0xffffff98][0xffffff83][0xffffffd0][0xffffffa2])[0x1a]5[0xffffffdd]"_k[0xffffffbc]bme[0xffffffc0]Q[0x15][0xffffffdc][0xffffffae][0x18][0xe][0xffffffcf][0x5][0xffffffa1][0x19][0xffffffee][0x5][0xffffffcc][0xffffff8a]'>?[0xffffff9d]E[0x6][0xffffffa1][0xffffffbc]E[0xffffffdd][0xffffffb1][0xffffffa2][0xffffffc4]y[0xffffff85]H-v\3[0xffffffc8]VS[0xffffffea][0xffffffee][0x17]Hn[0xffffffe5][0xffffff82][0xe][0x11][0xffffffae][0xffffff84][0xffffffe4][0xffffff9b][0x8]/[0xffffff8e]I[0xffffffea][0xffffffc7][0xffffffe9][0xffffff98][0xffffff94][0xfffffff0][0xffffffe0]^[0xffffff87][0xffffffa6][0x2]f[0xffffff95][0xffffff9c]4T78B[0x5][0xffffff86][0x18]I[0xffffff86][0xffffffa6][0xffffffe0]l[0x5]9d*[0x2][0xfffffff4]^[0xfffffff0][0x10]R[0xffffffa8][0xffffff89]X[0xffffffd0][0x14][0x11][0xf][0x9]|[0xffffffaf][0xffffffec]9B[0xc][0xfffffffc][0xffffff8a][0xffffffb0][0xffffffd5]Zz[0xffffff9b]Dv[0x1e]v[0x11][0xfffffff3][0xffffffd4]I[0xffffff83][0xffffffdf]/[0xffffff98][0xffffffdc]J[0x5][0x1d]"\[0xffffff89][0xffffffc9]7[0x11]^[0x1][0xffffff93][0xfffffff3][0xfffffff3]d[0xffffffc0]g[0xffffff9f][0x2][0xffffffba][\n]"
16:09:28.740 [main] DEBUG org.apache.hc.client5.http.wire -- http-outgoing-0 << "T[0xffffffe6]}dJ[0xffffffa4][0xffffffe0][0xffffff8c]0Z[0xffffff86][0xffffffc3]Dch[0xc]Tr[0xffffffc7]t0[0xffffffe5][0xffffff9e][0xffffffa1]p[0xffffffd2][0xffffffa4][0xffffffc7][0xffffff97][0xffffff8d]z[0xffffffa8]"[0xffffffad]D|~[0xe]?[0xffffffc9]U[0x12]Y[0xffffffd2][\n]"
16:09:28.740 [main] DEBUG org.apache.hc.client5.http.wire -- http-outgoing-0 << "~[0xfffffff2]U[0xffffff9e][0xffffffc4]"[0xffffff83][0x9][0xffffffe2]I[0xffffffbe]k/[0xffffff90][0xffffffdc][0xffffffaa][0xffffffed]=[0x4][0xffffffb8][0x12][0xffffff92][0xffffffaf][0x3][0xffffffbc]8"[0xffffff9f]u[0xffffffb0][0xffffffb3][0xffffffe5]j[0xffffffc8]ts[0x1e]k[0x1f][0xffffffa8]a[0xffffffe8][0xffffffe1]$X[0x1e]|w[0xffffffaa][0xffffffb1][0xffffffcc]z[0xffffffdb]"p)[0xffffffc0][0xffffffae][0xffffffb2]4f[0x1e][0x1a][0xffffff9a]J6[0xffffff9d]H&[0x1e][0x13][0xffffff86][0xfffffffd]AW66[0xffffffbd][0xffffffbf][0xffffffbe]a[0xffffffa3][0x8][0xffffffc8][0x17]+[0xffffff8c][0xffffff84][0xe][0xffffff88][0xfffffff4][0xffffffec][0xffffff89][0xffffffd8]iVu[0xffffffa9]9c[0x10]/[0xffffff90][0xffffffdc]*[0xffffffec]=D[0xffffffb8][0xe][0xffffff92]'[0x11]^[0x1][0xffffff93][0xfffffff3]k[0xffffffee][0xffffffd1][0xffffffb7][0xffffffd6]*1[0x2]Q2[0x14]P[0xffffffa2][0xffffffc4][0x19][0xfffffff4]OF[0xffffffbc][0xffffffc6]h#DMa[0xffffffee]![0xffffffb1]5Bv[0xffffffb6]/[0xffffffb1]1[0x2][0xffffff87][0xffffffd5]2[0xffffffb6][0xffffff97]xpZ[0xffffffe3][0x19][0xfffffff5][0xffffff8d][0xfffffff1]TQ[0xffffffc2][0xffffffad][0xffffff90][0xffffff9b][0xffffffbf][0xffffffc2][0xffffffa4][0x11];vJ[0xffffffb1][0x1e]h[0xffffffe6]mr[0xffffffa3][0xffffffac][0xfffffff7][0x18][0xffffffe1]JL[0xffffffbe][0xffffff89][0xfffffff0][0xfffffff2][0xffffff98]\Ps[0xffffffb3]-[0xffffffc7]&[0xffffffc6][0x1d][0x1a][0xffffffad][0xffffffed][0xffffffe1]$[0xffffffc4][0x0][0x17])0S[0xffffffd9][0xffffffc0]M[0xffffff92][0x1c]iv[0x7][0xffffffd3];[0xffffffad]p[0x14][0xffffffdb][0xffffff9d][0x1c][0xffffffd9][0xffffffe9]:"[0xffffffb1][0xffffffa4]f[0xffffffc0]A[0xffffffe3][0xffffff9c][0x11][0x8][0xc][0xffffffb4]0[0x1a]\[0xffffffcb][0x3][0xffffffb1][0xffffffe8][0x13]+~B[0xffffff98]$[0xffffffa0]|[0xffffffc9][0xffffff93][0x1b]E[0xffffffbd][0xffffffc7][0x8]Wb[0xfffffff2]M[0xffffff84]W[0xffffffc0][0xffffffe4][0xfffffffc]<[0xffffffe9]b[0xffffffc1]|[0xffffff92][0x11]?f[0xffffffba]Y[0xffffffe6][0xffffff84]g[0xffffffef][0xffffff98]ba[0xfffffff7]&WHr([0x13][0xffffffb6][0xffffffba]H[0xffffff8c]Qq[0xffffffa4]DL[0xffffff99],[0xffffffab][0xffffff9e]R[0xffffff8d][0xffffffe4]U:[0xffffffe4][0xffffffec][0xffffffa1]=c[0xffffffc1][0x13][0xffffffcb]R[0x2]FDK[0xffffffb9][0xffffffc9][0xffffffe7]a1[0x1a][0xffffffa4]F[0xffffffcc][0xffffffac][0xffffffba][0xfffffff5][0xffffffc6][0x1e][0xffffffce]1[0xffffffc2][0xffffff95][0xffffff98]|[0x13][0xffffffe1][0xffffffe5]19V[0x7][0xffffffcf][0xffffffbe]O[0xffffffd6],c[0xffffffae]B[0x2][0xffffffcd][0xc]?[0xffffffde]J[0xffffffa0][0xffffff87][0xffffffc3][0xffffffd1][0xffffffec]t[0xffffffc1][0xb][0xffffff8d]t[0xffffffd9][0xffffff86][0x1a][0xffffffc3][0xffffffa3]5[0x1f][0xffffffd6][0xffffff95]T[0xffffffe3][0xfffffff4][0xffffffc2]1^c[0xffffffdf]b2[0xffffffe5][0x1c]cJ[0xffffffcb]L[0x2]3[0x14][0xffffff8b]1[0xffffffc9]P[0xe][0xffffff92][0xfffffff9]8[0xffffffb5][0xffffff87][0xffffffb3]u[0x17][0xfffffff2]1[0xffffffc2][0xffffff95][0xffffff98]|[0x13][0xffffffe1][0x15]09_?[0x19]h[0x13][0xe]{s[0xffffffab][0xffffffc6]![0xffffff8e]![0x0][0xffffffab][0xc][0x1d][0xffffffbe]j[0xffffffcc][0xffffffe2]<[0x13][0xffffff95][0xffffff81][0xffffff89][0xffffffc6][0xffffffd2]D[0xffffffc0][0xffffffd4][0x5][0xfffffffb][0xffffffe9]j[\n]"
16:09:28.741 [main] DEBUG org.apache.hc.client5.http.wire -- http-outgoing-0 << "V[0x18]dR[0x16][0xffffffd3][0xffffff8c][\r][0xffffffde][0xfffffff2][0xffffff8c][0xffffffbe]"[0xe][0xfffffffc]X[0xffffffa9][0xf][0xffffffe9][0xfffffffc]tU[0xffffffd0][0xffffffe1]>[0xffffffc9][0xffffffd6]1TA[0xffffffd8]oM[0xffffffd2][0xfffffff4][0xfffffffe]8[0xffffffbb][0x11]ul[0x1a][0xfffffff4]>F[0xffffffb8][0xe][0xffffff93]'[0x11]^[0x1][0xffffff93][0xb][0xffffffce]n&[0x14]s[0xffffffd7]C[0xffffffca][0xffffff8b][0xffffffcb]NLx[0xffffffa1][0xffffffe2][0x1b][0xffffffcf]![0xffffffae][0x1c][0xffffffa7]3[0xffffffd5][0xc][0x1b] [0xc][0xc]&[0xffffffa0][0x14]X[0x10][0x14][0xffffffcc]2H[0xffffff8f][0xffffffb4][0xffffffb9][0xffffffbd][0xffffffac]lp<c?7[0xffffffa3][0xf][0xffffffc8]/[0xffffffc2][\n]"
16:09:28.741 [main] DEBUG org.apache.hc.client5.http.wire -- http-outgoing-0 << "M[0xffffffef]+L2[0xffffff90][0x3][0xffffffb1][0xffffffa5][0xffffffc5][0x1c]Q[0xffffffd0][0xb]&76q[0xffffff8e][0x11][0xffffffae][0xffffffc4][0xffffffe4][0xffffff9b][0x8]/[0xffffff8f][0xffffffc9]1[0xffffffe7]7[0xfffffff9][0xffffffec][0xffffffb6][0xffffffa1]0[0xffffffb5]h[0xffffffb8])r}L[0x2][0xffffff99][0xffffff9a]`2[0x19][0xfffffff6][0x1c][0xffffffe2][0xffffff89][0xffffff89]E[0xffffff96]#[0xffffffa3]Tc[0x19][0x19][0xffffffaf]zIM[0xffffff82][0xfffffff9]'k[0xffffff9d],[0xffffffea]_[0xffffff84]A[0xffffffbc][0xfffffffa]~.[0xffffffe8]Y[0xffffffce][0x1]([0xffffffd7][0xffffffe6]IL[0xffffffc9][0xffffff87][0xffffffa7][0xffffffe1][0x1c][0xffffffff][0xfffffffd][0x17]Hnl[0xffffffe2][0x1c][0x3]\[0x9][0xffffffc9][0xffffffd7][0x1]^[0x1][0xffffff91][0xfffffff3][0xffffffb3]d[0xffffffd4][0xffffff91][0xffffff9b]#[0xffffff94][0xf]BrV[0xffffffe4]`&[0xffffffdd]*K[0xffffffc4][0xffffff84]WX[0xffffffb4]TV32[0xffffffea]P[0xffffff86]X[0xffffffd2]t[0xffffffc4][0xffffff95][0xffffffb2][0xffffffe1][0xffffff9d][0xffffffa1][0xffffffd1]h[0xffffffd0][0xfffffff5]f`[0xffffff87][0xffffffed]7[0xffffffef]G$[0x1d]t[0xffffffba][0xffffffe8]KF[0xffffffbc]_eI[0xffffffa9][0xffffffd8][0xffffffcc]m[0xffffffa8][0xffffffd1]&2A[0xc][0xfffffff8]l:[0xffffffb9][0xffffff8f][0x11][0xffffffae][0xffffff84][0xffffffe4][0xffffff9b][0x8]/[0xffffff8f]I;[0xffffffbf][0xffffffc2]yn[0x1b]j[0xffffffd6]a{\[0xffffff9f][0xfffffff0][0xfffffff9]C[0xffffffa5]&[0xffffffba][0xffffffa3][0xffffff8d]H[0xffffff87]1[0xffffff8f][0xffffffc5]c[\r]!8j[0xc]lZ[0xffffffb8]I[0xffffff8e]%xL[0xffffffdc][0xffffffb2][0xffffffbf][0xffffffd6][0xffffffb4][0xffffff8c][0xffffffb6]R[0xffffff9c]a[0xfffffffd][0xffffffc7][0xffffff98][0xf][0xffffff8a][0xfffffff5]%&[0xffffffa9][0x7]L[0xffffffb2][0xffffffc5]#bs[0xffffffce][0xf]<[0xfffffff5][0xffffffe4][0xffffffde][0xffffffd8][0xffffffc4]9F[0xffffffb8][0xe][0xffffff93]'[0x11]^[0x14][0xffffff93]X[0xfffffff6]0[0xffffff91]5[0xffffffbf][0xffffff8b][0xffffff83][0x18](yV)'[0xffffffa8][0xffffff9f][0xffffffb1][0xffffffaa][0x9][0xffffff93][0xffffff96][0xffffff84][0xffffffd6][0xffffffa7][0xffffffb3][0xfffffff6].[0xffffffe3][0xffffffe7]K[0xffffff91]-1[0xffffff9f][0xffffffec][0xffffffb8][0x4][0xffffff8d][0xffffff99][0x1c]Qsb[0xffffff8b]S[0xfffffff2][0xffffff95][0x1d][0x11]\[0xffffffd1][0xffffffda][0x19]L[0x10][0xffffffe9][0xffffffcb]#R[yr[0xffffffb3]fL[0xffffff89][0x1d]l[0xffffffaa][0xffffffb2]s[0xffffffa6][0x16][0xffffffcb][0xffffffe7][0xffffff87][0xfffffffb]_[0xffffffdb]'[0xffffffb7][0xffffffb1][0xffffff8d]s[0xc]q[0x19](OC[0xffffffbc](([0xffffffd1][0xffffffcf][0xffffffc2][0xffffffb1][0xffffffcd]/[0xffffffbb][0xffffffe1][0x8][0x1b][0xfffffff6][0xffffffe6][0x18][0xffffffec]'Z[0xffffff8c]-[0xffffffa7][0xffffffea]mm[0xffffffcc][0xffffffe5][0xc]V[0xffffff92][0xffffffd3]{[0xc][\r][0xfffffff0][0x9][0xffffffa3]k[0xffffffc3][0xffffffce][0xffffffb1][0xffffffd8][0x13][0xffffffbe][0x7f][0xffffff8e]uc[0xffffff8c][0xffffffed] 9[0x17]gH[0xffffffcc][\r][0x17][0x4][0xffffff8d]3[0xffffffeb][0xffffffc2][0xffffffeb][0xffffffe4][0x18][0xffffffeb][0xffffff8b];[0xffffffb4]u[0xffffffa8]=[0xffffffa7][0x1c][0xffffffde]?A[0xffffffb9][0xffffffb5][0xffffff8f]s[0x8]q[0x19](OC[0xffffffbc](([0xfffffff5]0[0x15][0x1f][0xffffff82][0xffffffec][0xffffffd9]5[0xe][0xffffffc8][0xffffff93][\r][0xffffffc7][0x1][0xffffff83][0xffffffaf][0x1a]s6[0x5][0xffffffbf]^[0xffffff9e]"[0xffffffb0][0xffffffc4][0xffffffaf][0xffffff97][\r]&e[0xffffffac][0xffffffe8][0xffffffea]CuN_[0xffffff9c][0xfffffff5][0xffffffa0]h[0xffffffcb]@*[0xffffffb3][0xffffff8e]9[0x6][0xffffffc4]kg[0xffffffd4]8[0xfffffff0]I[0xffffffe4][0xffffffca]%[0xffffffeb][0xffffff9c]~[0xffffff9e][0xffffffde]cr[0xffffff91][0xffffff9e][0xffffff8b][0xffffffc6][0xffffff85]x[0xffffff8e][0x11][0xffffffc6]OPnl[0xffffffe4][0x1c]C\[0x9][0xffffffca]7!^[0x14][0xffffff94][0xffffffcc]=[0x4]R[0xffffffe5]tP[0xffffffd6]JV$[0x11][0xffffff8e][0xffffffc5]bH[0x15][0xffffffd8][0xffffffd2][0xffffff84]V[0xffffffad]F[0xffffffc1][0xffffffac][0xffffffdf]0[0xffffff9c][0xffffffc4]][\r][0xffffffaf]+[\n]"
16:09:28.741 [main] DEBUG org.apache.hc.client5.http.wire -- http-outgoing-0 << "[0xffffffd7][0x14]I[0xffffff8d]U[0xffffff98][0xffffffd4]3[0xfffffffd]c[0xffffffbc][0xfffffff9][0xffffffc7]V2\[0xffffffa7][0xffffffcf](sX[0x17][0xffffffe5][0xffffff8c]]9[0xffffff8c][0x3]([0xffffffb1][0xffffffc8][0xfffffff7][0x18][0x1b]Njx[0xffffffbf][0xffffff80][0xffffff92][0xfffffff4][0xffffffbb][0xffffffad][0xffffffce]9[0xffffff84][0xffffffb8][0x12][0xffffff94]oB[0xffffffbc],([0xffffff89][0xf][0xffffff83][0xfffffff1][0xffffffe9][0xffffffa0][0xffffff84][0xfffffff8][0xffffffa1][0xffffff81][0xffffffa8]([0xffffffac][0xffffff8d][0xffffffd6][0x1d][0xffffffc7]^[0xffffff8f]l-+[0xffffff8d][0xfffffff7]E[0x18][0xfffffff7][0xffffffcd]:[0xffffffac][0xffffffff]@'[\n]"
16:09:28.741 [main] DEBUG org.apache.hc.client5.http.wire -- http-outgoing-0 << "[\r]&[0xffffffbe]![0x15]k`[0x8][0xffffffd0][0xffffff94][0xffffff92][0xffffff83]([0xffffffba][0xffffff9d][0xffffffa1][0xffffffc2][0xffffffc0][\r][0xffffff98][0xfffffffa]ci[0xffffffed]-[0xffffff98][0xb]@?[0xffffff89];[0xffffffb0][0xffffff9c][0xffffffa3][0xc][0xfffffffa][0x9][0xffffffca][0xffffff8d][0xffffffe3]8[0xffffffc7][0x10][0xffffffd7][0xffffff81][0xfffffff2]$[0xffffffc4][0xffffffcb][0xffffff82][0x12]?d[0xffffffa0]1[0x1d][0xffffff94][0xffffff99][0xffffffab][0xffffffe4][0xffffffa0][0x1c][\r][0xffffff9e][0xffffffd1][0xffffffad]B[0x3]E&n[0xffffff92]s[0xffffffbd]b[0xffffffa7]Fe[0xffffffc3]%[0x12]c[0xc][0x1a]t[0x11][0xffffffeb]?L)q[0x1b]H[0xffffffc8][0xffffff84][0xc][0xffffff87]9[0xffffffba][0xffffff8d][0xfffffff6]~B[0xffffff88]I[0xe][0xffffffe8]l[0xffffffbb]d[0xffffffef][0xffffffdd][0xffffffe1][0xfffffff8][0xffffffc6][\n]"
16:09:28.741 [main] DEBUG org.apache.hc.client5.http.wire -- http-outgoing-0 << "[0xffffff83][0xffffffa4]f[0x18])[0xffffff9a]#[\r][0xfffffffa][0x9][0xffffffca]m[0xffffffbd][0xffffff9c]W![0xffffffae][0x4][0xffffffe5][0xffffff9b][0x10][0xffffffaf][0x0][0xffffffca][0xfffffff9],%[0xfffffffe][0x16]\[0x13][0xffffffd9][0xffffffe0][0xffffff8d][0xffffff8c][0xffffffd2][0x15][0xffffffd8]I[0xffffffb8][0x1f][0x15]P[0xffffff96][0xffffffb3][0xffffff9d][0x11]o[0xffffffcf][0xc][0xffffffc1]G[0xffffffbe]L[0xffffff98][0xffffffa0][0xffffffc1]M[0xffffffb2][0xffffffe3][0x9][0xffffffd5]/[0xfffffffb][0xffffffc5]8[0xffffffc5]+{[0xe]0[0xffffffa0]~[0xfffffff7][0xfffffff1][0xffffff8d][0xffffff95].[0xffffff89][0x12]g[0xffffffc1][0xffffff95][0xffffff85][0xffffffce][0xfffffff3]2[0xffffff88][0xffffff80]B>[0xffffffce]a[0xffffff84]~[0xffffff82]r[3[0xffffffe7]U[0xffffff88]+A[0xfffffff9]&[0xffffffc4][0xffffffcb][0xffffff83]R[0xffffffcd]7WC[0xffffffab][0xffffffeb]aw[0xffffff9a][0x1a][0x17]D[0xfffffff6]u2([0xffffffcb]$[0x4]^[0xffffffe7][0x9]%[0xffffffa5]o[0xffffffd8][0xffffffa0][0xffffffc2]H[0xffffffd2][0xfffffff5]f"[0xffffffcc]w[0x1]`[0x15][0xffffffeb][0xffffffe6]Q[0xffffffb1][0xffffffb1][0xffffffc3]DS[0xffffff90][0xffffffbf][0xffffffbf][0xffffffd0][0xffffffe1][0xffffff89]Ef[0xffffffc4][0xffffff96][\n]"
16:09:28.741 [main] DEBUG org.apache.hc.client5.http.wire -- http-outgoing-0 << "1[0x4][0xffffffb2]W[0x1c][0xffffffff]X[0xffffffdc]7[0xfffffff9]N[0xffffffb9][0xffffffad][0xffffff9d][0xfffffff3]*[0xffffffc4]u[0xffffffa0]<[0x9][0xfffffff1][\n]"
16:09:28.741 [main] DEBUG org.apache.hc.client5.http.wire -- http-outgoing-0 << "[0xffffffa0][0xffffff9c]O[0x9][0xffffffd5]^[0xfffffff1][0xffffffb2][0xffffffaa][0xffffffcc][0xffffffd4][0xffffffb2][0xffffffc5]N[0x14][0xffffffc3][0xffffff8a][0x12][0xffffffea]l[0xffffffac]{[0x5].A[0xffffffa2]#[0xffffffc9][0xffffffc0][0xf][0xffffffb0][0x1a][0xffffffe6]&[0x13]+J[0x1a][0xffffffd6][0xffffffcf]L[0xffffffab][0x19][0xffffffb6]2[0xffffffe2][0xfffffff0][0xffffffcb][0xffffff98][0xffffffe3][0xfffffffb][0xffffffe7][0x1f][0xffffffe8]`F[0xffffff83][[0xffffffd6]J[0xffffff9e][0x12]P[0xffffffe2]d[0xffffff85][0xffffffc7]Y[0xffffff88]s[0xffffff8f][0xffffffef]m[\r][0xffffff9d]W![0xffffffae][0x4][0xffffffe5][0xffffff9b][0x10]/[0xf][0xffffffca][0xffffffc1]4O[0xffffffa6][0xffffff84][0xffffffa8]n[0xffffffd8][0xffffffb4][0xffffff88][0xffffffb7][0x1a]N[0x1b][0xffffff98][0xffffffa6][\r][0xffffffeb][0xffffffa0][0xffffffc6]2P[0xffffffec][0xfffffffe][0xffffffa0]'[0x15]>[0xffffffa8][0xffffffc8]w=[0xffffffe3][0xffffffb3][0xffffff85][0xffffff9d][0xffffffb5][0xc][0xffffffe8][0xffffffb0]R[0x4][0xffffffef][0xffffffc8][0xffffffea][0xffffff98][0x4][0xf][0xffffffb9]c1[0xfffffff4][0xffffffee][0xffffffe3][0x1b][0xffffff8a][0xffffff92][0x5][0xffffffb9]k[0xffffffa5][0xffffffbd][0xffffff80]r[0xffffffec]l@[0xffffff96]<[0xfffffff9][0xfffffff8][0xffffffde][0xffffffd8][0xffffffd1]9[0xffffff86][0xffffffb8][0x12][0xffffff94]oB[0xffffffbc][0x2]([0xffffffe7]gJ?[0xffffff96][0xffffff93][0xfffffff4][0xffffff88][0xffffff85]9[0xffffffa4]Os[0xffffffcc][0xffffffe3][0xffffff98][0xffffffb1][0xffffff8b][0xffffffb1][0xffffffc0][0xfffffffc][0xffffffb0]K[0xffffff87][0x5][0xffffffdc][0xffffffb4][0xffffffe8][0xffffff86][0x15][0xffffffa5]`[0xffffffef]qI[0x15][0x13]+[0xffffffd0][0x9][0xffffff87]9[0xffffffd6][0xffffffce]#Q?[0xffffff83][0x12][0x12][0xffffff82][0xffffff9d]pA[0xffffffaf][0xffffff9c][0xffffffcb][0xffffffc1][0xffffffa4][0xffffffd1][0xffffffda][0x1d],=6q3[0xffffffc9]s[0xffffffbb][0xffffffb1][0xffffffa3]s[0xc]q[0x1d](OB[0xffffffbc]<([0xffffffc7]L[0xfffffff4][0xffffffe4]L[0xffffff89]}yE[0xffffff85]![0x1a][0xb][0xffffffc3][0xffffffc8][0xffffff8f]p[0xffffff8f][0xffffff86]I[0x8][0x4][0x19][0xffffffd4][0xffffffdb][0xffffffac][0xb][0xffffffc5]D[0xffffff85][0xfffffff5]9[0xffffff99]uc[0xffffffa8][0xffffff87]\[0xffffff80][0xffffffa3][0xfffffff4][0xffffffe8]-YC[0xffffffcf][0xffffffae][0x12],[0xffffffaf][0xfffffffc][0x19]m[0xffffffc6]g[0x7]`[0x17]V[0xe][0xffffffe6][0xc][0xffffffe7]P[0xffffffbd][0xffffffa3][0xffffffc7][0xffffffc8]>[0xffffff86][0xffffffa9][0xffffffa0][0xffffffdc][0xffffffd8][0xffffffd1]9[0xffffff86][0xffffffb8][0x12][0xffffff94]oB[0xffffffbc][0x2]([0xffffffe7]gJ[0xc]NSaX[0xffffffd1][0xffffffd0]D[0xffffffec]4[0xffffff8d]<nkLq[l[0xfffffff5][0xffffffc7][0xffffffe4][0xc][0x13][0xf][\n]"
16:09:28.741 [main] DEBUG org.apache.hc.client5.http.wire -- http-outgoing-0 << "[0xffffffb0][0xffffffc2]r[0xffffffa3][0xfffffff3][0xffffffc5][0xffffffbc][0xffffff85][0xfffffff5][0xffffffb5][0xffffffcc]9[0x1a]v,#[0xffffffb5][0xffffffc4][0xffffffcf][0xffffffea][0xfffffffd][0x13][0xffffff8c][0xfffffff0]%[0xffffff9a]=[0x10]a[0xffffffa5][0xffffffba][0x17]PJ[0xffffffc1]r[0x12][0xffffffee][0x9]S;:v[G[0xffffffe7]U[0xffffff88]+A[0xfffffff9]&[0xffffffc4][0xffffff8b][0xffffff83][0xffffff92] [0xffffffa7]gJ4[0xffffff91][0xfffffff0][0xffffff8d][0xffffff98][0x6][0x5]M}[0xffffff8d][0xffffff97][0xffffff9a][0xffffffe8][0xffffffa4]I[0xfffffffa][0xffffff87]06[0xffffffba]A[0xffffff8f][0xffffffe3]@[0xffffff99][0xffffffc0]#[0x7f][0xfffffff4][0xffffffb4][0x1d][0xffffffc7]0m[0x1b][0xffffffd5][0xffffffba]cs[0xffffffe3][0xfffffff3][0xfffffffa][0xffffffe5]w[0xffffffdf])[0x9][0xffffffc6]r|[0xf][0x17][0xffffffe2]e[0xffffff92]sa[0xfffffff7][0x6]Jq[0xffffff8c][0x0]M[0xffffffed]}o[0xfffffff4]W{[0x15][0xffffffe2]:P[0xffffff9e][0xffffff84]x[0x5]P[0xffffffce][0xffffffcf][0xffffff94][0xffffff9c][0xffffffcb]YhW[0x19][0xffffffae][0xffffff95]z[0xffffff90][0xffffffe7]x[\r]@[0xfffffff5]`/[0xffffff80]N[0xffffff8d][0xffffff85][0xffffffca].9[0xffffffc5][0xffffff82]F[0xfffffff4]C[0xffffff8e]eNl[0xffffff8c]`Q#[0xe][0xffffff80][0x10][0xffffff96][0xffffffcc][0xffffffd5]*W[0xffffffcf][0x0]%[0xffffffa3]i[0xffffff88]L[0xffffff96][\n]"
16:09:28.742 [main] DEBUG org.apache.hc.client5.http.wire -- http-outgoing-0 << "2[0xffffffec]~[0xffffffc8]_YM[0xffffffa2][0xffffffe6],[0xffffffcc]y[0xffffffe1])[0x19][0xffffffae][0xffffffd8][0xffffffd2]fd[0xffffffd3][0xffffffea][0xffffffcf][0x10]W[0xffffff82][0xfffffff2]M[0xffffff88]+@[0xfffffff9][0xffffffa7][0xffffffbf][0xffffffff][0xffffffcb][0xffffffff][0x2][0x1b][0xffffffe5][0xffffffda]}[0xffffffc5][0xffffffaf][0x0][0x0][\r][\n]"
16:09:28.742 [main] DEBUG org.apache.hc.client5.http.wire -- http-outgoing-0 << "0[\r][\n]"
16:09:28.742 [main] DEBUG org.apache.hc.client5.http.wire -- http-outgoing-0 << "[\r][\n]"
16:09:28.742 [main] DEBUG org.apache.hc.client5.http.headers -- http-outgoing-0 << HTTP/1.1 200 OK
16:09:28.742 [main] DEBUG org.apache.hc.client5.http.headers -- http-outgoing-0 << date: Wed, 13 Mar 2024 16:09:28 GMT
16:09:28.742 [main] DEBUG org.apache.hc.client5.http.headers -- http-outgoing-0 << content-type: application/json
16:09:28.742 [main] DEBUG org.apache.hc.client5.http.headers -- http-outgoing-0 << transfer-encoding: chunked
16:09:28.742 [main] DEBUG org.apache.hc.client5.http.headers -- http-outgoing-0 << content-encoding: gzip
16:09:28.742 [main] DEBUG org.apache.hc.client5.http.headers -- http-outgoing-0 << x-ratelimit-limit: 180
16:09:28.742 [main] DEBUG org.apache.hc.client5.http.headers -- http-outgoing-0 << x-ratelimit-reset: 1710346228
16:09:28.742 [main] DEBUG org.apache.hc.client5.http.headers -- http-outgoing-0 << x-ratelimit-remaining: 178
16:09:28.742 [main] DEBUG org.apache.hc.client5.http.headers -- http-outgoing-0 << x-trace-id: 04edf6d8eae8b102997b5e5282160cb3
16:09:28.742 [main] DEBUG org.apache.hc.client5.http.headers -- http-outgoing-0 << server: nginx
16:09:28.742 [main] DEBUG org.apache.hc.client5.http.headers -- http-outgoing-0 << x-frame-options: deny
16:09:28.743 [main] DEBUG org.apache.hc.client5.http.headers -- http-outgoing-0 << x-content-type-options: nosniff
16:09:28.743 [main] DEBUG org.apache.hc.client5.http.headers -- http-outgoing-0 << x-xss-protection: 1; mode=block
16:09:28.743 [main] DEBUG org.apache.hc.client5.http.headers -- http-outgoing-0 << strict-transport-security: max-age=31536000
16:09:28.743 [main] DEBUG org.apache.hc.client5.http.impl.classic.MainClientExec -- ex-0000000003 connection can be kept alive for 3 MINUTES
16:09:28.746 [main] DEBUG org.apache.hc.client5.http.impl.classic.InternalHttpClient -- ep-0000000003 releasing valid endpoint
16:09:28.746 [main] DEBUG org.apache.hc.client5.http.impl.io.PoolingHttpClientConnectionManager -- ep-0000000003 releasing endpoint
16:09:28.746 [main] DEBUG org.apache.hc.client5.http.impl.io.PoolingHttpClientConnectionManager -- ep-0000000003 connection http-outgoing-0 can be kept alive for 3 MINUTES
16:09:28.746 [main] DEBUG org.apache.hc.client5.http.impl.io.PoolingHttpClientConnectionManager -- ep-0000000003 connection released [route: {s}->https://hub.docker.com:443][total available: 1; route allocated: 1 of 5; total allocated: 1 of 25]
16:09:28.750 [main] DEBUG io.github.bonigarcia.wdm.docker.DockerService -- The latest version of Firefox in Docker Hub is 123.0
16:09:28.752 [main] INFO io.github.bonigarcia.wdm.docker.DockerService -- Pulling Docker image selenoid/vnc:firefox_123.0 (this might take some time, but only the first time)
16:09:28.805 [docker-java-stream--1344301809] DEBUG org.apache.hc.client5.http.impl.classic.InternalHttpClient -- ex-0000000004 preparing request execution
16:09:28.805 [docker-java-stream--1344301809] DEBUG org.apache.hc.client5.http.impl.classic.ProtocolExec -- ex-0000000004 target auth state: UNCHALLENGED
16:09:28.805 [docker-java-stream--1344301809] DEBUG org.apache.hc.client5.http.impl.classic.ProtocolExec -- ex-0000000004 proxy auth state: UNCHALLENGED
16:09:28.805 [docker-java-stream--1344301809] DEBUG org.apache.hc.client5.http.impl.classic.ConnectExec -- ex-0000000004 acquiring connection with route {}->unix://localhost:2375
16:09:28.806 [docker-java-stream--1344301809] DEBUG org.apache.hc.client5.http.impl.classic.InternalHttpClient -- ex-0000000004 acquiring endpoint (3 MINUTES)
16:09:28.806 [docker-java-stream--1344301809] DEBUG org.apache.hc.client5.http.impl.io.PoolingHttpClientConnectionManager -- ex-0000000004 endpoint lease request (3 MINUTES) [route: {}->unix://localhost:2375][total available: 0; route allocated: 0 of 2147483647; total allocated: 0 of 2147483647]
16:09:28.806 [docker-java-stream--1344301809] DEBUG org.apache.hc.client5.http.impl.io.PoolingHttpClientConnectionManager -- ex-0000000004 endpoint leased [route: {}->unix://localhost:2375][total available: 0; route allocated: 1 of 2147483647; total allocated: 1 of 2147483647]
16:09:28.806 [docker-java-stream--1344301809] DEBUG org.apache.hc.client5.http.impl.io.PoolingHttpClientConnectionManager -- ex-0000000004 acquired ep-0000000004
16:09:28.806 [docker-java-stream--1344301809] DEBUG org.apache.hc.client5.http.impl.classic.InternalHttpClient -- ex-0000000004 acquired endpoint ep-0000000004
16:09:28.806 [docker-java-stream--1344301809] DEBUG org.apache.hc.client5.http.impl.classic.ConnectExec -- ex-0000000004 opening connection {}->unix://localhost:2375
16:09:28.806 [docker-java-stream--1344301809] DEBUG org.apache.hc.client5.http.impl.classic.InternalHttpClient -- ep-0000000004 connecting endpoint (null)
16:09:28.806 [docker-java-stream--1344301809] DEBUG org.apache.hc.client5.http.impl.io.PoolingHttpClientConnectionManager -- ep-0000000004 connecting endpoint to unix://localhost:2375 (3 MINUTES)
16:09:28.806 [docker-java-stream--1344301809] DEBUG org.apache.hc.client5.http.impl.io.DefaultHttpClientConnectionOperator -- localhost resolving remote address
16:09:28.807 [docker-java-stream--1344301809] DEBUG org.apache.hc.client5.http.impl.io.DefaultHttpClientConnectionOperator -- localhost resolved to [localhost/127.0.0.1, localhost/0:0:0:0:0:0:0:1]
16:09:28.837 [docker-java-stream--1344301809] DEBUG org.apache.hc.client5.http.impl.io.DefaultManagedHttpClientConnection -- http-outgoing-1 close connection IMMEDIATE
16:09:28.837 [docker-java-stream--1344301809] DEBUG org.apache.hc.client5.http.impl.classic.InternalHttpClient -- ep-0000000004 endpoint closed
16:09:28.837 [docker-java-stream--1344301809] DEBUG org.apache.hc.client5.http.impl.classic.InternalHttpClient -- ep-0000000004 discarding endpoint
16:09:28.837 [docker-java-stream--1344301809] DEBUG org.apache.hc.client5.http.impl.io.PoolingHttpClientConnectionManager -- ep-0000000004 releasing endpoint
16:09:28.837 [docker-java-stream--1344301809] DEBUG org.apache.hc.client5.http.impl.io.PoolingHttpClientConnectionManager -- ep-0000000004 connection is not kept alive
16:09:28.837 [docker-java-stream--1344301809] DEBUG org.apache.hc.client5.http.impl.io.PoolingHttpClientConnectionManager -- ep-0000000004 connection released [route: {}->unix://localhost:2375][total available: 0; route allocated: 0 of 2147483647; total allocated: 0 of 2147483647]
16:09:28.837 [docker-java-stream--1344301809] ERROR com.github.dockerjava.api.async.ResultCallbackTemplate -- Error during callback
java.lang.RuntimeException: java.io.IOException: com.sun.jna.LastErrorException: [2] No such file or directory
	at com.github.dockerjava.httpclient5.ApacheDockerHttpClientImpl.execute(ApacheDockerHttpClientImpl.java:195)
	at com.github.dockerjava.httpclient5.ApacheDockerHttpClient.execute(ApacheDockerHttpClient.java:9)
	at com.github.dockerjava.core.DefaultInvocationBuilder.execute(DefaultInvocationBuilder.java:228)
	at com.github.dockerjava.core.DefaultInvocationBuilder.lambda$executeAndStream$1(DefaultInvocationBuilder.java:269)
	at java.base/java.lang.Thread.run(Thread.java:833)
Caused by: java.io.IOException: com.sun.jna.LastErrorException: [2] No such file or directory
	at com.github.dockerjava.transport.DomainSocket.<init>(DomainSocket.java:63)
	at com.github.dockerjava.transport.LinuxDomainSocket.<init>(LinuxDomainSocket.java:41)
	at com.github.dockerjava.transport.DomainSocket.get(DomainSocket.java:140)
	at com.github.dockerjava.transport.UnixSocket.get(UnixSocket.java:29)
	at com.github.dockerjava.httpclient5.ApacheDockerHttpClientImpl$2.createSocket(ApacheDockerHttpClientImpl.java:153)
	at org.apache.hc.client5.http.impl.io.DefaultHttpClientConnectionOperator.connect(DefaultHttpClientConnectionOperator.java:155)
	at org.apache.hc.client5.http.impl.io.PoolingHttpClientConnectionManager.connect(PoolingHttpClientConnectionManager.java:447)
	at org.apache.hc.client5.http.impl.classic.InternalExecRuntime.connectEndpoint(InternalExecRuntime.java:162)
	at org.apache.hc.client5.http.impl.classic.InternalExecRuntime.connectEndpoint(InternalExecRuntime.java:172)
	at org.apache.hc.client5.http.impl.classic.ConnectExec.execute(ConnectExec.java:142)
	at org.apache.hc.client5.http.impl.classic.ExecChainElement.execute(ExecChainElement.java:51)
	at org.apache.hc.client5.http.impl.classic.ProtocolExec.execute(ProtocolExec.java:192)
	at org.apache.hc.client5.http.impl.classic.ExecChainElement.execute(ExecChainElement.java:51)
	at org.apache.hc.client5.http.impl.classic.HttpRequestRetryExec.execute(HttpRequestRetryExec.java:96)
	at org.apache.hc.client5.http.impl.classic.ExecChainElement.execute(ExecChainElement.java:51)
	at org.apache.hc.client5.http.impl.classic.ContentCompressionExec.execute(ContentCompressionExec.java:152)
	at org.apache.hc.client5.http.impl.classic.ExecChainElement.execute(ExecChainElement.java:51)
	at org.apache.hc.client5.http.impl.classic.RedirectExec.execute(RedirectExec.java:115)
	at org.apache.hc.client5.http.impl.classic.ExecChainElement.execute(ExecChainElement.java:51)
	at org.apache.hc.client5.http.impl.classic.InternalHttpClient.doExecute(InternalHttpClient.java:170)
	at org.apache.hc.client5.http.impl.classic.CloseableHttpClient.execute(CloseableHttpClient.java:87)
	at com.github.dockerjava.httpclient5.ApacheDockerHttpClientImpl.execute(ApacheDockerHttpClientImpl.java:191)
	... 4 common frames omitted
Caused by: com.sun.jna.LastErrorException: [2] No such file or directory
	at com.github.dockerjava.transport.LinuxDomainSocket.connect(Native Method)
	at com.github.dockerjava.transport.LinuxDomainSocket.connect(LinuxDomainSocket.java:49)
	at com.github.dockerjava.transport.DomainSocket.open(DomainSocket.java:69)
	at com.github.dockerjava.transport.DomainSocket.<init>(DomainSocket.java:59)
	... 25 common frames omitted
16:09:28.839 [main] WARN io.github.bonigarcia.wdm.docker.DockerService -- Exception pulling image selenoid/vnc:firefox_123.0: java.io.IOException: com.sun.jna.LastErrorException: [2] No such file or directory
16:09:28.844 [main] INFO io.github.bonigarcia.wdm.docker.DockerService -- Starting Docker container selenoid/vnc:firefox_123.0
16:09:28.850 [main] DEBUG com.github.dockerjava.core.command.AbstrDockerCmd -- Cmd: com.github.dockerjava.core.command.CreateContainerCmdImpl@10876a6[aliases=<null>,argsEscaped=<null>,attachStderr=<null>,attachStdin=<null>,attachStdout=<null>,authConfig=AuthConfig(username=null, email=null, registryAddress=https://index.docker.io/v1/, stackOrchestrator=null),cmd=<null>,domainName=<null>,entrypoint=<null>,env={TZ=Etc/UTC,LANGUAGE=EN,SCREEN_RESOLUTION=1280x1080x24},exposedPorts=ExposedPorts(exposedPorts=[4444/tcp]),healthcheck=<null>,hostConfig=HostConfig(binds=[], blkioWeight=null, blkioWeightDevice=null, blkioDeviceReadBps=null, blkioDeviceWriteBps=null, blkioDeviceReadIOps=null, blkioDeviceWriteIOps=null, memorySwappiness=null, nanoCPUs=null, capAdd=[SYS_ADMIN], capDrop=null, containerIDFile=null, cpuPeriod=null, cpuRealtimePeriod=null, cpuRealtimeRuntime=null, cpuShares=null, cpuQuota=null, cpusetCpus=null, cpusetMems=null, devices=null, deviceCgroupRules=null, deviceRequests=null, diskQuota=null, dns=null, dnsOptions=null, dnsSearch=null, extraHosts=[], groupAdd=null, ipcMode=null, cgroup=null, links=[], logConfig=LogConfig(type=null, config=null), lxcConf=null, memory=null, memorySwap=null, memoryReservation=null, kernelMemory=null, networkMode=bridge, oomKillDisable=null, init=null, autoRemove=null, oomScoreAdj=null, portBindings={4444/tcp=[Lcom.github.dockerjava.api.model.Ports$Binding;@26f96b85}, privileged=null, publishAllPorts=true, readonlyRootfs=null, restartPolicy=null, ulimits=null, cpuCount=null, cpuPercent=null, ioMaximumIOps=null, ioMaximumBandwidth=null, volumesFrom=null, mounts=[Mount(type=TMPFS, source=null, target=/tmp, readOnly=null, bindOptions=null, volumeOptions=null, tmpfsOptions=TmpfsOptions(sizeBytes=134217728, mode=null))], pidMode=null, isolation=null, securityOpts=null, storageOpt=null, cgroupParent=null, volumeDriver=null, shmSize=268435456, pidsLimit=null, runtime=null, tmpFs=null, utSMode=null, usernsMode=null, sysctls=null, consoleSize=null, cgroupnsMode=null),hostName=<null>,image=selenoid/vnc:firefox_123.0,ipv4Address=<null>,ipv6Address=<null>,labels=<null>,macAddress=<null>,name=<null>,networkDisabled=<null>,networkingConfig=<null>,onBuild=<null>,platform=<null>,portSpecs=<null>,shell=<null>,stdInOnce=<null>,stdinOpen=<null>,stopSignal=<null>,stopTimeout=<null>,tty=<null>,user=<null>,volumes=Volumes(volumes=[]),workingDir=<null>]
16:09:28.927 [main] DEBUG org.apache.hc.client5.http.impl.classic.InternalHttpClient -- ex-0000000005 preparing request execution
16:09:28.927 [main] DEBUG org.apache.hc.client5.http.impl.classic.ProtocolExec -- ex-0000000005 target auth state: UNCHALLENGED
16:09:28.927 [main] DEBUG org.apache.hc.client5.http.impl.classic.ProtocolExec -- ex-0000000005 proxy auth state: UNCHALLENGED
16:09:28.927 [main] DEBUG org.apache.hc.client5.http.impl.classic.ConnectExec -- ex-0000000005 acquiring connection with route {}->unix://localhost:2375
16:09:28.927 [main] DEBUG org.apache.hc.client5.http.impl.classic.InternalHttpClient -- ex-0000000005 acquiring endpoint (3 MINUTES)
16:09:28.927 [main] DEBUG org.apache.hc.client5.http.impl.io.PoolingHttpClientConnectionManager -- ex-0000000005 endpoint lease request (3 MINUTES) [route: {}->unix://localhost:2375][total available: 0; route allocated: 0 of 2147483647; total allocated: 0 of 2147483647]
16:09:28.928 [main] DEBUG org.apache.hc.client5.http.impl.io.PoolingHttpClientConnectionManager -- ex-0000000005 endpoint leased [route: {}->unix://localhost:2375][total available: 0; route allocated: 1 of 2147483647; total allocated: 1 of 2147483647]
16:09:28.928 [main] DEBUG org.apache.hc.client5.http.impl.io.PoolingHttpClientConnectionManager -- ex-0000000005 acquired ep-0000000005
16:09:28.928 [main] DEBUG org.apache.hc.client5.http.impl.classic.InternalHttpClient -- ex-0000000005 acquired endpoint ep-0000000005
16:09:28.928 [main] DEBUG org.apache.hc.client5.http.impl.classic.ConnectExec -- ex-0000000005 opening connection {}->unix://localhost:2375
16:09:28.928 [main] DEBUG org.apache.hc.client5.http.impl.classic.InternalHttpClient -- ep-0000000005 connecting endpoint (null)
16:09:28.928 [main] DEBUG org.apache.hc.client5.http.impl.io.PoolingHttpClientConnectionManager -- ep-0000000005 connecting endpoint to unix://localhost:2375 (3 MINUTES)
16:09:28.928 [main] DEBUG org.apache.hc.client5.http.impl.io.DefaultHttpClientConnectionOperator -- localhost resolving remote address
16:09:28.928 [main] DEBUG org.apache.hc.client5.http.impl.io.DefaultHttpClientConnectionOperator -- localhost resolved to [localhost/127.0.0.1, localhost/0:0:0:0:0:0:0:1]
16:09:28.929 [main] DEBUG org.apache.hc.client5.http.impl.io.DefaultManagedHttpClientConnection -- http-outgoing-2 close connection IMMEDIATE
16:09:28.929 [main] DEBUG org.apache.hc.client5.http.impl.classic.InternalHttpClient -- ep-0000000005 endpoint closed
16:09:28.929 [main] DEBUG org.apache.hc.client5.http.impl.classic.InternalHttpClient -- ep-0000000005 discarding endpoint
16:09:28.929 [main] DEBUG org.apache.hc.client5.http.impl.io.PoolingHttpClientConnectionManager -- ep-0000000005 releasing endpoint
16:09:28.929 [main] DEBUG org.apache.hc.client5.http.impl.io.PoolingHttpClientConnectionManager -- ep-0000000005 connection is not kept alive
16:09:28.929 [main] DEBUG org.apache.hc.client5.http.impl.io.PoolingHttpClientConnectionManager -- ep-0000000005 connection released [route: {}->unix://localhost:2375][total available: 0; route allocated: 0 of 2147483647; total allocated: 0 of 2147483647]
16:09:28.935 [main] WARN io.github.bonigarcia.wdm.WebDriverManager -- WebDriver object(s) not available
]]></system-out>
  </testcase>
</testsuite>